[20181223_151236 / libfx_2.py:3196] (j1 : N) flg_Monitor ---> False (2018.01.02 00:00)

[20181223_151236 / libfx_2.py:3228] (j2 : Y) d0 >= 0 (d0 = 0.126) (2018.01.02 00:00)

[20181223_151236 / libfx_2.py:3274] (j2 : Y : 4) continuing the for-loop... (cntOf_Follow = 1)(2018.01.02 00:00)

[20181223_151236 / libfx_2.py:2998] (j1 : Y) flg_Monitor ---> True (2018.01.02 01:00)

[20181223_151236 / libfx_2.py:3034] (j3 : Y) d0 >= 0 (0.179) (2018.01.02 01:00)

[20181223_151236 / libfx_2.py:3068] (j3 : Y : 3) continue... (2018.01.02 01:00)

[20181223_151236 / libfx_2.py:2998] (j1 : Y) flg_Monitor ---> True (2018.01.02 02:00)

[20181223_151236 / libfx_2.py:3034] (j3 : Y) d0 >= 0 (0.014) (2018.01.02 02:00)

[20181223_151237 / libfx_2.py:3068] (j3 : Y : 3) continue... (2018.01.02 02:00)

[20181223_151237 / libfx_2.py:2998] (j1 : Y) flg_Monitor ---> True (2018.01.02 03:00)

[20181223_151237 / libfx_2.py:3096] (j3 : Y) d0 <0 (-0.019) (2018.01.02 03:00)

[20181223_151237 / libfx_2.py:3128] (j3 : N : 2) data ---> append (cntOf_Follow = 3 / e_Target = 2018.01.02 02:00 (e0 = 2018.01.02 03:00)

[20181223_151237 / libfx_2.py:3166] (j3 : N : 2) data ---> reset (cntOf_Follow = 0) (e0 = 2018.01.02 03:00)

[20181223_151237 / libfx_2.py:3196] (j1 : N) flg_Monitor ---> False (2018.01.02 04:00)

[20181223_151237 / libfx_2.py:3308] (j2 : N) d0 < 0 (d0 = -0.079) (2018.01.02 04:00)

[20181223_151237 / libfx_2.py:3196] (j1 : N) flg_Monitor ---> False (2018.01.02 05:00)

[20181223_151237 / libfx_2.py:3228] (j2 : Y) d0 >= 0 (d0 = 0.015) (2018.01.02 05:00)

[20181223_151237 / libfx_2.py:3274] (j2 : Y : 4) continuing the for-loop... (cntOf_Follow = 1)(2018.01.02 05:00)

[20181223_151237 / libfx_2.py:2998] (j1 : Y) flg_Monitor ---> True (2018.01.02 06:00)

[20181223_151237 / libfx_2.py:3034] (j3 : Y) d0 >= 0 (0.072) (2018.01.02 06:00)

[20181223_151237 / libfx_2.py:3068] (j3 : Y : 3) continue... (2018.01.02 06:00)

[20181223_151237 / libfx_2.py:2998] (j1 : Y) flg_Monitor ---> True (2018.01.02 07:00)

[20181223_151237 / libfx_2.py:3034] (j3 : Y) d0 >= 0 (0.052) (2018.01.02 07:00)

[20181223_151237 / libfx_2.py:3068] (j3 : Y : 3) continue... (2018.01.02 07:00)

[20181223_151237 / libfx_2.py:2998] (j1 : Y) flg_Monitor ---> True (2018.01.02 08:00)

[20181223_151237 / libfx_2.py:3034] (j3 : Y) d0 >= 0 (0.020) (2018.01.02 08:00)

[20181223_151237 / libfx_2.py:3068] (j3 : Y : 3) continue... (2018.01.02 08:00)

[20181223_151237 / libfx_2.py:2998] (j1 : Y) flg_Monitor ---> True (2018.01.02 09:00)

[20181223_151238 / libfx_2.py:3034] (j3 : Y) d0 >= 0 (0.041) (2018.01.02 09:00)

[20181223_151238 / libfx_2.py:3068] (j3 : Y : 3) continue... (2018.01.02 09:00)

[20181223_151238 / libfx_2.py:2998] (j1 : Y) flg_Monitor ---> True (2018.01.02 10:00)

[20181223_151238 / libfx_2.py:3096] (j3 : Y) d0 <0 (-0.197) (2018.01.02 10:00)

[20181223_151238 / libfx_2.py:3128] (j3 : N : 2) data ---> append (cntOf_Follow = 5 / e_Target = 2018.01.02 09:00 (e0 = 2018.01.02 10:00)

[20181223_151238 / libfx_2.py:3166] (j3 : N : 2) data ---> reset (cntOf_Follow = 0) (e0 = 2018.01.02 10:00)

[20181223_151238 / libfx_2.py:3196] (j1 : N) flg_Monitor ---> False (2018.01.02 11:00)

[20181223_151238 / libfx_2.py:3228] (j2 : Y) d0 >= 0 (d0 = 0.119) (2018.01.02 11:00)

[20181223_151238 / libfx_2.py:3274] (j2 : Y : 4) continuing the for-loop... (cntOf_Follow = 1)(2018.01.02 11:00)

[20181223_151238 / libfx_2.py:2998] (j1 : Y) flg_Monitor ---> True (2018.01.02 12:00)

[20181223_151238 / libfx_2.py:3096] (j3 : Y) d0 <0 (-0.154) (2018.01.02 12:00)

[20181223_151238 / libfx_2.py:3128] (j3 : N : 2) data ---> append (cntOf_Follow = 1 / e_Target = 2018.01.02 11:00 (e0 = 2018.01.02 12:00)

[20181223_151238 / libfx_2.py:3166] (j3 : N : 2) data ---> reset (cntOf_Follow = 0) (e0 = 2018.01.02 12:00)

[20181223_151238 / libfx_2.py:3196] (j1 : N) flg_Monitor ---> False (2018.01.02 13:00)

[20181223_151238 / libfx_2.py:3228] (j2 : Y) d0 >= 0 (d0 = 0.008) (2018.01.02 13:00)

[20181223_151238 / libfx_2.py:3274] (j2 : Y : 4) continuing the for-loop... (cntOf_Follow = 1)(2018.01.02 13:00)

[20181223_151238 / libfx_2.py:2998] (j1 : Y) flg_Monitor ---> True (2018.01.02 14:00)

[20181223_151238 / libfx_2.py:3096] (j3 : Y) d0 <0 (-0.046) (2018.01.02 14:00)

[20181223_151238 / libfx_2.py:3128] (j3 : N : 2) data ---> append (cntOf_Follow = 1 / e_Target = 2018.01.02 13:00 (e0 = 2018.01.02 14:00)

[20181223_151239 / libfx_2.py:3166] (j3 : N : 2) data ---> reset (cntOf_Follow = 0) (e0 = 2018.01.02 14:00)

[20181223_151239 / libfx_2.py:3196] (j1 : N) flg_Monitor ---> False (2018.01.02 15:00)

[20181223_151239 / libfx_2.py:3308] (j2 : N) d0 < 0 (d0 = -0.105) (2018.01.02 15:00)

[20181223_151239 / libfx_2.py:3196] (j1 : N) flg_Monitor ---> False (2018.01.02 16:00)

[20181223_151239 / libfx_2.py:3308] (j2 : N) d0 < 0 (d0 = -0.083) (2018.01.02 16:00)

[20181223_151239 / libfx_2.py:3196] (j1 : N) flg_Monitor ---> False (2018.01.02 17:00)

[20181223_151239 / libfx_2.py:3308] (j2 : N) d0 < 0 (d0 = -0.035) (2018.01.02 17:00)

[20181223_151239 / libfx_2.py:3196] (j1 : N) flg_Monitor ---> False (2018.01.02 18:00)

[20181223_151239 / libfx_2.py:3228] (j2 : Y) d0 >= 0 (d0 = 0.076) (2018.01.02 18:00)

[20181223_151239 / libfx_2.py:3274] (j2 : Y : 4) continuing the for-loop... (cntOf_Follow = 1)(2018.01.02 18:00)

[20181223_151239 / libfx_2.py:2998] (j1 : Y) flg_Monitor ---> True (2018.01.02 19:00)

[20181223_151239 / libfx_2.py:3034] (j3 : Y) d0 >= 0 (0.085) (2018.01.02 19:00)

[20181223_151239 / libfx_2.py:3068] (j3 : Y : 3) continue... (2018.01.02 19:00)

[20181223_151239 / libfx_2.py:2998] (j1 : Y) flg_Monitor ---> True (2018.01.02 20:00)

[20181223_151239 / libfx_2.py:3034] (j3 : Y) d0 >= 0 (0.058) (2018.01.02 20:00)

[20181223_151239 / libfx_2.py:3068] (j3 : Y : 3) continue... (2018.01.02 20:00)

[20181223_151239 / libfx_2.py:2998] (j1 : Y) flg_Monitor ---> True (2018.01.02 21:00)

[20181223_151239 / libfx_2.py:3034] (j3 : Y) d0 >= 0 (0.004) (2018.01.02 21:00)

[20181223_151239 / libfx_2.py:3068] (j3 : Y : 3) continue... (2018.01.02 21:00)

[20181223_151239 / libfx_2.py:2998] (j1 : Y) flg_Monitor ---> True (2018.01.02 22:00)

[20181223_151239 / libfx_2.py:3034] (j3 : Y) d0 >= 0 (0.079) (2018.01.02 22:00)

[20181223_151239 / libfx_2.py:3068] (j3 : Y : 3) continue... (2018.01.02 22:00)

[20181223_151239 / libfx_2.py:2998] (j1 : Y) flg_Monitor ---> True (2018.01.02 23:00)

[20181223_151239 / libfx_2.py:3034] (j3 : Y) d0 >= 0 (0.029) (2018.01.02 23:00)

[20181223_151240 / libfx_2.py:3068] (j3 : Y : 3) continue... (2018.01.02 23:00)

[20181223_151240 / libfx_2.py:2998] (j1 : Y) flg_Monitor ---> True (2018.01.03 00:00)

[20181223_151240 / libfx_2.py:3096] (j3 : Y) d0 <0 (-0.060) (2018.01.03 00:00)

[20181223_151240 / libfx_2.py:3128] (j3 : N : 2) data ---> append (cntOf_Follow = 6 / e_Target = 2018.01.02 23:00 (e0 = 2018.01.03 00:00)

[20181223_151240 / libfx_2.py:3166] (j3 : N : 2) data ---> reset (cntOf_Follow = 0) (e0 = 2018.01.03 00:00)

[20181223_151240 / libfx_2.py:3196] (j1 : N) flg_Monitor ---> False (2018.01.03 01:00)

[20181223_151240 / libfx_2.py:3228] (j2 : Y) d0 >= 0 (d0 = 0.087) (2018.01.03 01:00)

[20181223_151240 / libfx_2.py:3274] (j2 : Y : 4) continuing the for-loop... (cntOf_Follow = 1)(2018.01.03 01:00)

[20181223_151240 / libfx_2.py:2998] (j1 : Y) flg_Monitor ---> True (2018.01.03 02:00)

[20181223_151240 / libfx_2.py:3034] (j3 : Y) d0 >= 0 (0.072) (2018.01.03 02:00)

[20181223_151240 / libfx_2.py:3068] (j3 : Y : 3) continue... (2018.01.03 02:00)

[20181223_151240 / libfx_2.py:2998] (j1 : Y) flg_Monitor ---> True (2018.01.03 03:00)

[20181223_151240 / libfx_2.py:3096] (j3 : Y) d0 <0 (-0.092) (2018.01.03 03:00)

[20181223_151240 / libfx_2.py:3128] (j3 : N : 2) data ---> append (cntOf_Follow = 2 / e_Target = 2018.01.03 02:00 (e0 = 2018.01.03 03:00)

[20181223_151240 / libfx_2.py:3166] (j3 : N : 2) data ---> reset (cntOf_Follow = 0) (e0 = 2018.01.03 03:00)

[20181223_151240 / libfx_2.py:3196] (j1 : N) flg_Monitor ---> False (2018.01.03 04:00)

[20181223_151240 / libfx_2.py:3308] (j2 : N) d0 < 0 (d0 = -0.045) (2018.01.03 04:00)

[20181223_151240 / libfx_2.py:3196] (j1 : N) flg_Monitor ---> False (2018.01.03 05:00)

[20181223_151240 / libfx_2.py:3228] (j2 : Y) d0 >= 0 (d0 = 0.005) (2018.01.03 05:00)

[20181223_151240 / libfx_2.py:3274] (j2 : Y : 4) continuing the for-loop... (cntOf_Follow = 1)(2018.01.03 05:00)

[20181223_151240 / libfx_2.py:2998] (j1 : Y) flg_Monitor ---> True (2018.01.03 06:00)

[20181223_151241 / libfx_2.py:3034] (j3 : Y) d0 >= 0 (0.027) (2018.01.03 06:00)

[20181223_151241 / libfx_2.py:3068] (j3 : Y : 3) continue... (2018.01.03 06:00)

[20181223_151241 / libfx_2.py:2939] (debug : for-loop) count = 31 (2018.01.03 06:00)

[20181223_151241 / libfx_2.py:2649] get_Data_Consecutive_Bars__Report starting... -----------------------```

[20181223_151241 / libfx_2.py:2726] lo_Counts = '2,1,1,0,1,1,'

[20181223_151241 / libfx_2.py:2811] lo_New ===> results
a0[0] = 1 / a0[1].dateTime = 2018.01.02 11:00
a0[0] = 1 / a0[1].dateTime = 2018.01.02 13:00
lenOf_M0 = 2

a0[0] = 2 / a0[1].dateTime = 2018.01.03 02:00
lenOf_M0 = 1

a0[0] = 3 / a0[1].dateTime = 2018.01.02 02:00
lenOf_M0 = 1

lenOf_M0 = 0

a0[0] = 5 / a0[1].dateTime = 2018.01.02 09:00
lenOf_M0 = 1

a0[0] = 6 / a0[1].dateTime = 2018.01.02 23:00
lenOf_M0 = 1

