[20181218_182140 / libfx_2.py:3153] (j1 : N) flg_Monitor ---> False (2018.01.02 00:00)

[20181218_182140 / libfx_2.py:3182] (j2 : Y) d0 >= 0 (d0 = 0.126) (2018.01.02 00:00)

[20181218_182141 / libfx_2.py:3225] (j2 : Y : 4) continuing the for-loop... (cntOf_Follow = 1)(2018.01.02 00:00)

[20181218_182141 / libfx_2.py:2976] (j1 : Y) flg_Monitor ---> True (2018.01.02 01:00)

[20181218_182141 / libfx_2.py:3009] (j3 : Y) d0 >= 0 (0.179) (2018.01.02 01:00)

[20181218_182141 / libfx_2.py:3039] (j3 : Y : 3) continue... (2018.01.02 01:00)

[20181218_182141 / libfx_2.py:2976] (j1 : Y) flg_Monitor ---> True (2018.01.02 02:00)

[20181218_182141 / libfx_2.py:3009] (j3 : Y) d0 >= 0 (0.014) (2018.01.02 02:00)

[20181218_182141 / libfx_2.py:3039] (j3 : Y : 3) continue... (2018.01.02 02:00)

[20181218_182141 / libfx_2.py:2976] (j1 : Y) flg_Monitor ---> True (2018.01.02 03:00)

[20181218_182141 / libfx_2.py:3064] (j3 : Y) d0 <0 (-0.019) (2018.01.02 03:00)

[20181218_182141 / libfx_2.py:3092] (j3 : N : 2) data ---> append (cntOf_Follow = 3 / e_Target = 2018.01.02 02:00 (e0 = 2018.01.02 03:00)

[20181218_182141 / libfx_2.py:3126] (j3 : N : 2) data ---> reset (cntOf_Follow = 0) (e0 = 2018.01.02 03:00)

[20181218_182141 / libfx_2.py:3153] (j1 : N) flg_Monitor ---> False (2018.01.02 04:00)

[20181218_182141 / libfx_2.py:3256] (j2 : N) d0 < 0 (d0 = -0.079) (2018.01.02 04:00)

[20181218_182141 / libfx_2.py:3153] (j1 : N) flg_Monitor ---> False (2018.01.02 05:00)

[20181218_182141 / libfx_2.py:3182] (j2 : Y) d0 >= 0 (d0 = 0.015) (2018.01.02 05:00)

[20181218_182141 / libfx_2.py:3225] (j2 : Y : 4) continuing the for-loop... (cntOf_Follow = 1)(2018.01.02 05:00)

[20181218_182141 / libfx_2.py:2976] (j1 : Y) flg_Monitor ---> True (2018.01.02 06:00)

[20181218_182141 / libfx_2.py:3009] (j3 : Y) d0 >= 0 (0.072) (2018.01.02 06:00)

[20181218_182141 / libfx_2.py:3039] (j3 : Y : 3) continue... (2018.01.02 06:00)

[20181218_182141 / libfx_2.py:2976] (j1 : Y) flg_Monitor ---> True (2018.01.02 07:00)

[20181218_182141 / libfx_2.py:3009] (j3 : Y) d0 >= 0 (0.052) (2018.01.02 07:00)

[20181218_182141 / libfx_2.py:3039] (j3 : Y : 3) continue... (2018.01.02 07:00)

[20181218_182141 / libfx_2.py:2976] (j1 : Y) flg_Monitor ---> True (2018.01.02 08:00)

[20181218_182141 / libfx_2.py:3009] (j3 : Y) d0 >= 0 (0.020) (2018.01.02 08:00)

[20181218_182141 / libfx_2.py:3039] (j3 : Y : 3) continue... (2018.01.02 08:00)

[20181218_182141 / libfx_2.py:2976] (j1 : Y) flg_Monitor ---> True (2018.01.02 09:00)

[20181218_182141 / libfx_2.py:3009] (j3 : Y) d0 >= 0 (0.041) (2018.01.02 09:00)

[20181218_182141 / libfx_2.py:3039] (j3 : Y : 3) continue... (2018.01.02 09:00)

[20181218_182141 / libfx_2.py:2976] (j1 : Y) flg_Monitor ---> True (2018.01.02 10:00)

[20181218_182141 / libfx_2.py:3064] (j3 : Y) d0 <0 (-0.197) (2018.01.02 10:00)

[20181218_182141 / libfx_2.py:3092] (j3 : N : 2) data ---> append (cntOf_Follow = 5 / e_Target = 2018.01.02 09:00 (e0 = 2018.01.02 10:00)

[20181218_182141 / libfx_2.py:3126] (j3 : N : 2) data ---> reset (cntOf_Follow = 0) (e0 = 2018.01.02 10:00)

[20181218_182141 / libfx_2.py:3153] (j1 : N) flg_Monitor ---> False (2018.01.02 11:00)

[20181218_182141 / libfx_2.py:3182] (j2 : Y) d0 >= 0 (d0 = 0.119) (2018.01.02 11:00)

[20181218_182141 / libfx_2.py:3225] (j2 : Y : 4) continuing the for-loop... (cntOf_Follow = 1)(2018.01.02 11:00)

[20181218_182141 / libfx_2.py:2976] (j1 : Y) flg_Monitor ---> True (2018.01.02 12:00)

[20181218_182141 / libfx_2.py:3064] (j3 : Y) d0 <0 (-0.154) (2018.01.02 12:00)

[20181218_182141 / libfx_2.py:3092] (j3 : N : 2) data ---> append (cntOf_Follow = 1 / e_Target = 2018.01.02 11:00 (e0 = 2018.01.02 12:00)

[20181218_182141 / libfx_2.py:3126] (j3 : N : 2) data ---> reset (cntOf_Follow = 0) (e0 = 2018.01.02 12:00)

[20181218_182141 / libfx_2.py:3153] (j1 : N) flg_Monitor ---> False (2018.01.02 13:00)

[20181218_182141 / libfx_2.py:3182] (j2 : Y) d0 >= 0 (d0 = 0.008) (2018.01.02 13:00)

[20181218_182142 / libfx_2.py:3225] (j2 : Y : 4) continuing the for-loop... (cntOf_Follow = 1)(2018.01.02 13:00)

[20181218_182142 / libfx_2.py:2976] (j1 : Y) flg_Monitor ---> True (2018.01.02 14:00)

[20181218_182142 / libfx_2.py:3064] (j3 : Y) d0 <0 (-0.046) (2018.01.02 14:00)

[20181218_182142 / libfx_2.py:3092] (j3 : N : 2) data ---> append (cntOf_Follow = 1 / e_Target = 2018.01.02 13:00 (e0 = 2018.01.02 14:00)

[20181218_182142 / libfx_2.py:3126] (j3 : N : 2) data ---> reset (cntOf_Follow = 0) (e0 = 2018.01.02 14:00)

[20181218_182142 / libfx_2.py:3153] (j1 : N) flg_Monitor ---> False (2018.01.02 15:00)

[20181218_182142 / libfx_2.py:3256] (j2 : N) d0 < 0 (d0 = -0.105) (2018.01.02 15:00)

[20181218_182142 / libfx_2.py:3153] (j1 : N) flg_Monitor ---> False (2018.01.02 16:00)

[20181218_182142 / libfx_2.py:3256] (j2 : N) d0 < 0 (d0 = -0.083) (2018.01.02 16:00)

[20181218_182142 / libfx_2.py:3153] (j1 : N) flg_Monitor ---> False (2018.01.02 17:00)

[20181218_182142 / libfx_2.py:3256] (j2 : N) d0 < 0 (d0 = -0.035) (2018.01.02 17:00)

[20181218_182142 / libfx_2.py:3153] (j1 : N) flg_Monitor ---> False (2018.01.02 18:00)

[20181218_182142 / libfx_2.py:3182] (j2 : Y) d0 >= 0 (d0 = 0.076) (2018.01.02 18:00)

[20181218_182142 / libfx_2.py:3225] (j2 : Y : 4) continuing the for-loop... (cntOf_Follow = 1)(2018.01.02 18:00)

[20181218_182142 / libfx_2.py:2976] (j1 : Y) flg_Monitor ---> True (2018.01.02 19:00)

[20181218_182142 / libfx_2.py:3009] (j3 : Y) d0 >= 0 (0.085) (2018.01.02 19:00)

[20181218_182142 / libfx_2.py:3039] (j3 : Y : 3) continue... (2018.01.02 19:00)

[20181218_182142 / libfx_2.py:2976] (j1 : Y) flg_Monitor ---> True (2018.01.02 20:00)

[20181218_182142 / libfx_2.py:3009] (j3 : Y) d0 >= 0 (0.058) (2018.01.02 20:00)

[20181218_182142 / libfx_2.py:3039] (j3 : Y : 3) continue... (2018.01.02 20:00)

[20181218_182142 / libfx_2.py:2976] (j1 : Y) flg_Monitor ---> True (2018.01.02 21:00)

[20181218_182142 / libfx_2.py:3009] (j3 : Y) d0 >= 0 (0.004) (2018.01.02 21:00)

[20181218_182142 / libfx_2.py:3039] (j3 : Y : 3) continue... (2018.01.02 21:00)

[20181218_182142 / libfx_2.py:2976] (j1 : Y) flg_Monitor ---> True (2018.01.02 22:00)

[20181218_182142 / libfx_2.py:3009] (j3 : Y) d0 >= 0 (0.079) (2018.01.02 22:00)

[20181218_182142 / libfx_2.py:3039] (j3 : Y : 3) continue... (2018.01.02 22:00)

[20181218_182142 / libfx_2.py:2976] (j1 : Y) flg_Monitor ---> True (2018.01.02 23:00)

[20181218_182142 / libfx_2.py:3009] (j3 : Y) d0 >= 0 (0.029) (2018.01.02 23:00)

[20181218_182142 / libfx_2.py:3039] (j3 : Y : 3) continue... (2018.01.02 23:00)

[20181218_182142 / libfx_2.py:2976] (j1 : Y) flg_Monitor ---> True (2018.01.03 00:00)

[20181218_182142 / libfx_2.py:3064] (j3 : Y) d0 <0 (-0.060) (2018.01.03 00:00)

[20181218_182142 / libfx_2.py:3092] (j3 : N : 2) data ---> append (cntOf_Follow = 6 / e_Target = 2018.01.02 23:00 (e0 = 2018.01.03 00:00)

[20181218_182142 / libfx_2.py:3126] (j3 : N : 2) data ---> reset (cntOf_Follow = 0) (e0 = 2018.01.03 00:00)

[20181218_182142 / libfx_2.py:3153] (j1 : N) flg_Monitor ---> False (2018.01.03 01:00)

[20181218_182142 / libfx_2.py:3182] (j2 : Y) d0 >= 0 (d0 = 0.087) (2018.01.03 01:00)

[20181218_182142 / libfx_2.py:3225] (j2 : Y : 4) continuing the for-loop... (cntOf_Follow = 1)(2018.01.03 01:00)

[20181218_182142 / libfx_2.py:2976] (j1 : Y) flg_Monitor ---> True (2018.01.03 02:00)

[20181218_182142 / libfx_2.py:3009] (j3 : Y) d0 >= 0 (0.072) (2018.01.03 02:00)

[20181218_182142 / libfx_2.py:3039] (j3 : Y : 3) continue... (2018.01.03 02:00)

[20181218_182143 / libfx_2.py:2976] (j1 : Y) flg_Monitor ---> True (2018.01.03 03:00)

[20181218_182143 / libfx_2.py:3064] (j3 : Y) d0 <0 (-0.092) (2018.01.03 03:00)

[20181218_182143 / libfx_2.py:3092] (j3 : N : 2) data ---> append (cntOf_Follow = 2 / e_Target = 2018.01.03 02:00 (e0 = 2018.01.03 03:00)

[20181218_182143 / libfx_2.py:3126] (j3 : N : 2) data ---> reset (cntOf_Follow = 0) (e0 = 2018.01.03 03:00)

[20181218_182143 / libfx_2.py:3153] (j1 : N) flg_Monitor ---> False (2018.01.03 04:00)

[20181218_182143 / libfx_2.py:3256] (j2 : N) d0 < 0 (d0 = -0.045) (2018.01.03 04:00)

[20181218_182143 / libfx_2.py:3153] (j1 : N) flg_Monitor ---> False (2018.01.03 05:00)

[20181218_182143 / libfx_2.py:3182] (j2 : Y) d0 >= 0 (d0 = 0.005) (2018.01.03 05:00)

[20181218_182143 / libfx_2.py:3225] (j2 : Y : 4) continuing the for-loop... (cntOf_Follow = 1)(2018.01.03 05:00)

[20181218_182143 / libfx_2.py:2976] (j1 : Y) flg_Monitor ---> True (2018.01.03 06:00)

[20181218_182143 / libfx_2.py:3009] (j3 : Y) d0 >= 0 (0.027) (2018.01.03 06:00)

[20181218_182143 / libfx_2.py:3039] (j3 : Y : 3) continue... (2018.01.03 06:00)

[20181218_182143 / libfx_2.py:2976] (j1 : Y) flg_Monitor ---> True (2018.01.03 07:00)

[20181218_182143 / libfx_2.py:3009] (j3 : Y) d0 >= 0 (0.027) (2018.01.03 07:00)

[20181218_182143 / libfx_2.py:3039] (j3 : Y : 3) continue... (2018.01.03 07:00)

[20181218_182143 / libfx_2.py:2976] (j1 : Y) flg_Monitor ---> True (2018.01.03 08:00)

[20181218_182143 / libfx_2.py:3064] (j3 : Y) d0 <0 (-0.116) (2018.01.03 08:00)

[20181218_182143 / libfx_2.py:3092] (j3 : N : 2) data ---> append (cntOf_Follow = 3 / e_Target = 2018.01.03 07:00 (e0 = 2018.01.03 08:00)

[20181218_182143 / libfx_2.py:3126] (j3 : N : 2) data ---> reset (cntOf_Follow = 0) (e0 = 2018.01.03 08:00)

[20181218_182143 / libfx_2.py:3153] (j1 : N) flg_Monitor ---> False (2018.01.03 09:00)

[20181218_182143 / libfx_2.py:3256] (j2 : N) d0 < 0 (d0 = -0.004) (2018.01.03 09:00)

[20181218_182143 / libfx_2.py:3153] (j1 : N) flg_Monitor ---> False (2018.01.03 10:00)

[20181218_182143 / libfx_2.py:3182] (j2 : Y) d0 >= 0 (d0 = 0.023) (2018.01.03 10:00)

[20181218_182143 / libfx_2.py:3225] (j2 : Y : 4) continuing the for-loop... (cntOf_Follow = 1)(2018.01.03 10:00)

[20181218_182143 / libfx_2.py:2976] (j1 : Y) flg_Monitor ---> True (2018.01.03 11:00)

[20181218_182143 / libfx_2.py:3064] (j3 : Y) d0 <0 (-0.104) (2018.01.03 11:00)

[20181218_182143 / libfx_2.py:3092] (j3 : N : 2) data ---> append (cntOf_Follow = 1 / e_Target = 2018.01.03 10:00 (e0 = 2018.01.03 11:00)

[20181218_182143 / libfx_2.py:3126] (j3 : N : 2) data ---> reset (cntOf_Follow = 0) (e0 = 2018.01.03 11:00)

[20181218_182143 / libfx_2.py:3153] (j1 : N) flg_Monitor ---> False (2018.01.03 12:00)

[20181218_182143 / libfx_2.py:3256] (j2 : N) d0 < 0 (d0 = -0.289) (2018.01.03 12:00)

[20181218_182143 / libfx_2.py:3153] (j1 : N) flg_Monitor ---> False (2018.01.03 13:00)

[20181218_182143 / libfx_2.py:3256] (j2 : N) d0 < 0 (d0 = -0.049) (2018.01.03 13:00)

[20181218_182144 / libfx_2.py:3153] (j1 : N) flg_Monitor ---> False (2018.01.03 14:00)

[20181218_182144 / libfx_2.py:3182] (j2 : Y) d0 >= 0 (d0 = 0.118) (2018.01.03 14:00)

[20181218_182144 / libfx_2.py:3225] (j2 : Y : 4) continuing the for-loop... (cntOf_Follow = 1)(2018.01.03 14:00)

[20181218_182144 / libfx_2.py:2976] (j1 : Y) flg_Monitor ---> True (2018.01.03 15:00)

[20181218_182144 / libfx_2.py:3009] (j3 : Y) d0 >= 0 (0.070) (2018.01.03 15:00)

[20181218_182144 / libfx_2.py:3039] (j3 : Y : 3) continue... (2018.01.03 15:00)

[20181218_182144 / libfx_2.py:2976] (j1 : Y) flg_Monitor ---> True (2018.01.03 16:00)

[20181218_182144 / libfx_2.py:3064] (j3 : Y) d0 <0 (-0.184) (2018.01.03 16:00)

[20181218_182144 / libfx_2.py:3092] (j3 : N : 2) data ---> append (cntOf_Follow = 2 / e_Target = 2018.01.03 15:00 (e0 = 2018.01.03 16:00)

[20181218_182144 / libfx_2.py:3126] (j3 : N : 2) data ---> reset (cntOf_Follow = 0) (e0 = 2018.01.03 16:00)

[20181218_182144 / libfx_2.py:3153] (j1 : N) flg_Monitor ---> False (2018.01.03 17:00)

[20181218_182144 / libfx_2.py:3182] (j2 : Y) d0 >= 0 (d0 = 0.282) (2018.01.03 17:00)

[20181218_182144 / libfx_2.py:3225] (j2 : Y : 4) continuing the for-loop... (cntOf_Follow = 1)(2018.01.03 17:00)

[20181218_182144 / libfx_2.py:2976] (j1 : Y) flg_Monitor ---> True (2018.01.03 18:00)

[20181218_182144 / libfx_2.py:3064] (j3 : Y) d0 <0 (-0.057) (2018.01.03 18:00)

[20181218_182144 / libfx_2.py:3092] (j3 : N : 2) data ---> append (cntOf_Follow = 1 / e_Target = 2018.01.03 17:00 (e0 = 2018.01.03 18:00)

[20181218_182144 / libfx_2.py:3126] (j3 : N : 2) data ---> reset (cntOf_Follow = 0) (e0 = 2018.01.03 18:00)

[20181218_182144 / libfx_2.py:3153] (j1 : N) flg_Monitor ---> False (2018.01.03 19:00)

[20181218_182144 / libfx_2.py:3182] (j2 : Y) d0 >= 0 (d0 = 0.021) (2018.01.03 19:00)

[20181218_182144 / libfx_2.py:3225] (j2 : Y : 4) continuing the for-loop... (cntOf_Follow = 1)(2018.01.03 19:00)

[20181218_182144 / libfx_2.py:2976] (j1 : Y) flg_Monitor ---> True (2018.01.03 20:00)

[20181218_182144 / libfx_2.py:3064] (j3 : Y) d0 <0 (-0.022) (2018.01.03 20:00)

[20181218_182144 / libfx_2.py:3092] (j3 : N : 2) data ---> append (cntOf_Follow = 1 / e_Target = 2018.01.03 19:00 (e0 = 2018.01.03 20:00)

[20181218_182144 / libfx_2.py:3126] (j3 : N : 2) data ---> reset (cntOf_Follow = 0) (e0 = 2018.01.03 20:00)

[20181218_182144 / libfx_2.py:3153] (j1 : N) flg_Monitor ---> False (2018.01.03 21:00)

[20181218_182144 / libfx_2.py:3182] (j2 : Y) d0 >= 0 (d0 = 0.137) (2018.01.03 21:00)

[20181218_182144 / libfx_2.py:3225] (j2 : Y : 4) continuing the for-loop... (cntOf_Follow = 1)(2018.01.03 21:00)

[20181218_182144 / libfx_2.py:2976] (j1 : Y) flg_Monitor ---> True (2018.01.03 22:00)

[20181218_182144 / libfx_2.py:3064] (j3 : Y) d0 <0 (-0.120) (2018.01.03 22:00)

[20181218_182144 / libfx_2.py:3092] (j3 : N : 2) data ---> append (cntOf_Follow = 1 / e_Target = 2018.01.03 21:00 (e0 = 2018.01.03 22:00)

[20181218_182144 / libfx_2.py:3126] (j3 : N : 2) data ---> reset (cntOf_Follow = 0) (e0 = 2018.01.03 22:00)

[20181218_182144 / libfx_2.py:3153] (j1 : N) flg_Monitor ---> False (2018.01.03 23:00)

[20181218_182144 / libfx_2.py:3182] (j2 : Y) d0 >= 0 (d0 = 0.081) (2018.01.03 23:00)

[20181218_182144 / libfx_2.py:3225] (j2 : Y : 4) continuing the for-loop... (cntOf_Follow = 1)(2018.01.03 23:00)

[20181218_182144 / libfx_2.py:2976] (j1 : Y) flg_Monitor ---> True (2018.01.04 00:00)

[20181218_182144 / libfx_2.py:3009] (j3 : Y) d0 >= 0 (0.049) (2018.01.04 00:00)

[20181218_182144 / libfx_2.py:3039] (j3 : Y : 3) continue... (2018.01.04 00:00)

[20181218_182145 / libfx_2.py:2976] (j1 : Y) flg_Monitor ---> True (2018.01.04 01:00)

[20181218_182145 / libfx_2.py:3009] (j3 : Y) d0 >= 0 (0.076) (2018.01.04 01:00)

[20181218_182145 / libfx_2.py:3039] (j3 : Y : 3) continue... (2018.01.04 01:00)

[20181218_182145 / libfx_2.py:2976] (j1 : Y) flg_Monitor ---> True (2018.01.04 02:00)

[20181218_182145 / libfx_2.py:3009] (j3 : Y) d0 >= 0 (0.081) (2018.01.04 02:00)

[20181218_182145 / libfx_2.py:3039] (j3 : Y : 3) continue... (2018.01.04 02:00)

[20181218_182145 / libfx_2.py:2976] (j1 : Y) flg_Monitor ---> True (2018.01.04 03:00)

[20181218_182145 / libfx_2.py:3009] (j3 : Y) d0 >= 0 (0.029) (2018.01.04 03:00)

[20181218_182145 / libfx_2.py:3039] (j3 : Y : 3) continue... (2018.01.04 03:00)

[20181218_182145 / libfx_2.py:2976] (j1 : Y) flg_Monitor ---> True (2018.01.04 04:00)

[20181218_182145 / libfx_2.py:3009] (j3 : Y) d0 >= 0 (0.017) (2018.01.04 04:00)

[20181218_182145 / libfx_2.py:3039] (j3 : Y : 3) continue... (2018.01.04 04:00)

[20181218_182145 / libfx_2.py:2976] (j1 : Y) flg_Monitor ---> True (2018.01.04 05:00)

[20181218_182145 / libfx_2.py:3064] (j3 : Y) d0 <0 (-0.019) (2018.01.04 05:00)

[20181218_182145 / libfx_2.py:3092] (j3 : N : 2) data ---> append (cntOf_Follow = 6 / e_Target = 2018.01.04 04:00 (e0 = 2018.01.04 05:00)

[20181218_182145 / libfx_2.py:3126] (j3 : N : 2) data ---> reset (cntOf_Follow = 0) (e0 = 2018.01.04 05:00)

[20181218_182145 / libfx_2.py:3153] (j1 : N) flg_Monitor ---> False (2018.01.04 06:00)

[20181218_182145 / libfx_2.py:3182] (j2 : Y) d0 >= 0 (d0 = 0.025) (2018.01.04 06:00)

[20181218_182145 / libfx_2.py:3225] (j2 : Y : 4) continuing the for-loop... (cntOf_Follow = 1)(2018.01.04 06:00)

[20181218_182145 / libfx_2.py:2976] (j1 : Y) flg_Monitor ---> True (2018.01.04 07:00)

[20181218_182145 / libfx_2.py:3009] (j3 : Y) d0 >= 0 (0.025) (2018.01.04 07:00)

[20181218_182145 / libfx_2.py:3039] (j3 : Y : 3) continue... (2018.01.04 07:00)

[20181218_182145 / libfx_2.py:2976] (j1 : Y) flg_Monitor ---> True (2018.01.04 08:00)

[20181218_182145 / libfx_2.py:3064] (j3 : Y) d0 <0 (-0.044) (2018.01.04 08:00)

[20181218_182145 / libfx_2.py:3092] (j3 : N : 2) data ---> append (cntOf_Follow = 2 / e_Target = 2018.01.04 07:00 (e0 = 2018.01.04 08:00)

[20181218_182145 / libfx_2.py:3126] (j3 : N : 2) data ---> reset (cntOf_Follow = 0) (e0 = 2018.01.04 08:00)

[20181218_182145 / libfx_2.py:3153] (j1 : N) flg_Monitor ---> False (2018.01.04 09:00)

[20181218_182145 / libfx_2.py:3182] (j2 : Y) d0 >= 0 (d0 = 0.053) (2018.01.04 09:00)

[20181218_182145 / libfx_2.py:3225] (j2 : Y : 4) continuing the for-loop... (cntOf_Follow = 1)(2018.01.04 09:00)

[20181218_182145 / libfx_2.py:2976] (j1 : Y) flg_Monitor ---> True (2018.01.04 10:00)

[20181218_182145 / libfx_2.py:3009] (j3 : Y) d0 >= 0 (0.022) (2018.01.04 10:00)

[20181218_182145 / libfx_2.py:3039] (j3 : Y : 3) continue... (2018.01.04 10:00)

[20181218_182145 / libfx_2.py:2976] (j1 : Y) flg_Monitor ---> True (2018.01.04 11:00)

[20181218_182145 / libfx_2.py:3009] (j3 : Y) d0 >= 0 (0.108) (2018.01.04 11:00)

[20181218_182145 / libfx_2.py:3039] (j3 : Y : 3) continue... (2018.01.04 11:00)

[20181218_182145 / libfx_2.py:2976] (j1 : Y) flg_Monitor ---> True (2018.01.04 12:00)

[20181218_182145 / libfx_2.py:3009] (j3 : Y) d0 >= 0 (0.109) (2018.01.04 12:00)

[20181218_182145 / libfx_2.py:3039] (j3 : Y : 3) continue... (2018.01.04 12:00)

[20181218_182145 / libfx_2.py:2976] (j1 : Y) flg_Monitor ---> True (2018.01.04 13:00)

[20181218_182145 / libfx_2.py:3009] (j3 : Y) d0 >= 0 (0.174) (2018.01.04 13:00)

[20181218_182146 / libfx_2.py:3039] (j3 : Y : 3) continue... (2018.01.04 13:00)

[20181218_182146 / libfx_2.py:2976] (j1 : Y) flg_Monitor ---> True (2018.01.04 14:00)

[20181218_182146 / libfx_2.py:3009] (j3 : Y) d0 >= 0 (0.116) (2018.01.04 14:00)

[20181218_182146 / libfx_2.py:3039] (j3 : Y : 3) continue... (2018.01.04 14:00)

[20181218_182146 / libfx_2.py:2976] (j1 : Y) flg_Monitor ---> True (2018.01.04 15:00)

[20181218_182146 / libfx_2.py:3009] (j3 : Y) d0 >= 0 (0.154) (2018.01.04 15:00)

[20181218_182146 / libfx_2.py:3039] (j3 : Y : 3) continue... (2018.01.04 15:00)

[20181218_182146 / libfx_2.py:2976] (j1 : Y) flg_Monitor ---> True (2018.01.04 16:00)

[20181218_182146 / libfx_2.py:3009] (j3 : Y) d0 >= 0 (0.215) (2018.01.04 16:00)

[20181218_182146 / libfx_2.py:3039] (j3 : Y : 3) continue... (2018.01.04 16:00)

[20181218_182146 / libfx_2.py:2976] (j1 : Y) flg_Monitor ---> True (2018.01.04 17:00)

[20181218_182146 / libfx_2.py:3064] (j3 : Y) d0 <0 (-0.149) (2018.01.04 17:00)

[20181218_182146 / libfx_2.py:3092] (j3 : N : 2) data ---> append (cntOf_Follow = 8 / e_Target = 2018.01.04 16:00 (e0 = 2018.01.04 17:00)

[20181218_182146 / libfx_2.py:3126] (j3 : N : 2) data ---> reset (cntOf_Follow = 0) (e0 = 2018.01.04 17:00)

[20181218_182146 / libfx_2.py:3153] (j1 : N) flg_Monitor ---> False (2018.01.04 18:00)

[20181218_182146 / libfx_2.py:3256] (j2 : N) d0 < 0 (d0 = -0.108) (2018.01.04 18:00)

[20181218_182146 / libfx_2.py:3153] (j1 : N) flg_Monitor ---> False (2018.01.04 19:00)

[20181218_182146 / libfx_2.py:3182] (j2 : Y) d0 >= 0 (d0 = 0.096) (2018.01.04 19:00)

[20181218_182146 / libfx_2.py:3225] (j2 : Y : 4) continuing the for-loop... (cntOf_Follow = 1)(2018.01.04 19:00)

[20181218_182146 / libfx_2.py:2976] (j1 : Y) flg_Monitor ---> True (2018.01.04 20:00)

[20181218_182146 / libfx_2.py:3064] (j3 : Y) d0 <0 (-0.040) (2018.01.04 20:00)

[20181218_182146 / libfx_2.py:3092] (j3 : N : 2) data ---> append (cntOf_Follow = 1 / e_Target = 2018.01.04 19:00 (e0 = 2018.01.04 20:00)

[20181218_182146 / libfx_2.py:3126] (j3 : N : 2) data ---> reset (cntOf_Follow = 0) (e0 = 2018.01.04 20:00)

[20181218_182146 / libfx_2.py:3153] (j1 : N) flg_Monitor ---> False (2018.01.04 21:00)

[20181218_182146 / libfx_2.py:3256] (j2 : N) d0 < 0 (d0 = -0.015) (2018.01.04 21:00)

[20181218_182146 / libfx_2.py:3153] (j1 : N) flg_Monitor ---> False (2018.01.04 22:00)

[20181218_182146 / libfx_2.py:3256] (j2 : N) d0 < 0 (d0 = -0.061) (2018.01.04 22:00)

[20181218_182146 / libfx_2.py:3153] (j1 : N) flg_Monitor ---> False (2018.01.04 23:00)

[20181218_182147 / libfx_2.py:3182] (j2 : Y) d0 >= 0 (d0 = 0.008) (2018.01.04 23:00)

[20181218_182147 / libfx_2.py:3225] (j2 : Y : 4) continuing the for-loop... (cntOf_Follow = 1)(2018.01.04 23:00)

[20181218_182147 / libfx_2.py:2976] (j1 : Y) flg_Monitor ---> True (2018.01.05 00:00)

[20181218_182147 / libfx_2.py:3009] (j3 : Y) d0 >= 0 (0.104) (2018.01.05 00:00)

[20181218_182147 / libfx_2.py:3039] (j3 : Y : 3) continue... (2018.01.05 00:00)

[20181218_182147 / libfx_2.py:2976] (j1 : Y) flg_Monitor ---> True (2018.01.05 01:00)

[20181218_182147 / libfx_2.py:3064] (j3 : Y) d0 <0 (-0.026) (2018.01.05 01:00)

[20181218_182147 / libfx_2.py:3092] (j3 : N : 2) data ---> append (cntOf_Follow = 2 / e_Target = 2018.01.05 00:00 (e0 = 2018.01.05 01:00)

[20181218_182147 / libfx_2.py:3126] (j3 : N : 2) data ---> reset (cntOf_Follow = 0) (e0 = 2018.01.05 01:00)

[20181218_182147 / libfx_2.py:3153] (j1 : N) flg_Monitor ---> False (2018.01.05 02:00)

[20181218_182147 / libfx_2.py:3182] (j2 : Y) d0 >= 0 (d0 = 0.086) (2018.01.05 02:00)

[20181218_182147 / libfx_2.py:3225] (j2 : Y : 4) continuing the for-loop... (cntOf_Follow = 1)(2018.01.05 02:00)

[20181218_182147 / libfx_2.py:2976] (j1 : Y) flg_Monitor ---> True (2018.01.05 03:00)

[20181218_182147 / libfx_2.py:3064] (j3 : Y) d0 <0 (-0.058) (2018.01.05 03:00)

[20181218_182147 / libfx_2.py:3092] (j3 : N : 2) data ---> append (cntOf_Follow = 1 / e_Target = 2018.01.05 02:00 (e0 = 2018.01.05 03:00)

[20181218_182147 / libfx_2.py:3126] (j3 : N : 2) data ---> reset (cntOf_Follow = 0) (e0 = 2018.01.05 03:00)

[20181218_182147 / libfx_2.py:3153] (j1 : N) flg_Monitor ---> False (2018.01.05 04:00)

[20181218_182147 / libfx_2.py:3182] (j2 : Y) d0 >= 0 (d0 = 0.078) (2018.01.05 04:00)

[20181218_182147 / libfx_2.py:3225] (j2 : Y : 4) continuing the for-loop... (cntOf_Follow = 1)(2018.01.05 04:00)

[20181218_182147 / libfx_2.py:2976] (j1 : Y) flg_Monitor ---> True (2018.01.05 05:00)

[20181218_182147 / libfx_2.py:3009] (j3 : Y) d0 >= 0 (0.022) (2018.01.05 05:00)

[20181218_182147 / libfx_2.py:3039] (j3 : Y : 3) continue... (2018.01.05 05:00)

[20181218_182147 / libfx_2.py:2976] (j1 : Y) flg_Monitor ---> True (2018.01.05 06:00)

[20181218_182147 / libfx_2.py:3009] (j3 : Y) d0 >= 0 (0.049) (2018.01.05 06:00)

[20181218_182147 / libfx_2.py:3039] (j3 : Y : 3) continue... (2018.01.05 06:00)

[20181218_182147 / libfx_2.py:2976] (j1 : Y) flg_Monitor ---> True (2018.01.05 07:00)

[20181218_182147 / libfx_2.py:3009] (j3 : Y) d0 >= 0 (0.119) (2018.01.05 07:00)

[20181218_182147 / libfx_2.py:3039] (j3 : Y : 3) continue... (2018.01.05 07:00)

[20181218_182147 / libfx_2.py:2976] (j1 : Y) flg_Monitor ---> True (2018.01.05 08:00)

[20181218_182147 / libfx_2.py:3064] (j3 : Y) d0 <0 (-0.068) (2018.01.05 08:00)

[20181218_182147 / libfx_2.py:3092] (j3 : N : 2) data ---> append (cntOf_Follow = 4 / e_Target = 2018.01.05 07:00 (e0 = 2018.01.05 08:00)

[20181218_182147 / libfx_2.py:3126] (j3 : N : 2) data ---> reset (cntOf_Follow = 0) (e0 = 2018.01.05 08:00)

[20181218_182148 / libfx_2.py:3153] (j1 : N) flg_Monitor ---> False (2018.01.05 09:00)

[20181218_182148 / libfx_2.py:3182] (j2 : Y) d0 >= 0 (d0 = 0.091) (2018.01.05 09:00)

[20181218_182148 / libfx_2.py:3225] (j2 : Y : 4) continuing the for-loop... (cntOf_Follow = 1)(2018.01.05 09:00)

[20181218_182148 / libfx_2.py:2976] (j1 : Y) flg_Monitor ---> True (2018.01.05 10:00)

[20181218_182148 / libfx_2.py:3009] (j3 : Y) d0 >= 0 (0.021) (2018.01.05 10:00)

[20181218_182148 / libfx_2.py:3039] (j3 : Y : 3) continue... (2018.01.05 10:00)

[20181218_182148 / libfx_2.py:2976] (j1 : Y) flg_Monitor ---> True (2018.01.05 11:00)

[20181218_182148 / libfx_2.py:3064] (j3 : Y) d0 <0 (-0.070) (2018.01.05 11:00)

[20181218_182148 / libfx_2.py:3092] (j3 : N : 2) data ---> append (cntOf_Follow = 2 / e_Target = 2018.01.05 10:00 (e0 = 2018.01.05 11:00)

[20181218_182148 / libfx_2.py:3126] (j3 : N : 2) data ---> reset (cntOf_Follow = 0) (e0 = 2018.01.05 11:00)

[20181218_182148 / libfx_2.py:3153] (j1 : N) flg_Monitor ---> False (2018.01.05 12:00)

[20181218_182148 / libfx_2.py:3182] (j2 : Y) d0 >= 0 (d0 = 0.091) (2018.01.05 12:00)

[20181218_182148 / libfx_2.py:3225] (j2 : Y : 4) continuing the for-loop... (cntOf_Follow = 1)(2018.01.05 12:00)

[20181218_182148 / libfx_2.py:2976] (j1 : Y) flg_Monitor ---> True (2018.01.05 13:00)

[20181218_182148 / libfx_2.py:3009] (j3 : Y) d0 >= 0 (0.031) (2018.01.05 13:00)

[20181218_182148 / libfx_2.py:3039] (j3 : Y : 3) continue... (2018.01.05 13:00)

[20181218_182148 / libfx_2.py:2976] (j1 : Y) flg_Monitor ---> True (2018.01.05 14:00)

[20181218_182148 / libfx_2.py:3064] (j3 : Y) d0 <0 (-0.051) (2018.01.05 14:00)

[20181218_182148 / libfx_2.py:3092] (j3 : N : 2) data ---> append (cntOf_Follow = 2 / e_Target = 2018.01.05 13:00 (e0 = 2018.01.05 14:00)

[20181218_182148 / libfx_2.py:3126] (j3 : N : 2) data ---> reset (cntOf_Follow = 0) (e0 = 2018.01.05 14:00)

[20181218_182148 / libfx_2.py:3153] (j1 : N) flg_Monitor ---> False (2018.01.05 15:00)

[20181218_182148 / libfx_2.py:3182] (j2 : Y) d0 >= 0 (d0 = 0.017) (2018.01.05 15:00)

[20181218_182148 / libfx_2.py:3225] (j2 : Y : 4) continuing the for-loop... (cntOf_Follow = 1)(2018.01.05 15:00)

[20181218_182148 / libfx_2.py:2976] (j1 : Y) flg_Monitor ---> True (2018.01.05 16:00)

[20181218_182148 / libfx_2.py:3064] (j3 : Y) d0 <0 (-0.194) (2018.01.05 16:00)

[20181218_182148 / libfx_2.py:3092] (j3 : N : 2) data ---> append (cntOf_Follow = 1 / e_Target = 2018.01.05 15:00 (e0 = 2018.01.05 16:00)

[20181218_182148 / libfx_2.py:3126] (j3 : N : 2) data ---> reset (cntOf_Follow = 0) (e0 = 2018.01.05 16:00)

[20181218_182148 / libfx_2.py:3153] (j1 : N) flg_Monitor ---> False (2018.01.05 17:00)

[20181218_182148 / libfx_2.py:3182] (j2 : Y) d0 >= 0 (d0 = 0.041) (2018.01.05 17:00)

[20181218_182148 / libfx_2.py:3225] (j2 : Y : 4) continuing the for-loop... (cntOf_Follow = 1)(2018.01.05 17:00)

[20181218_182148 / libfx_2.py:2976] (j1 : Y) flg_Monitor ---> True (2018.01.05 18:00)

[20181218_182148 / libfx_2.py:3064] (j3 : Y) d0 <0 (-0.032) (2018.01.05 18:00)

[20181218_182148 / libfx_2.py:3092] (j3 : N : 2) data ---> append (cntOf_Follow = 1 / e_Target = 2018.01.05 17:00 (e0 = 2018.01.05 18:00)

[20181218_182148 / libfx_2.py:3126] (j3 : N : 2) data ---> reset (cntOf_Follow = 0) (e0 = 2018.01.05 18:00)

[20181218_182148 / libfx_2.py:3153] (j1 : N) flg_Monitor ---> False (2018.01.05 19:00)

[20181218_182148 / libfx_2.py:3182] (j2 : Y) d0 >= 0 (d0 = 0.074) (2018.01.05 19:00)

[20181218_182148 / libfx_2.py:3225] (j2 : Y : 4) continuing the for-loop... (cntOf_Follow = 1)(2018.01.05 19:00)

[20181218_182148 / libfx_2.py:2976] (j1 : Y) flg_Monitor ---> True (2018.01.05 20:00)

[20181218_182148 / libfx_2.py:3064] (j3 : Y) d0 <0 (-0.012) (2018.01.05 20:00)

[20181218_182148 / libfx_2.py:3092] (j3 : N : 2) data ---> append (cntOf_Follow = 1 / e_Target = 2018.01.05 19:00 (e0 = 2018.01.05 20:00)

[20181218_182148 / libfx_2.py:3126] (j3 : N : 2) data ---> reset (cntOf_Follow = 0) (e0 = 2018.01.05 20:00)

[20181218_182148 / libfx_2.py:3153] (j1 : N) flg_Monitor ---> False (2018.01.05 21:00)

[20181218_182148 / libfx_2.py:3256] (j2 : N) d0 < 0 (d0 = -0.010) (2018.01.05 21:00)

[20181218_182148 / libfx_2.py:3153] (j1 : N) flg_Monitor ---> False (2018.01.05 22:00)

[20181218_182148 / libfx_2.py:3256] (j2 : N) d0 < 0 (d0 = -0.100) (2018.01.05 22:00)

[20181218_182148 / libfx_2.py:3153] (j1 : N) flg_Monitor ---> False (2018.01.05 23:00)

[20181218_182148 / libfx_2.py:3256] (j2 : N) d0 < 0 (d0 = -0.212) (2018.01.05 23:00)

[20181218_182148 / libfx_2.py:3153] (j1 : N) flg_Monitor ---> False (2018.01.08 00:00)

[20181218_182149 / libfx_2.py:3182] (j2 : Y) d0 >= 0 (d0 = 0.044) (2018.01.08 00:00)

[20181218_182149 / libfx_2.py:3225] (j2 : Y : 4) continuing the for-loop... (cntOf_Follow = 1)(2018.01.08 00:00)

[20181218_182149 / libfx_2.py:2976] (j1 : Y) flg_Monitor ---> True (2018.01.08 01:00)

[20181218_182149 / libfx_2.py:3009] (j3 : Y) d0 >= 0 (0.107) (2018.01.08 01:00)

[20181218_182149 / libfx_2.py:3039] (j3 : Y : 3) continue... (2018.01.08 01:00)

[20181218_182149 / libfx_2.py:2976] (j1 : Y) flg_Monitor ---> True (2018.01.08 02:00)

[20181218_182149 / libfx_2.py:3064] (j3 : Y) d0 <0 (-0.010) (2018.01.08 02:00)

[20181218_182149 / libfx_2.py:3092] (j3 : N : 2) data ---> append (cntOf_Follow = 2 / e_Target = 2018.01.08 01:00 (e0 = 2018.01.08 02:00)

[20181218_182149 / libfx_2.py:3126] (j3 : N : 2) data ---> reset (cntOf_Follow = 0) (e0 = 2018.01.08 02:00)

[20181218_182149 / libfx_2.py:3153] (j1 : N) flg_Monitor ---> False (2018.01.08 03:00)

[20181218_182149 / libfx_2.py:3182] (j2 : Y) d0 >= 0 (d0 = 0.058) (2018.01.08 03:00)

[20181218_182149 / libfx_2.py:3225] (j2 : Y : 4) continuing the for-loop... (cntOf_Follow = 1)(2018.01.08 03:00)

[20181218_182149 / libfx_2.py:2976] (j1 : Y) flg_Monitor ---> True (2018.01.08 04:00)

[20181218_182149 / libfx_2.py:3064] (j3 : Y) d0 <0 (-0.038) (2018.01.08 04:00)

[20181218_182149 / libfx_2.py:3092] (j3 : N : 2) data ---> append (cntOf_Follow = 1 / e_Target = 2018.01.08 03:00 (e0 = 2018.01.08 04:00)

[20181218_182149 / libfx_2.py:3126] (j3 : N : 2) data ---> reset (cntOf_Follow = 0) (e0 = 2018.01.08 04:00)

[20181218_182149 / libfx_2.py:2922] (debug : for-loop) count = 101 (2018.01.08 04:00)

[20181218_182149 / libfx_2.py:2648] get_Data_Consecutive_Bars__Report starting... -----------------------```

[20181218_182149 / libfx_2.py:2725] lo_Counts = '12,7,2,1,1,2,0,1,'

[20181218_182150 / libfx_2.py:2810] lo_New ===> results
a0[0] = 1 / a0[1].dateTime = 2018.01.02 11:00
a0[0] = 1 / a0[1].dateTime = 2018.01.02 13:00
a0[0] = 1 / a0[1].dateTime = 2018.01.03 10:00
a0[0] = 1 / a0[1].dateTime = 2018.01.03 17:00
a0[0] = 1 / a0[1].dateTime = 2018.01.03 19:00
a0[0] = 1 / a0[1].dateTime = 2018.01.03 21:00
a0[0] = 1 / a0[1].dateTime = 2018.01.04 19:00
a0[0] = 1 / a0[1].dateTime = 2018.01.05 02:00
a0[0] = 1 / a0[1].dateTime = 2018.01.05 15:00
a0[0] = 1 / a0[1].dateTime = 2018.01.05 17:00
a0[0] = 1 / a0[1].dateTime = 2018.01.05 19:00
a0[0] = 1 / a0[1].dateTime = 2018.01.08 03:00
a0[0] = 2 / a0[1].dateTime = 2018.01.03 02:00
a0[0] = 2 / a0[1].dateTime = 2018.01.03 15:00
a0[0] = 2 / a0[1].dateTime = 2018.01.04 07:00
a0[0] = 2 / a0[1].dateTime = 2018.01.05 00:00
a0[0] = 2 / a0[1].dateTime = 2018.01.05 10:00
a0[0] = 2 / a0[1].dateTime = 2018.01.05 13:00
a0[0] = 2 / a0[1].dateTime = 2018.01.08 01:00
a0[0] = 3 / a0[1].dateTime = 2018.01.02 02:00
a0[0] = 3 / a0[1].dateTime = 2018.01.03 07:00
a0[0] = 4 / a0[1].dateTime = 2018.01.05 07:00
a0[0] = 5 / a0[1].dateTime = 2018.01.02 09:00
a0[0] = 6 / a0[1].dateTime = 2018.01.02 23:00
a0[0] = 6 / a0[1].dateTime = 2018.01.04 04:00
a0[0] = 8 / a0[1].dateTime = 2018.01.04 16:00
