[20181217_132103 / libfx_2.py:2698] (j1 : N) flg_Monitor ---> False (2018.01.02 00:00)

[20181217_132103 / libfx_2.py:2727] (j2 : Y) d0 >= 0 (d0 = 0.126) (2018.01.02 00:00)

[20181217_132103 / libfx_2.py:2770] (j2 : Y : 4) continuing the for-loop... (cntOf_Follow = 1)(2018.01.02 00:00)

[20181217_132103 / libfx_2.py:2521] (j1 : Y) flg_Monitor ---> True (2018.01.02 01:00)

[20181217_132103 / libfx_2.py:2554] (j3 : Y) d0 >= 0 (0.179) (2018.01.02 01:00)

[20181217_132103 / libfx_2.py:2584] (j3 : Y : 3) continue... (2018.01.02 01:00)

[20181217_132103 / libfx_2.py:2521] (j1 : Y) flg_Monitor ---> True (2018.01.02 02:00)

[20181217_132103 / libfx_2.py:2554] (j3 : Y) d0 >= 0 (0.014) (2018.01.02 02:00)

[20181217_132103 / libfx_2.py:2584] (j3 : Y : 3) continue... (2018.01.02 02:00)

[20181217_132103 / libfx_2.py:2521] (j1 : Y) flg_Monitor ---> True (2018.01.02 03:00)

[20181217_132104 / libfx_2.py:2609] (j3 : Y) d0 <0 (-0.019) (2018.01.02 03:00)

[20181217_132104 / libfx_2.py:2637] (j3 : N : 2) data ---> append (cntOf_Follow = 3 / e_Target = 2018.01.02 02:00 (e0 = 2018.01.02 03:00)

[20181217_132104 / libfx_2.py:2671] (j3 : N : 2) data ---> reset (cntOf_Follow = 0) (e0 = 2018.01.02 03:00)

[20181217_132104 / libfx_2.py:2698] (j1 : N) flg_Monitor ---> False (2018.01.02 04:00)

[20181217_132104 / libfx_2.py:2801] (j2 : N) d0 < 0 (d0 = -0.079) (2018.01.02 04:00)

[20181217_132104 / libfx_2.py:2698] (j1 : N) flg_Monitor ---> False (2018.01.02 05:00)

[20181217_132104 / libfx_2.py:2727] (j2 : Y) d0 >= 0 (d0 = 0.015) (2018.01.02 05:00)

[20181217_132104 / libfx_2.py:2770] (j2 : Y : 4) continuing the for-loop... (cntOf_Follow = 1)(2018.01.02 05:00)

[20181217_132104 / libfx_2.py:2521] (j1 : Y) flg_Monitor ---> True (2018.01.02 06:00)

[20181217_132104 / libfx_2.py:2554] (j3 : Y) d0 >= 0 (0.072) (2018.01.02 06:00)

[20181217_132104 / libfx_2.py:2584] (j3 : Y : 3) continue... (2018.01.02 06:00)

[20181217_132104 / libfx_2.py:2521] (j1 : Y) flg_Monitor ---> True (2018.01.02 07:00)

[20181217_132104 / libfx_2.py:2554] (j3 : Y) d0 >= 0 (0.052) (2018.01.02 07:00)

[20181217_132104 / libfx_2.py:2584] (j3 : Y : 3) continue... (2018.01.02 07:00)

[20181217_132104 / libfx_2.py:2521] (j1 : Y) flg_Monitor ---> True (2018.01.02 08:00)

[20181217_132104 / libfx_2.py:2554] (j3 : Y) d0 >= 0 (0.020) (2018.01.02 08:00)

[20181217_132104 / libfx_2.py:2584] (j3 : Y : 3) continue... (2018.01.02 08:00)

[20181217_132104 / libfx_2.py:2521] (j1 : Y) flg_Monitor ---> True (2018.01.02 09:00)

[20181217_132104 / libfx_2.py:2554] (j3 : Y) d0 >= 0 (0.041) (2018.01.02 09:00)

[20181217_132104 / libfx_2.py:2584] (j3 : Y : 3) continue... (2018.01.02 09:00)

[20181217_132105 / libfx_2.py:2521] (j1 : Y) flg_Monitor ---> True (2018.01.02 10:00)

[20181217_132105 / libfx_2.py:2609] (j3 : Y) d0 <0 (-0.197) (2018.01.02 10:00)

[20181217_132105 / libfx_2.py:2637] (j3 : N : 2) data ---> append (cntOf_Follow = 5 / e_Target = 2018.01.02 09:00 (e0 = 2018.01.02 10:00)

[20181217_132105 / libfx_2.py:2671] (j3 : N : 2) data ---> reset (cntOf_Follow = 0) (e0 = 2018.01.02 10:00)

[20181217_132105 / libfx_2.py:2698] (j1 : N) flg_Monitor ---> False (2018.01.02 11:00)

[20181217_132105 / libfx_2.py:2727] (j2 : Y) d0 >= 0 (d0 = 0.119) (2018.01.02 11:00)

[20181217_132105 / libfx_2.py:2770] (j2 : Y : 4) continuing the for-loop... (cntOf_Follow = 1)(2018.01.02 11:00)

[20181217_132105 / libfx_2.py:2521] (j1 : Y) flg_Monitor ---> True (2018.01.02 12:00)

[20181217_132105 / libfx_2.py:2609] (j3 : Y) d0 <0 (-0.154) (2018.01.02 12:00)

[20181217_132105 / libfx_2.py:2637] (j3 : N : 2) data ---> append (cntOf_Follow = 1 / e_Target = 2018.01.02 11:00 (e0 = 2018.01.02 12:00)

[20181217_132105 / libfx_2.py:2671] (j3 : N : 2) data ---> reset (cntOf_Follow = 0) (e0 = 2018.01.02 12:00)

[20181217_132105 / libfx_2.py:2698] (j1 : N) flg_Monitor ---> False (2018.01.02 13:00)

[20181217_132105 / libfx_2.py:2727] (j2 : Y) d0 >= 0 (d0 = 0.008) (2018.01.02 13:00)

[20181217_132105 / libfx_2.py:2770] (j2 : Y : 4) continuing the for-loop... (cntOf_Follow = 1)(2018.01.02 13:00)

[20181217_132105 / libfx_2.py:2521] (j1 : Y) flg_Monitor ---> True (2018.01.02 14:00)

[20181217_132105 / libfx_2.py:2609] (j3 : Y) d0 <0 (-0.046) (2018.01.02 14:00)

[20181217_132105 / libfx_2.py:2637] (j3 : N : 2) data ---> append (cntOf_Follow = 1 / e_Target = 2018.01.02 13:00 (e0 = 2018.01.02 14:00)

[20181217_132105 / libfx_2.py:2671] (j3 : N : 2) data ---> reset (cntOf_Follow = 0) (e0 = 2018.01.02 14:00)

[20181217_132105 / libfx_2.py:2698] (j1 : N) flg_Monitor ---> False (2018.01.02 15:00)

[20181217_132105 / libfx_2.py:2801] (j2 : N) d0 < 0 (d0 = -0.105) (2018.01.02 15:00)

[20181217_132105 / libfx_2.py:2698] (j1 : N) flg_Monitor ---> False (2018.01.02 16:00)

[20181217_132105 / libfx_2.py:2801] (j2 : N) d0 < 0 (d0 = -0.083) (2018.01.02 16:00)

[20181217_132106 / libfx_2.py:2698] (j1 : N) flg_Monitor ---> False (2018.01.02 17:00)

[20181217_132106 / libfx_2.py:2801] (j2 : N) d0 < 0 (d0 = -0.035) (2018.01.02 17:00)

[20181217_132106 / libfx_2.py:2698] (j1 : N) flg_Monitor ---> False (2018.01.02 18:00)

[20181217_132106 / libfx_2.py:2727] (j2 : Y) d0 >= 0 (d0 = 0.076) (2018.01.02 18:00)

[20181217_132106 / libfx_2.py:2770] (j2 : Y : 4) continuing the for-loop... (cntOf_Follow = 1)(2018.01.02 18:00)

[20181217_132106 / libfx_2.py:2521] (j1 : Y) flg_Monitor ---> True (2018.01.02 19:00)

[20181217_132106 / libfx_2.py:2554] (j3 : Y) d0 >= 0 (0.085) (2018.01.02 19:00)

[20181217_132106 / libfx_2.py:2584] (j3 : Y : 3) continue... (2018.01.02 19:00)

[20181217_132106 / libfx_2.py:2521] (j1 : Y) flg_Monitor ---> True (2018.01.02 20:00)

[20181217_132106 / libfx_2.py:2554] (j3 : Y) d0 >= 0 (0.058) (2018.01.02 20:00)

[20181217_132106 / libfx_2.py:2584] (j3 : Y : 3) continue... (2018.01.02 20:00)

[20181217_132106 / libfx_2.py:2521] (j1 : Y) flg_Monitor ---> True (2018.01.02 21:00)

[20181217_132106 / libfx_2.py:2554] (j3 : Y) d0 >= 0 (0.004) (2018.01.02 21:00)

[20181217_132106 / libfx_2.py:2584] (j3 : Y : 3) continue... (2018.01.02 21:00)

[20181217_132106 / libfx_2.py:2521] (j1 : Y) flg_Monitor ---> True (2018.01.02 22:00)

[20181217_132106 / libfx_2.py:2554] (j3 : Y) d0 >= 0 (0.079) (2018.01.02 22:00)

[20181217_132106 / libfx_2.py:2584] (j3 : Y : 3) continue... (2018.01.02 22:00)

[20181217_132106 / libfx_2.py:2521] (j1 : Y) flg_Monitor ---> True (2018.01.02 23:00)

[20181217_132106 / libfx_2.py:2554] (j3 : Y) d0 >= 0 (0.029) (2018.01.02 23:00)

[20181217_132106 / libfx_2.py:2584] (j3 : Y : 3) continue... (2018.01.02 23:00)

[20181217_132107 / libfx_2.py:2521] (j1 : Y) flg_Monitor ---> True (2018.01.03 00:00)

[20181217_132107 / libfx_2.py:2609] (j3 : Y) d0 <0 (-0.060) (2018.01.03 00:00)

[20181217_132107 / libfx_2.py:2637] (j3 : N : 2) data ---> append (cntOf_Follow = 6 / e_Target = 2018.01.02 23:00 (e0 = 2018.01.03 00:00)

[20181217_132107 / libfx_2.py:2671] (j3 : N : 2) data ---> reset (cntOf_Follow = 0) (e0 = 2018.01.03 00:00)

[20181217_132107 / libfx_2.py:2698] (j1 : N) flg_Monitor ---> False (2018.01.03 01:00)

[20181217_132107 / libfx_2.py:2727] (j2 : Y) d0 >= 0 (d0 = 0.087) (2018.01.03 01:00)

[20181217_132107 / libfx_2.py:2770] (j2 : Y : 4) continuing the for-loop... (cntOf_Follow = 1)(2018.01.03 01:00)

[20181217_132107 / libfx_2.py:2521] (j1 : Y) flg_Monitor ---> True (2018.01.03 02:00)

[20181217_132107 / libfx_2.py:2554] (j3 : Y) d0 >= 0 (0.072) (2018.01.03 02:00)

[20181217_132107 / libfx_2.py:2584] (j3 : Y : 3) continue... (2018.01.03 02:00)

[20181217_132107 / libfx_2.py:2521] (j1 : Y) flg_Monitor ---> True (2018.01.03 03:00)

[20181217_132107 / libfx_2.py:2609] (j3 : Y) d0 <0 (-0.092) (2018.01.03 03:00)

[20181217_132107 / libfx_2.py:2637] (j3 : N : 2) data ---> append (cntOf_Follow = 2 / e_Target = 2018.01.03 02:00 (e0 = 2018.01.03 03:00)

[20181217_132107 / libfx_2.py:2671] (j3 : N : 2) data ---> reset (cntOf_Follow = 0) (e0 = 2018.01.03 03:00)

[20181217_132107 / libfx_2.py:2698] (j1 : N) flg_Monitor ---> False (2018.01.03 04:00)

[20181217_132107 / libfx_2.py:2801] (j2 : N) d0 < 0 (d0 = -0.045) (2018.01.03 04:00)

[20181217_132107 / libfx_2.py:2698] (j1 : N) flg_Monitor ---> False (2018.01.03 05:00)

[20181217_132107 / libfx_2.py:2727] (j2 : Y) d0 >= 0 (d0 = 0.005) (2018.01.03 05:00)

[20181217_132107 / libfx_2.py:2770] (j2 : Y : 4) continuing the for-loop... (cntOf_Follow = 1)(2018.01.03 05:00)

[20181217_132107 / libfx_2.py:2521] (j1 : Y) flg_Monitor ---> True (2018.01.03 06:00)

[20181217_132108 / libfx_2.py:2554] (j3 : Y) d0 >= 0 (0.027) (2018.01.03 06:00)

[20181217_132108 / libfx_2.py:2584] (j3 : Y : 3) continue... (2018.01.03 06:00)

[20181217_132108 / libfx_2.py:2521] (j1 : Y) flg_Monitor ---> True (2018.01.03 07:00)

[20181217_132108 / libfx_2.py:2554] (j3 : Y) d0 >= 0 (0.027) (2018.01.03 07:00)

[20181217_132108 / libfx_2.py:2584] (j3 : Y : 3) continue... (2018.01.03 07:00)

[20181217_132108 / libfx_2.py:2521] (j1 : Y) flg_Monitor ---> True (2018.01.03 08:00)

[20181217_132108 / libfx_2.py:2609] (j3 : Y) d0 <0 (-0.116) (2018.01.03 08:00)

[20181217_132108 / libfx_2.py:2637] (j3 : N : 2) data ---> append (cntOf_Follow = 3 / e_Target = 2018.01.03 07:00 (e0 = 2018.01.03 08:00)

[20181217_132108 / libfx_2.py:2671] (j3 : N : 2) data ---> reset (cntOf_Follow = 0) (e0 = 2018.01.03 08:00)

[20181217_132108 / libfx_2.py:2698] (j1 : N) flg_Monitor ---> False (2018.01.03 09:00)

[20181217_132108 / libfx_2.py:2801] (j2 : N) d0 < 0 (d0 = -0.004) (2018.01.03 09:00)

[20181217_132108 / libfx_2.py:2698] (j1 : N) flg_Monitor ---> False (2018.01.03 10:00)

[20181217_132108 / libfx_2.py:2727] (j2 : Y) d0 >= 0 (d0 = 0.023) (2018.01.03 10:00)

[20181217_132108 / libfx_2.py:2770] (j2 : Y : 4) continuing the for-loop... (cntOf_Follow = 1)(2018.01.03 10:00)

[20181217_132108 / libfx_2.py:2521] (j1 : Y) flg_Monitor ---> True (2018.01.03 11:00)

[20181217_132108 / libfx_2.py:2609] (j3 : Y) d0 <0 (-0.104) (2018.01.03 11:00)

[20181217_132108 / libfx_2.py:2637] (j3 : N : 2) data ---> append (cntOf_Follow = 1 / e_Target = 2018.01.03 10:00 (e0 = 2018.01.03 11:00)

[20181217_132108 / libfx_2.py:2671] (j3 : N : 2) data ---> reset (cntOf_Follow = 0) (e0 = 2018.01.03 11:00)

[20181217_132108 / libfx_2.py:2698] (j1 : N) flg_Monitor ---> False (2018.01.03 12:00)

[20181217_132108 / libfx_2.py:2801] (j2 : N) d0 < 0 (d0 = -0.289) (2018.01.03 12:00)

[20181217_132108 / libfx_2.py:2698] (j1 : N) flg_Monitor ---> False (2018.01.03 13:00)

[20181217_132108 / libfx_2.py:2801] (j2 : N) d0 < 0 (d0 = -0.049) (2018.01.03 13:00)

[20181217_132108 / libfx_2.py:2698] (j1 : N) flg_Monitor ---> False (2018.01.03 14:00)

[20181217_132108 / libfx_2.py:2727] (j2 : Y) d0 >= 0 (d0 = 0.118) (2018.01.03 14:00)

[20181217_132108 / libfx_2.py:2770] (j2 : Y : 4) continuing the for-loop... (cntOf_Follow = 1)(2018.01.03 14:00)

[20181217_132109 / libfx_2.py:2521] (j1 : Y) flg_Monitor ---> True (2018.01.03 15:00)

[20181217_132109 / libfx_2.py:2554] (j3 : Y) d0 >= 0 (0.070) (2018.01.03 15:00)

[20181217_132109 / libfx_2.py:2584] (j3 : Y : 3) continue... (2018.01.03 15:00)

[20181217_132109 / libfx_2.py:2521] (j1 : Y) flg_Monitor ---> True (2018.01.03 16:00)

[20181217_132109 / libfx_2.py:2609] (j3 : Y) d0 <0 (-0.184) (2018.01.03 16:00)

[20181217_132109 / libfx_2.py:2637] (j3 : N : 2) data ---> append (cntOf_Follow = 2 / e_Target = 2018.01.03 15:00 (e0 = 2018.01.03 16:00)

[20181217_132109 / libfx_2.py:2671] (j3 : N : 2) data ---> reset (cntOf_Follow = 0) (e0 = 2018.01.03 16:00)

[20181217_132109 / libfx_2.py:2468] (debug : for-loop) count = 41 (2018.01.03 16:00)

[20181217_132109 / libfx_2.py:2698] (j1 : N) flg_Monitor ---> False (2018.01.03 17:00)

[20181217_132109 / libfx_2.py:2727] (j2 : Y) d0 >= 0 (d0 = 0.282) (2018.01.03 17:00)

[20181217_132109 / libfx_2.py:2770] (j2 : Y : 4) continuing the for-loop... (cntOf_Follow = 1)(2018.01.03 17:00)

[20181217_132109 / libfx_2.py:2468] (debug : for-loop) count = 42 (2018.01.03 17:00)

[20181217_132109 / libfx_2.py:2521] (j1 : Y) flg_Monitor ---> True (2018.01.03 18:00)

[20181217_132109 / libfx_2.py:2609] (j3 : Y) d0 <0 (-0.057) (2018.01.03 18:00)

[20181217_132109 / libfx_2.py:2637] (j3 : N : 2) data ---> append (cntOf_Follow = 1 / e_Target = 2018.01.03 17:00 (e0 = 2018.01.03 18:00)

[20181217_132109 / libfx_2.py:2671] (j3 : N : 2) data ---> reset (cntOf_Follow = 0) (e0 = 2018.01.03 18:00)

[20181217_132109 / libfx_2.py:2468] (debug : for-loop) count = 43 (2018.01.03 18:00)

[20181217_132110 / libfx_2.py:2698] (j1 : N) flg_Monitor ---> False (2018.01.03 19:00)

[20181217_132110 / libfx_2.py:2727] (j2 : Y) d0 >= 0 (d0 = 0.021) (2018.01.03 19:00)

[20181217_132110 / libfx_2.py:2770] (j2 : Y : 4) continuing the for-loop... (cntOf_Follow = 1)(2018.01.03 19:00)

[20181217_132110 / libfx_2.py:2468] (debug : for-loop) count = 44 (2018.01.03 19:00)

[20181217_132110 / libfx_2.py:2521] (j1 : Y) flg_Monitor ---> True (2018.01.03 20:00)

[20181217_132110 / libfx_2.py:2609] (j3 : Y) d0 <0 (-0.022) (2018.01.03 20:00)

[20181217_132110 / libfx_2.py:2637] (j3 : N : 2) data ---> append (cntOf_Follow = 1 / e_Target = 2018.01.03 19:00 (e0 = 2018.01.03 20:00)

[20181217_132110 / libfx_2.py:2671] (j3 : N : 2) data ---> reset (cntOf_Follow = 0) (e0 = 2018.01.03 20:00)

[20181217_132110 / libfx_2.py:2468] (debug : for-loop) count = 45 (2018.01.03 20:00)

[20181217_132110 / libfx_2.py:2698] (j1 : N) flg_Monitor ---> False (2018.01.03 21:00)

[20181217_132110 / libfx_2.py:2727] (j2 : Y) d0 >= 0 (d0 = 0.137) (2018.01.03 21:00)

[20181217_132110 / libfx_2.py:2770] (j2 : Y : 4) continuing the for-loop... (cntOf_Follow = 1)(2018.01.03 21:00)

[20181217_132110 / libfx_2.py:2468] (debug : for-loop) count = 46 (2018.01.03 21:00)

[20181217_132110 / libfx_2.py:2521] (j1 : Y) flg_Monitor ---> True (2018.01.03 22:00)

[20181217_132110 / libfx_2.py:2609] (j3 : Y) d0 <0 (-0.120) (2018.01.03 22:00)

[20181217_132110 / libfx_2.py:2637] (j3 : N : 2) data ---> append (cntOf_Follow = 1 / e_Target = 2018.01.03 21:00 (e0 = 2018.01.03 22:00)

[20181217_132110 / libfx_2.py:2671] (j3 : N : 2) data ---> reset (cntOf_Follow = 0) (e0 = 2018.01.03 22:00)

[20181217_132110 / libfx_2.py:2468] (debug : for-loop) count = 47 (2018.01.03 22:00)

[20181217_132110 / libfx_2.py:2698] (j1 : N) flg_Monitor ---> False (2018.01.03 23:00)

[20181217_132110 / libfx_2.py:2727] (j2 : Y) d0 >= 0 (d0 = 0.081) (2018.01.03 23:00)

[20181217_132111 / libfx_2.py:2770] (j2 : Y : 4) continuing the for-loop... (cntOf_Follow = 1)(2018.01.03 23:00)

[20181217_132111 / libfx_2.py:2468] (debug : for-loop) count = 48 (2018.01.03 23:00)

[20181217_132111 / libfx_2.py:2521] (j1 : Y) flg_Monitor ---> True (2018.01.04 00:00)

[20181217_132111 / libfx_2.py:2554] (j3 : Y) d0 >= 0 (0.049) (2018.01.04 00:00)

[20181217_132111 / libfx_2.py:2584] (j3 : Y : 3) continue... (2018.01.04 00:00)

[20181217_132111 / libfx_2.py:2468] (debug : for-loop) count = 49 (2018.01.04 00:00)

[20181217_132111 / libfx_2.py:2521] (j1 : Y) flg_Monitor ---> True (2018.01.04 01:00)

[20181217_132111 / libfx_2.py:2554] (j3 : Y) d0 >= 0 (0.076) (2018.01.04 01:00)

[20181217_132111 / libfx_2.py:2584] (j3 : Y : 3) continue... (2018.01.04 01:00)

[20181217_132111 / libfx_2.py:2468] (debug : for-loop) count = 50 (2018.01.04 01:00)

[20181217_132111 / libfx_2.py:2521] (j1 : Y) flg_Monitor ---> True (2018.01.04 02:00)

[20181217_132111 / libfx_2.py:2554] (j3 : Y) d0 >= 0 (0.081) (2018.01.04 02:00)

[20181217_132111 / libfx_2.py:2584] (j3 : Y : 3) continue... (2018.01.04 02:00)

[20181217_132111 / libfx_2.py:2468] (debug : for-loop) count = 51 (2018.01.04 02:00)

[20181217_132111 / libfx_2.py:2521] (j1 : Y) flg_Monitor ---> True (2018.01.04 03:00)

[20181217_132111 / libfx_2.py:2554] (j3 : Y) d0 >= 0 (0.029) (2018.01.04 03:00)

[20181217_132111 / libfx_2.py:2584] (j3 : Y : 3) continue... (2018.01.04 03:00)

[20181217_132111 / libfx_2.py:2468] (debug : for-loop) count = 52 (2018.01.04 03:00)

[20181217_132111 / libfx_2.py:2521] (j1 : Y) flg_Monitor ---> True (2018.01.04 04:00)

[20181217_132111 / libfx_2.py:2554] (j3 : Y) d0 >= 0 (0.017) (2018.01.04 04:00)

[20181217_132111 / libfx_2.py:2584] (j3 : Y : 3) continue... (2018.01.04 04:00)

[20181217_132111 / libfx_2.py:2468] (debug : for-loop) count = 53 (2018.01.04 04:00)

[20181217_132111 / libfx_2.py:2521] (j1 : Y) flg_Monitor ---> True (2018.01.04 05:00)

[20181217_132111 / libfx_2.py:2609] (j3 : Y) d0 <0 (-0.019) (2018.01.04 05:00)

[20181217_132111 / libfx_2.py:2637] (j3 : N : 2) data ---> append (cntOf_Follow = 6 / e_Target = 2018.01.04 04:00 (e0 = 2018.01.04 05:00)

[20181217_132111 / libfx_2.py:2671] (j3 : N : 2) data ---> reset (cntOf_Follow = 0) (e0 = 2018.01.04 05:00)

[20181217_132111 / libfx_2.py:2468] (debug : for-loop) count = 54 (2018.01.04 05:00)

[20181217_132112 / libfx_2.py:2698] (j1 : N) flg_Monitor ---> False (2018.01.04 06:00)

[20181217_132112 / libfx_2.py:2727] (j2 : Y) d0 >= 0 (d0 = 0.025) (2018.01.04 06:00)

[20181217_132112 / libfx_2.py:2770] (j2 : Y : 4) continuing the for-loop... (cntOf_Follow = 1)(2018.01.04 06:00)

[20181217_132112 / libfx_2.py:2468] (debug : for-loop) count = 55 (2018.01.04 06:00)

[20181217_132112 / libfx_2.py:2521] (j1 : Y) flg_Monitor ---> True (2018.01.04 07:00)

[20181217_132112 / libfx_2.py:2554] (j3 : Y) d0 >= 0 (0.025) (2018.01.04 07:00)

[20181217_132112 / libfx_2.py:2584] (j3 : Y : 3) continue... (2018.01.04 07:00)

[20181217_132112 / libfx_2.py:2468] (debug : for-loop) count = 56 (2018.01.04 07:00)

[20181217_132112 / libfx_2.py:2521] (j1 : Y) flg_Monitor ---> True (2018.01.04 08:00)

[20181217_132112 / libfx_2.py:2609] (j3 : Y) d0 <0 (-0.044) (2018.01.04 08:00)

[20181217_132112 / libfx_2.py:2637] (j3 : N : 2) data ---> append (cntOf_Follow = 2 / e_Target = 2018.01.04 07:00 (e0 = 2018.01.04 08:00)

[20181217_132112 / libfx_2.py:2671] (j3 : N : 2) data ---> reset (cntOf_Follow = 0) (e0 = 2018.01.04 08:00)

[20181217_132112 / libfx_2.py:2468] (debug : for-loop) count = 57 (2018.01.04 08:00)

[20181217_132112 / libfx_2.py:2698] (j1 : N) flg_Monitor ---> False (2018.01.04 09:00)

[20181217_132112 / libfx_2.py:2727] (j2 : Y) d0 >= 0 (d0 = 0.053) (2018.01.04 09:00)

[20181217_132112 / libfx_2.py:2770] (j2 : Y : 4) continuing the for-loop... (cntOf_Follow = 1)(2018.01.04 09:00)

[20181217_132113 / libfx_2.py:2468] (debug : for-loop) count = 58 (2018.01.04 09:00)

[20181217_132113 / libfx_2.py:2521] (j1 : Y) flg_Monitor ---> True (2018.01.04 10:00)

[20181217_132113 / libfx_2.py:2554] (j3 : Y) d0 >= 0 (0.022) (2018.01.04 10:00)

[20181217_132113 / libfx_2.py:2584] (j3 : Y : 3) continue... (2018.01.04 10:00)

[20181217_132113 / libfx_2.py:2468] (debug : for-loop) count = 59 (2018.01.04 10:00)

[20181217_132113 / libfx_2.py:2521] (j1 : Y) flg_Monitor ---> True (2018.01.04 11:00)

[20181217_132113 / libfx_2.py:2554] (j3 : Y) d0 >= 0 (0.108) (2018.01.04 11:00)

[20181217_132113 / libfx_2.py:2584] (j3 : Y : 3) continue... (2018.01.04 11:00)

[20181217_132113 / libfx_2.py:2468] (debug : for-loop) count = 60 (2018.01.04 11:00)

[20181217_132113 / libfx_2.py:2521] (j1 : Y) flg_Monitor ---> True (2018.01.04 12:00)

[20181217_132113 / libfx_2.py:2554] (j3 : Y) d0 >= 0 (0.109) (2018.01.04 12:00)

[20181217_132113 / libfx_2.py:2584] (j3 : Y : 3) continue... (2018.01.04 12:00)

[20181217_132113 / libfx_2.py:2468] (debug : for-loop) count = 61 (2018.01.04 12:00)

[20181217_132113 / libfx_2.py:2521] (j1 : Y) flg_Monitor ---> True (2018.01.04 13:00)

[20181217_132113 / libfx_2.py:2554] (j3 : Y) d0 >= 0 (0.174) (2018.01.04 13:00)

[20181217_132113 / libfx_2.py:2584] (j3 : Y : 3) continue... (2018.01.04 13:00)

[20181217_132113 / libfx_2.py:2468] (debug : for-loop) count = 62 (2018.01.04 13:00)

[20181217_132113 / libfx_2.py:2521] (j1 : Y) flg_Monitor ---> True (2018.01.04 14:00)

[20181217_132113 / libfx_2.py:2554] (j3 : Y) d0 >= 0 (0.116) (2018.01.04 14:00)

[20181217_132113 / libfx_2.py:2584] (j3 : Y : 3) continue... (2018.01.04 14:00)

[20181217_132113 / libfx_2.py:2468] (debug : for-loop) count = 63 (2018.01.04 14:00)

[20181217_132113 / libfx_2.py:2521] (j1 : Y) flg_Monitor ---> True (2018.01.04 15:00)

[20181217_132113 / libfx_2.py:2554] (j3 : Y) d0 >= 0 (0.154) (2018.01.04 15:00)

[20181217_132113 / libfx_2.py:2584] (j3 : Y : 3) continue... (2018.01.04 15:00)

[20181217_132113 / libfx_2.py:2468] (debug : for-loop) count = 64 (2018.01.04 15:00)

[20181217_132114 / libfx_2.py:2521] (j1 : Y) flg_Monitor ---> True (2018.01.04 16:00)

[20181217_132114 / libfx_2.py:2554] (j3 : Y) d0 >= 0 (0.215) (2018.01.04 16:00)

[20181217_132114 / libfx_2.py:2584] (j3 : Y : 3) continue... (2018.01.04 16:00)

[20181217_132114 / libfx_2.py:2468] (debug : for-loop) count = 65 (2018.01.04 16:00)

[20181217_132114 / libfx_2.py:2521] (j1 : Y) flg_Monitor ---> True (2018.01.04 17:00)

[20181217_132114 / libfx_2.py:2609] (j3 : Y) d0 <0 (-0.149) (2018.01.04 17:00)

[20181217_132114 / libfx_2.py:2637] (j3 : N : 2) data ---> append (cntOf_Follow = 8 / e_Target = 2018.01.04 16:00 (e0 = 2018.01.04 17:00)

[20181217_132114 / libfx_2.py:2671] (j3 : N : 2) data ---> reset (cntOf_Follow = 0) (e0 = 2018.01.04 17:00)

[20181217_132114 / libfx_2.py:2468] (debug : for-loop) count = 66 (2018.01.04 17:00)

[20181217_132114 / libfx_2.py:2698] (j1 : N) flg_Monitor ---> False (2018.01.04 18:00)

[20181217_132114 / libfx_2.py:2801] (j2 : N) d0 < 0 (d0 = -0.108) (2018.01.04 18:00)

[20181217_132114 / libfx_2.py:2468] (debug : for-loop) count = 67 (2018.01.04 18:00)

[20181217_132114 / libfx_2.py:2698] (j1 : N) flg_Monitor ---> False (2018.01.04 19:00)

[20181217_132114 / libfx_2.py:2727] (j2 : Y) d0 >= 0 (d0 = 0.096) (2018.01.04 19:00)

[20181217_132114 / libfx_2.py:2770] (j2 : Y : 4) continuing the for-loop... (cntOf_Follow = 1)(2018.01.04 19:00)

[20181217_132114 / libfx_2.py:2468] (debug : for-loop) count = 68 (2018.01.04 19:00)

[20181217_132114 / libfx_2.py:2521] (j1 : Y) flg_Monitor ---> True (2018.01.04 20:00)

[20181217_132114 / libfx_2.py:2609] (j3 : Y) d0 <0 (-0.040) (2018.01.04 20:00)

[20181217_132114 / libfx_2.py:2637] (j3 : N : 2) data ---> append (cntOf_Follow = 1 / e_Target = 2018.01.04 19:00 (e0 = 2018.01.04 20:00)

[20181217_132114 / libfx_2.py:2671] (j3 : N : 2) data ---> reset (cntOf_Follow = 0) (e0 = 2018.01.04 20:00)

[20181217_132114 / libfx_2.py:2468] (debug : for-loop) count = 69 (2018.01.04 20:00)

[20181217_132114 / libfx_2.py:2698] (j1 : N) flg_Monitor ---> False (2018.01.04 21:00)

[20181217_132115 / libfx_2.py:2801] (j2 : N) d0 < 0 (d0 = -0.015) (2018.01.04 21:00)

[20181217_132115 / libfx_2.py:2468] (debug : for-loop) count = 70 (2018.01.04 21:00)

[20181217_132115 / libfx_2.py:2698] (j1 : N) flg_Monitor ---> False (2018.01.04 22:00)

[20181217_132115 / libfx_2.py:2801] (j2 : N) d0 < 0 (d0 = -0.061) (2018.01.04 22:00)

[20181217_132115 / libfx_2.py:2468] (debug : for-loop) count = 71 (2018.01.04 22:00)

[20181217_132115 / libfx_2.py:2698] (j1 : N) flg_Monitor ---> False (2018.01.04 23:00)

[20181217_132115 / libfx_2.py:2727] (j2 : Y) d0 >= 0 (d0 = 0.008) (2018.01.04 23:00)

[20181217_132115 / libfx_2.py:2770] (j2 : Y : 4) continuing the for-loop... (cntOf_Follow = 1)(2018.01.04 23:00)

[20181217_132115 / libfx_2.py:2468] (debug : for-loop) count = 72 (2018.01.04 23:00)

[20181217_132115 / libfx_2.py:2521] (j1 : Y) flg_Monitor ---> True (2018.01.05 00:00)

[20181217_132115 / libfx_2.py:2554] (j3 : Y) d0 >= 0 (0.104) (2018.01.05 00:00)

[20181217_132115 / libfx_2.py:2584] (j3 : Y : 3) continue... (2018.01.05 00:00)

[20181217_132115 / libfx_2.py:2468] (debug : for-loop) count = 73 (2018.01.05 00:00)

[20181217_132115 / libfx_2.py:2521] (j1 : Y) flg_Monitor ---> True (2018.01.05 01:00)

[20181217_132115 / libfx_2.py:2609] (j3 : Y) d0 <0 (-0.026) (2018.01.05 01:00)

[20181217_132115 / libfx_2.py:2637] (j3 : N : 2) data ---> append (cntOf_Follow = 2 / e_Target = 2018.01.05 00:00 (e0 = 2018.01.05 01:00)

[20181217_132115 / libfx_2.py:2671] (j3 : N : 2) data ---> reset (cntOf_Follow = 0) (e0 = 2018.01.05 01:00)

[20181217_132115 / libfx_2.py:2468] (debug : for-loop) count = 74 (2018.01.05 01:00)

[20181217_132116 / libfx_2.py:2698] (j1 : N) flg_Monitor ---> False (2018.01.05 02:00)

[20181217_132116 / libfx_2.py:2727] (j2 : Y) d0 >= 0 (d0 = 0.086) (2018.01.05 02:00)

[20181217_132116 / libfx_2.py:2770] (j2 : Y : 4) continuing the for-loop... (cntOf_Follow = 1)(2018.01.05 02:00)

[20181217_132116 / libfx_2.py:2468] (debug : for-loop) count = 75 (2018.01.05 02:00)

[20181217_132116 / libfx_2.py:2521] (j1 : Y) flg_Monitor ---> True (2018.01.05 03:00)

[20181217_132116 / libfx_2.py:2609] (j3 : Y) d0 <0 (-0.058) (2018.01.05 03:00)

[20181217_132116 / libfx_2.py:2637] (j3 : N : 2) data ---> append (cntOf_Follow = 1 / e_Target = 2018.01.05 02:00 (e0 = 2018.01.05 03:00)

[20181217_132116 / libfx_2.py:2671] (j3 : N : 2) data ---> reset (cntOf_Follow = 0) (e0 = 2018.01.05 03:00)

[20181217_132116 / libfx_2.py:2468] (debug : for-loop) count = 76 (2018.01.05 03:00)

[20181217_132116 / libfx_2.py:2698] (j1 : N) flg_Monitor ---> False (2018.01.05 04:00)

[20181217_132116 / libfx_2.py:2727] (j2 : Y) d0 >= 0 (d0 = 0.078) (2018.01.05 04:00)

[20181217_132116 / libfx_2.py:2770] (j2 : Y : 4) continuing the for-loop... (cntOf_Follow = 1)(2018.01.05 04:00)

[20181217_132116 / libfx_2.py:2468] (debug : for-loop) count = 77 (2018.01.05 04:00)

[20181217_132116 / libfx_2.py:2521] (j1 : Y) flg_Monitor ---> True (2018.01.05 05:00)

[20181217_132116 / libfx_2.py:2554] (j3 : Y) d0 >= 0 (0.022) (2018.01.05 05:00)

[20181217_132116 / libfx_2.py:2584] (j3 : Y : 3) continue... (2018.01.05 05:00)

[20181217_132116 / libfx_2.py:2468] (debug : for-loop) count = 78 (2018.01.05 05:00)

[20181217_132116 / libfx_2.py:2521] (j1 : Y) flg_Monitor ---> True (2018.01.05 06:00)

[20181217_132116 / libfx_2.py:2554] (j3 : Y) d0 >= 0 (0.049) (2018.01.05 06:00)

[20181217_132117 / libfx_2.py:2584] (j3 : Y : 3) continue... (2018.01.05 06:00)

[20181217_132117 / libfx_2.py:2468] (debug : for-loop) count = 79 (2018.01.05 06:00)

[20181217_132117 / libfx_2.py:2521] (j1 : Y) flg_Monitor ---> True (2018.01.05 07:00)

[20181217_132117 / libfx_2.py:2554] (j3 : Y) d0 >= 0 (0.119) (2018.01.05 07:00)

[20181217_132117 / libfx_2.py:2584] (j3 : Y : 3) continue... (2018.01.05 07:00)

[20181217_132117 / libfx_2.py:2468] (debug : for-loop) count = 80 (2018.01.05 07:00)

[20181217_132117 / libfx_2.py:2521] (j1 : Y) flg_Monitor ---> True (2018.01.05 08:00)

[20181217_132117 / libfx_2.py:2609] (j3 : Y) d0 <0 (-0.068) (2018.01.05 08:00)

[20181217_132117 / libfx_2.py:2637] (j3 : N : 2) data ---> append (cntOf_Follow = 4 / e_Target = 2018.01.05 07:00 (e0 = 2018.01.05 08:00)

[20181217_132117 / libfx_2.py:2671] (j3 : N : 2) data ---> reset (cntOf_Follow = 0) (e0 = 2018.01.05 08:00)

[20181217_132117 / libfx_2.py:2468] (debug : for-loop) count = 81 (2018.01.05 08:00)

[20181217_132117 / libfx_2.py:2698] (j1 : N) flg_Monitor ---> False (2018.01.05 09:00)

[20181217_132117 / libfx_2.py:2727] (j2 : Y) d0 >= 0 (d0 = 0.091) (2018.01.05 09:00)

[20181217_132117 / libfx_2.py:2770] (j2 : Y : 4) continuing the for-loop... (cntOf_Follow = 1)(2018.01.05 09:00)

[20181217_132117 / libfx_2.py:2468] (debug : for-loop) count = 82 (2018.01.05 09:00)

[20181217_132117 / libfx_2.py:2521] (j1 : Y) flg_Monitor ---> True (2018.01.05 10:00)

[20181217_132117 / libfx_2.py:2554] (j3 : Y) d0 >= 0 (0.021) (2018.01.05 10:00)

[20181217_132117 / libfx_2.py:2584] (j3 : Y : 3) continue... (2018.01.05 10:00)

[20181217_132117 / libfx_2.py:2468] (debug : for-loop) count = 83 (2018.01.05 10:00)

[20181217_132117 / libfx_2.py:2521] (j1 : Y) flg_Monitor ---> True (2018.01.05 11:00)

[20181217_132117 / libfx_2.py:2609] (j3 : Y) d0 <0 (-0.070) (2018.01.05 11:00)

[20181217_132117 / libfx_2.py:2637] (j3 : N : 2) data ---> append (cntOf_Follow = 2 / e_Target = 2018.01.05 10:00 (e0 = 2018.01.05 11:00)

[20181217_132117 / libfx_2.py:2671] (j3 : N : 2) data ---> reset (cntOf_Follow = 0) (e0 = 2018.01.05 11:00)

[20181217_132117 / libfx_2.py:2468] (debug : for-loop) count = 84 (2018.01.05 11:00)

[20181217_132117 / libfx_2.py:2698] (j1 : N) flg_Monitor ---> False (2018.01.05 12:00)

[20181217_132117 / libfx_2.py:2727] (j2 : Y) d0 >= 0 (d0 = 0.091) (2018.01.05 12:00)

[20181217_132118 / libfx_2.py:2770] (j2 : Y : 4) continuing the for-loop... (cntOf_Follow = 1)(2018.01.05 12:00)

[20181217_132118 / libfx_2.py:2468] (debug : for-loop) count = 85 (2018.01.05 12:00)

[20181217_132118 / libfx_2.py:2521] (j1 : Y) flg_Monitor ---> True (2018.01.05 13:00)

[20181217_132118 / libfx_2.py:2554] (j3 : Y) d0 >= 0 (0.031) (2018.01.05 13:00)

[20181217_132118 / libfx_2.py:2584] (j3 : Y : 3) continue... (2018.01.05 13:00)

[20181217_132118 / libfx_2.py:2468] (debug : for-loop) count = 86 (2018.01.05 13:00)

[20181217_132118 / libfx_2.py:2521] (j1 : Y) flg_Monitor ---> True (2018.01.05 14:00)

[20181217_132118 / libfx_2.py:2609] (j3 : Y) d0 <0 (-0.051) (2018.01.05 14:00)

[20181217_132118 / libfx_2.py:2637] (j3 : N : 2) data ---> append (cntOf_Follow = 2 / e_Target = 2018.01.05 13:00 (e0 = 2018.01.05 14:00)

[20181217_132118 / libfx_2.py:2671] (j3 : N : 2) data ---> reset (cntOf_Follow = 0) (e0 = 2018.01.05 14:00)

[20181217_132118 / libfx_2.py:2468] (debug : for-loop) count = 87 (2018.01.05 14:00)

[20181217_132118 / libfx_2.py:2698] (j1 : N) flg_Monitor ---> False (2018.01.05 15:00)

[20181217_132118 / libfx_2.py:2727] (j2 : Y) d0 >= 0 (d0 = 0.017) (2018.01.05 15:00)

[20181217_132118 / libfx_2.py:2770] (j2 : Y : 4) continuing the for-loop... (cntOf_Follow = 1)(2018.01.05 15:00)

[20181217_132118 / libfx_2.py:2468] (debug : for-loop) count = 88 (2018.01.05 15:00)

[20181217_132118 / libfx_2.py:2521] (j1 : Y) flg_Monitor ---> True (2018.01.05 16:00)

[20181217_132118 / libfx_2.py:2609] (j3 : Y) d0 <0 (-0.194) (2018.01.05 16:00)

[20181217_132119 / libfx_2.py:2637] (j3 : N : 2) data ---> append (cntOf_Follow = 1 / e_Target = 2018.01.05 15:00 (e0 = 2018.01.05 16:00)

[20181217_132119 / libfx_2.py:2671] (j3 : N : 2) data ---> reset (cntOf_Follow = 0) (e0 = 2018.01.05 16:00)

[20181217_132119 / libfx_2.py:2468] (debug : for-loop) count = 89 (2018.01.05 16:00)

[20181217_132119 / libfx_2.py:2698] (j1 : N) flg_Monitor ---> False (2018.01.05 17:00)

[20181217_132119 / libfx_2.py:2727] (j2 : Y) d0 >= 0 (d0 = 0.041) (2018.01.05 17:00)

[20181217_132119 / libfx_2.py:2770] (j2 : Y : 4) continuing the for-loop... (cntOf_Follow = 1)(2018.01.05 17:00)

[20181217_132119 / libfx_2.py:2468] (debug : for-loop) count = 90 (2018.01.05 17:00)

[20181217_132119 / libfx_2.py:2521] (j1 : Y) flg_Monitor ---> True (2018.01.05 18:00)

[20181217_132119 / libfx_2.py:2609] (j3 : Y) d0 <0 (-0.032) (2018.01.05 18:00)

[20181217_132119 / libfx_2.py:2637] (j3 : N : 2) data ---> append (cntOf_Follow = 1 / e_Target = 2018.01.05 17:00 (e0 = 2018.01.05 18:00)

[20181217_132119 / libfx_2.py:2671] (j3 : N : 2) data ---> reset (cntOf_Follow = 0) (e0 = 2018.01.05 18:00)

[20181217_132119 / libfx_2.py:2468] (debug : for-loop) count = 91 (2018.01.05 18:00)

[20181217_132119 / libfx_2.py:2698] (j1 : N) flg_Monitor ---> False (2018.01.05 19:00)

[20181217_132119 / libfx_2.py:2727] (j2 : Y) d0 >= 0 (d0 = 0.074) (2018.01.05 19:00)

[20181217_132119 / libfx_2.py:2770] (j2 : Y : 4) continuing the for-loop... (cntOf_Follow = 1)(2018.01.05 19:00)

[20181217_132119 / libfx_2.py:2468] (debug : for-loop) count = 92 (2018.01.05 19:00)

[20181217_132119 / libfx_2.py:2521] (j1 : Y) flg_Monitor ---> True (2018.01.05 20:00)

[20181217_132119 / libfx_2.py:2609] (j3 : Y) d0 <0 (-0.012) (2018.01.05 20:00)

[20181217_132119 / libfx_2.py:2637] (j3 : N : 2) data ---> append (cntOf_Follow = 1 / e_Target = 2018.01.05 19:00 (e0 = 2018.01.05 20:00)

[20181217_132119 / libfx_2.py:2671] (j3 : N : 2) data ---> reset (cntOf_Follow = 0) (e0 = 2018.01.05 20:00)

[20181217_132120 / libfx_2.py:2468] (debug : for-loop) count = 93 (2018.01.05 20:00)

[20181217_132120 / libfx_2.py:2698] (j1 : N) flg_Monitor ---> False (2018.01.05 21:00)

[20181217_132120 / libfx_2.py:2801] (j2 : N) d0 < 0 (d0 = -0.010) (2018.01.05 21:00)

[20181217_132120 / libfx_2.py:2468] (debug : for-loop) count = 94 (2018.01.05 21:00)

[20181217_132120 / libfx_2.py:2698] (j1 : N) flg_Monitor ---> False (2018.01.05 22:00)

[20181217_132120 / libfx_2.py:2801] (j2 : N) d0 < 0 (d0 = -0.100) (2018.01.05 22:00)

[20181217_132120 / libfx_2.py:2468] (debug : for-loop) count = 95 (2018.01.05 22:00)

[20181217_132120 / libfx_2.py:2698] (j1 : N) flg_Monitor ---> False (2018.01.05 23:00)

[20181217_132120 / libfx_2.py:2801] (j2 : N) d0 < 0 (d0 = -0.212) (2018.01.05 23:00)

[20181217_132120 / libfx_2.py:2468] (debug : for-loop) count = 96 (2018.01.05 23:00)

[20181217_132120 / libfx_2.py:2698] (j1 : N) flg_Monitor ---> False (2018.01.08 00:00)

[20181217_132120 / libfx_2.py:2727] (j2 : Y) d0 >= 0 (d0 = 0.044) (2018.01.08 00:00)

[20181217_132120 / libfx_2.py:2770] (j2 : Y : 4) continuing the for-loop... (cntOf_Follow = 1)(2018.01.08 00:00)

[20181217_132120 / libfx_2.py:2468] (debug : for-loop) count = 97 (2018.01.08 00:00)

[20181217_132120 / libfx_2.py:2521] (j1 : Y) flg_Monitor ---> True (2018.01.08 01:00)

[20181217_132120 / libfx_2.py:2554] (j3 : Y) d0 >= 0 (0.107) (2018.01.08 01:00)

[20181217_132120 / libfx_2.py:2584] (j3 : Y : 3) continue... (2018.01.08 01:00)

[20181217_132120 / libfx_2.py:2468] (debug : for-loop) count = 98 (2018.01.08 01:00)

[20181217_132120 / libfx_2.py:2521] (j1 : Y) flg_Monitor ---> True (2018.01.08 02:00)

[20181217_132120 / libfx_2.py:2609] (j3 : Y) d0 <0 (-0.010) (2018.01.08 02:00)

[20181217_132120 / libfx_2.py:2637] (j3 : N : 2) data ---> append (cntOf_Follow = 2 / e_Target = 2018.01.08 01:00 (e0 = 2018.01.08 02:00)

[20181217_132121 / libfx_2.py:2671] (j3 : N : 2) data ---> reset (cntOf_Follow = 0) (e0 = 2018.01.08 02:00)

[20181217_132121 / libfx_2.py:2468] (debug : for-loop) count = 99 (2018.01.08 02:00)

[20181217_132121 / libfx_2.py:2698] (j1 : N) flg_Monitor ---> False (2018.01.08 03:00)

[20181217_132121 / libfx_2.py:2727] (j2 : Y) d0 >= 0 (d0 = 0.058) (2018.01.08 03:00)

[20181217_132121 / libfx_2.py:2770] (j2 : Y : 4) continuing the for-loop... (cntOf_Follow = 1)(2018.01.08 03:00)

[20181217_132121 / libfx_2.py:2468] (debug : for-loop) count = 100 (2018.01.08 03:00)

[20181217_132121 / libfx_2.py:2521] (j1 : Y) flg_Monitor ---> True (2018.01.08 04:00)

[20181217_132121 / libfx_2.py:2609] (j3 : Y) d0 <0 (-0.038) (2018.01.08 04:00)

[20181217_132121 / libfx_2.py:2637] (j3 : N : 2) data ---> append (cntOf_Follow = 1 / e_Target = 2018.01.08 03:00 (e0 = 2018.01.08 04:00)

[20181217_132121 / libfx_2.py:2671] (j3 : N : 2) data ---> reset (cntOf_Follow = 0) (e0 = 2018.01.08 04:00)

[20181217_132121 / libfx_2.py:2468] (debug : for-loop) count = 101 (2018.01.08 04:00)

[20181217_132121 / libfx_2.py:2698] (j1 : N) flg_Monitor ---> False (2018.01.08 05:00)

[20181217_132121 / libfx_2.py:2801] (j2 : N) d0 < 0 (d0 = -0.037) (2018.01.08 05:00)

[20181217_132121 / libfx_2.py:2468] (debug : for-loop) count = 102 (2018.01.08 05:00)

[20181217_132121 / libfx_2.py:2698] (j1 : N) flg_Monitor ---> False (2018.01.08 06:00)

[20181217_132122 / libfx_2.py:2801] (j2 : N) d0 < 0 (d0 = -0.056) (2018.01.08 06:00)

[20181217_132122 / libfx_2.py:2468] (debug : for-loop) count = 103 (2018.01.08 06:00)

[20181217_132122 / libfx_2.py:2698] (j1 : N) flg_Monitor ---> False (2018.01.08 07:00)

[20181217_132122 / libfx_2.py:2801] (j2 : N) d0 < 0 (d0 = -0.027) (2018.01.08 07:00)

[20181217_132122 / libfx_2.py:2468] (debug : for-loop) count = 104 (2018.01.08 07:00)

[20181217_132122 / libfx_2.py:2698] (j1 : N) flg_Monitor ---> False (2018.01.08 08:00)

[20181217_132122 / libfx_2.py:2801] (j2 : N) d0 < 0 (d0 = -0.091) (2018.01.08 08:00)

[20181217_132122 / libfx_2.py:2468] (debug : for-loop) count = 105 (2018.01.08 08:00)

[20181217_132122 / libfx_2.py:2698] (j1 : N) flg_Monitor ---> False (2018.01.08 09:00)

[20181217_132122 / libfx_2.py:2801] (j2 : N) d0 < 0 (d0 = -0.040) (2018.01.08 09:00)

[20181217_132122 / libfx_2.py:2468] (debug : for-loop) count = 106 (2018.01.08 09:00)

[20181217_132122 / libfx_2.py:2698] (j1 : N) flg_Monitor ---> False (2018.01.08 10:00)

[20181217_132122 / libfx_2.py:2801] (j2 : N) d0 < 0 (d0 = -0.184) (2018.01.08 10:00)

[20181217_132122 / libfx_2.py:2468] (debug : for-loop) count = 107 (2018.01.08 10:00)

[20181217_132122 / libfx_2.py:2698] (j1 : N) flg_Monitor ---> False (2018.01.08 11:00)

[20181217_132122 / libfx_2.py:2801] (j2 : N) d0 < 0 (d0 = -0.102) (2018.01.08 11:00)

[20181217_132122 / libfx_2.py:2468] (debug : for-loop) count = 108 (2018.01.08 11:00)

[20181217_132122 / libfx_2.py:2698] (j1 : N) flg_Monitor ---> False (2018.01.08 12:00)

[20181217_132122 / libfx_2.py:2727] (j2 : Y) d0 >= 0 (d0 = 0.113) (2018.01.08 12:00)

[20181217_132123 / libfx_2.py:2770] (j2 : Y : 4) continuing the for-loop... (cntOf_Follow = 1)(2018.01.08 12:00)

[20181217_132123 / libfx_2.py:2468] (debug : for-loop) count = 109 (2018.01.08 12:00)

[20181217_132123 / libfx_2.py:2521] (j1 : Y) flg_Monitor ---> True (2018.01.08 13:00)

[20181217_132123 / libfx_2.py:2609] (j3 : Y) d0 <0 (-0.224) (2018.01.08 13:00)

[20181217_132123 / libfx_2.py:2637] (j3 : N : 2) data ---> append (cntOf_Follow = 1 / e_Target = 2018.01.08 12:00 (e0 = 2018.01.08 13:00)

[20181217_132123 / libfx_2.py:2671] (j3 : N : 2) data ---> reset (cntOf_Follow = 0) (e0 = 2018.01.08 13:00)

[20181217_132123 / libfx_2.py:2468] (debug : for-loop) count = 110 (2018.01.08 13:00)

[20181217_132123 / libfx_2.py:2698] (j1 : N) flg_Monitor ---> False (2018.01.08 14:00)

[20181217_132123 / libfx_2.py:2801] (j2 : N) d0 < 0 (d0 = -0.217) (2018.01.08 14:00)

[20181217_132123 / libfx_2.py:2468] (debug : for-loop) count = 111 (2018.01.08 14:00)

[20181217_132123 / libfx_2.py:2698] (j1 : N) flg_Monitor ---> False (2018.01.08 15:00)

[20181217_132123 / libfx_2.py:2801] (j2 : N) d0 < 0 (d0 = -0.176) (2018.01.08 15:00)

[20181217_132123 / libfx_2.py:2468] (debug : for-loop) count = 112 (2018.01.08 15:00)

[20181217_132123 / libfx_2.py:2698] (j1 : N) flg_Monitor ---> False (2018.01.08 16:00)

[20181217_132123 / libfx_2.py:2727] (j2 : Y) d0 >= 0 (d0 = 0.026) (2018.01.08 16:00)

[20181217_132123 / libfx_2.py:2770] (j2 : Y : 4) continuing the for-loop... (cntOf_Follow = 1)(2018.01.08 16:00)

[20181217_132123 / libfx_2.py:2468] (debug : for-loop) count = 113 (2018.01.08 16:00)

[20181217_132123 / libfx_2.py:2521] (j1 : Y) flg_Monitor ---> True (2018.01.08 17:00)

[20181217_132123 / libfx_2.py:2554] (j3 : Y) d0 >= 0 (0.088) (2018.01.08 17:00)

[20181217_132123 / libfx_2.py:2584] (j3 : Y : 3) continue... (2018.01.08 17:00)

[20181217_132123 / libfx_2.py:2468] (debug : for-loop) count = 114 (2018.01.08 17:00)

[20181217_132123 / libfx_2.py:2521] (j1 : Y) flg_Monitor ---> True (2018.01.08 18:00)

[20181217_132124 / libfx_2.py:2554] (j3 : Y) d0 >= 0 (0.089) (2018.01.08 18:00)

[20181217_132124 / libfx_2.py:2584] (j3 : Y : 3) continue... (2018.01.08 18:00)

[20181217_132124 / libfx_2.py:2468] (debug : for-loop) count = 115 (2018.01.08 18:00)

[20181217_132124 / libfx_2.py:2521] (j1 : Y) flg_Monitor ---> True (2018.01.08 19:00)

[20181217_132124 / libfx_2.py:2554] (j3 : Y) d0 >= 0 (0.059) (2018.01.08 19:00)

[20181217_132124 / libfx_2.py:2584] (j3 : Y : 3) continue... (2018.01.08 19:00)

[20181217_132124 / libfx_2.py:2468] (debug : for-loop) count = 116 (2018.01.08 19:00)

[20181217_132124 / libfx_2.py:2521] (j1 : Y) flg_Monitor ---> True (2018.01.08 20:00)

[20181217_132124 / libfx_2.py:2609] (j3 : Y) d0 <0 (-0.197) (2018.01.08 20:00)

[20181217_132124 / libfx_2.py:2637] (j3 : N : 2) data ---> append (cntOf_Follow = 4 / e_Target = 2018.01.08 19:00 (e0 = 2018.01.08 20:00)

[20181217_132124 / libfx_2.py:2671] (j3 : N : 2) data ---> reset (cntOf_Follow = 0) (e0 = 2018.01.08 20:00)

[20181217_132124 / libfx_2.py:2468] (debug : for-loop) count = 117 (2018.01.08 20:00)

[20181217_132124 / libfx_2.py:2698] (j1 : N) flg_Monitor ---> False (2018.01.08 21:00)

[20181217_132124 / libfx_2.py:2727] (j2 : Y) d0 >= 0 (d0 = 0.022) (2018.01.08 21:00)

[20181217_132124 / libfx_2.py:2770] (j2 : Y : 4) continuing the for-loop... (cntOf_Follow = 1)(2018.01.08 21:00)

[20181217_132124 / libfx_2.py:2468] (debug : for-loop) count = 118 (2018.01.08 21:00)

[20181217_132124 / libfx_2.py:2521] (j1 : Y) flg_Monitor ---> True (2018.01.08 22:00)

[20181217_132124 / libfx_2.py:2554] (j3 : Y) d0 >= 0 (0.041) (2018.01.08 22:00)

[20181217_132125 / libfx_2.py:2584] (j3 : Y : 3) continue... (2018.01.08 22:00)

[20181217_132125 / libfx_2.py:2468] (debug : for-loop) count = 119 (2018.01.08 22:00)

[20181217_132125 / libfx_2.py:2521] (j1 : Y) flg_Monitor ---> True (2018.01.08 23:00)

[20181217_132125 / libfx_2.py:2554] (j3 : Y) d0 >= 0 (0.028) (2018.01.08 23:00)

[20181217_132125 / libfx_2.py:2584] (j3 : Y : 3) continue... (2018.01.08 23:00)

[20181217_132125 / libfx_2.py:2468] (debug : for-loop) count = 120 (2018.01.08 23:00)

[20181217_132125 / libfx_2.py:2521] (j1 : Y) flg_Monitor ---> True (2018.01.09 00:00)

[20181217_132125 / libfx_2.py:2554] (j3 : Y) d0 >= 0 (0.069) (2018.01.09 00:00)

[20181217_132125 / libfx_2.py:2584] (j3 : Y : 3) continue... (2018.01.09 00:00)

[20181217_132125 / libfx_2.py:2468] (debug : for-loop) count = 121 (2018.01.09 00:00)

[20181217_132125 / libfx_2.py:2521] (j1 : Y) flg_Monitor ---> True (2018.01.09 01:00)

[20181217_132125 / libfx_2.py:2554] (j3 : Y) d0 >= 0 (0.020) (2018.01.09 01:00)

[20181217_132125 / libfx_2.py:2584] (j3 : Y : 3) continue... (2018.01.09 01:00)

[20181217_132125 / libfx_2.py:2468] (debug : for-loop) count = 122 (2018.01.09 01:00)

[20181217_132125 / libfx_2.py:2521] (j1 : Y) flg_Monitor ---> True (2018.01.09 02:00)

[20181217_132125 / libfx_2.py:2609] (j3 : Y) d0 <0 (-0.014) (2018.01.09 02:00)

[20181217_132125 / libfx_2.py:2637] (j3 : N : 2) data ---> append (cntOf_Follow = 5 / e_Target = 2018.01.09 01:00 (e0 = 2018.01.09 02:00)

[20181217_132125 / libfx_2.py:2671] (j3 : N : 2) data ---> reset (cntOf_Follow = 0) (e0 = 2018.01.09 02:00)

[20181217_132125 / libfx_2.py:2468] (debug : for-loop) count = 123 (2018.01.09 02:00)

[20181217_132125 / libfx_2.py:2698] (j1 : N) flg_Monitor ---> False (2018.01.09 03:00)

[20181217_132125 / libfx_2.py:2801] (j2 : N) d0 < 0 (d0 = -0.606) (2018.01.09 03:00)

[20181217_132125 / libfx_2.py:2468] (debug : for-loop) count = 124 (2018.01.09 03:00)

[20181217_132125 / libfx_2.py:2698] (j1 : N) flg_Monitor ---> False (2018.01.09 04:00)

[20181217_132125 / libfx_2.py:2801] (j2 : N) d0 < 0 (d0 = -0.058) (2018.01.09 04:00)

[20181217_132126 / libfx_2.py:2468] (debug : for-loop) count = 125 (2018.01.09 04:00)

[20181217_132126 / libfx_2.py:2698] (j1 : N) flg_Monitor ---> False (2018.01.09 05:00)

[20181217_132126 / libfx_2.py:2727] (j2 : Y) d0 >= 0 (d0 = 0.070) (2018.01.09 05:00)

[20181217_132126 / libfx_2.py:2770] (j2 : Y : 4) continuing the for-loop... (cntOf_Follow = 1)(2018.01.09 05:00)

[20181217_132126 / libfx_2.py:2468] (debug : for-loop) count = 126 (2018.01.09 05:00)

[20181217_132126 / libfx_2.py:2521] (j1 : Y) flg_Monitor ---> True (2018.01.09 06:00)

[20181217_132126 / libfx_2.py:2609] (j3 : Y) d0 <0 (-0.048) (2018.01.09 06:00)

[20181217_132126 / libfx_2.py:2637] (j3 : N : 2) data ---> append (cntOf_Follow = 1 / e_Target = 2018.01.09 05:00 (e0 = 2018.01.09 06:00)

[20181217_132126 / libfx_2.py:2671] (j3 : N : 2) data ---> reset (cntOf_Follow = 0) (e0 = 2018.01.09 06:00)

[20181217_132126 / libfx_2.py:2468] (debug : for-loop) count = 127 (2018.01.09 06:00)

[20181217_132126 / libfx_2.py:2698] (j1 : N) flg_Monitor ---> False (2018.01.09 07:00)

[20181217_132126 / libfx_2.py:2727] (j2 : Y) d0 >= 0 (d0 = 0.060) (2018.01.09 07:00)

[20181217_132126 / libfx_2.py:2770] (j2 : Y : 4) continuing the for-loop... (cntOf_Follow = 1)(2018.01.09 07:00)

[20181217_132126 / libfx_2.py:2468] (debug : for-loop) count = 128 (2018.01.09 07:00)

[20181217_132126 / libfx_2.py:2521] (j1 : Y) flg_Monitor ---> True (2018.01.09 08:00)

[20181217_132126 / libfx_2.py:2609] (j3 : Y) d0 <0 (-0.045) (2018.01.09 08:00)

[20181217_132126 / libfx_2.py:2637] (j3 : N : 2) data ---> append (cntOf_Follow = 1 / e_Target = 2018.01.09 07:00 (e0 = 2018.01.09 08:00)

[20181217_132126 / libfx_2.py:2671] (j3 : N : 2) data ---> reset (cntOf_Follow = 0) (e0 = 2018.01.09 08:00)

[20181217_132126 / libfx_2.py:2468] (debug : for-loop) count = 129 (2018.01.09 08:00)

[20181217_132126 / libfx_2.py:2698] (j1 : N) flg_Monitor ---> False (2018.01.09 09:00)

[20181217_132127 / libfx_2.py:2801] (j2 : N) d0 < 0 (d0 = -0.062) (2018.01.09 09:00)

[20181217_132127 / libfx_2.py:2468] (debug : for-loop) count = 130 (2018.01.09 09:00)

[20181217_132127 / libfx_2.py:2698] (j1 : N) flg_Monitor ---> False (2018.01.09 10:00)

[20181217_132127 / libfx_2.py:2727] (j2 : Y) d0 >= 0 (d0 = 0.090) (2018.01.09 10:00)

[20181217_132127 / libfx_2.py:2770] (j2 : Y : 4) continuing the for-loop... (cntOf_Follow = 1)(2018.01.09 10:00)

[20181217_132127 / libfx_2.py:2468] (debug : for-loop) count = 131 (2018.01.09 10:00)

[20181217_132127 / libfx_2.py:2521] (j1 : Y) flg_Monitor ---> True (2018.01.09 11:00)

[20181217_132127 / libfx_2.py:2609] (j3 : Y) d0 <0 (-0.067) (2018.01.09 11:00)

[20181217_132127 / libfx_2.py:2637] (j3 : N : 2) data ---> append (cntOf_Follow = 1 / e_Target = 2018.01.09 10:00 (e0 = 2018.01.09 11:00)

[20181217_132127 / libfx_2.py:2671] (j3 : N : 2) data ---> reset (cntOf_Follow = 0) (e0 = 2018.01.09 11:00)

[20181217_132127 / libfx_2.py:2468] (debug : for-loop) count = 132 (2018.01.09 11:00)

[20181217_132127 / libfx_2.py:2698] (j1 : N) flg_Monitor ---> False (2018.01.09 12:00)

[20181217_132127 / libfx_2.py:2801] (j2 : N) d0 < 0 (d0 = -0.192) (2018.01.09 12:00)

[20181217_132127 / libfx_2.py:2468] (debug : for-loop) count = 133 (2018.01.09 12:00)

[20181217_132127 / libfx_2.py:2698] (j1 : N) flg_Monitor ---> False (2018.01.09 13:00)

[20181217_132127 / libfx_2.py:2801] (j2 : N) d0 < 0 (d0 = -0.173) (2018.01.09 13:00)

[20181217_132128 / libfx_2.py:2468] (debug : for-loop) count = 134 (2018.01.09 13:00)

[20181217_132128 / libfx_2.py:2698] (j1 : N) flg_Monitor ---> False (2018.01.09 14:00)

[20181217_132128 / libfx_2.py:2801] (j2 : N) d0 < 0 (d0 = -0.013) (2018.01.09 14:00)

[20181217_132128 / libfx_2.py:2468] (debug : for-loop) count = 135 (2018.01.09 14:00)

[20181217_132128 / libfx_2.py:2698] (j1 : N) flg_Monitor ---> False (2018.01.09 15:00)

[20181217_132128 / libfx_2.py:2801] (j2 : N) d0 < 0 (d0 = -0.103) (2018.01.09 15:00)

[20181217_132128 / libfx_2.py:2468] (debug : for-loop) count = 136 (2018.01.09 15:00)

[20181217_132128 / libfx_2.py:2698] (j1 : N) flg_Monitor ---> False (2018.01.09 16:00)

[20181217_132128 / libfx_2.py:2727] (j2 : Y) d0 >= 0 (d0 = 0.107) (2018.01.09 16:00)

[20181217_132128 / libfx_2.py:2770] (j2 : Y : 4) continuing the for-loop... (cntOf_Follow = 1)(2018.01.09 16:00)

[20181217_132128 / libfx_2.py:2468] (debug : for-loop) count = 137 (2018.01.09 16:00)

[20181217_132128 / libfx_2.py:2521] (j1 : Y) flg_Monitor ---> True (2018.01.09 17:00)

[20181217_132128 / libfx_2.py:2609] (j3 : Y) d0 <0 (-0.252) (2018.01.09 17:00)

[20181217_132128 / libfx_2.py:2637] (j3 : N : 2) data ---> append (cntOf_Follow = 1 / e_Target = 2018.01.09 16:00 (e0 = 2018.01.09 17:00)

[20181217_132128 / libfx_2.py:2671] (j3 : N : 2) data ---> reset (cntOf_Follow = 0) (e0 = 2018.01.09 17:00)

[20181217_132128 / libfx_2.py:2468] (debug : for-loop) count = 138 (2018.01.09 17:00)

[20181217_132128 / libfx_2.py:2698] (j1 : N) flg_Monitor ---> False (2018.01.09 18:00)

[20181217_132128 / libfx_2.py:2727] (j2 : Y) d0 >= 0 (d0 = 0.072) (2018.01.09 18:00)

[20181217_132128 / libfx_2.py:2770] (j2 : Y : 4) continuing the for-loop... (cntOf_Follow = 1)(2018.01.09 18:00)

[20181217_132128 / libfx_2.py:2468] (debug : for-loop) count = 139 (2018.01.09 18:00)

[20181217_132129 / libfx_2.py:2521] (j1 : Y) flg_Monitor ---> True (2018.01.09 19:00)

[20181217_132129 / libfx_2.py:2554] (j3 : Y) d0 >= 0 (0.010) (2018.01.09 19:00)

[20181217_132129 / libfx_2.py:2584] (j3 : Y : 3) continue... (2018.01.09 19:00)

[20181217_132129 / libfx_2.py:2468] (debug : for-loop) count = 140 (2018.01.09 19:00)

[20181217_132129 / libfx_2.py:2521] (j1 : Y) flg_Monitor ---> True (2018.01.09 20:00)

[20181217_132129 / libfx_2.py:2554] (j3 : Y) d0 >= 0 (0.072) (2018.01.09 20:00)

[20181217_132129 / libfx_2.py:2584] (j3 : Y : 3) continue... (2018.01.09 20:00)

[20181217_132129 / libfx_2.py:2468] (debug : for-loop) count = 141 (2018.01.09 20:00)

[20181217_132129 / libfx_2.py:2521] (j1 : Y) flg_Monitor ---> True (2018.01.09 21:00)

[20181217_132129 / libfx_2.py:2554] (j3 : Y) d0 >= 0 (0.110) (2018.01.09 21:00)

[20181217_132129 / libfx_2.py:2584] (j3 : Y : 3) continue... (2018.01.09 21:00)

[20181217_132129 / libfx_2.py:2468] (debug : for-loop) count = 142 (2018.01.09 21:00)

[20181217_132129 / libfx_2.py:2521] (j1 : Y) flg_Monitor ---> True (2018.01.09 22:00)

[20181217_132129 / libfx_2.py:2554] (j3 : Y) d0 >= 0 (0.025) (2018.01.09 22:00)

[20181217_132129 / libfx_2.py:2584] (j3 : Y : 3) continue... (2018.01.09 22:00)

[20181217_132129 / libfx_2.py:2468] (debug : for-loop) count = 143 (2018.01.09 22:00)

[20181217_132129 / libfx_2.py:2521] (j1 : Y) flg_Monitor ---> True (2018.01.09 23:00)

[20181217_132129 / libfx_2.py:2554] (j3 : Y) d0 >= 0 (0.045) (2018.01.09 23:00)

[20181217_132129 / libfx_2.py:2584] (j3 : Y : 3) continue... (2018.01.09 23:00)

[20181217_132129 / libfx_2.py:2468] (debug : for-loop) count = 144 (2018.01.09 23:00)

[20181217_132129 / libfx_2.py:2521] (j1 : Y) flg_Monitor ---> True (2018.01.10 00:00)

[20181217_132130 / libfx_2.py:2609] (j3 : Y) d0 <0 (-0.034) (2018.01.10 00:00)

[20181217_132130 / libfx_2.py:2637] (j3 : N : 2) data ---> append (cntOf_Follow = 6 / e_Target = 2018.01.09 23:00 (e0 = 2018.01.10 00:00)

[20181217_132130 / libfx_2.py:2671] (j3 : N : 2) data ---> reset (cntOf_Follow = 0) (e0 = 2018.01.10 00:00)

[20181217_132130 / libfx_2.py:2468] (debug : for-loop) count = 145 (2018.01.10 00:00)

[20181217_132130 / libfx_2.py:2698] (j1 : N) flg_Monitor ---> False (2018.01.10 01:00)

[20181217_132130 / libfx_2.py:2727] (j2 : Y) d0 >= 0 (d0 = 0.097) (2018.01.10 01:00)

[20181217_132130 / libfx_2.py:2770] (j2 : Y : 4) continuing the for-loop... (cntOf_Follow = 1)(2018.01.10 01:00)

[20181217_132130 / libfx_2.py:2468] (debug : for-loop) count = 146 (2018.01.10 01:00)

[20181217_132130 / libfx_2.py:2521] (j1 : Y) flg_Monitor ---> True (2018.01.10 02:00)

[20181217_132130 / libfx_2.py:2609] (j3 : Y) d0 <0 (-0.373) (2018.01.10 02:00)

[20181217_132130 / libfx_2.py:2637] (j3 : N : 2) data ---> append (cntOf_Follow = 1 / e_Target = 2018.01.10 01:00 (e0 = 2018.01.10 02:00)

[20181217_132130 / libfx_2.py:2671] (j3 : N : 2) data ---> reset (cntOf_Follow = 0) (e0 = 2018.01.10 02:00)

[20181217_132130 / libfx_2.py:2468] (debug : for-loop) count = 147 (2018.01.10 02:00)

[20181217_132130 / libfx_2.py:2698] (j1 : N) flg_Monitor ---> False (2018.01.10 03:00)

[20181217_132130 / libfx_2.py:2801] (j2 : N) d0 < 0 (d0 = -0.162) (2018.01.10 03:00)

[20181217_132130 / libfx_2.py:2468] (debug : for-loop) count = 148 (2018.01.10 03:00)

[20181217_132131 / libfx_2.py:2698] (j1 : N) flg_Monitor ---> False (2018.01.10 04:00)

[20181217_132131 / libfx_2.py:2727] (j2 : Y) d0 >= 0 (d0 = 0.125) (2018.01.10 04:00)

[20181217_132131 / libfx_2.py:2770] (j2 : Y : 4) continuing the for-loop... (cntOf_Follow = 1)(2018.01.10 04:00)

[20181217_132131 / libfx_2.py:2468] (debug : for-loop) count = 149 (2018.01.10 04:00)

[20181217_132131 / libfx_2.py:2521] (j1 : Y) flg_Monitor ---> True (2018.01.10 05:00)

[20181217_132131 / libfx_2.py:2609] (j3 : Y) d0 <0 (-0.028) (2018.01.10 05:00)

[20181217_132131 / libfx_2.py:2637] (j3 : N : 2) data ---> append (cntOf_Follow = 1 / e_Target = 2018.01.10 04:00 (e0 = 2018.01.10 05:00)

[20181217_132131 / libfx_2.py:2671] (j3 : N : 2) data ---> reset (cntOf_Follow = 0) (e0 = 2018.01.10 05:00)

[20181217_132131 / libfx_2.py:2468] (debug : for-loop) count = 150 (2018.01.10 05:00)

[20181217_132131 / libfx_2.py:2698] (j1 : N) flg_Monitor ---> False (2018.01.10 06:00)

[20181217_132131 / libfx_2.py:2801] (j2 : N) d0 < 0 (d0 = -0.061) (2018.01.10 06:00)

[20181217_132131 / libfx_2.py:2468] (debug : for-loop) count = 151 (2018.01.10 06:00)

[20181217_132131 / libfx_2.py:2698] (j1 : N) flg_Monitor ---> False (2018.01.10 07:00)

[20181217_132131 / libfx_2.py:2801] (j2 : N) d0 < 0 (d0 = -0.011) (2018.01.10 07:00)

[20181217_132131 / libfx_2.py:2468] (debug : for-loop) count = 152 (2018.01.10 07:00)

[20181217_132131 / libfx_2.py:2698] (j1 : N) flg_Monitor ---> False (2018.01.10 08:00)

[20181217_132131 / libfx_2.py:2801] (j2 : N) d0 < 0 (d0 = -0.261) (2018.01.10 08:00)

[20181217_132131 / libfx_2.py:2468] (debug : for-loop) count = 153 (2018.01.10 08:00)

[20181217_132131 / libfx_2.py:2698] (j1 : N) flg_Monitor ---> False (2018.01.10 09:00)

[20181217_132131 / libfx_2.py:2801] (j2 : N) d0 < 0 (d0 = -0.148) (2018.01.10 09:00)

[20181217_132131 / libfx_2.py:2468] (debug : for-loop) count = 154 (2018.01.10 09:00)

[20181217_132132 / libfx_2.py:2698] (j1 : N) flg_Monitor ---> False (2018.01.10 10:00)

[20181217_132132 / libfx_2.py:2801] (j2 : N) d0 < 0 (d0 = -0.044) (2018.01.10 10:00)

[20181217_132132 / libfx_2.py:2468] (debug : for-loop) count = 155 (2018.01.10 10:00)

[20181217_132132 / libfx_2.py:2698] (j1 : N) flg_Monitor ---> False (2018.01.10 11:00)

[20181217_132132 / libfx_2.py:2801] (j2 : N) d0 < 0 (d0 = -0.144) (2018.01.10 11:00)

[20181217_132132 / libfx_2.py:2468] (debug : for-loop) count = 156 (2018.01.10 11:00)

[20181217_132132 / libfx_2.py:2698] (j1 : N) flg_Monitor ---> False (2018.01.10 12:00)

[20181217_132132 / libfx_2.py:2727] (j2 : Y) d0 >= 0 (d0 = 0.169) (2018.01.10 12:00)

[20181217_132132 / libfx_2.py:2770] (j2 : Y : 4) continuing the for-loop... (cntOf_Follow = 1)(2018.01.10 12:00)

[20181217_132132 / libfx_2.py:2468] (debug : for-loop) count = 157 (2018.01.10 12:00)

[20181217_132132 / libfx_2.py:2521] (j1 : Y) flg_Monitor ---> True (2018.01.10 13:00)

[20181217_132132 / libfx_2.py:2554] (j3 : Y) d0 >= 0 (0.149) (2018.01.10 13:00)

[20181217_132132 / libfx_2.py:2584] (j3 : Y : 3) continue... (2018.01.10 13:00)

[20181217_132132 / libfx_2.py:2468] (debug : for-loop) count = 158 (2018.01.10 13:00)

[20181217_132132 / libfx_2.py:2521] (j1 : Y) flg_Monitor ---> True (2018.01.10 14:00)

[20181217_132132 / libfx_2.py:2609] (j3 : Y) d0 <0 (-0.096) (2018.01.10 14:00)

[20181217_132132 / libfx_2.py:2637] (j3 : N : 2) data ---> append (cntOf_Follow = 2 / e_Target = 2018.01.10 13:00 (e0 = 2018.01.10 14:00)

[20181217_132132 / libfx_2.py:2671] (j3 : N : 2) data ---> reset (cntOf_Follow = 0) (e0 = 2018.01.10 14:00)

[20181217_132132 / libfx_2.py:2468] (debug : for-loop) count = 159 (2018.01.10 14:00)

[20181217_132132 / libfx_2.py:2698] (j1 : N) flg_Monitor ---> False (2018.01.10 15:00)

[20181217_132132 / libfx_2.py:2727] (j2 : Y) d0 >= 0 (d0 = 0.193) (2018.01.10 15:00)

[20181217_132133 / libfx_2.py:2770] (j2 : Y : 4) continuing the for-loop... (cntOf_Follow = 1)(2018.01.10 15:00)

[20181217_132133 / libfx_2.py:2468] (debug : for-loop) count = 160 (2018.01.10 15:00)

[20181217_132133 / libfx_2.py:2521] (j1 : Y) flg_Monitor ---> True (2018.01.10 16:00)

[20181217_132133 / libfx_2.py:2609] (j3 : Y) d0 <0 (-0.279) (2018.01.10 16:00)

[20181217_132133 / libfx_2.py:2637] (j3 : N : 2) data ---> append (cntOf_Follow = 1 / e_Target = 2018.01.10 15:00 (e0 = 2018.01.10 16:00)

[20181217_132133 / libfx_2.py:2671] (j3 : N : 2) data ---> reset (cntOf_Follow = 0) (e0 = 2018.01.10 16:00)

[20181217_132133 / libfx_2.py:2468] (debug : for-loop) count = 161 (2018.01.10 16:00)

[20181217_132133 / libfx_2.py:2698] (j1 : N) flg_Monitor ---> False (2018.01.10 17:00)

[20181217_132133 / libfx_2.py:2801] (j2 : N) d0 < 0 (d0 = -0.127) (2018.01.10 17:00)

[20181217_132133 / libfx_2.py:2468] (debug : for-loop) count = 162 (2018.01.10 17:00)

[20181217_132133 / libfx_2.py:2698] (j1 : N) flg_Monitor ---> False (2018.01.10 18:00)

[20181217_132133 / libfx_2.py:2801] (j2 : N) d0 < 0 (d0 = -0.124) (2018.01.10 18:00)

[20181217_132133 / libfx_2.py:2468] (debug : for-loop) count = 163 (2018.01.10 18:00)

[20181217_132133 / libfx_2.py:2698] (j1 : N) flg_Monitor ---> False (2018.01.10 19:00)

[20181217_132133 / libfx_2.py:2727] (j2 : Y) d0 >= 0 (d0 = 0.052) (2018.01.10 19:00)

[20181217_132133 / libfx_2.py:2770] (j2 : Y : 4) continuing the for-loop... (cntOf_Follow = 1)(2018.01.10 19:00)

[20181217_132134 / libfx_2.py:2468] (debug : for-loop) count = 164 (2018.01.10 19:00)

[20181217_132134 / libfx_2.py:2521] (j1 : Y) flg_Monitor ---> True (2018.01.10 20:00)

[20181217_132134 / libfx_2.py:2609] (j3 : Y) d0 <0 (-0.064) (2018.01.10 20:00)

[20181217_132134 / libfx_2.py:2637] (j3 : N : 2) data ---> append (cntOf_Follow = 1 / e_Target = 2018.01.10 19:00 (e0 = 2018.01.10 20:00)

[20181217_132134 / libfx_2.py:2671] (j3 : N : 2) data ---> reset (cntOf_Follow = 0) (e0 = 2018.01.10 20:00)

[20181217_132134 / libfx_2.py:2468] (debug : for-loop) count = 165 (2018.01.10 20:00)

[20181217_132134 / libfx_2.py:2698] (j1 : N) flg_Monitor ---> False (2018.01.10 21:00)

[20181217_132134 / libfx_2.py:2801] (j2 : N) d0 < 0 (d0 = -0.132) (2018.01.10 21:00)

[20181217_132134 / libfx_2.py:2468] (debug : for-loop) count = 166 (2018.01.10 21:00)

[20181217_132134 / libfx_2.py:2698] (j1 : N) flg_Monitor ---> False (2018.01.10 22:00)

[20181217_132134 / libfx_2.py:2727] (j2 : Y) d0 >= 0 (d0 = 0.012) (2018.01.10 22:00)

[20181217_132134 / libfx_2.py:2770] (j2 : Y : 4) continuing the for-loop... (cntOf_Follow = 1)(2018.01.10 22:00)

[20181217_132134 / libfx_2.py:2468] (debug : for-loop) count = 167 (2018.01.10 22:00)

[20181217_132134 / libfx_2.py:2521] (j1 : Y) flg_Monitor ---> True (2018.01.10 23:00)

[20181217_132134 / libfx_2.py:2609] (j3 : Y) d0 <0 (-0.033) (2018.01.10 23:00)

[20181217_132134 / libfx_2.py:2637] (j3 : N : 2) data ---> append (cntOf_Follow = 1 / e_Target = 2018.01.10 22:00 (e0 = 2018.01.10 23:00)

[20181217_132134 / libfx_2.py:2671] (j3 : N : 2) data ---> reset (cntOf_Follow = 0) (e0 = 2018.01.10 23:00)

[20181217_132134 / libfx_2.py:2468] (debug : for-loop) count = 168 (2018.01.10 23:00)

[20181217_132134 / libfx_2.py:2698] (j1 : N) flg_Monitor ---> False (2018.01.11 00:00)

[20181217_132134 / libfx_2.py:2801] (j2 : N) d0 < 0 (d0 = -0.003) (2018.01.11 00:00)

[20181217_132134 / libfx_2.py:2468] (debug : for-loop) count = 169 (2018.01.11 00:00)

[20181217_132135 / libfx_2.py:2698] (j1 : N) flg_Monitor ---> False (2018.01.11 01:00)

[20181217_132135 / libfx_2.py:2727] (j2 : Y) d0 >= 0 (d0 = 0.142) (2018.01.11 01:00)

[20181217_132135 / libfx_2.py:2770] (j2 : Y : 4) continuing the for-loop... (cntOf_Follow = 1)(2018.01.11 01:00)

[20181217_132135 / libfx_2.py:2468] (debug : for-loop) count = 170 (2018.01.11 01:00)

[20181217_132135 / libfx_2.py:2521] (j1 : Y) flg_Monitor ---> True (2018.01.11 02:00)

[20181217_132135 / libfx_2.py:2554] (j3 : Y) d0 >= 0 (0.005) (2018.01.11 02:00)

[20181217_132135 / libfx_2.py:2584] (j3 : Y : 3) continue... (2018.01.11 02:00)

[20181217_132135 / libfx_2.py:2468] (debug : for-loop) count = 171 (2018.01.11 02:00)

[20181217_132135 / libfx_2.py:2521] (j1 : Y) flg_Monitor ---> True (2018.01.11 03:00)

[20181217_132135 / libfx_2.py:2554] (j3 : Y) d0 >= 0 (0.206) (2018.01.11 03:00)

[20181217_132135 / libfx_2.py:2584] (j3 : Y : 3) continue... (2018.01.11 03:00)

[20181217_132135 / libfx_2.py:2468] (debug : for-loop) count = 172 (2018.01.11 03:00)

[20181217_132135 / libfx_2.py:2521] (j1 : Y) flg_Monitor ---> True (2018.01.11 04:00)

[20181217_132135 / libfx_2.py:2609] (j3 : Y) d0 <0 (-0.017) (2018.01.11 04:00)

[20181217_132135 / libfx_2.py:2637] (j3 : N : 2) data ---> append (cntOf_Follow = 3 / e_Target = 2018.01.11 03:00 (e0 = 2018.01.11 04:00)

[20181217_132135 / libfx_2.py:2671] (j3 : N : 2) data ---> reset (cntOf_Follow = 0) (e0 = 2018.01.11 04:00)

[20181217_132135 / libfx_2.py:2468] (debug : for-loop) count = 173 (2018.01.11 04:00)

[20181217_132135 / libfx_2.py:2698] (j1 : N) flg_Monitor ---> False (2018.01.11 05:00)

[20181217_132135 / libfx_2.py:2727] (j2 : Y) d0 >= 0 (d0 = 0.056) (2018.01.11 05:00)

[20181217_132135 / libfx_2.py:2770] (j2 : Y : 4) continuing the for-loop... (cntOf_Follow = 1)(2018.01.11 05:00)

[20181217_132135 / libfx_2.py:2468] (debug : for-loop) count = 174 (2018.01.11 05:00)

[20181217_132136 / libfx_2.py:2521] (j1 : Y) flg_Monitor ---> True (2018.01.11 06:00)

[20181217_132136 / libfx_2.py:2609] (j3 : Y) d0 <0 (-0.003) (2018.01.11 06:00)

[20181217_132136 / libfx_2.py:2637] (j3 : N : 2) data ---> append (cntOf_Follow = 1 / e_Target = 2018.01.11 05:00 (e0 = 2018.01.11 06:00)

[20181217_132136 / libfx_2.py:2671] (j3 : N : 2) data ---> reset (cntOf_Follow = 0) (e0 = 2018.01.11 06:00)

[20181217_132136 / libfx_2.py:2468] (debug : for-loop) count = 175 (2018.01.11 06:00)

