[20181217_132305 / libfx_2.py:2698] (j1 : N) flg_Monitor ---> False (2018.01.02 00:00)

[20181217_132305 / libfx_2.py:2727] (j2 : Y) d0 >= 0 (d0 = 0.126) (2018.01.02 00:00)

[20181217_132305 / libfx_2.py:2770] (j2 : Y : 4) continuing the for-loop... (cntOf_Follow = 1)(2018.01.02 00:00)

[20181217_132305 / libfx_2.py:2521] (j1 : Y) flg_Monitor ---> True (2018.01.02 01:00)

[20181217_132305 / libfx_2.py:2554] (j3 : Y) d0 >= 0 (0.179) (2018.01.02 01:00)

[20181217_132305 / libfx_2.py:2584] (j3 : Y : 3) continue... (2018.01.02 01:00)

[20181217_132305 / libfx_2.py:2521] (j1 : Y) flg_Monitor ---> True (2018.01.02 02:00)

[20181217_132305 / libfx_2.py:2554] (j3 : Y) d0 >= 0 (0.014) (2018.01.02 02:00)

[20181217_132305 / libfx_2.py:2584] (j3 : Y : 3) continue... (2018.01.02 02:00)

[20181217_132305 / libfx_2.py:2521] (j1 : Y) flg_Monitor ---> True (2018.01.02 03:00)

[20181217_132306 / libfx_2.py:2609] (j3 : Y) d0 <0 (-0.019) (2018.01.02 03:00)

[20181217_132306 / libfx_2.py:2637] (j3 : N : 2) data ---> append (cntOf_Follow = 3 / e_Target = 2018.01.02 02:00 (e0 = 2018.01.02 03:00)

[20181217_132306 / libfx_2.py:2671] (j3 : N : 2) data ---> reset (cntOf_Follow = 0) (e0 = 2018.01.02 03:00)

[20181217_132306 / libfx_2.py:2698] (j1 : N) flg_Monitor ---> False (2018.01.02 04:00)

[20181217_132306 / libfx_2.py:2801] (j2 : N) d0 < 0 (d0 = -0.079) (2018.01.02 04:00)

[20181217_132306 / libfx_2.py:2698] (j1 : N) flg_Monitor ---> False (2018.01.02 05:00)

[20181217_132306 / libfx_2.py:2727] (j2 : Y) d0 >= 0 (d0 = 0.015) (2018.01.02 05:00)

[20181217_132306 / libfx_2.py:2770] (j2 : Y : 4) continuing the for-loop... (cntOf_Follow = 1)(2018.01.02 05:00)

[20181217_132306 / libfx_2.py:2521] (j1 : Y) flg_Monitor ---> True (2018.01.02 06:00)

[20181217_132306 / libfx_2.py:2554] (j3 : Y) d0 >= 0 (0.072) (2018.01.02 06:00)

[20181217_132306 / libfx_2.py:2584] (j3 : Y : 3) continue... (2018.01.02 06:00)

[20181217_132306 / libfx_2.py:2521] (j1 : Y) flg_Monitor ---> True (2018.01.02 07:00)

[20181217_132306 / libfx_2.py:2554] (j3 : Y) d0 >= 0 (0.052) (2018.01.02 07:00)

[20181217_132306 / libfx_2.py:2584] (j3 : Y : 3) continue... (2018.01.02 07:00)

[20181217_132306 / libfx_2.py:2521] (j1 : Y) flg_Monitor ---> True (2018.01.02 08:00)

[20181217_132307 / libfx_2.py:2554] (j3 : Y) d0 >= 0 (0.020) (2018.01.02 08:00)

[20181217_132307 / libfx_2.py:2584] (j3 : Y : 3) continue... (2018.01.02 08:00)

[20181217_132307 / libfx_2.py:2521] (j1 : Y) flg_Monitor ---> True (2018.01.02 09:00)

[20181217_132307 / libfx_2.py:2554] (j3 : Y) d0 >= 0 (0.041) (2018.01.02 09:00)

[20181217_132307 / libfx_2.py:2584] (j3 : Y : 3) continue... (2018.01.02 09:00)

[20181217_132307 / libfx_2.py:2521] (j1 : Y) flg_Monitor ---> True (2018.01.02 10:00)

[20181217_132307 / libfx_2.py:2609] (j3 : Y) d0 <0 (-0.197) (2018.01.02 10:00)

[20181217_132307 / libfx_2.py:2637] (j3 : N : 2) data ---> append (cntOf_Follow = 5 / e_Target = 2018.01.02 09:00 (e0 = 2018.01.02 10:00)

[20181217_132307 / libfx_2.py:2671] (j3 : N : 2) data ---> reset (cntOf_Follow = 0) (e0 = 2018.01.02 10:00)

[20181217_132307 / libfx_2.py:2468] (debug : for-loop) count = 11 (2018.01.02 10:00)

[20181217_132308 / libfx_2.py:2698] (j1 : N) flg_Monitor ---> False (2018.01.02 11:00)

[20181217_132308 / libfx_2.py:2727] (j2 : Y) d0 >= 0 (d0 = 0.119) (2018.01.02 11:00)

[20181217_132308 / libfx_2.py:2770] (j2 : Y : 4) continuing the for-loop... (cntOf_Follow = 1)(2018.01.02 11:00)

[20181217_132308 / libfx_2.py:2468] (debug : for-loop) count = 12 (2018.01.02 11:00)

[20181217_132308 / libfx_2.py:2521] (j1 : Y) flg_Monitor ---> True (2018.01.02 12:00)

[20181217_132308 / libfx_2.py:2609] (j3 : Y) d0 <0 (-0.154) (2018.01.02 12:00)

[20181217_132308 / libfx_2.py:2637] (j3 : N : 2) data ---> append (cntOf_Follow = 1 / e_Target = 2018.01.02 11:00 (e0 = 2018.01.02 12:00)

[20181217_132308 / libfx_2.py:2671] (j3 : N : 2) data ---> reset (cntOf_Follow = 0) (e0 = 2018.01.02 12:00)

[20181217_132308 / libfx_2.py:2468] (debug : for-loop) count = 13 (2018.01.02 12:00)

[20181217_132308 / libfx_2.py:2698] (j1 : N) flg_Monitor ---> False (2018.01.02 13:00)

[20181217_132308 / libfx_2.py:2727] (j2 : Y) d0 >= 0 (d0 = 0.008) (2018.01.02 13:00)

[20181217_132308 / libfx_2.py:2770] (j2 : Y : 4) continuing the for-loop... (cntOf_Follow = 1)(2018.01.02 13:00)

[20181217_132309 / libfx_2.py:2468] (debug : for-loop) count = 14 (2018.01.02 13:00)

[20181217_132309 / libfx_2.py:2521] (j1 : Y) flg_Monitor ---> True (2018.01.02 14:00)

[20181217_132309 / libfx_2.py:2609] (j3 : Y) d0 <0 (-0.046) (2018.01.02 14:00)

[20181217_132309 / libfx_2.py:2637] (j3 : N : 2) data ---> append (cntOf_Follow = 1 / e_Target = 2018.01.02 13:00 (e0 = 2018.01.02 14:00)

[20181217_132309 / libfx_2.py:2671] (j3 : N : 2) data ---> reset (cntOf_Follow = 0) (e0 = 2018.01.02 14:00)

[20181217_132309 / libfx_2.py:2468] (debug : for-loop) count = 15 (2018.01.02 14:00)

[20181217_132309 / libfx_2.py:2698] (j1 : N) flg_Monitor ---> False (2018.01.02 15:00)

[20181217_132309 / libfx_2.py:2801] (j2 : N) d0 < 0 (d0 = -0.105) (2018.01.02 15:00)

[20181217_132309 / libfx_2.py:2468] (debug : for-loop) count = 16 (2018.01.02 15:00)

[20181217_132309 / libfx_2.py:2698] (j1 : N) flg_Monitor ---> False (2018.01.02 16:00)

[20181217_132309 / libfx_2.py:2801] (j2 : N) d0 < 0 (d0 = -0.083) (2018.01.02 16:00)

[20181217_132309 / libfx_2.py:2468] (debug : for-loop) count = 17 (2018.01.02 16:00)

[20181217_132309 / libfx_2.py:2698] (j1 : N) flg_Monitor ---> False (2018.01.02 17:00)

[20181217_132309 / libfx_2.py:2801] (j2 : N) d0 < 0 (d0 = -0.035) (2018.01.02 17:00)

[20181217_132309 / libfx_2.py:2468] (debug : for-loop) count = 18 (2018.01.02 17:00)

[20181217_132309 / libfx_2.py:2698] (j1 : N) flg_Monitor ---> False (2018.01.02 18:00)

[20181217_132309 / libfx_2.py:2727] (j2 : Y) d0 >= 0 (d0 = 0.076) (2018.01.02 18:00)

[20181217_132309 / libfx_2.py:2770] (j2 : Y : 4) continuing the for-loop... (cntOf_Follow = 1)(2018.01.02 18:00)

[20181217_132310 / libfx_2.py:2468] (debug : for-loop) count = 19 (2018.01.02 18:00)

[20181217_132310 / libfx_2.py:2521] (j1 : Y) flg_Monitor ---> True (2018.01.02 19:00)

[20181217_132310 / libfx_2.py:2554] (j3 : Y) d0 >= 0 (0.085) (2018.01.02 19:00)

[20181217_132310 / libfx_2.py:2584] (j3 : Y : 3) continue... (2018.01.02 19:00)

[20181217_132310 / libfx_2.py:2468] (debug : for-loop) count = 20 (2018.01.02 19:00)

[20181217_132310 / libfx_2.py:2521] (j1 : Y) flg_Monitor ---> True (2018.01.02 20:00)

[20181217_132310 / libfx_2.py:2554] (j3 : Y) d0 >= 0 (0.058) (2018.01.02 20:00)

[20181217_132310 / libfx_2.py:2584] (j3 : Y : 3) continue... (2018.01.02 20:00)

[20181217_132310 / libfx_2.py:2468] (debug : for-loop) count = 21 (2018.01.02 20:00)

[20181217_132310 / libfx_2.py:2521] (j1 : Y) flg_Monitor ---> True (2018.01.02 21:00)

[20181217_132310 / libfx_2.py:2554] (j3 : Y) d0 >= 0 (0.004) (2018.01.02 21:00)

[20181217_132310 / libfx_2.py:2584] (j3 : Y : 3) continue... (2018.01.02 21:00)

[20181217_132310 / libfx_2.py:2468] (debug : for-loop) count = 22 (2018.01.02 21:00)

[20181217_132310 / libfx_2.py:2521] (j1 : Y) flg_Monitor ---> True (2018.01.02 22:00)

[20181217_132310 / libfx_2.py:2554] (j3 : Y) d0 >= 0 (0.079) (2018.01.02 22:00)

[20181217_132310 / libfx_2.py:2584] (j3 : Y : 3) continue... (2018.01.02 22:00)

[20181217_132310 / libfx_2.py:2468] (debug : for-loop) count = 23 (2018.01.02 22:00)

[20181217_132310 / libfx_2.py:2521] (j1 : Y) flg_Monitor ---> True (2018.01.02 23:00)

[20181217_132310 / libfx_2.py:2554] (j3 : Y) d0 >= 0 (0.029) (2018.01.02 23:00)

[20181217_132310 / libfx_2.py:2584] (j3 : Y : 3) continue... (2018.01.02 23:00)

[20181217_132310 / libfx_2.py:2468] (debug : for-loop) count = 24 (2018.01.02 23:00)

[20181217_132310 / libfx_2.py:2521] (j1 : Y) flg_Monitor ---> True (2018.01.03 00:00)

[20181217_132310 / libfx_2.py:2609] (j3 : Y) d0 <0 (-0.060) (2018.01.03 00:00)

[20181217_132310 / libfx_2.py:2637] (j3 : N : 2) data ---> append (cntOf_Follow = 6 / e_Target = 2018.01.02 23:00 (e0 = 2018.01.03 00:00)

[20181217_132310 / libfx_2.py:2671] (j3 : N : 2) data ---> reset (cntOf_Follow = 0) (e0 = 2018.01.03 00:00)

[20181217_132310 / libfx_2.py:2468] (debug : for-loop) count = 25 (2018.01.03 00:00)

[20181217_132310 / libfx_2.py:2698] (j1 : N) flg_Monitor ---> False (2018.01.03 01:00)

[20181217_132311 / libfx_2.py:2727] (j2 : Y) d0 >= 0 (d0 = 0.087) (2018.01.03 01:00)

[20181217_132311 / libfx_2.py:2770] (j2 : Y : 4) continuing the for-loop... (cntOf_Follow = 1)(2018.01.03 01:00)

[20181217_132311 / libfx_2.py:2468] (debug : for-loop) count = 26 (2018.01.03 01:00)

[20181217_132311 / libfx_2.py:2521] (j1 : Y) flg_Monitor ---> True (2018.01.03 02:00)

[20181217_132311 / libfx_2.py:2554] (j3 : Y) d0 >= 0 (0.072) (2018.01.03 02:00)

[20181217_132311 / libfx_2.py:2584] (j3 : Y : 3) continue... (2018.01.03 02:00)

[20181217_132311 / libfx_2.py:2468] (debug : for-loop) count = 27 (2018.01.03 02:00)

[20181217_132311 / libfx_2.py:2521] (j1 : Y) flg_Monitor ---> True (2018.01.03 03:00)

[20181217_132311 / libfx_2.py:2609] (j3 : Y) d0 <0 (-0.092) (2018.01.03 03:00)

[20181217_132311 / libfx_2.py:2637] (j3 : N : 2) data ---> append (cntOf_Follow = 2 / e_Target = 2018.01.03 02:00 (e0 = 2018.01.03 03:00)

[20181217_132311 / libfx_2.py:2671] (j3 : N : 2) data ---> reset (cntOf_Follow = 0) (e0 = 2018.01.03 03:00)

[20181217_132311 / libfx_2.py:2468] (debug : for-loop) count = 28 (2018.01.03 03:00)

[20181217_132311 / libfx_2.py:2698] (j1 : N) flg_Monitor ---> False (2018.01.03 04:00)

[20181217_132311 / libfx_2.py:2801] (j2 : N) d0 < 0 (d0 = -0.045) (2018.01.03 04:00)

[20181217_132311 / libfx_2.py:2468] (debug : for-loop) count = 29 (2018.01.03 04:00)

[20181217_132311 / libfx_2.py:2698] (j1 : N) flg_Monitor ---> False (2018.01.03 05:00)

[20181217_132312 / libfx_2.py:2727] (j2 : Y) d0 >= 0 (d0 = 0.005) (2018.01.03 05:00)

[20181217_132312 / libfx_2.py:2770] (j2 : Y : 4) continuing the for-loop... (cntOf_Follow = 1)(2018.01.03 05:00)

[20181217_132312 / libfx_2.py:2468] (debug : for-loop) count = 30 (2018.01.03 05:00)

[20181217_132312 / libfx_2.py:2521] (j1 : Y) flg_Monitor ---> True (2018.01.03 06:00)

[20181217_132312 / libfx_2.py:2554] (j3 : Y) d0 >= 0 (0.027) (2018.01.03 06:00)

[20181217_132312 / libfx_2.py:2584] (j3 : Y : 3) continue... (2018.01.03 06:00)

[20181217_132312 / libfx_2.py:2468] (debug : for-loop) count = 31 (2018.01.03 06:00)

[20181217_132312 / libfx_2.py:2521] (j1 : Y) flg_Monitor ---> True (2018.01.03 07:00)

[20181217_132312 / libfx_2.py:2554] (j3 : Y) d0 >= 0 (0.027) (2018.01.03 07:00)

[20181217_132312 / libfx_2.py:2584] (j3 : Y : 3) continue... (2018.01.03 07:00)

[20181217_132312 / libfx_2.py:2468] (debug : for-loop) count = 32 (2018.01.03 07:00)

[20181217_132312 / libfx_2.py:2521] (j1 : Y) flg_Monitor ---> True (2018.01.03 08:00)

[20181217_132312 / libfx_2.py:2609] (j3 : Y) d0 <0 (-0.116) (2018.01.03 08:00)

[20181217_132312 / libfx_2.py:2637] (j3 : N : 2) data ---> append (cntOf_Follow = 3 / e_Target = 2018.01.03 07:00 (e0 = 2018.01.03 08:00)

[20181217_132312 / libfx_2.py:2671] (j3 : N : 2) data ---> reset (cntOf_Follow = 0) (e0 = 2018.01.03 08:00)

[20181217_132312 / libfx_2.py:2468] (debug : for-loop) count = 33 (2018.01.03 08:00)

