[20181217_134450 / libfx_2.py:2756] (j1 : N) flg_Monitor ---> False (2018.01.02 00:00)

[20181217_134450 / libfx_2.py:2785] (j2 : Y) d0 >= 0 (d0 = 0.126) (2018.01.02 00:00)

[20181217_134450 / libfx_2.py:2828] (j2 : Y : 4) continuing the for-loop... (cntOf_Follow = 1)(2018.01.02 00:00)

[20181217_134450 / libfx_2.py:2579] (j1 : Y) flg_Monitor ---> True (2018.01.02 01:00)

[20181217_134450 / libfx_2.py:2612] (j3 : Y) d0 >= 0 (0.179) (2018.01.02 01:00)

[20181217_134450 / libfx_2.py:2642] (j3 : Y : 3) continue... (2018.01.02 01:00)

[20181217_134450 / libfx_2.py:2579] (j1 : Y) flg_Monitor ---> True (2018.01.02 02:00)

[20181217_134450 / libfx_2.py:2612] (j3 : Y) d0 >= 0 (0.014) (2018.01.02 02:00)

[20181217_134450 / libfx_2.py:2642] (j3 : Y : 3) continue... (2018.01.02 02:00)

[20181217_134450 / libfx_2.py:2579] (j1 : Y) flg_Monitor ---> True (2018.01.02 03:00)

[20181217_134450 / libfx_2.py:2667] (j3 : Y) d0 <0 (-0.019) (2018.01.02 03:00)

[20181217_134450 / libfx_2.py:2695] (j3 : N : 2) data ---> append (cntOf_Follow = 3 / e_Target = 2018.01.02 02:00 (e0 = 2018.01.02 03:00)

[20181217_134450 / libfx_2.py:2729] (j3 : N : 2) data ---> reset (cntOf_Follow = 0) (e0 = 2018.01.02 03:00)

[20181217_134450 / libfx_2.py:2756] (j1 : N) flg_Monitor ---> False (2018.01.02 04:00)

[20181217_134450 / libfx_2.py:2859] (j2 : N) d0 < 0 (d0 = -0.079) (2018.01.02 04:00)

[20181217_134450 / libfx_2.py:2756] (j1 : N) flg_Monitor ---> False (2018.01.02 05:00)

[20181217_134450 / libfx_2.py:2785] (j2 : Y) d0 >= 0 (d0 = 0.015) (2018.01.02 05:00)

[20181217_134450 / libfx_2.py:2828] (j2 : Y : 4) continuing the for-loop... (cntOf_Follow = 1)(2018.01.02 05:00)

[20181217_134450 / libfx_2.py:2579] (j1 : Y) flg_Monitor ---> True (2018.01.02 06:00)

[20181217_134450 / libfx_2.py:2612] (j3 : Y) d0 >= 0 (0.072) (2018.01.02 06:00)

[20181217_134450 / libfx_2.py:2642] (j3 : Y : 3) continue... (2018.01.02 06:00)

[20181217_134451 / libfx_2.py:2579] (j1 : Y) flg_Monitor ---> True (2018.01.02 07:00)

[20181217_134451 / libfx_2.py:2612] (j3 : Y) d0 >= 0 (0.052) (2018.01.02 07:00)

[20181217_134451 / libfx_2.py:2642] (j3 : Y : 3) continue... (2018.01.02 07:00)

[20181217_134451 / libfx_2.py:2579] (j1 : Y) flg_Monitor ---> True (2018.01.02 08:00)

[20181217_134451 / libfx_2.py:2612] (j3 : Y) d0 >= 0 (0.020) (2018.01.02 08:00)

[20181217_134451 / libfx_2.py:2642] (j3 : Y : 3) continue... (2018.01.02 08:00)

[20181217_134451 / libfx_2.py:2579] (j1 : Y) flg_Monitor ---> True (2018.01.02 09:00)

[20181217_134451 / libfx_2.py:2612] (j3 : Y) d0 >= 0 (0.041) (2018.01.02 09:00)

[20181217_134451 / libfx_2.py:2642] (j3 : Y : 3) continue... (2018.01.02 09:00)

[20181217_134451 / libfx_2.py:2579] (j1 : Y) flg_Monitor ---> True (2018.01.02 10:00)

[20181217_134451 / libfx_2.py:2667] (j3 : Y) d0 <0 (-0.197) (2018.01.02 10:00)

[20181217_134451 / libfx_2.py:2695] (j3 : N : 2) data ---> append (cntOf_Follow = 5 / e_Target = 2018.01.02 09:00 (e0 = 2018.01.02 10:00)

[20181217_134451 / libfx_2.py:2729] (j3 : N : 2) data ---> reset (cntOf_Follow = 0) (e0 = 2018.01.02 10:00)

[20181217_134451 / libfx_2.py:2525] (debug : for-loop) count = 11 (2018.01.02 10:00)

