[20181001_123031 / libfx.py:7035]
source = 44_3.2_15_file-io.EURJPY.Period-H1.Days-5000.Bars-120000.20180903_135340.(m-02).20180926_205209.csv
log file = op_2-2.detect.highs-lows.v-3.EURJPY-Period-H1.(m-02).20181001_123030.log

lo_Highs	lo_Lows	lenOf_LO_BarDatas
80	84	480
0.167	0.175	1.000

[20181001_123031 / libfx.py:7082]
<highs>
datetime(local)	start	current	diff
2018.02.28 05:00	131.3010	131.3010	0.0000
2018.02.28 03:00	131.3700	131.3690	-0.0010
2018.02.27 04:00	131.6880	131.6240	-0.0640
2018.02.27 00:00	131.4250	131.4140	-0.0110
2018.02.26 22:00	131.4810	131.4920	0.0110
2018.02.26 16:00	131.5740	131.2610	-0.3130
2018.02.26 11:00	131.1990	131.1540	-0.0450
2018.02.24 03:00	131.0930	131.0940	0.0010
2018.02.23 21:00	131.2460	131.2470	0.0010
2018.02.23 12:00	131.5880	131.5510	-0.0370
2018.02.23 07:00	131.5920	131.5920	0.0000
2018.02.23 04:00	131.4980	131.4830	-0.0150
2018.02.22 21:00	131.3380	131.3390	0.0010
2018.02.22 12:00	131.8430	131.7560	-0.0870
2018.02.22 10:00	131.7010	131.7040	0.0030
2018.02.22 01:00	132.5570	132.5550	-0.0020
2018.02.21 21:00	132.5060	132.3260	-0.1800
2018.02.21 19:00	132.3740	132.3730	-0.0010
2018.02.21 17:00	132.4830	132.4800	-0.0030
2018.02.21 07:00	132.6530	132.3710	-0.2820
2018.02.21 05:00	132.3110	132.3120	0.0010
2018.02.20 20:00	132.2760	132.1960	-0.0800
2018.02.20 11:00	132.2830	132.2370	-0.0460
2018.02.20 04:00	132.2660	132.2060	-0.0600
2018.02.19 23:00	132.0400	131.9970	-0.0430
2018.02.19 17:00	132.1700	132.1710	0.0010
2018.02.19 11:00	132.2640	131.9210	-0.3430
2018.02.16 19:00	132.4220	132.4210	-0.0010
2018.02.16 17:00	132.6680	132.6690	0.0010
2018.02.16 15:00	132.6420	132.6410	-0.0010
2018.02.16 13:00	132.6470	132.6470	0.0000
2018.02.16 10:00	132.9900	132.7970	-0.1930
2018.02.16 08:00	132.6590	132.6590	0.0000
2018.02.16 05:00	132.6890	132.6680	-0.0210
2018.02.16 00:00	132.5860	132.5870	0.0010
2018.02.15 22:00	132.8710	132.8690	-0.0020
2018.02.15 17:00	132.8820	132.8770	-0.0050
2018.02.15 15:00	132.7290	132.7320	0.0030
2018.02.15 11:00	132.7860	132.6460	-0.1400
2018.02.15 03:00	132.9260	132.9270	0.0010
2018.02.14 22:00	132.6410	131.9510	-0.6900
2018.02.14 12:00	132.4070	132.4070	0.0000
2018.02.14 03:00	132.9640	132.9660	0.0020
2018.02.14 00:00	133.0300	132.7990	-0.2310
2018.02.13 22:00	132.8150	132.8100	-0.0050
2018.02.13 20:00	132.8260	132.8250	-0.0010
2018.02.13 18:00	132.5630	132.5620	-0.0010
2018.02.13 04:00	133.5010	133.4810	-0.0200
2018.02.12 22:00	133.4160	132.9720	-0.4440
2018.02.12 16:00	133.3180	133.2490	-0.0690
2018.02.12 14:00	133.5040	133.5030	-0.0010
2018.02.12 09:00	133.3320	133.2260	-0.1060
2018.02.10 02:00	133.1100	132.4270	-0.6830
2018.02.09 13:00	133.5970	133.4750	-0.1220
2018.02.09 10:00	133.3780	133.3200	-0.0580
2018.02.09 08:00	133.1020	133.1040	0.0020
2018.02.09 05:00	133.1640	133.1200	-0.0440
2018.02.08 12:00	134.3160	134.2290	-0.0870
2018.02.08 10:00	134.1290	134.1320	0.0030
2018.02.08 08:00	133.9380	133.9390	0.0010
2018.02.08 03:00	134.0690	134.0710	0.0020
2018.02.07 19:00	134.6270	134.6280	0.0010
2018.02.07 03:00	135.5330	135.3050	-0.2280
2018.02.07 00:00	135.1780	134.9120	-0.2660
2018.02.06 13:00	134.8150	134.2550	-0.5600
2018.02.05 22:00	136.6150	136.6170	0.0020
2018.02.05 16:00	136.7290	136.7280	-0.0010
2018.02.05 09:00	136.9090	136.8290	-0.0800
2018.02.02 23:00	137.2280	137.2240	-0.0040
2018.02.02 20:00	137.2360	137.2310	-0.0050
2018.02.02 17:00	137.2010	137.0890	-0.1120
2018.02.02 12:00	137.1990	136.9080	-0.2910
2018.02.02 10:00	136.7910	136.7920	0.0010
2018.02.02 05:00	136.8700	136.7820	-0.0880
2018.02.01 23:00	136.7670	136.1980	-0.5690
2018.02.01 19:00	136.3140	136.3180	0.0040
2018.02.01 15:00	136.1400	135.7530	-0.3870
2018.02.01 13:00	135.7560	135.7560	0.0000
2018.02.01 11:00	135.7760	135.7750	-0.0010
2018.02.01 04:00	135.6150	135.4050	-0.2100

<lows>
datetime(local)	start	current	diff
2018.02.28 22:00	130.8000	130.7990	-0.0010
2018.02.28 19:00	130.8690	130.8860	0.0170
2018.02.28 15:00	130.8790	130.9730	0.0940
2018.02.28 11:00	131.0260	131.1010	0.0750
2018.02.28 07:00	131.2950	131.3390	0.0440
2018.02.28 00:00	131.5420	131.6450	0.1030
2018.02.27 21:00	131.6000	131.8470	0.2470
2018.02.27 16:00	131.9250	132.0520	0.1270
2018.02.27 10:00	131.7300	132.0170	0.2870
2018.02.27 08:00	131.8560	131.8600	0.0040
2018.02.27 02:00	131.6960	131.6960	0.0000
2018.02.26 20:00	131.7020	131.7050	0.0030
2018.02.26 14:00	131.3160	131.3160	0.0000
2018.02.26 08:00	131.3470	131.5810	0.2340
2018.02.24 05:00	131.5590	131.4060	-0.1530
2018.02.24 01:00	131.1580	131.1670	0.0090
2018.02.23 23:00	131.3740	131.3710	-0.0030
2018.02.23 17:00	131.4900	131.5790	0.0890
2018.02.23 15:00	131.6370	131.6460	0.0090
2018.02.23 09:00	131.6220	131.7550	0.1330
2018.02.23 01:00	131.7540	131.8390	0.0850
2018.02.22 23:00	131.7290	131.7270	-0.0020
2018.02.22 18:00	131.9240	131.9340	0.0100
2018.02.22 15:00	131.8990	131.9380	0.0390
2018.02.22 06:00	132.1150	132.3700	0.2550
2018.02.22 03:00	132.5720	132.7380	0.1660
2018.02.21 14:00	132.8310	132.8520	0.0210
2018.02.21 11:00	132.9010	133.0050	0.1040
2018.02.21 01:00	132.3940	132.4100	0.0160
2018.02.20 23:00	132.3250	132.3250	0.0000
2018.02.20 17:00	132.3000	132.3800	0.0800
2018.02.20 15:00	132.3290	132.3300	0.0010
2018.02.20 09:00	132.4700	132.4710	0.0010
2018.02.20 02:00	132.2710	132.2720	0.0010
2018.02.19 19:00	132.1610	132.3360	0.1750
2018.02.19 09:00	132.0390	132.0410	0.0020
2018.02.19 07:00	131.9630	131.9580	-0.0050
2018.02.17 04:00	131.8910	132.0000	0.1090
2018.02.17 01:00	131.9470	132.0060	0.0590
2018.02.16 23:00	132.2600	132.2600	0.0000
2018.02.16 21:00	132.5530	132.5520	-0.0010
2018.02.16 02:00	132.9330	133.0450	0.1120
2018.02.15 20:00	133.0680	133.0710	0.0030
2018.02.15 09:00	132.9450	132.9490	0.0040
2018.02.15 07:00	133.2220	133.2240	0.0020
2018.02.15 05:00	133.2840	133.2890	0.0050
2018.02.14 16:00	132.5360	132.8830	0.3470
2018.02.14 14:00	132.6440	132.6470	0.0030
2018.02.14 09:00	133.0270	133.1430	0.1160
2018.02.14 07:00	133.1550	133.1610	0.0060
2018.02.14 05:00	133.2070	133.2110	0.0040
2018.02.13 14:00	132.7140	133.3470	0.6330
2018.02.13 10:00	133.4610	133.6160	0.1550
2018.02.13 08:00	133.7320	133.7330	0.0010
2018.02.12 19:00	133.3110	133.3540	0.0430
2018.02.12 12:00	133.5850	133.5860	0.0010
2018.02.12 07:00	133.3620	133.3660	0.0040
2018.02.09 22:00	133.1190	133.8150	0.6960
2018.02.09 19:00	133.4900	133.7840	0.2940
2018.02.09 16:00	134.0440	134.0870	0.0430
2018.02.09 03:00	133.6240	133.6270	0.0030
2018.02.08 22:00	133.4340	134.5050	1.0710
2018.02.08 18:00	134.1740	134.2320	0.0580
2018.02.08 15:00	134.3830	134.6320	0.2490
2018.02.08 05:00	134.1070	134.3690	0.2620
2018.02.08 01:00	134.5100	134.5100	0.0000
2018.02.07 23:00	134.8030	134.8030	0.0000
2018.02.07 21:00	134.8790	134.8710	-0.0080
2018.02.07 15:00	134.9360	135.3620	0.4260
2018.02.07 12:00	135.3700	135.4300	0.0600
2018.02.07 10:00	135.5830	135.5810	-0.0020
2018.02.07 07:00	135.7230	135.8070	0.0840
2018.02.06 22:00	135.1270	135.1240	-0.0030
2018.02.06 19:00	134.8510	135.4630	0.6120
2018.02.06 17:00	135.6940	135.6930	-0.0010
2018.02.06 09:00	134.4280	135.1180	0.6900
2018.02.06 07:00	135.0400	135.0400	0.0000
2018.02.06 00:00	135.3150	136.7400	1.4250
2018.02.05 18:00	136.6220	136.9270	0.3050
2018.02.05 13:00	137.0160	137.0460	0.0300
2018.02.05 07:00	137.0790	137.0730	-0.0060
2018.02.03 03:00	137.2080	137.4090	0.2010
2018.02.03 01:00	137.3990	137.3950	-0.0040
2018.02.01 21:00	136.4770	136.4830	0.0060

