[20181001_122640 / libfx.py:7035]
source = 44_3.2_15_file-io.EURJPY.Period-H1.Days-5000.Bars-120000.20180903_135341.2018-08.csv
log file = op_2-2.detect.highs-lows.v-3.EURJPY-Period-H1.20181001_122640.log

lo_Highs	lo_Lows	lenOf_LO_BarDatas
93	86	552
0.168	0.156	1.000

[20181001_122640 / libfx.py:7082]
<highs>
datetime(local)	start	current	diff
2018.08.01 11:00	130.7160	130.6290	-0.0870
2018.08.01 13:00	130.6280	130.7450	0.1170
2018.08.01 18:00	130.7450	130.8370	0.0920
2018.08.01 20:00	130.8370	130.7540	-0.0830
2018.08.01 23:00	130.7530	130.7230	-0.0300
2018.08.02 07:00	130.1820	130.2250	0.0430
2018.08.02 09:00	130.2230	130.2080	-0.0150
2018.08.02 11:00	130.2050	130.1410	-0.0640
2018.08.02 16:00	129.9740	129.8540	-0.1200
2018.08.03 00:00	129.5110	129.4190	-0.0920
2018.08.03 03:00	129.4210	129.5320	0.1110
2018.08.03 11:00	129.4060	129.4260	0.0200
2018.08.03 15:00	129.4330	129.4400	0.0070
2018.08.03 22:00	129.2970	129.2300	-0.0670
2018.08.04 03:00	128.8380	128.8640	0.0260
2018.08.06 14:00	128.6600	128.6830	0.0230
2018.08.07 02:00	128.6930	128.8220	0.1290
2018.08.07 09:00	128.6880	128.6820	-0.0060
2018.08.07 13:00	128.6770	128.6300	-0.0470
2018.08.07 15:00	128.6290	128.6570	0.0280
2018.08.07 17:00	128.6570	128.9140	0.2570
2018.08.07 19:00	128.9210	128.8620	-0.0590
2018.08.07 21:00	128.8610	128.9240	0.0630
2018.08.08 06:00	128.9450	129.1770	0.2320
2018.08.08 12:00	129.1810	129.2420	0.0610
2018.08.08 14:00	129.2420	129.3160	0.0740
2018.08.08 21:00	128.6440	128.7190	0.0750
2018.08.09 05:00	128.7690	128.8880	0.1190
2018.08.09 16:00	128.6700	128.8260	0.1560
2018.08.09 20:00	128.8300	128.8250	-0.0050
2018.08.10 22:00	127.0190	127.0730	0.0540
2018.08.13 10:00	126.1020	125.7090	-0.3930
2018.08.13 17:00	125.5330	125.3330	-0.2000
2018.08.13 19:00	125.3330	125.6240	0.2910
2018.08.14 00:00	126.0470	126.4710	0.4240
2018.08.14 04:00	126.1350	126.1030	-0.0320
2018.08.14 08:00	126.2690	126.2750	0.0060
2018.08.14 14:00	126.3280	126.3570	0.0290
2018.08.14 18:00	126.3570	126.4200	0.0630
2018.08.14 21:00	126.4140	126.4600	0.0460
2018.08.15 04:00	125.9930	126.1060	0.1130
2018.08.15 06:00	126.1050	126.0830	-0.0220
2018.08.15 12:00	126.0250	126.0930	0.0680
2018.08.15 18:00	126.0420	126.0410	-0.0010
2018.08.16 03:00	125.3590	125.4620	0.1030
2018.08.16 07:00	125.4620	125.5690	0.1070
2018.08.16 14:00	125.4300	126.0970	0.6670
2018.08.16 16:00	126.0960	126.0550	-0.0410
2018.08.17 06:00	126.0190	126.1440	0.1250
2018.08.17 10:00	126.0740	126.0920	0.0180
2018.08.17 13:00	126.0910	126.1220	0.0310
2018.08.17 16:00	126.1220	126.1120	-0.0100
2018.08.18 00:00	125.9080	126.0170	0.1090
2018.08.18 02:00	126.0150	125.9570	-0.0580
2018.08.18 06:00	125.9570	126.4480	0.4910
2018.08.20 15:00	126.3300	126.3410	0.0110
2018.08.21 03:00	126.1790	126.3130	0.1340
2018.08.21 05:00	126.3150	126.3640	0.0490
2018.08.21 08:00	126.3640	126.3300	-0.0340
2018.08.21 14:00	126.3270	126.8890	0.5620
2018.08.21 19:00	126.8460	127.0400	0.1940
2018.08.21 22:00	127.0390	126.9690	-0.0700
2018.08.22 00:00	126.9700	127.2650	0.2950
2018.08.22 04:00	127.2650	127.7780	0.5130
2018.08.22 11:00	127.4730	127.5400	0.0670
2018.08.22 15:00	127.5440	127.7990	0.2550
2018.08.22 23:00	127.7690	128.0480	0.2790
2018.08.23 02:00	128.0460	128.1030	0.0570
2018.08.23 06:00	128.1320	128.1930	0.0610
2018.08.23 17:00	128.0480	128.1710	0.1230
2018.08.23 21:00	128.1700	128.2860	0.1160
2018.08.24 01:00	128.2860	128.5710	0.2850
2018.08.24 11:00	128.3890	128.5670	0.1780
2018.08.24 16:00	128.5670	128.8350	0.2680
2018.08.25 01:00	128.8520	129.2880	0.4360
2018.08.27 10:00	129.3550	129.4240	0.0690
2018.08.27 20:00	128.9310	129.0180	0.0870
2018.08.28 03:00	129.0170	129.7270	0.7100
2018.08.28 06:00	129.7280	129.7100	-0.0180
2018.08.28 11:00	129.7390	129.9270	0.1880
2018.08.28 13:00	129.9280	129.9550	0.0270
2018.08.29 00:00	129.8800	130.1910	0.3110
2018.08.29 14:00	129.9970	130.0890	0.0920
2018.08.29 20:00	129.7390	129.6870	-0.0520
2018.08.30 03:00	129.6880	130.6060	0.9180
2018.08.30 08:00	130.6060	130.7850	0.1790
2018.08.30 21:00	130.4990	130.2250	-0.2740
2018.08.31 04:00	129.6660	129.5260	-0.1400
2018.08.31 06:00	129.5250	129.5270	0.0020
2018.08.31 08:00	129.4670	129.4760	0.0090
2018.08.31 10:00	129.4770	129.4350	-0.0420
2018.08.31 13:00	129.4350	129.4640	0.0290
2018.08.31 16:00	129.4640	129.5730	0.1090

<lows>
datetime(local)	start	current	diff
2018.08.01 06:00	131.0020	130.7770	-0.2250
2018.08.01 09:00	130.7070	130.7220	0.0150
2018.08.02 05:00	130.7240	130.1810	-0.5430
2018.08.02 14:00	130.1400	129.9770	-0.1630
2018.08.02 20:00	129.8540	129.5570	-0.2970
2018.08.02 22:00	129.5580	129.5110	-0.0470
2018.08.03 07:00	129.5340	129.3520	-0.1820
2018.08.03 09:00	129.3520	129.4080	0.0560
2018.08.03 13:00	129.4260	129.4330	0.0070
2018.08.03 18:00	129.4420	129.3490	-0.0930
2018.08.03 20:00	129.3490	129.2970	-0.0520
2018.08.04 00:00	129.2310	128.8400	-0.3910
2018.08.06 07:00	128.8630	128.6530	-0.2100
2018.08.06 11:00	128.6550	128.6600	0.0050
2018.08.06 16:00	128.6840	128.6900	0.0060
2018.08.06 19:00	128.6890	128.6850	-0.0040
2018.08.06 21:00	128.6850	128.6610	-0.0240
2018.08.06 23:00	128.6600	128.6920	0.0320
2018.08.07 04:00	128.8230	128.7320	-0.0910
2018.08.07 07:00	128.7300	128.6860	-0.0440
2018.08.07 11:00	128.6780	128.6780	0.0000
2018.08.07 23:00	128.9260	128.9380	0.0120
2018.08.08 01:00	128.9390	128.9470	0.0080
2018.08.08 08:00	129.1520	129.1800	0.0280
2018.08.08 19:00	129.3180	128.6450	-0.6730
2018.08.09 00:00	128.7200	128.7130	-0.0070
2018.08.09 03:00	128.7130	128.7700	0.0570
2018.08.09 09:00	128.8880	128.7570	-0.1310
2018.08.09 12:00	128.7570	128.6710	-0.0860
2018.08.09 18:00	128.8280	128.8280	0.0000
2018.08.10 02:00	128.8250	128.2850	-0.5400
2018.08.10 11:00	128.2840	127.9300	-0.3540
2018.08.10 16:00	127.9310	127.3060	-0.6250
2018.08.10 18:00	127.3050	127.0190	-0.2860
2018.08.11 00:00	127.0720	126.5680	-0.5040
2018.08.11 02:00	126.5740	126.2390	-0.3350
2018.08.11 04:00	126.2370	126.1010	-0.1360
2018.08.13 13:00	125.7100	125.4350	-0.2750
2018.08.13 15:00	125.4380	125.5340	0.0960
2018.08.13 21:00	125.6230	126.0450	0.4220
2018.08.14 02:00	126.4720	126.1360	-0.3360
2018.08.14 06:00	126.1050	126.3250	0.2200
2018.08.14 10:00	126.2760	126.3270	0.0510
2018.08.15 02:00	126.4590	125.9930	-0.4660
2018.08.15 14:00	126.0920	126.0440	-0.0480
2018.08.16 01:00	126.0390	125.3590	-0.6800
2018.08.16 10:00	125.5710	125.4300	-0.1410
2018.08.16 18:00	126.0570	126.1100	0.0530
2018.08.16 20:00	126.1130	126.0240	-0.0890
2018.08.16 23:00	126.0230	126.1470	0.1240
2018.08.17 01:00	126.1480	126.2780	0.1300
2018.08.17 04:00	126.2810	126.0180	-0.2630
2018.08.17 18:00	126.1150	126.1890	0.0740
2018.08.17 20:00	126.1850	125.8540	-0.3310
2018.08.17 22:00	125.8540	125.9040	0.0500
2018.08.20 12:00	126.4740	126.3310	-0.1430
2018.08.20 17:00	126.3360	126.3260	-0.0100
2018.08.20 19:00	126.3260	126.2530	-0.0730
2018.08.20 21:00	126.2500	126.3020	0.0520
2018.08.20 23:00	126.3020	126.1780	-0.1240
2018.08.21 17:00	126.8900	126.8460	-0.0440
2018.08.22 09:00	127.7790	127.4710	-0.3080
2018.08.22 18:00	127.7990	127.7670	-0.0320
2018.08.23 04:00	128.1040	128.1350	0.0310
2018.08.23 08:00	128.2030	128.2010	-0.0020
2018.08.23 11:00	128.2030	128.1170	-0.0860
2018.08.23 14:00	128.1120	128.0470	-0.0650
2018.08.24 04:00	128.5670	128.3890	-0.1780
2018.08.24 18:00	128.8320	128.8520	0.0200
2018.08.25 04:00	129.2880	129.2810	-0.0070
2018.08.25 06:00	129.2830	129.2940	0.0110
2018.08.27 17:00	129.4230	128.9320	-0.4910
2018.08.28 08:00	129.7250	129.7390	0.0140
2018.08.28 16:00	129.9550	129.9410	-0.0140
2018.08.28 18:00	129.9410	129.8800	-0.0610
2018.08.29 02:00	130.1900	130.1590	-0.0310
2018.08.29 06:00	130.1580	130.0240	-0.1340
2018.08.29 08:00	130.0300	130.0140	-0.0160
2018.08.29 10:00	130.0140	129.9980	-0.0160
2018.08.29 16:00	130.0890	129.8000	-0.2890
2018.08.29 18:00	129.8000	129.7380	-0.0620
2018.08.30 14:00	130.7850	130.6310	-0.1540
2018.08.30 16:00	130.6280	130.7110	0.0830
2018.08.30 19:00	130.6950	130.5000	-0.1950
2018.08.31 02:00	130.2220	129.6660	-0.5560
2018.08.31 19:00	129.5730	129.3150	-0.2580

