[20181001_104928 / libfx.py:7018]
source = 44_3.2_15_file-io.EURJPY.Period-H1.Days-5000.Bars-120000.20180903_135340.(m-01).20180926_205209.csv
log file = op_2-2.detect.highs-lows.v-3.EURJPY-Period-H1.20181001_104928.log

lo_Highs	lo_Lows	lenOf_LO_BarDatas
88	84	521
0.169	0.161	1.000

[20181001_104928 / libfx.py:7065]
<highs>
datetime(local)	start	current	diff
2018.01.31 14:00	135.4710	135.1820	-0.2890
2018.01.31 10:00	135.0640	135.0650	0.0010
2018.01.31 07:00	134.9370	134.9190	-0.0180
2018.01.31 05:00	134.8980	134.8920	-0.0060
2018.01.31 03:00	134.8760	134.8750	-0.0010
2018.01.31 01:00	134.9030	134.8980	-0.0050
2018.01.30 23:00	135.0390	135.0390	0.0000
2018.01.30 21:00	135.0300	135.0290	-0.0010
2018.01.30 16:00	134.7870	134.3520	-0.4350
2018.01.30 05:00	134.8950	134.8980	0.0030
2018.01.29 23:00	134.7980	134.4310	-0.3670
2018.01.29 12:00	134.9650	134.9620	-0.0030
2018.01.29 10:00	134.9180	134.9170	-0.0010
2018.01.27 03:00	134.8130	134.8120	-0.0010
2018.01.27 01:00	134.6280	134.6300	0.0020
2018.01.26 17:00	135.9030	135.8110	-0.0920
2018.01.26 15:00	135.9240	135.9250	0.0010
2018.01.26 13:00	135.9000	135.9020	0.0020
2018.01.26 11:00	135.8690	135.8710	0.0020
2018.01.26 05:00	135.6640	135.5470	-0.1170
2018.01.26 03:00	135.5180	135.5180	0.0000
2018.01.26 01:00	135.7320	135.7310	-0.0010
2018.01.25 20:00	135.2180	135.2140	-0.0040
2018.01.25 11:00	135.5270	135.4850	-0.0420
2018.01.25 07:00	135.4260	135.4360	0.0100
2018.01.25 04:00	135.3190	135.2710	-0.0480
2018.01.25 00:00	135.2030	135.2040	0.0010
2018.01.23 22:00	135.2990	135.3000	0.0010
2018.01.23 20:00	135.2020	135.2020	0.0000
2018.01.23 18:00	135.4250	135.4280	0.0030
2018.01.23 12:00	135.8100	135.7580	-0.0520
2018.01.23 06:00	136.0200	136.0190	-0.0010
2018.01.22 22:00	135.9230	135.6520	-0.2710
2018.01.22 15:00	135.4490	135.4570	0.0080
2018.01.22 13:00	135.4330	135.4330	0.0000
2018.01.20 03:00	135.5790	135.2590	-0.3200
2018.01.20 00:00	135.3010	135.2130	-0.0880
2018.01.19 22:00	135.3700	135.3680	-0.0020
2018.01.19 08:00	135.8450	135.8480	0.0030
2018.01.19 02:00	135.8730	135.6850	-0.1880
2018.01.18 17:00	135.9590	135.7520	-0.2070
2018.01.18 14:00	135.7420	135.6510	-0.0910
2018.01.18 09:00	135.7360	135.6220	-0.1140
2018.01.18 07:00	135.4570	135.4560	-0.0010
2018.01.18 01:00	135.7090	135.5100	-0.1990
2018.01.17 23:00	135.2290	135.2330	0.0040
2018.01.17 20:00	135.2200	135.1920	-0.0280
2018.01.17 16:00	135.3260	135.3230	-0.0030
2018.01.17 07:00	135.7100	135.3610	-0.3490
2018.01.17 04:00	135.3960	135.3550	-0.0410
2018.01.17 02:00	135.5740	135.5740	0.0000
2018.01.16 22:00	135.3480	135.2420	-0.1060
2018.01.16 20:00	135.1610	135.1600	-0.0010
2018.01.16 07:00	135.5670	135.5670	0.0000
2018.01.16 03:00	135.5500	135.4380	-0.1120
2018.01.15 20:00	135.6420	135.6430	0.0010
2018.01.15 16:00	135.5450	135.3140	-0.2310
2018.01.15 11:00	135.3090	135.0380	-0.2710
2018.01.13 01:00	135.3230	134.9260	-0.3970
2018.01.12 19:00	134.8800	134.6150	-0.2650
2018.01.12 14:00	134.7030	133.9800	-0.7230
2018.01.12 03:00	134.0200	133.7100	-0.3100
2018.01.12 01:00	134.0120	134.0130	0.0010
2018.01.11 20:00	134.0540	133.3120	-0.7420
2018.01.11 18:00	133.3640	133.3650	0.0010
2018.01.11 07:00	133.2590	133.1180	-0.1410
2018.01.10 18:00	133.4260	133.4270	0.0010
2018.01.10 00:00	134.3870	134.1260	-0.2610
2018.01.09 22:00	134.2730	134.2730	0.0000
2018.01.09 03:00	135.3510	135.2430	-0.1080
2018.01.08 22:00	135.3830	135.1750	-0.2080
2018.01.06 06:00	136.0580	135.9960	-0.0620
2018.01.05 18:00	136.3590	136.3890	0.0300
2018.01.05 15:00	136.4350	136.3430	-0.0920
2018.01.05 10:00	136.2920	136.1470	-0.1450
2018.01.05 08:00	136.1190	136.1200	0.0010
2018.01.05 05:00	136.0370	136.0530	0.0160
2018.01.04 15:00	135.9450	135.3690	-0.5760
2018.01.04 12:00	135.3900	135.3660	-0.0240
2018.01.04 05:00	135.3670	135.0930	-0.2740
2018.01.04 03:00	135.0770	135.0810	0.0040
2018.01.04 01:00	135.0840	135.0820	-0.0020
2018.01.03 23:00	134.8580	134.8570	-0.0010
2018.01.03 20:00	134.9720	134.8480	-0.1240
2018.01.03 11:00	135.3350	135.3300	-0.0050
2018.01.03 07:00	135.3100	135.3230	0.0130
2018.01.03 00:00	135.4000	135.0840	-0.3160
2018.01.02 11:00	135.5060	135.3700	-0.1360

<lows>
datetime(local)	start	current	diff
2018.01.31 22:00	135.7850	135.7820	-0.0030
2018.01.31 12:00	135.2670	135.2680	0.0010
2018.01.30 11:00	134.3760	134.9410	0.5650
2018.01.30 07:00	134.8400	134.9580	0.1180
2018.01.30 03:00	134.9800	134.9820	0.0020
2018.01.29 21:00	134.8200	134.8180	-0.0020
2018.01.29 16:00	134.8610	135.1070	0.2460
2018.01.29 14:00	135.0500	135.0500	0.0000
2018.01.29 08:00	135.0110	135.0110	0.0000
2018.01.27 05:00	135.0340	135.0290	-0.0050
2018.01.26 20:00	135.2420	136.0530	0.8110
2018.01.26 09:00	136.0580	136.0580	0.0000
2018.01.25 23:00	135.9520	135.9530	0.0010
2018.01.25 18:00	135.5170	135.5180	0.0010
2018.01.25 14:00	135.3890	135.5920	0.2030
2018.01.25 09:00	135.6360	135.6350	-0.0010
2018.01.25 02:00	135.3270	135.3280	0.0010
2018.01.24 22:00	135.4220	135.4210	-0.0010
2018.01.24 20:00	135.1730	135.1700	-0.0030
2018.01.24 14:00	135.2940	135.5020	0.2080
2018.01.24 12:00	135.4060	135.4050	-0.0010
2018.01.24 09:00	135.4630	135.5890	0.1260
2018.01.24 06:00	135.6170	135.6200	0.0030
2018.01.24 04:00	135.6250	135.6220	-0.0030
2018.01.24 00:00	135.5820	135.6370	0.0550
2018.01.23 15:00	135.9830	136.0620	0.0790
2018.01.23 10:00	136.1330	136.1340	0.0010
2018.01.23 03:00	136.0460	136.0640	0.0180
2018.01.22 19:00	135.6960	135.7300	0.0340
2018.01.22 17:00	135.6210	135.6220	0.0010
2018.01.22 11:00	135.5300	135.5310	0.0010
2018.01.22 08:00	135.5530	135.6570	0.1040
2018.01.19 20:00	135.8760	135.8790	0.0030
2018.01.19 18:00	135.8770	135.8800	0.0030
2018.01.19 16:00	135.8340	135.8340	0.0000
2018.01.19 14:00	135.9390	135.9380	-0.0010
2018.01.19 12:00	135.9570	135.9560	-0.0010
2018.01.19 10:00	135.9610	135.9610	0.0000
2018.01.18 22:00	135.7760	136.1340	0.3580
2018.01.18 20:00	136.2220	136.2220	0.0000
2018.01.18 04:00	135.7290	135.9730	0.2440
2018.01.17 18:00	135.5030	135.5040	0.0010
2018.01.17 13:00	135.7280	135.7920	0.0640
2018.01.17 11:00	135.7510	135.7500	-0.0010
2018.01.16 15:00	135.3790	135.9590	0.5800
2018.01.16 11:00	135.9840	136.0600	0.0760
2018.01.16 09:00	135.9130	135.9110	-0.0020
2018.01.16 01:00	135.5800	135.5810	0.0010
2018.01.15 22:00	135.6940	135.7890	0.0950
2018.01.15 07:00	135.1090	135.5610	0.4520
2018.01.12 23:00	135.3150	135.3140	-0.0010
2018.01.12 12:00	134.0870	134.0870	0.0000
2018.01.12 10:00	134.0970	134.0990	0.0020
2018.01.11 23:00	134.2950	134.2960	0.0010
2018.01.11 14:00	133.4670	133.6360	0.1690
2018.01.11 12:00	133.5090	133.5080	-0.0010
2018.01.11 10:00	133.4700	133.4700	0.0000
2018.01.11 05:00	133.1620	133.1590	-0.0030
2018.01.11 02:00	133.2760	133.3450	0.0690
2018.01.10 22:00	133.4240	133.8350	0.4110
2018.01.10 20:00	133.7430	133.7440	0.0010
2018.01.10 11:00	133.6140	134.1160	0.5020
2018.01.10 08:00	134.1510	134.5220	0.3710
2018.01.10 06:00	134.4600	134.4590	-0.0010
2018.01.09 17:00	134.3930	134.8250	0.4320
2018.01.09 14:00	134.7960	134.8440	0.0480
2018.01.09 12:00	134.8330	134.8350	0.0020
2018.01.09 08:00	134.8230	135.4410	0.6180
2018.01.08 19:00	135.5680	135.7920	0.2240
2018.01.08 10:00	135.7800	136.2580	0.4780
2018.01.08 08:00	136.2100	136.2120	0.0020
2018.01.06 02:00	136.3100	136.3330	0.0230
2018.01.06 00:00	136.2910	136.2920	0.0010
2018.01.05 22:00	136.4450	136.4490	0.0040
2018.01.05 20:00	136.4820	136.4810	-0.0010
2018.01.05 02:00	136.1260	136.1650	0.0390
2018.01.04 23:00	136.1760	136.3220	0.1460
2018.01.03 17:00	135.1860	135.2900	0.1040
2018.01.03 14:00	135.2700	135.3890	0.1190
2018.01.03 09:00	135.4680	135.4690	0.0010
2018.01.02 20:00	135.2020	135.3500	0.1480
2018.01.02 18:00	135.4970	135.4960	-0.0010
2018.01.02 16:00	135.5710	135.5680	-0.0030
2018.01.02 09:00	135.4680	135.4700	0.0020

