[20181002_090920 / libfx.py:6776]
csv = 44_3.2_15_file-io.EURJPY.Period-H1.Days-5000.Bars-120000.20180903_135341.2018-07.(w-1).20180924_112956.csv
fname_Log_File =>op_2-2.detect.highs-lows.v-4.EURJPY-Period-H1.20181002_090920.log

[20181002_090920 / libfx.py:6889]
(j3 : N) d0 < 0 : 2018.07.30 08:00 (d0 = 0.037)
[20181002_090920 / libfx.py:6925] (j4 : Y) over the threshold : 2018.07.30 08:00
[20181002_090920 / libfx.py:7041] (j3.1 : Y : 1) dat => updated (anchor, too) : 2018.07.30 09:00 (e0.no = 39)
[20181002_090920 / libfx.py:6889]
(j3 : N) d0 < 0 : 2018.07.30 10:00 (d0 = 0.094)
[20181002_090920 / libfx.py:6925] (j4 : Y) over the threshold : 2018.07.30 10:00
[20181002_090920 / libfx.py:6889]
(j3 : N) d0 < 0 : 2018.07.30 11:00 (d0 = 0.032)
[20181002_090920 / libfx.py:6925] (j4 : Y) over the threshold : 2018.07.30 11:00
[20181002_090920 / libfx.py:7041] (j3.1 : Y : 1) dat => updated (anchor, too) : 2018.07.30 12:00 (e0.no = 36)
[20181002_090920 / libfx.py:6889]
(j3 : N) d0 < 0 : 2018.07.30 13:00 (d0 = 0.075)
[20181002_090920 / libfx.py:6925] (j4 : Y) over the threshold : 2018.07.30 13:00
[20181002_090920 / libfx.py:7041] (j3.1 : Y : 1) dat => updated (anchor, too) : 2018.07.30 14:00 (e0.no = 34)
[20181002_090921 / libfx.py:6889]
(j3 : N) d0 < 0 : 2018.07.30 15:00 (d0 = 0.061)
[20181002_090921 / libfx.py:6925] (j4 : Y) over the threshold : 2018.07.30 15:00
[20181002_090921 / libfx.py:7041] (j3.1 : Y : 1) dat => updated (anchor, too) : 2018.07.30 16:00 (e0.no = 32)
[20181002_090921 / libfx.py:6889]
(j3 : N) d0 < 0 : 2018.07.30 17:00 (d0 = 0.049)
[20181002_090921 / libfx.py:6925] (j4 : Y) over the threshold : 2018.07.30 17:00
[20181002_090921 / libfx.py:6889]
(j3 : N) d0 < 0 : 2018.07.30 18:00 (d0 = 0.135)
[20181002_090921 / libfx.py:6925] (j4 : Y) over the threshold : 2018.07.30 18:00
[20181002_090921 / libfx.py:6889]
(j3 : N) d0 < 0 : 2018.07.30 19:00 (d0 = 0.080)
[20181002_090921 / libfx.py:6925] (j4 : Y) over the threshold : 2018.07.30 19:00
[20181002_090921 / libfx.py:7041] (j3.1 : Y : 1) dat => updated (anchor, too) : 2018.07.30 20:00 (e0.no = 28)
[20181002_090921 / libfx.py:6889]
(j3 : N) d0 < 0 : 2018.07.30 22:00 (d0 = 0.129)
[20181002_090921 / libfx.py:6925] (j4 : Y) over the threshold : 2018.07.30 22:00
[20181002_090921 / libfx.py:6889]
(j3 : N) d0 < 0 : 2018.07.30 23:00 (d0 = 0.058)
[20181002_090921 / libfx.py:6925] (j4 : Y) over the threshold : 2018.07.30 23:00
[20181002_090921 / libfx.py:6889]
(j3 : N) d0 < 0 : 2018.07.31 00:00 (d0 = 0.027)
[20181002_090921 / libfx.py:6925] (j4 : Y) over the threshold : 2018.07.31 00:00
[20181002_090921 / libfx.py:6889]
(j3 : N) d0 < 0 : 2018.07.31 01:00 (d0 = 0.072)
[20181002_090921 / libfx.py:6925] (j4 : Y) over the threshold : 2018.07.31 01:00
[20181002_090921 / libfx.py:7041] (j3.1 : Y : 1) dat => updated (anchor, too) : 2018.07.31 02:00 (e0.no = 22)
[20181002_090921 / libfx.py:6889]
(j3 : N) d0 < 0 : 2018.07.31 04:00 (d0 = 0.040)
[20181002_090921 / libfx.py:6925] (j4 : Y) over the threshold : 2018.07.31 04:00
[20181002_090921 / libfx.py:6889]
(j3 : N) d0 < 0 : 2018.07.31 06:00 (d0 = 0.038)
[20181002_090921 / libfx.py:6925] (j4 : Y) over the threshold : 2018.07.31 06:00
[20181002_090921 / libfx.py:6889]
(j3 : N) d0 < 0 : 2018.07.31 07:00 (d0 = 0.013)
[20181002_090921 / libfx.py:6925] (j4 : Y) over the threshold : 2018.07.31 07:00
[20181002_090921 / libfx.py:6889]
(j3 : N) d0 < 0 : 2018.07.31 08:00 (d0 = 0.003)
[20181002_090921 / libfx.py:6925] (j4 : Y) over the threshold : 2018.07.31 08:00
[20181002_090921 / libfx.py:6889]
(j3 : N) d0 < 0 : 2018.07.31 11:00 (d0 = 0.098)
[20181002_090921 / libfx.py:6925] (j4 : Y) over the threshold : 2018.07.31 11:00
[20181002_090921 / libfx.py:7041] (j3.1 : Y : 1) dat => updated (anchor, too) : 2018.07.31 12:00 (e0.no = 12)
[20181002_090921 / libfx.py:6889]
(j3 : N) d0 < 0 : 2018.07.31 14:00 (d0 = 0.274)
[20181002_090921 / libfx.py:6925] (j4 : Y) over the threshold : 2018.07.31 14:00
[20181002_090921 / libfx.py:6889]
(j3 : N) d0 < 0 : 2018.07.31 15:00 (d0 = 0.189)
[20181002_090921 / libfx.py:6925] (j4 : Y) over the threshold : 2018.07.31 15:00
[20181002_090921 / libfx.py:7041] (j3.1 : Y : 1) dat => updated (anchor, too) : 2018.07.31 16:00 (e0.no = 8)
[20181002_090921 / libfx.py:6889]
(j3 : N) d0 < 0 : 2018.07.31 17:00 (d0 = 0.254)
[20181002_090921 / libfx.py:6925] (j4 : Y) over the threshold : 2018.07.31 17:00
[20181002_090921 / libfx.py:6889]
(j3 : N) d0 < 0 : 2018.07.31 18:00 (d0 = 0.272)
[20181002_090922 / libfx.py:6925] (j4 : Y) over the threshold : 2018.07.31 18:00
[20181002_090922 / libfx.py:7041] (j3.1 : Y : 1) dat => updated (anchor, too) : 2018.07.31 19:00 (e0.no = 5)
[20181002_090922 / libfx.py:6889]
(j3 : N) d0 < 0 : 2018.07.31 20:00 (d0 = 0.138)
[20181002_090922 / libfx.py:6925] (j4 : Y) over the threshold : 2018.07.31 20:00
[20181002_090922 / libfx.py:6889]
(j3 : N) d0 < 0 : 2018.07.31 21:00 (d0 = 0.000)
[20181002_090922 / libfx.py:6925] (j4 : Y) over the threshold : 2018.07.31 21:00
[20181002_090922 / libfx.py:7041] (j3.1 : Y : 1) dat => updated (anchor, too) : 2018.07.31 22:00 (e0.no = 2)
[20181002_090922 / libfx.py:6889]
(j3 : N) d0 < 0 : 2018.07.31 23:00 (d0 = 0.232)
[20181002_090922 / libfx.py:6925] (j4 : Y) over the threshold : 2018.07.31 23:00
