[20180929_142947 / libfx.py:6199]
source = 44_3.2_15_file-io.EURJPY.Period-H1.Days-5000.Bars-120000.20180903_135340.(m-05).20180926_205209.csv
log file = op_3-3.prev-3-bars.EURJPY-Period-H1.20180929_142947.log

id	datetime	prev-1	prev-2	prev-3

1605	2018.05.31 18:00	0	0	1
1622	2018.05.31 01:00	0	0	0
1626	2018.05.30 21:00	0	0	1
1627	2018.05.30 20:00	1	0	0
1628	2018.05.30 19:00	1	1	0
1629	2018.05.30 18:00	1	1	1
1630	2018.05.30 17:00	1	1	1
1631	2018.05.30 16:00	1	1	1
1680	2018.05.28 15:00	0	0	0
1681	2018.05.28 14:00	1	0	0
1682	2018.05.28 13:00	1	1	0
1774	2018.05.22 17:00	0	1	0
1784	2018.05.22 07:00	0	0	0
1785	2018.05.22 06:00	1	0	0
1786	2018.05.22 05:00	1	1	0
1795	2018.05.21 20:00	0	1	0
1796	2018.05.21 19:00	1	0	1
1800	2018.05.21 15:00	0	0	1
1801	2018.05.21 14:00	1	0	0
1822	2018.05.18 17:00	0	0	1
1827	2018.05.18 12:00	0	0	0
1828	2018.05.18 11:00	1	0	0
1838	2018.05.18 01:00	0	0	1
1841	2018.05.17 22:00	0	1	1
1845	2018.05.17 18:00	0	0	1
1848	2018.05.17 15:00	0	1	1
1849	2018.05.17 14:00	1	0	1
1892	2018.05.15 19:00	0	0	0
1912	2018.05.14 23:00	0	1	0
1913	2018.05.14 22:00	1	0	1
1917	2018.05.14 18:00	0	0	1
1918	2018.05.14 17:00	1	0	0
1919	2018.05.14 16:00	1	1	0
1922	2018.05.14 13:00	0	1	1
1925	2018.05.14 10:00	0	1	1
1926	2018.05.14 09:00	1	0	1
1927	2018.05.14 08:00	1	1	0
1935	2018.05.12 00:00	0	1	0
1936	2018.05.11 23:00	1	0	1
1939	2018.05.11 20:00	0	1	1
1940	2018.05.11 19:00	1	0	1
1946	2018.05.11 13:00	0	1	0
1956	2018.05.11 03:00	0	1	0
1967	2018.05.10 16:00	0	0	0
1968	2018.05.10 15:00	1	0	0
1986	2018.05.09 21:00	0	1	0
1989	2018.05.09 18:00	0	1	1
1996	2018.05.09 11:00	0	1	0
2086	2018.05.03 17:00	0	0	0
2107	2018.05.02 20:00	0	1	0

[20180929_142947 / libfx.py:6362]
patterns
total	552
total match	50

pattern	match	percentage

000	7	0.1400	
001	7	0.1400	
010	9	0.1800	
011	6	0.1200	
100	7	0.1400	
101	6	0.1200	
110	5	0.1000	
111	3	0.0600	

