[20180929_143031 / libfx.py:6199]
source = 44_3.2_15_file-io.EURJPY.Period-H1.Days-5000.Bars-120000.20180903_135340.(m-04).20180926_205209.csv
log file = op_3-3.prev-3-bars.EURJPY-Period-H1.20180929_143031.log

id	datetime	prev-1	prev-2	prev-3

2159	2018.04.30 16:00	0	0	1
2160	2018.04.30 15:00	1	0	0
2164	2018.04.30 11:00	0	0	1
2167	2018.04.30 08:00	0	1	1
2168	2018.04.30 07:00	1	0	1
2169	2018.04.28 06:00	1	1	0
2170	2018.04.28 05:00	1	1	1
2231	2018.04.25 16:00	0	0	1
2248	2018.04.24 23:00	0	0	0
2249	2018.04.24 22:00	1	0	0
2250	2018.04.24 21:00	1	1	0
2251	2018.04.24 20:00	1	1	1
2256	2018.04.24 15:00	0	0	0
2257	2018.04.24 14:00	1	0	0
2269	2018.04.24 02:00	0	0	1
2270	2018.04.24 01:00	1	0	0
2271	2018.04.24 00:00	1	1	0
2272	2018.04.23 23:00	1	1	1
2273	2018.04.23 22:00	1	1	1
2308	2018.04.20 11:00	0	0	1
2331	2018.04.19 12:00	0	1	0
2332	2018.04.19 11:00	1	0	1
2333	2018.04.19 10:00	1	1	0
2334	2018.04.19 09:00	1	1	1
2345	2018.04.18 22:00	0	0	1
2346	2018.04.18 21:00	1	0	0
2354	2018.04.18 13:00	0	0	0
2355	2018.04.18 12:00	1	0	0
2356	2018.04.18 11:00	1	1	0
2393	2018.04.16 22:00	0	0	1
2394	2018.04.16 21:00	1	0	0
2416	2018.04.13 23:00	0	0	1
2422	2018.04.13 17:00	0	0	0
2423	2018.04.13 16:00	1	0	0
2424	2018.04.13 15:00	1	1	0
2427	2018.04.13 12:00	0	1	1
2428	2018.04.13 11:00	1	0	1
2429	2018.04.13 10:00	1	1	0
2437	2018.04.13 02:00	0	1	0
2471	2018.04.11 16:00	0	0	1
2486	2018.04.11 01:00	0	1	0
2487	2018.04.11 00:00	1	0	1
2490	2018.04.10 21:00	0	1	1
2491	2018.04.10 20:00	1	0	1
2499	2018.04.10 12:00	0	1	0
2512	2018.04.09 23:00	0	1	0
2513	2018.04.09 22:00	1	0	1
2514	2018.04.09 21:00	1	1	0
2518	2018.04.09 17:00	0	0	1
2519	2018.04.09 16:00	1	0	0
2533	2018.04.07 02:00	0	1	1
2536	2018.04.06 23:00	0	1	1
2554	2018.04.06 05:00	0	1	0
2557	2018.04.06 02:00	0	1	1
2558	2018.04.06 01:00	1	0	1
2559	2018.04.06 00:00	1	1	0
2564	2018.04.05 19:00	0	0	0
2571	2018.04.05 12:00	0	0	0
2572	2018.04.05 11:00	1	0	0
2573	2018.04.05 10:00	1	1	0
2574	2018.04.05 09:00	1	1	1
2575	2018.04.05 08:00	1	1	1
2578	2018.04.05 05:00	0	1	1
2583	2018.04.05 00:00	0	1	0
2593	2018.04.04 14:00	0	1	0
2601	2018.04.04 06:00	0	0	0
2602	2018.04.04 05:00	1	0	0
2603	2018.04.04 04:00	1	1	0
2633	2018.04.02 22:00	0	0	0
2638	2018.04.02 17:00	0	1	0
2644	2018.04.02 11:00	0	0	0

[20180929_143031 / libfx.py:6362]
patterns
total	497
total match	71

pattern	match	percentage

000	9	0.1268	
001	10	0.1408	
010	9	0.1268	
011	7	0.0986	
100	11	0.1549	
101	7	0.0986	
110	11	0.1549	
111	7	0.0986	

