[20180929_142850 / libfx.py:6199]
source = 44_3.2_15_file-io.EURJPY.Period-H1.Days-5000.Bars-120000.20180903_135341.2018-06.csv
log file = op_3-3.prev-3-bars.EURJPY-Period-H1.20180929_142850.log

id	datetime	prev-1	prev-2	prev-3

500	2018.06.01 11:00	1	0	1
495	2018.06.01 16:00	0	0	0
489	2018.06.01 22:00	0	0	1
470	2018.06.04 17:00	0	0	0
469	2018.06.04 18:00	1	0	0
455	2018.06.05 08:00	1	0	1
433	2018.06.06 06:00	0	1	1
432	2018.06.06 07:00	1	0	1
431	2018.06.06 08:00	1	1	0
423	2018.06.06 16:00	1	0	1
410	2018.06.07 05:00	1	0	1
400	2018.06.07 15:00	1	1	0
399	2018.06.07 16:00	1	1	1
395	2018.06.07 20:00	0	0	1
394	2018.06.07 21:00	1	0	0
357	2018.06.11 10:00	1	1	0
356	2018.06.11 11:00	1	1	1
344	2018.06.11 23:00	1	0	0
322	2018.06.12 21:00	0	0	0
300	2018.06.13 19:00	0	1	0
294	2018.06.14 01:00	1	0	1
248	2018.06.15 23:00	0	1	1
247	2018.06.16 00:00	1	0	1
242	2018.06.16 05:00	0	1	0
241	2018.06.16 06:00	1	0	1
220	2018.06.19 03:00	1	0	1
219	2018.06.19 04:00	1	1	0
218	2018.06.19 05:00	1	1	1
191	2018.06.20 08:00	0	1	1
177	2018.06.20 22:00	1	0	1
174	2018.06.21 01:00	0	1	1
173	2018.06.21 02:00	1	0	1
172	2018.06.21 03:00	1	1	0
167	2018.06.21 08:00	0	0	0
161	2018.06.21 14:00	0	0	1
137	2018.06.22 14:00	1	1	0
134	2018.06.22 17:00	0	1	1
32	2018.06.28 23:00	0	0	1
31	2018.06.29 00:00	1	0	0
5	2018.06.30 02:00	0	1	1

[20180929_142850 / libfx.py:6362]
patterns
total	511
total match	40

pattern	match	percentage

000	4	0.1000	
001	4	0.1000	
010	2	0.0500	
011	6	0.1500	
100	4	0.1000	
101	11	0.2750	
110	6	0.1500	
111	3	0.0750	

