[20180929_142428 / libfx.py:6199]
source = 44_3.2_15_file-io.EURJPY.Period-H1.Days-5000.Bars-120000.20180903_135341.2018-08.csv
log file = op_3-3.prev-3-bars.EURJPY-Period-H1.20180929_142428.log

id	datetime	prev-1	prev-2	prev-3

536	2018.08.01 16:00	1	1	0
456	2018.08.07 00:00	1	0	1
431	2018.08.08 01:00	0	1	0
430	2018.08.08 02:00	1	0	1
429	2018.08.08 03:00	1	1	0
428	2018.08.08 04:00	1	1	1
424	2018.08.08 08:00	0	0	1
423	2018.08.08 09:00	1	0	0
422	2018.08.08 10:00	1	1	0
338	2018.08.13 22:00	1	0	0
330	2018.08.14 06:00	0	0	1
320	2018.08.14 16:00	1	0	1
277	2018.08.16 11:00	1	0	0
276	2018.08.16 12:00	1	1	0
236	2018.08.18 04:00	1	0	1
210	2018.08.21 06:00	0	1	0
206	2018.08.21 10:00	1	0	1
205	2018.08.21 11:00	1	1	0
204	2018.08.21 12:00	1	1	1
199	2018.08.21 17:00	0	0	0
196	2018.08.21 20:00	0	1	1
191	2018.08.22 01:00	0	1	0
190	2018.08.22 02:00	1	0	1
180	2018.08.22 12:00	0	1	1
179	2018.08.22 13:00	1	0	1
173	2018.08.22 19:00	1	0	0
172	2018.08.22 20:00	1	1	0
171	2018.08.22 21:00	1	1	1
168	2018.08.23 00:00	0	1	1
164	2018.08.23 04:00	0	0	1
150	2018.08.23 18:00	0	1	1
149	2018.08.23 19:00	1	0	1
146	2018.08.23 22:00	0	1	1
145	2018.08.23 23:00	1	0	1
132	2018.08.24 12:00	0	1	1
131	2018.08.24 13:00	1	0	1
130	2018.08.24 14:00	1	1	0
126	2018.08.24 18:00	0	0	1
125	2018.08.24 19:00	1	0	0
124	2018.08.24 20:00	1	1	0
123	2018.08.24 21:00	1	1	1
122	2018.08.24 22:00	1	1	1
121	2018.08.24 23:00	1	1	1
114	2018.08.25 06:00	0	1	0
96	2018.08.28 00:00	1	1	1
95	2018.08.28 01:00	1	1	1
92	2018.08.28 04:00	0	1	1
88	2018.08.28 08:00	0	0	1
87	2018.08.28 09:00	1	0	0
75	2018.08.28 21:00	1	1	1
74	2018.08.28 22:00	1	1	1
49	2018.08.29 23:00	1	1	0
48	2018.08.30 00:00	1	1	1
47	2018.08.30 01:00	1	1	1
44	2018.08.30 04:00	0	1	1
43	2018.08.30 05:00	1	0	1
42	2018.08.30 06:00	1	1	0

[20180929_142428 / libfx.py:6362]
patterns
total	552
total match	57

pattern	match	percentage

000	1	0.0175	
001	5	0.0877	
010	4	0.0702	
011	8	0.1404	
100	6	0.1053	
101	11	0.1930	
110	10	0.1754	
111	12	0.2105	

