[20180929_123130 / libfx.py:6190]
source = 44_3.2_15_file-io.EURJPY.Period-H1.Days-5000.Bars-120000.20180903_135340.(m-04).20180926_205209.csv
log file = op_3-3.prev-3-bars.EURJPY-Period-H1.20180929_123130.log

id	datetime	prev-1	prev-2	prev-3

2645	2018.04.02 10:00	0	1	1
2639	2018.04.02 16:00	0	0	0
2634	2018.04.02 21:00	0	1	0
2603	2018.04.04 04:00	1	1	0
2602	2018.04.04 05:00	1	1	1
2594	2018.04.04 13:00	0	0	1
2579	2018.04.05 04:00	0	1	0
2576	2018.04.05 07:00	0	1	1
2575	2018.04.05 08:00	1	0	1
2574	2018.04.05 09:00	1	1	0
2573	2018.04.05 10:00	1	1	1
2572	2018.04.05 11:00	1	1	1
2565	2018.04.05 18:00	0	1	0
2559	2018.04.06 00:00	1	0	0
2558	2018.04.06 01:00	1	1	0
2555	2018.04.06 04:00	0	1	1
2519	2018.04.09 16:00	1	1	1
2514	2018.04.09 21:00	1	0	0
2513	2018.04.09 22:00	1	1	0
2491	2018.04.10 20:00	1	1	0
2488	2018.04.10 23:00	0	1	1
2487	2018.04.11 00:00	1	0	1
2429	2018.04.13 10:00	1	0	0
2428	2018.04.13 11:00	1	1	0
2425	2018.04.13 14:00	0	1	1
2424	2018.04.13 15:00	1	0	1
2423	2018.04.13 16:00	1	1	0
2417	2018.04.13 22:00	0	0	0
2394	2018.04.16 21:00	1	1	1
2357	2018.04.18 10:00	0	1	1
2356	2018.04.18 11:00	1	0	1
2355	2018.04.18 12:00	1	1	0
2346	2018.04.18 21:00	1	1	0
2334	2018.04.19 09:00	1	0	1
2333	2018.04.19 10:00	1	1	0
2332	2018.04.19 11:00	1	1	1
2273	2018.04.23 22:00	1	0	1
2272	2018.04.23 23:00	1	1	0
2271	2018.04.24 00:00	1	1	1
2270	2018.04.24 01:00	1	1	1
2258	2018.04.24 13:00	0	1	0
2257	2018.04.24 14:00	1	0	1
2252	2018.04.24 19:00	0	0	0
2251	2018.04.24 20:00	1	0	0
2250	2018.04.24 21:00	1	1	0
2249	2018.04.24 22:00	1	1	1
2170	2018.04.28 05:00	1	0	1
2169	2018.04.28 06:00	1	1	0
2168	2018.04.30 07:00	1	1	1
2165	2018.04.30 10:00	0	1	1
2161	2018.04.30 14:00	0	0	1
2160	2018.04.30 15:00	1	0	0
[20180929_123130 / libfx.py:6344] patterns
000 = 3 (0.0577)
001 = 2 (0.0385)
010 = 4 (0.0769)
011 = 7 (0.1346)
100 = 5 (0.0962)
101 = 8 (0.1538)
110 = 13 (0.2500)
111 = 10 (0.1923)
