[20180929_142622 / libfx.py:6199]
source = 44_3.2_15_file-io.EURJPY.Period-H1.Days-5000.Bars-120000.20180903_135341.2018-07.csv
log file = op_3-3.prev-3-bars.EURJPY-Period-H1.20180929_142622.log

id	datetime	prev-1	prev-2	prev-3

1084	2018.07.02 11:00	0	1	1
1062	2018.07.03 09:00	1	0	1
1056	2018.07.03 15:00	0	0	1
1055	2018.07.03 16:00	1	0	0
1005	2018.07.05 18:00	0	0	1
984	2018.07.06 15:00	0	1	0
978	2018.07.06 21:00	0	0	1
965	2018.07.09 10:00	1	1	1
960	2018.07.09 15:00	0	1	0
955	2018.07.09 20:00	0	1	0
952	2018.07.09 23:00	0	1	1
943	2018.07.10 08:00	0	1	0
942	2018.07.10 09:00	1	0	1
925	2018.07.11 02:00	1	1	0
924	2018.07.11 03:00	1	1	1
905	2018.07.11 22:00	0	1	0
902	2018.07.12 01:00	0	1	1
893	2018.07.12 10:00	1	1	0
888	2018.07.12 15:00	0	1	0
887	2018.07.12 16:00	1	0	1
884	2018.07.12 19:00	0	1	1
881	2018.07.12 22:00	0	1	1
870	2018.07.13 09:00	1	0	0
841	2018.07.16 14:00	0	1	0
838	2018.07.16 17:00	0	1	1
837	2018.07.16 18:00	1	0	1
836	2018.07.16 19:00	1	1	0
822	2018.07.17 09:00	1	0	0
818	2018.07.17 13:00	1	0	1
671	2018.07.25 16:00	1	0	0
670	2018.07.25 17:00	1	1	0
669	2018.07.25 18:00	1	1	1
655	2018.07.26 08:00	0	0	1
611	2018.07.28 04:00	1	0	1
605	2018.07.30 10:00	0	1	1
598	2018.07.30 17:00	0	1	0
597	2018.07.30 18:00	1	0	1
593	2018.07.30 22:00	0	0	1
592	2018.07.30 23:00	1	0	0
591	2018.07.31 00:00	1	1	0
585	2018.07.31 06:00	0	1	0
577	2018.07.31 14:00	0	0	1
574	2018.07.31 17:00	0	1	1

[20180929_142622 / libfx.py:6362]
patterns
total	521
total match	43

pattern	match	percentage

000	0	0.0000	
001	6	0.1395	
010	9	0.2093	
011	8	0.1860	
100	5	0.1163	
101	7	0.1628	
110	5	0.1163	
111	3	0.0698	

