[20181127_112054 / libfx_2.py:144] =========== _BUSL_3__DetectPatterns__Two_Tops__V_5
source = 44_3.2_15_file-io.EURJPY.Period-H1.Days-5000.Bars-120000.20180903_135340.(m-11).20180926_205209.(new).(SHRINK-50).csv

[20181127_112054 / libfx_2.py:233] start for-loop ------------------- (0)

[20181127_112054 / libfx_2.py:277] (j1 : N) flg_Dat --> not set (False, UTC = 2017.11.13 09:00)

[20181127_112054 / libfx_2.py:362] (j2 : N) d0 < 0 (d0 = -0.072)

[20181127_112054 / libfx_2.py:233] start for-loop ------------------- (1)

[20181127_112054 / libfx_2.py:277] (j1 : N) flg_Dat --> not set (False, UTC = 2017.11.13 10:00)

[20181127_112054 / libfx_2.py:303] (j2 : Y) d0 => 0 (d0 = 0.038)

[20181127_112054 / libfx_2.py:336] (j2 : Y : 1) dat --> set (UTC = 2017.11.13 10:00)

[20181127_112054 / libfx_2.py:233] start for-loop ------------------- (2)

[20181127_112054 / libfx_2.py:385] (j1 : Y) flg_Dat ==> True (UTC = 2017.11.13 11:00)

[20181127_112054 / libfx_2.py:405] (j1 : Y : 1 / j1.1) trend --> flat ? (UTC = 2017.11.13 11:00)

[20181127_112054 / libfx_2.py:2166] [is_Trend__Flat] (j1 : N : 1) less than 5 (3)

[20181127_112054 / libfx_2.py:447] (j1 : Y : 1 / j1.1 : N) trend --> NOT flat (UTC = 2017.11.13 11:00)

[20181127_112054 / libfx_2.py:553] (j3 : N) flg_A1_tmp ==> False (UTC = 2017.11.13 11:00)

[20181127_112054 / libfx_2.py:579] (j4 : N) d0 ==> -0.137 (UTC = 2017.11.13 11:00)

[20181127_112054 / libfx_2.py:615] (j5 : Y) 
e0.price_Close = 131.970
ts_DownBar_For_A1__Price = 132.069 (UTC = 2017.11.13 11:00)

[20181127_112054 / libfx_2.py:649] dat --> reset done

[20181127_112054 / libfx_2.py:233] start for-loop ------------------- (3)

[20181127_112054 / libfx_2.py:277] (j1 : N) flg_Dat --> not set (False, UTC = 2017.11.13 12:00)

[20181127_112054 / libfx_2.py:362] (j2 : N) d0 < 0 (d0 = -0.006)

[20181127_112054 / libfx_2.py:233] start for-loop ------------------- (4)

[20181127_112054 / libfx_2.py:277] (j1 : N) flg_Dat --> not set (False, UTC = 2017.11.13 13:00)

[20181127_112054 / libfx_2.py:303] (j2 : Y) d0 => 0 (d0 = 0.093)

[20181127_112054 / libfx_2.py:336] (j2 : Y : 1) dat --> set (UTC = 2017.11.13 13:00)

[20181127_112054 / libfx_2.py:233] start for-loop ------------------- (5)

[20181127_112055 / libfx_2.py:385] (j1 : Y) flg_Dat ==> True (UTC = 2017.11.13 14:00)

[20181127_112055 / libfx_2.py:405] (j1 : Y : 1 / j1.1) trend --> flat ? (UTC = 2017.11.13 14:00)

[20181127_112055 / libfx_2.py:2192] [is_Trend__Flat] (j1 : Y) equal or more than 5 (6)

[20181127_112055 / libfx_2.py:2219] [is_Trend__Flat] (j1 : Y : 1) get list : last N bars (len = 5 / L_2[-1] = UTC, 2017.11.13 14:00

[20181127_112055 / libfx_2.py:2304] [is_Trend__Flat] (j1 : Y : 4) get val : incli(a value) = -0.009 (UTC = 2017.11.13 14:00)

L_1[-1](lo_BarDatas) = UTC, 2017.11.13 14:00 / L_2[-1] = UTC, 2017.11.13 14:00
<close price>
132.107	131.970	131.965	132.058	132.050	



[20181127_112055 / libfx_2.py:2323] [is_Trend__Flat] (j1 : Y : 4) 2017.11.13 14:00	-0.009


[20181127_112055 / libfx_2.py:2358] [is_Trend__Flat] (j2 : Y) 2017.11.13 14:00	-0.009 (ts = 0.010)


[20181127_112055 / libfx_2.py:473] (j1 : Y : 1 / j1.1 : Y) trend --> flat (UTC = 2017.11.13 14:00)

[20181127_112055 / libfx_2.py:513] (j1 : Y : 1 / j1.1 : Y : 1) dat --> reset done

[20181127_112055 / libfx_2.py:233] start for-loop ------------------- (6)

[20181127_112055 / libfx_2.py:277] (j1 : N) flg_Dat --> not set (False, UTC = 2017.11.13 15:00)

[20181127_112055 / libfx_2.py:303] (j2 : Y) d0 => 0 (d0 = 0.198)

[20181127_112055 / libfx_2.py:336] (j2 : Y : 1) dat --> set (UTC = 2017.11.13 15:00)

[20181127_112055 / libfx_2.py:233] start for-loop ------------------- (7)

[20181127_112055 / libfx_2.py:385] (j1 : Y) flg_Dat ==> True (UTC = 2017.11.13 16:00)

[20181127_112055 / libfx_2.py:405] (j1 : Y : 1 / j1.1) trend --> flat ? (UTC = 2017.11.13 16:00)

[20181127_112055 / libfx_2.py:2192] [is_Trend__Flat] (j1 : Y) equal or more than 5 (8)

[20181127_112055 / libfx_2.py:2219] [is_Trend__Flat] (j1 : Y : 1) get list : last N bars (len = 5 / L_2[-1] = UTC, 2017.11.13 16:00

[20181127_112055 / libfx_2.py:2304] [is_Trend__Flat] (j1 : Y : 4) get val : incli(a value) = 0.076 (UTC = 2017.11.13 16:00)

L_1[-1](lo_BarDatas) = UTC, 2017.11.13 16:00 / L_2[-1] = UTC, 2017.11.13 16:00
<close price>
131.965	132.058	132.050	132.247	132.312	



[20181127_112055 / libfx_2.py:2323] [is_Trend__Flat] (j1 : Y : 4) 2017.11.13 16:00	0.076


[20181127_112055 / libfx_2.py:2380] [is_Trend__Flat] (j2 : N) 2017.11.13 16:00	0.076 (ts = 0.010)


[20181127_112055 / libfx_2.py:447] (j1 : Y : 1 / j1.1 : N) trend --> NOT flat (UTC = 2017.11.13 16:00)

[20181127_112055 / libfx_2.py:553] (j3 : N) flg_A1_tmp ==> False (UTC = 2017.11.13 16:00)

[20181127_112055 / libfx_2.py:741] (j4 : Y) d0 ==> 0.063 (UTC = 2017.11.13 16:00)

[20181127_112055 / libfx_2.py:795] (j4 : Y : 2) dat ==> updated (UTC=2017.11.13 16:00)
dat['price_anchor'] = 132.312
dat['index_anchor'] = 8 (UTC = 2017.11.13 16:00)
dat['price_current'] = 132.312
dat['index_current'] = 8 (UTC = 2017.11.13 16:00)
dat['price_start'] = 132.049
dat['index_start'] = 7 (UTC = 2017.11.13 15:00)

[20181127_112055 / libfx_2.py:233] start for-loop ------------------- (8)

[20181127_112055 / libfx_2.py:385] (j1 : Y) flg_Dat ==> True (UTC = 2017.11.13 17:00)

[20181127_112055 / libfx_2.py:405] (j1 : Y : 1 / j1.1) trend --> flat ? (UTC = 2017.11.13 17:00)

[20181127_112055 / libfx_2.py:2192] [is_Trend__Flat] (j1 : Y) equal or more than 5 (9)

[20181127_112055 / libfx_2.py:2219] [is_Trend__Flat] (j1 : Y : 1) get list : last N bars (len = 5 / L_2[-1] = UTC, 2017.11.13 17:00

[20181127_112055 / libfx_2.py:2304] [is_Trend__Flat] (j1 : Y : 4) get val : incli(a value) = 0.091 (UTC = 2017.11.13 17:00)

L_1[-1](lo_BarDatas) = UTC, 2017.11.13 17:00 / L_2[-1] = UTC, 2017.11.13 17:00
<close price>
132.058	132.050	132.247	132.312	132.396	



[20181127_112055 / libfx_2.py:2323] [is_Trend__Flat] (j1 : Y : 4) 2017.11.13 17:00	0.091


[20181127_112055 / libfx_2.py:2380] [is_Trend__Flat] (j2 : N) 2017.11.13 17:00	0.091 (ts = 0.010)


[20181127_112055 / libfx_2.py:447] (j1 : Y : 1 / j1.1 : N) trend --> NOT flat (UTC = 2017.11.13 17:00)

[20181127_112055 / libfx_2.py:553] (j3 : N) flg_A1_tmp ==> False (UTC = 2017.11.13 17:00)

[20181127_112055 / libfx_2.py:741] (j4 : Y) d0 ==> 0.083 (UTC = 2017.11.13 17:00)

[20181127_112055 / libfx_2.py:795] (j4 : Y : 2) dat ==> updated (UTC=2017.11.13 17:00)
dat['price_anchor'] = 132.396
dat['index_anchor'] = 9 (UTC = 2017.11.13 17:00)
dat['price_current'] = 132.396
dat['index_current'] = 9 (UTC = 2017.11.13 17:00)
dat['price_start'] = 132.049
dat['index_start'] = 7 (UTC = 2017.11.13 15:00)

[20181127_112056 / libfx_2.py:233] start for-loop ------------------- (9)

[20181127_112056 / libfx_2.py:385] (j1 : Y) flg_Dat ==> True (UTC = 2017.11.13 18:00)

[20181127_112056 / libfx_2.py:405] (j1 : Y : 1 / j1.1) trend --> flat ? (UTC = 2017.11.13 18:00)

[20181127_112056 / libfx_2.py:2192] [is_Trend__Flat] (j1 : Y) equal or more than 5 (10)

[20181127_112056 / libfx_2.py:2219] [is_Trend__Flat] (j1 : Y : 1) get list : last N bars (len = 5 / L_2[-1] = UTC, 2017.11.13 18:00

[20181127_112056 / libfx_2.py:2304] [is_Trend__Flat] (j1 : Y : 4) get val : incli(a value) = 0.093 (UTC = 2017.11.13 18:00)

L_1[-1](lo_BarDatas) = UTC, 2017.11.13 18:00 / L_2[-1] = UTC, 2017.11.13 18:00
<close price>
132.050	132.247	132.312	132.396	132.440	



[20181127_112056 / libfx_2.py:2323] [is_Trend__Flat] (j1 : Y : 4) 2017.11.13 18:00	0.093


[20181127_112056 / libfx_2.py:2380] [is_Trend__Flat] (j2 : N) 2017.11.13 18:00	0.093 (ts = 0.010)


[20181127_112056 / libfx_2.py:447] (j1 : Y : 1 / j1.1 : N) trend --> NOT flat (UTC = 2017.11.13 18:00)

[20181127_112056 / libfx_2.py:553] (j3 : N) flg_A1_tmp ==> False (UTC = 2017.11.13 18:00)

[20181127_112056 / libfx_2.py:741] (j4 : Y) d0 ==> 0.045 (UTC = 2017.11.13 18:00)

[20181127_112056 / libfx_2.py:795] (j4 : Y : 2) dat ==> updated (UTC=2017.11.13 18:00)
dat['price_anchor'] = 132.440
dat['index_anchor'] = 10 (UTC = 2017.11.13 18:00)
dat['price_current'] = 132.440
dat['index_current'] = 10 (UTC = 2017.11.13 18:00)
dat['price_start'] = 132.049
dat['index_start'] = 7 (UTC = 2017.11.13 15:00)

[20181127_112056 / libfx_2.py:233] start for-loop ------------------- (10)

[20181127_112056 / libfx_2.py:385] (j1 : Y) flg_Dat ==> True (UTC = 2017.11.13 19:00)

[20181127_112056 / libfx_2.py:405] (j1 : Y : 1 / j1.1) trend --> flat ? (UTC = 2017.11.13 19:00)

[20181127_112056 / libfx_2.py:2192] [is_Trend__Flat] (j1 : Y) equal or more than 5 (11)

[20181127_112056 / libfx_2.py:2219] [is_Trend__Flat] (j1 : Y : 1) get list : last N bars (len = 5 / L_2[-1] = UTC, 2017.11.13 19:00

[20181127_112056 / libfx_2.py:2304] [is_Trend__Flat] (j1 : Y : 4) get val : incli(a value) = 0.079 (UTC = 2017.11.13 19:00)

L_1[-1](lo_BarDatas) = UTC, 2017.11.13 19:00 / L_2[-1] = UTC, 2017.11.13 19:00
<close price>
132.247	132.312	132.396	132.440	132.512	



[20181127_112056 / libfx_2.py:2323] [is_Trend__Flat] (j1 : Y : 4) 2017.11.13 19:00	0.079


[20181127_112056 / libfx_2.py:2380] [is_Trend__Flat] (j2 : N) 2017.11.13 19:00	0.079 (ts = 0.010)


[20181127_112056 / libfx_2.py:447] (j1 : Y : 1 / j1.1 : N) trend --> NOT flat (UTC = 2017.11.13 19:00)

[20181127_112056 / libfx_2.py:553] (j3 : N) flg_A1_tmp ==> False (UTC = 2017.11.13 19:00)

[20181127_112056 / libfx_2.py:741] (j4 : Y) d0 ==> 0.074 (UTC = 2017.11.13 19:00)

[20181127_112056 / libfx_2.py:795] (j4 : Y : 2) dat ==> updated (UTC=2017.11.13 19:00)
dat['price_anchor'] = 132.512
dat['index_anchor'] = 11 (UTC = 2017.11.13 19:00)
dat['price_current'] = 132.512
dat['index_current'] = 11 (UTC = 2017.11.13 19:00)
dat['price_start'] = 132.049
dat['index_start'] = 7 (UTC = 2017.11.13 15:00)

[20181127_112056 / libfx_2.py:835] (j6 : Y) flag : flg_A1 ---> conditinos met (UTC=2017.11.13 19:00)
dat['index_start'] = 7 / index_current = 11
dat['price_start'] = 132.049 / price_current = 132.512 / ts = 0.100

[20181127_112056 / libfx_2.py:233] start for-loop ------------------- (11)

[20181127_112056 / libfx_2.py:385] (j1 : Y) flg_Dat ==> True (UTC = 2017.11.13 20:00)

[20181127_112056 / libfx_2.py:405] (j1 : Y : 1 / j1.1) trend --> flat ? (UTC = 2017.11.13 20:00)

[20181127_112056 / libfx_2.py:2192] [is_Trend__Flat] (j1 : Y) equal or more than 5 (12)

[20181127_112056 / libfx_2.py:2219] [is_Trend__Flat] (j1 : Y : 1) get list : last N bars (len = 5 / L_2[-1] = UTC, 2017.11.13 20:00

[20181127_112056 / libfx_2.py:2304] [is_Trend__Flat] (j1 : Y : 4) get val : incli(a value) = 0.058 (UTC = 2017.11.13 20:00)

L_1[-1](lo_BarDatas) = UTC, 2017.11.13 20:00 / L_2[-1] = UTC, 2017.11.13 20:00
<close price>
132.312	132.396	132.440	132.512	132.516	



[20181127_112056 / libfx_2.py:2323] [is_Trend__Flat] (j1 : Y : 4) 2017.11.13 20:00	0.058


[20181127_112056 / libfx_2.py:2380] [is_Trend__Flat] (j2 : N) 2017.11.13 20:00	0.058 (ts = 0.010)


[20181127_112056 / libfx_2.py:447] (j1 : Y : 1 / j1.1 : N) trend --> NOT flat (UTC = 2017.11.13 20:00)

[20181127_112056 / libfx_2.py:553] (j3 : N) flg_A1_tmp ==> False (UTC = 2017.11.13 20:00)

[20181127_112056 / libfx_2.py:741] (j4 : Y) d0 ==> 0.007 (UTC = 2017.11.13 20:00)

[20181127_112056 / libfx_2.py:795] (j4 : Y : 2) dat ==> updated (UTC=2017.11.13 20:00)
dat['price_anchor'] = 132.516
dat['index_anchor'] = 12 (UTC = 2017.11.13 20:00)
dat['price_current'] = 132.516
dat['index_current'] = 12 (UTC = 2017.11.13 20:00)
dat['price_start'] = 132.049
dat['index_start'] = 7 (UTC = 2017.11.13 15:00)

[20181127_112057 / libfx_2.py:233] start for-loop ------------------- (12)

[20181127_112057 / libfx_2.py:385] (j1 : Y) flg_Dat ==> True (UTC = 2017.11.13 21:00)

[20181127_112057 / libfx_2.py:405] (j1 : Y : 1 / j1.1) trend --> flat ? (UTC = 2017.11.13 21:00)

[20181127_112057 / libfx_2.py:2192] [is_Trend__Flat] (j1 : Y) equal or more than 5 (13)

[20181127_112057 / libfx_2.py:2219] [is_Trend__Flat] (j1 : Y : 1) get list : last N bars (len = 5 / L_2[-1] = UTC, 2017.11.13 21:00

[20181127_112057 / libfx_2.py:2304] [is_Trend__Flat] (j1 : Y : 4) get val : incli(a value) = 0.040 (UTC = 2017.11.13 21:00)

L_1[-1](lo_BarDatas) = UTC, 2017.11.13 21:00 / L_2[-1] = UTC, 2017.11.13 21:00
<close price>
132.396	132.440	132.512	132.516	132.497	



[20181127_112057 / libfx_2.py:2323] [is_Trend__Flat] (j1 : Y : 4) 2017.11.13 21:00	0.040


[20181127_112057 / libfx_2.py:2380] [is_Trend__Flat] (j2 : N) 2017.11.13 21:00	0.040 (ts = 0.010)


[20181127_112057 / libfx_2.py:447] (j1 : Y : 1 / j1.1 : N) trend --> NOT flat (UTC = 2017.11.13 21:00)

[20181127_112057 / libfx_2.py:553] (j3 : N) flg_A1_tmp ==> False (UTC = 2017.11.13 21:00)

[20181127_112057 / libfx_2.py:579] (j4 : N) d0 ==> -0.020 (UTC = 2017.11.13 21:00)

[20181127_112057 / libfx_2.py:684] (j5 : N)
e0.price_Close = 132.497
dat['price_start'] = 132.049
ts_DownBar_For_A1__Price = 132.049 (UTC = 2017.11.13 21:00)

[20181127_112057 / libfx_2.py:715] (j5 : N : 1) dat ==> updated
e0.price_Close = 132.497
dat['price_current'] = 132.497
dat['index_current'] = 13
dat['price_start'] = 132.049
dat['index_start'] = 7
(UTC = 2017.11.13 21:00)

[20181127_112057 / libfx_2.py:233] start for-loop ------------------- (13)

[20181127_112057 / libfx_2.py:385] (j1 : Y) flg_Dat ==> True (UTC = 2017.11.13 22:00)

[20181127_112057 / libfx_2.py:405] (j1 : Y : 1 / j1.1) trend --> flat ? (UTC = 2017.11.13 22:00)

[20181127_112057 / libfx_2.py:2192] [is_Trend__Flat] (j1 : Y) equal or more than 5 (14)

[20181127_112057 / libfx_2.py:2219] [is_Trend__Flat] (j1 : Y : 1) get list : last N bars (len = 5 / L_2[-1] = UTC, 2017.11.13 22:00

[20181127_112057 / libfx_2.py:2304] [is_Trend__Flat] (j1 : Y : 4) get val : incli(a value) = 0.024 (UTC = 2017.11.13 22:00)

L_1[-1](lo_BarDatas) = UTC, 2017.11.13 22:00 / L_2[-1] = UTC, 2017.11.13 22:00
<close price>
132.440	132.512	132.516	132.497	132.545	



[20181127_112057 / libfx_2.py:2323] [is_Trend__Flat] (j1 : Y : 4) 2017.11.13 22:00	0.024


[20181127_112057 / libfx_2.py:2380] [is_Trend__Flat] (j2 : N) 2017.11.13 22:00	0.024 (ts = 0.010)


[20181127_112057 / libfx_2.py:447] (j1 : Y : 1 / j1.1 : N) trend --> NOT flat (UTC = 2017.11.13 22:00)

[20181127_112057 / libfx_2.py:553] (j3 : N) flg_A1_tmp ==> False (UTC = 2017.11.13 22:00)

[20181127_112057 / libfx_2.py:741] (j4 : Y) d0 ==> 0.047 (UTC = 2017.11.13 22:00)

[20181127_112057 / libfx_2.py:795] (j4 : Y : 2) dat ==> updated (UTC=2017.11.13 22:00)
dat['price_anchor'] = 132.545
dat['index_anchor'] = 14 (UTC = 2017.11.13 22:00)
dat['price_current'] = 132.545
dat['index_current'] = 14 (UTC = 2017.11.13 22:00)
dat['price_start'] = 132.049
dat['index_start'] = 7 (UTC = 2017.11.13 15:00)

[20181127_112057 / libfx_2.py:233] start for-loop ------------------- (14)

[20181127_112057 / libfx_2.py:385] (j1 : Y) flg_Dat ==> True (UTC = 2017.11.13 23:00)

[20181127_112057 / libfx_2.py:405] (j1 : Y : 1 / j1.1) trend --> flat ? (UTC = 2017.11.13 23:00)

[20181127_112057 / libfx_2.py:2192] [is_Trend__Flat] (j1 : Y) equal or more than 5 (15)

[20181127_112057 / libfx_2.py:2219] [is_Trend__Flat] (j1 : Y : 1) get list : last N bars (len = 5 / L_2[-1] = UTC, 2017.11.13 23:00

[20181127_112057 / libfx_2.py:2304] [is_Trend__Flat] (j1 : Y : 4) get val : incli(a value) = 0.016 (UTC = 2017.11.13 23:00)

L_1[-1](lo_BarDatas) = UTC, 2017.11.13 23:00 / L_2[-1] = UTC, 2017.11.13 23:00
<close price>
132.512	132.516	132.497	132.545	132.551	



[20181127_112057 / libfx_2.py:2323] [is_Trend__Flat] (j1 : Y : 4) 2017.11.13 23:00	0.016


[20181127_112057 / libfx_2.py:2380] [is_Trend__Flat] (j2 : N) 2017.11.13 23:00	0.016 (ts = 0.010)


[20181127_112057 / libfx_2.py:447] (j1 : Y : 1 / j1.1 : N) trend --> NOT flat (UTC = 2017.11.13 23:00)

[20181127_112057 / libfx_2.py:553] (j3 : N) flg_A1_tmp ==> False (UTC = 2017.11.13 23:00)

[20181127_112057 / libfx_2.py:741] (j4 : Y) d0 ==> 0.003 (UTC = 2017.11.13 23:00)

[20181127_112057 / libfx_2.py:795] (j4 : Y : 2) dat ==> updated (UTC=2017.11.13 23:00)
dat['price_anchor'] = 132.551
dat['index_anchor'] = 15 (UTC = 2017.11.13 23:00)
dat['price_current'] = 132.551
dat['index_current'] = 15 (UTC = 2017.11.13 23:00)
dat['price_start'] = 132.049
dat['index_start'] = 7 (UTC = 2017.11.13 15:00)

[20181127_112057 / libfx_2.py:233] start for-loop ------------------- (15)

[20181127_112057 / libfx_2.py:385] (j1 : Y) flg_Dat ==> True (UTC = 2017.11.14 00:00)

[20181127_112057 / libfx_2.py:405] (j1 : Y : 1 / j1.1) trend --> flat ? (UTC = 2017.11.14 00:00)

[20181127_112057 / libfx_2.py:2192] [is_Trend__Flat] (j1 : Y) equal or more than 5 (16)

[20181127_112057 / libfx_2.py:2219] [is_Trend__Flat] (j1 : Y : 1) get list : last N bars (len = 5 / L_2[-1] = UTC, 2017.11.14 00:00

[20181127_112057 / libfx_2.py:2304] [is_Trend__Flat] (j1 : Y : 4) get val : incli(a value) = 0.006 (UTC = 2017.11.14 00:00)

L_1[-1](lo_BarDatas) = UTC, 2017.11.14 00:00 / L_2[-1] = UTC, 2017.11.14 00:00
<close price>
132.516	132.497	132.545	132.551	132.510	



[20181127_112057 / libfx_2.py:2323] [is_Trend__Flat] (j1 : Y : 4) 2017.11.14 00:00	0.006


[20181127_112057 / libfx_2.py:2358] [is_Trend__Flat] (j2 : Y) 2017.11.14 00:00	0.006 (ts = 0.010)


[20181127_112057 / libfx_2.py:473] (j1 : Y : 1 / j1.1 : Y) trend --> flat (UTC = 2017.11.14 00:00)

[20181127_112057 / libfx_2.py:513] (j1 : Y : 1 / j1.1 : Y : 1) dat --> reset done

[20181127_112057 / libfx_2.py:233] start for-loop ------------------- (16)

[20181127_112057 / libfx_2.py:277] (j1 : N) flg_Dat --> not set (False, UTC = 2017.11.14 01:00)

[20181127_112057 / libfx_2.py:303] (j2 : Y) d0 => 0 (d0 = 0.006)

[20181127_112057 / libfx_2.py:336] (j2 : Y : 1) dat --> set (UTC = 2017.11.14 01:00)

[20181127_112058 / libfx_2.py:233] start for-loop ------------------- (17)

[20181127_112058 / libfx_2.py:385] (j1 : Y) flg_Dat ==> True (UTC = 2017.11.14 02:00)

[20181127_112058 / libfx_2.py:405] (j1 : Y : 1 / j1.1) trend --> flat ? (UTC = 2017.11.14 02:00)

[20181127_112058 / libfx_2.py:2192] [is_Trend__Flat] (j1 : Y) equal or more than 5 (18)

[20181127_112058 / libfx_2.py:2219] [is_Trend__Flat] (j1 : Y : 1) get list : last N bars (len = 5 / L_2[-1] = UTC, 2017.11.14 02:00

[20181127_112058 / libfx_2.py:2304] [is_Trend__Flat] (j1 : Y : 4) get val : incli(a value) = 0.008 (UTC = 2017.11.14 02:00)

L_1[-1](lo_BarDatas) = UTC, 2017.11.14 02:00 / L_2[-1] = UTC, 2017.11.14 02:00
<close price>
132.545	132.551	132.510	132.516	132.644	



[20181127_112058 / libfx_2.py:2323] [is_Trend__Flat] (j1 : Y : 4) 2017.11.14 02:00	0.008


[20181127_112058 / libfx_2.py:2358] [is_Trend__Flat] (j2 : Y) 2017.11.14 02:00	0.008 (ts = 0.010)


[20181127_112058 / libfx_2.py:473] (j1 : Y : 1 / j1.1 : Y) trend --> flat (UTC = 2017.11.14 02:00)

[20181127_112058 / libfx_2.py:513] (j1 : Y : 1 / j1.1 : Y : 1) dat --> reset done

[20181127_112058 / libfx_2.py:233] start for-loop ------------------- (18)

[20181127_112058 / libfx_2.py:277] (j1 : N) flg_Dat --> not set (False, UTC = 2017.11.14 03:00)

[20181127_112058 / libfx_2.py:303] (j2 : Y) d0 => 0 (d0 = 0.013)

[20181127_112058 / libfx_2.py:336] (j2 : Y : 1) dat --> set (UTC = 2017.11.14 03:00)

[20181127_112058 / libfx_2.py:233] start for-loop ------------------- (19)

[20181127_112058 / libfx_2.py:385] (j1 : Y) flg_Dat ==> True (UTC = 2017.11.14 04:00)

[20181127_112058 / libfx_2.py:405] (j1 : Y : 1 / j1.1) trend --> flat ? (UTC = 2017.11.14 04:00)

[20181127_112058 / libfx_2.py:2192] [is_Trend__Flat] (j1 : Y) equal or more than 5 (20)

[20181127_112058 / libfx_2.py:2219] [is_Trend__Flat] (j1 : Y : 1) get list : last N bars (len = 5 / L_2[-1] = UTC, 2017.11.14 04:00

[20181127_112058 / libfx_2.py:2304] [is_Trend__Flat] (j1 : Y : 4) get val : incli(a value) = 0.039 (UTC = 2017.11.14 04:00)

L_1[-1](lo_BarDatas) = UTC, 2017.11.14 04:00 / L_2[-1] = UTC, 2017.11.14 04:00
<close price>
132.510	132.516	132.644	132.656	132.635	



[20181127_112058 / libfx_2.py:2323] [is_Trend__Flat] (j1 : Y : 4) 2017.11.14 04:00	0.039


[20181127_112058 / libfx_2.py:2380] [is_Trend__Flat] (j2 : N) 2017.11.14 04:00	0.039 (ts = 0.010)


[20181127_112058 / libfx_2.py:447] (j1 : Y : 1 / j1.1 : N) trend --> NOT flat (UTC = 2017.11.14 04:00)

[20181127_112058 / libfx_2.py:553] (j3 : N) flg_A1_tmp ==> False (UTC = 2017.11.14 04:00)

[20181127_112058 / libfx_2.py:579] (j4 : N) d0 ==> -0.021 (UTC = 2017.11.14 04:00)

[20181127_112058 / libfx_2.py:615] (j5 : Y) 
e0.price_Close = 132.635
ts_DownBar_For_A1__Price = 132.643 (UTC = 2017.11.14 04:00)

[20181127_112058 / libfx_2.py:649] dat --> reset done

[20181127_112058 / libfx_2.py:233] start for-loop ------------------- (20)

[20181127_112058 / libfx_2.py:277] (j1 : N) flg_Dat --> not set (False, UTC = 2017.11.14 05:00)

[20181127_112058 / libfx_2.py:362] (j2 : N) d0 < 0 (d0 = -0.011)

[20181127_112058 / libfx_2.py:233] start for-loop ------------------- (21)

[20181127_112058 / libfx_2.py:277] (j1 : N) flg_Dat --> not set (False, UTC = 2017.11.14 06:00)

[20181127_112058 / libfx_2.py:303] (j2 : Y) d0 => 0 (d0 = 0.030)

[20181127_112058 / libfx_2.py:336] (j2 : Y : 1) dat --> set (UTC = 2017.11.14 06:00)

[20181127_112058 / libfx_2.py:233] start for-loop ------------------- (22)

[20181127_112058 / libfx_2.py:385] (j1 : Y) flg_Dat ==> True (UTC = 2017.11.14 07:00)

[20181127_112058 / libfx_2.py:405] (j1 : Y : 1 / j1.1) trend --> flat ? (UTC = 2017.11.14 07:00)

[20181127_112058 / libfx_2.py:2192] [is_Trend__Flat] (j1 : Y) equal or more than 5 (23)

[20181127_112058 / libfx_2.py:2219] [is_Trend__Flat] (j1 : Y : 1) get list : last N bars (len = 5 / L_2[-1] = UTC, 2017.11.14 07:00

[20181127_112058 / libfx_2.py:2304] [is_Trend__Flat] (j1 : Y : 4) get val : incli(a value) = 0.000 (UTC = 2017.11.14 07:00)

L_1[-1](lo_BarDatas) = UTC, 2017.11.14 07:00 / L_2[-1] = UTC, 2017.11.14 07:00
<close price>
132.656	132.635	132.623	132.654	132.657	



[20181127_112058 / libfx_2.py:2323] [is_Trend__Flat] (j1 : Y : 4) 2017.11.14 07:00	0.000


[20181127_112058 / libfx_2.py:2358] [is_Trend__Flat] (j2 : Y) 2017.11.14 07:00	0.000 (ts = 0.010)


[20181127_112058 / libfx_2.py:473] (j1 : Y : 1 / j1.1 : Y) trend --> flat (UTC = 2017.11.14 07:00)

[20181127_112059 / libfx_2.py:513] (j1 : Y : 1 / j1.1 : Y : 1) dat --> reset done

[20181127_112059 / libfx_2.py:233] start for-loop ------------------- (23)

[20181127_112059 / libfx_2.py:277] (j1 : N) flg_Dat --> not set (False, UTC = 2017.11.14 08:00)

[20181127_112059 / libfx_2.py:362] (j2 : N) d0 < 0 (d0 = -0.081)

[20181127_112059 / libfx_2.py:233] start for-loop ------------------- (24)

[20181127_112059 / libfx_2.py:277] (j1 : N) flg_Dat --> not set (False, UTC = 2017.11.14 09:00)

[20181127_112059 / libfx_2.py:303] (j2 : Y) d0 => 0 (d0 = 0.370)

[20181127_112059 / libfx_2.py:336] (j2 : Y : 1) dat --> set (UTC = 2017.11.14 09:00)

[20181127_112059 / libfx_2.py:233] start for-loop ------------------- (25)

[20181127_112059 / libfx_2.py:385] (j1 : Y) flg_Dat ==> True (UTC = 2017.11.14 10:00)

[20181127_112059 / libfx_2.py:405] (j1 : Y : 1 / j1.1) trend --> flat ? (UTC = 2017.11.14 10:00)

[20181127_112059 / libfx_2.py:2192] [is_Trend__Flat] (j1 : Y) equal or more than 5 (26)

[20181127_112059 / libfx_2.py:2219] [is_Trend__Flat] (j1 : Y : 1) get list : last N bars (len = 5 / L_2[-1] = UTC, 2017.11.14 10:00

[20181127_112059 / libfx_2.py:2304] [is_Trend__Flat] (j1 : Y : 4) get val : incli(a value) = 0.111 (UTC = 2017.11.14 10:00)

L_1[-1](lo_BarDatas) = UTC, 2017.11.14 10:00 / L_2[-1] = UTC, 2017.11.14 10:00
<close price>
132.654	132.657	132.576	132.946	133.333	



[20181127_112059 / libfx_2.py:2323] [is_Trend__Flat] (j1 : Y : 4) 2017.11.14 10:00	0.111


[20181127_112059 / libfx_2.py:2380] [is_Trend__Flat] (j2 : N) 2017.11.14 10:00	0.111 (ts = 0.010)


[20181127_112059 / libfx_2.py:447] (j1 : Y : 1 / j1.1 : N) trend --> NOT flat (UTC = 2017.11.14 10:00)

[20181127_112059 / libfx_2.py:553] (j3 : N) flg_A1_tmp ==> False (UTC = 2017.11.14 10:00)

[20181127_112059 / libfx_2.py:741] (j4 : Y) d0 ==> 0.388 (UTC = 2017.11.14 10:00)

[20181127_112059 / libfx_2.py:795] (j4 : Y : 2) dat ==> updated (UTC=2017.11.14 10:00)
dat['price_anchor'] = 133.333
dat['index_anchor'] = 26 (UTC = 2017.11.14 10:00)
dat['price_current'] = 133.333
dat['index_current'] = 26 (UTC = 2017.11.14 10:00)
dat['price_start'] = 132.576
dat['index_start'] = 25 (UTC = 2017.11.14 09:00)

[20181127_112059 / libfx_2.py:233] start for-loop ------------------- (26)

[20181127_112059 / libfx_2.py:385] (j1 : Y) flg_Dat ==> True (UTC = 2017.11.14 11:00)

[20181127_112059 / libfx_2.py:405] (j1 : Y : 1 / j1.1) trend --> flat ? (UTC = 2017.11.14 11:00)

[20181127_112059 / libfx_2.py:2192] [is_Trend__Flat] (j1 : Y) equal or more than 5 (27)

[20181127_112059 / libfx_2.py:2219] [is_Trend__Flat] (j1 : Y : 1) get list : last N bars (len = 5 / L_2[-1] = UTC, 2017.11.14 11:00

[20181127_112059 / libfx_2.py:2304] [is_Trend__Flat] (j1 : Y : 4) get val : incli(a value) = 0.186 (UTC = 2017.11.14 11:00)

L_1[-1](lo_BarDatas) = UTC, 2017.11.14 11:00 / L_2[-1] = UTC, 2017.11.14 11:00
<close price>
132.657	132.576	132.946	133.333	133.312	



[20181127_112059 / libfx_2.py:2323] [is_Trend__Flat] (j1 : Y : 4) 2017.11.14 11:00	0.186


[20181127_112059 / libfx_2.py:2380] [is_Trend__Flat] (j2 : N) 2017.11.14 11:00	0.186 (ts = 0.010)


[20181127_112059 / libfx_2.py:447] (j1 : Y : 1 / j1.1 : N) trend --> NOT flat (UTC = 2017.11.14 11:00)

[20181127_112059 / libfx_2.py:553] (j3 : N) flg_A1_tmp ==> False (UTC = 2017.11.14 11:00)

[20181127_112059 / libfx_2.py:579] (j4 : N) d0 ==> -0.021 (UTC = 2017.11.14 11:00)

[20181127_112059 / libfx_2.py:684] (j5 : N)
e0.price_Close = 133.312
dat['price_start'] = 132.576
ts_DownBar_For_A1__Price = 132.576 (UTC = 2017.11.14 11:00)

[20181127_112059 / libfx_2.py:715] (j5 : N : 1) dat ==> updated
e0.price_Close = 133.312
dat['price_current'] = 133.312
dat['index_current'] = 27
dat['price_start'] = 132.576
dat['index_start'] = 25
(UTC = 2017.11.14 11:00)

[20181127_112059 / libfx_2.py:233] start for-loop ------------------- (27)

[20181127_112059 / libfx_2.py:385] (j1 : Y) flg_Dat ==> True (UTC = 2017.11.14 12:00)

[20181127_112059 / libfx_2.py:405] (j1 : Y : 1 / j1.1) trend --> flat ? (UTC = 2017.11.14 12:00)

[20181127_112059 / libfx_2.py:2192] [is_Trend__Flat] (j1 : Y) equal or more than 5 (28)

[20181127_112100 / libfx_2.py:2219] [is_Trend__Flat] (j1 : Y : 1) get list : last N bars (len = 5 / L_2[-1] = UTC, 2017.11.14 12:00

[20181127_112100 / libfx_2.py:2304] [is_Trend__Flat] (j1 : Y : 4) get val : incli(a value) = 0.188 (UTC = 2017.11.14 12:00)

L_1[-1](lo_BarDatas) = UTC, 2017.11.14 12:00 / L_2[-1] = UTC, 2017.11.14 12:00
<close price>
132.576	132.946	133.333	133.312	133.240	



[20181127_112100 / libfx_2.py:2323] [is_Trend__Flat] (j1 : Y : 4) 2017.11.14 12:00	0.188


[20181127_112100 / libfx_2.py:2380] [is_Trend__Flat] (j2 : N) 2017.11.14 12:00	0.188 (ts = 0.010)


[20181127_112100 / libfx_2.py:447] (j1 : Y : 1 / j1.1 : N) trend --> NOT flat (UTC = 2017.11.14 12:00)

[20181127_112100 / libfx_2.py:553] (j3 : N) flg_A1_tmp ==> False (UTC = 2017.11.14 12:00)

[20181127_112100 / libfx_2.py:579] (j4 : N) d0 ==> -0.073 (UTC = 2017.11.14 12:00)

[20181127_112100 / libfx_2.py:684] (j5 : N)
e0.price_Close = 133.240
dat['price_start'] = 132.576
ts_DownBar_For_A1__Price = 132.576 (UTC = 2017.11.14 12:00)

[20181127_112100 / libfx_2.py:715] (j5 : N : 1) dat ==> updated
e0.price_Close = 133.240
dat['price_current'] = 133.240
dat['index_current'] = 28
dat['price_start'] = 132.576
dat['index_start'] = 25
(UTC = 2017.11.14 12:00)

[20181127_112100 / libfx_2.py:233] start for-loop ------------------- (28)

[20181127_112100 / libfx_2.py:385] (j1 : Y) flg_Dat ==> True (UTC = 2017.11.14 13:00)

[20181127_112100 / libfx_2.py:405] (j1 : Y : 1 / j1.1) trend --> flat ? (UTC = 2017.11.14 13:00)

[20181127_112100 / libfx_2.py:2192] [is_Trend__Flat] (j1 : Y) equal or more than 5 (29)

[20181127_112100 / libfx_2.py:2219] [is_Trend__Flat] (j1 : Y : 1) get list : last N bars (len = 5 / L_2[-1] = UTC, 2017.11.14 13:00

[20181127_112100 / libfx_2.py:2304] [is_Trend__Flat] (j1 : Y : 4) get val : incli(a value) = 0.110 (UTC = 2017.11.14 13:00)

L_1[-1](lo_BarDatas) = UTC, 2017.11.14 13:00 / L_2[-1] = UTC, 2017.11.14 13:00
<close price>
132.946	133.333	133.312	133.240	133.241	



[20181127_112100 / libfx_2.py:2323] [is_Trend__Flat] (j1 : Y : 4) 2017.11.14 13:00	0.110


[20181127_112100 / libfx_2.py:2380] [is_Trend__Flat] (j2 : N) 2017.11.14 13:00	0.110 (ts = 0.010)


[20181127_112100 / libfx_2.py:447] (j1 : Y : 1 / j1.1 : N) trend --> NOT flat (UTC = 2017.11.14 13:00)

[20181127_112100 / libfx_2.py:553] (j3 : N) flg_A1_tmp ==> False (UTC = 2017.11.14 13:00)

[20181127_112100 / libfx_2.py:579] (j4 : N) d0 ==> -0.001 (UTC = 2017.11.14 13:00)

[20181127_112100 / libfx_2.py:684] (j5 : N)
e0.price_Close = 133.241
dat['price_start'] = 132.576
ts_DownBar_For_A1__Price = 132.576 (UTC = 2017.11.14 13:00)

[20181127_112100 / libfx_2.py:715] (j5 : N : 1) dat ==> updated
e0.price_Close = 133.241
dat['price_current'] = 133.241
dat['index_current'] = 29
dat['price_start'] = 132.576
dat['index_start'] = 25
(UTC = 2017.11.14 13:00)

[20181127_112100 / libfx_2.py:233] start for-loop ------------------- (29)

[20181127_112100 / libfx_2.py:385] (j1 : Y) flg_Dat ==> True (UTC = 2017.11.14 14:00)

[20181127_112100 / libfx_2.py:405] (j1 : Y : 1 / j1.1) trend --> flat ? (UTC = 2017.11.14 14:00)

[20181127_112100 / libfx_2.py:2192] [is_Trend__Flat] (j1 : Y) equal or more than 5 (30)

[20181127_112100 / libfx_2.py:2219] [is_Trend__Flat] (j1 : Y : 1) get list : last N bars (len = 5 / L_2[-1] = UTC, 2017.11.14 14:00

[20181127_112100 / libfx_2.py:2304] [is_Trend__Flat] (j1 : Y : 4) get val : incli(a value) = 0.028 (UTC = 2017.11.14 14:00)

L_1[-1](lo_BarDatas) = UTC, 2017.11.14 14:00 / L_2[-1] = UTC, 2017.11.14 14:00
<close price>
133.333	133.312	133.240	133.241	133.395	



[20181127_112100 / libfx_2.py:2323] [is_Trend__Flat] (j1 : Y : 4) 2017.11.14 14:00	0.028


[20181127_112100 / libfx_2.py:2380] [is_Trend__Flat] (j2 : N) 2017.11.14 14:00	0.028 (ts = 0.010)


[20181127_112100 / libfx_2.py:447] (j1 : Y : 1 / j1.1 : N) trend --> NOT flat (UTC = 2017.11.14 14:00)

[20181127_112100 / libfx_2.py:553] (j3 : N) flg_A1_tmp ==> False (UTC = 2017.11.14 14:00)

[20181127_112100 / libfx_2.py:741] (j4 : Y) d0 ==> 0.153 (UTC = 2017.11.14 14:00)

[20181127_112100 / libfx_2.py:795] (j4 : Y : 2) dat ==> updated (UTC=2017.11.14 14:00)
dat['price_anchor'] = 133.395
dat['index_anchor'] = 30 (UTC = 2017.11.14 14:00)
dat['price_current'] = 133.395
dat['index_current'] = 30 (UTC = 2017.11.14 14:00)
dat['price_start'] = 132.576
dat['index_start'] = 25 (UTC = 2017.11.14 09:00)

[20181127_112100 / libfx_2.py:233] start for-loop ------------------- (30)

[20181127_112100 / libfx_2.py:385] (j1 : Y) flg_Dat ==> True (UTC = 2017.11.14 15:00)

[20181127_112100 / libfx_2.py:405] (j1 : Y : 1 / j1.1) trend --> flat ? (UTC = 2017.11.14 15:00)

[20181127_112100 / libfx_2.py:2192] [is_Trend__Flat] (j1 : Y) equal or more than 5 (31)

[20181127_112100 / libfx_2.py:2219] [is_Trend__Flat] (j1 : Y : 1) get list : last N bars (len = 5 / L_2[-1] = UTC, 2017.11.14 15:00

[20181127_112100 / libfx_2.py:2304] [is_Trend__Flat] (j1 : Y : 4) get val : incli(a value) = 0.029 (UTC = 2017.11.14 15:00)

L_1[-1](lo_BarDatas) = UTC, 2017.11.14 15:00 / L_2[-1] = UTC, 2017.11.14 15:00
<close price>
133.312	133.240	133.241	133.395	133.496	



[20181127_112100 / libfx_2.py:2323] [is_Trend__Flat] (j1 : Y : 4) 2017.11.14 15:00	0.029


[20181127_112100 / libfx_2.py:2380] [is_Trend__Flat] (j2 : N) 2017.11.14 15:00	0.029 (ts = 0.010)


[20181127_112100 / libfx_2.py:447] (j1 : Y : 1 / j1.1 : N) trend --> NOT flat (UTC = 2017.11.14 15:00)

[20181127_112100 / libfx_2.py:553] (j3 : N) flg_A1_tmp ==> False (UTC = 2017.11.14 15:00)

[20181127_112100 / libfx_2.py:741] (j4 : Y) d0 ==> 0.101 (UTC = 2017.11.14 15:00)

[20181127_112100 / libfx_2.py:795] (j4 : Y : 2) dat ==> updated (UTC=2017.11.14 15:00)
dat['price_anchor'] = 133.496
dat['index_anchor'] = 31 (UTC = 2017.11.14 15:00)
dat['price_current'] = 133.496
dat['index_current'] = 31 (UTC = 2017.11.14 15:00)
dat['price_start'] = 132.576
dat['index_start'] = 25 (UTC = 2017.11.14 09:00)

[20181127_112100 / libfx_2.py:233] start for-loop ------------------- (31)

[20181127_112100 / libfx_2.py:385] (j1 : Y) flg_Dat ==> True (UTC = 2017.11.14 16:00)

[20181127_112100 / libfx_2.py:405] (j1 : Y : 1 / j1.1) trend --> flat ? (UTC = 2017.11.14 16:00)

[20181127_112100 / libfx_2.py:2192] [is_Trend__Flat] (j1 : Y) equal or more than 5 (32)

[20181127_112100 / libfx_2.py:2219] [is_Trend__Flat] (j1 : Y : 1) get list : last N bars (len = 5 / L_2[-1] = UTC, 2017.11.14 16:00

[20181127_112100 / libfx_2.py:2304] [is_Trend__Flat] (j1 : Y : 4) get val : incli(a value) = 0.052 (UTC = 2017.11.14 16:00)

L_1[-1](lo_BarDatas) = UTC, 2017.11.14 16:00 / L_2[-1] = UTC, 2017.11.14 16:00
<close price>
133.240	133.241	133.395	133.496	133.375	



[20181127_112101 / libfx_2.py:2323] [is_Trend__Flat] (j1 : Y : 4) 2017.11.14 16:00	0.052


[20181127_112101 / libfx_2.py:2380] [is_Trend__Flat] (j2 : N) 2017.11.14 16:00	0.052 (ts = 0.010)


[20181127_112101 / libfx_2.py:447] (j1 : Y : 1 / j1.1 : N) trend --> NOT flat (UTC = 2017.11.14 16:00)

[20181127_112101 / libfx_2.py:553] (j3 : N) flg_A1_tmp ==> False (UTC = 2017.11.14 16:00)

[20181127_112101 / libfx_2.py:579] (j4 : N) d0 ==> -0.122 (UTC = 2017.11.14 16:00)

[20181127_112101 / libfx_2.py:684] (j5 : N)
e0.price_Close = 133.375
dat['price_start'] = 132.576
ts_DownBar_For_A1__Price = 132.576 (UTC = 2017.11.14 16:00)

[20181127_112101 / libfx_2.py:715] (j5 : N : 1) dat ==> updated
e0.price_Close = 133.375
dat['price_current'] = 133.375
dat['index_current'] = 32
dat['price_start'] = 132.576
dat['index_start'] = 25
(UTC = 2017.11.14 16:00)

[20181127_112101 / libfx_2.py:233] start for-loop ------------------- (32)

[20181127_112101 / libfx_2.py:385] (j1 : Y) flg_Dat ==> True (UTC = 2017.11.14 17:00)

[20181127_112101 / libfx_2.py:405] (j1 : Y : 1 / j1.1) trend --> flat ? (UTC = 2017.11.14 17:00)

[20181127_112101 / libfx_2.py:2192] [is_Trend__Flat] (j1 : Y) equal or more than 5 (33)

[20181127_112101 / libfx_2.py:2219] [is_Trend__Flat] (j1 : Y : 1) get list : last N bars (len = 5 / L_2[-1] = UTC, 2017.11.14 17:00

[20181127_112101 / libfx_2.py:2304] [is_Trend__Flat] (j1 : Y : 4) get val : incli(a value) = 0.037 (UTC = 2017.11.14 17:00)

L_1[-1](lo_BarDatas) = UTC, 2017.11.14 17:00 / L_2[-1] = UTC, 2017.11.14 17:00
<close price>
133.241	133.395	133.496	133.375	133.371	



[20181127_112101 / libfx_2.py:2323] [is_Trend__Flat] (j1 : Y : 4) 2017.11.14 17:00	0.037


[20181127_112101 / libfx_2.py:2380] [is_Trend__Flat] (j2 : N) 2017.11.14 17:00	0.037 (ts = 0.010)


[20181127_112101 / libfx_2.py:447] (j1 : Y : 1 / j1.1 : N) trend --> NOT flat (UTC = 2017.11.14 17:00)

[20181127_112101 / libfx_2.py:553] (j3 : N) flg_A1_tmp ==> False (UTC = 2017.11.14 17:00)

[20181127_112101 / libfx_2.py:741] (j4 : Y) d0 ==> 0.003 (UTC = 2017.11.14 17:00)

[20181127_112101 / libfx_2.py:795] (j4 : Y : 2) dat ==> updated (UTC=2017.11.14 17:00)
dat['price_anchor'] = 133.496
dat['index_anchor'] = 31 (UTC = 2017.11.14 15:00)
dat['price_current'] = 133.371
dat['index_current'] = 33 (UTC = 2017.11.14 15:00)
dat['price_start'] = 132.576
dat['index_start'] = 25 (UTC = 2017.11.14 09:00)

[20181127_112101 / libfx_2.py:233] start for-loop ------------------- (33)

[20181127_112101 / libfx_2.py:385] (j1 : Y) flg_Dat ==> True (UTC = 2017.11.14 18:00)

[20181127_112101 / libfx_2.py:405] (j1 : Y : 1 / j1.1) trend --> flat ? (UTC = 2017.11.14 18:00)

[20181127_112101 / libfx_2.py:2192] [is_Trend__Flat] (j1 : Y) equal or more than 5 (34)

[20181127_112101 / libfx_2.py:2219] [is_Trend__Flat] (j1 : Y : 1) get list : last N bars (len = 5 / L_2[-1] = UTC, 2017.11.14 18:00

[20181127_112101 / libfx_2.py:2304] [is_Trend__Flat] (j1 : Y : 4) get val : incli(a value) = 0.018 (UTC = 2017.11.14 18:00)

L_1[-1](lo_BarDatas) = UTC, 2017.11.14 18:00 / L_2[-1] = UTC, 2017.11.14 18:00
<close price>
133.395	133.496	133.375	133.371	133.518	



[20181127_112101 / libfx_2.py:2323] [is_Trend__Flat] (j1 : Y : 4) 2017.11.14 18:00	0.018


[20181127_112101 / libfx_2.py:2380] [is_Trend__Flat] (j2 : N) 2017.11.14 18:00	0.018 (ts = 0.010)


[20181127_112101 / libfx_2.py:447] (j1 : Y : 1 / j1.1 : N) trend --> NOT flat (UTC = 2017.11.14 18:00)

[20181127_112101 / libfx_2.py:553] (j3 : N) flg_A1_tmp ==> False (UTC = 2017.11.14 18:00)

[20181127_112101 / libfx_2.py:741] (j4 : Y) d0 ==> 0.146 (UTC = 2017.11.14 18:00)

[20181127_112101 / libfx_2.py:795] (j4 : Y : 2) dat ==> updated (UTC=2017.11.14 18:00)
dat['price_anchor'] = 133.518
dat['index_anchor'] = 34 (UTC = 2017.11.14 18:00)
dat['price_current'] = 133.518
dat['index_current'] = 34 (UTC = 2017.11.14 18:00)
dat['price_start'] = 132.576
dat['index_start'] = 25 (UTC = 2017.11.14 09:00)

[20181127_112101 / libfx_2.py:233] start for-loop ------------------- (34)

[20181127_112101 / libfx_2.py:385] (j1 : Y) flg_Dat ==> True (UTC = 2017.11.14 19:00)

[20181127_112101 / libfx_2.py:405] (j1 : Y : 1 / j1.1) trend --> flat ? (UTC = 2017.11.14 19:00)

[20181127_112101 / libfx_2.py:2192] [is_Trend__Flat] (j1 : Y) equal or more than 5 (35)

[20181127_112101 / libfx_2.py:2219] [is_Trend__Flat] (j1 : Y : 1) get list : last N bars (len = 5 / L_2[-1] = UTC, 2017.11.14 19:00

[20181127_112101 / libfx_2.py:2304] [is_Trend__Flat] (j1 : Y : 4) get val : incli(a value) = 0.025 (UTC = 2017.11.14 19:00)

L_1[-1](lo_BarDatas) = UTC, 2017.11.14 19:00 / L_2[-1] = UTC, 2017.11.14 19:00
<close price>
133.496	133.375	133.371	133.518	133.615	



[20181127_112101 / libfx_2.py:2323] [is_Trend__Flat] (j1 : Y : 4) 2017.11.14 19:00	0.025


[20181127_112101 / libfx_2.py:2380] [is_Trend__Flat] (j2 : N) 2017.11.14 19:00	0.025 (ts = 0.010)


[20181127_112101 / libfx_2.py:447] (j1 : Y : 1 / j1.1 : N) trend --> NOT flat (UTC = 2017.11.14 19:00)

[20181127_112101 / libfx_2.py:553] (j3 : N) flg_A1_tmp ==> False (UTC = 2017.11.14 19:00)

[20181127_112101 / libfx_2.py:741] (j4 : Y) d0 ==> 0.096 (UTC = 2017.11.14 19:00)

[20181127_112101 / libfx_2.py:795] (j4 : Y : 2) dat ==> updated (UTC=2017.11.14 19:00)
dat['price_anchor'] = 133.615
dat['index_anchor'] = 35 (UTC = 2017.11.14 19:00)
dat['price_current'] = 133.615
dat['index_current'] = 35 (UTC = 2017.11.14 19:00)
dat['price_start'] = 132.576
dat['index_start'] = 25 (UTC = 2017.11.14 09:00)

[20181127_112102 / libfx_2.py:233] start for-loop ------------------- (35)

[20181127_112102 / libfx_2.py:385] (j1 : Y) flg_Dat ==> True (UTC = 2017.11.14 20:00)

[20181127_112102 / libfx_2.py:405] (j1 : Y : 1 / j1.1) trend --> flat ? (UTC = 2017.11.14 20:00)

[20181127_112102 / libfx_2.py:2192] [is_Trend__Flat] (j1 : Y) equal or more than 5 (36)

[20181127_112102 / libfx_2.py:2219] [is_Trend__Flat] (j1 : Y : 1) get list : last N bars (len = 5 / L_2[-1] = UTC, 2017.11.14 20:00

[20181127_112102 / libfx_2.py:2304] [is_Trend__Flat] (j1 : Y : 4) get val : incli(a value) = 0.071 (UTC = 2017.11.14 20:00)

L_1[-1](lo_BarDatas) = UTC, 2017.11.14 20:00 / L_2[-1] = UTC, 2017.11.14 20:00
<close price>
133.375	133.371	133.518	133.615	133.768	



[20181127_112102 / libfx_2.py:2323] [is_Trend__Flat] (j1 : Y : 4) 2017.11.14 20:00	0.071


[20181127_112102 / libfx_2.py:2380] [is_Trend__Flat] (j2 : N) 2017.11.14 20:00	0.071 (ts = 0.010)


[20181127_112102 / libfx_2.py:447] (j1 : Y : 1 / j1.1 : N) trend --> NOT flat (UTC = 2017.11.14 20:00)

[20181127_112102 / libfx_2.py:553] (j3 : N) flg_A1_tmp ==> False (UTC = 2017.11.14 20:00)

[20181127_112102 / libfx_2.py:741] (j4 : Y) d0 ==> 0.153 (UTC = 2017.11.14 20:00)

[20181127_112102 / libfx_2.py:795] (j4 : Y : 2) dat ==> updated (UTC=2017.11.14 20:00)
dat['price_anchor'] = 133.768
dat['index_anchor'] = 36 (UTC = 2017.11.14 20:00)
dat['price_current'] = 133.768
dat['index_current'] = 36 (UTC = 2017.11.14 20:00)
dat['price_start'] = 132.576
dat['index_start'] = 25 (UTC = 2017.11.14 09:00)

[20181127_112102 / libfx_2.py:233] start for-loop ------------------- (36)

[20181127_112102 / libfx_2.py:385] (j1 : Y) flg_Dat ==> True (UTC = 2017.11.14 21:00)

[20181127_112102 / libfx_2.py:405] (j1 : Y : 1 / j1.1) trend --> flat ? (UTC = 2017.11.14 21:00)

[20181127_112102 / libfx_2.py:2192] [is_Trend__Flat] (j1 : Y) equal or more than 5 (37)

[20181127_112102 / libfx_2.py:2219] [is_Trend__Flat] (j1 : Y : 1) get list : last N bars (len = 5 / L_2[-1] = UTC, 2017.11.14 21:00

[20181127_112102 / libfx_2.py:2304] [is_Trend__Flat] (j1 : Y : 4) get val : incli(a value) = 0.101 (UTC = 2017.11.14 21:00)

L_1[-1](lo_BarDatas) = UTC, 2017.11.14 21:00 / L_2[-1] = UTC, 2017.11.14 21:00
<close price>
133.371	133.518	133.615	133.768	133.735	



[20181127_112102 / libfx_2.py:2323] [is_Trend__Flat] (j1 : Y : 4) 2017.11.14 21:00	0.101


[20181127_112102 / libfx_2.py:2380] [is_Trend__Flat] (j2 : N) 2017.11.14 21:00	0.101 (ts = 0.010)


[20181127_112102 / libfx_2.py:447] (j1 : Y : 1 / j1.1 : N) trend --> NOT flat (UTC = 2017.11.14 21:00)

[20181127_112102 / libfx_2.py:553] (j3 : N) flg_A1_tmp ==> False (UTC = 2017.11.14 21:00)

[20181127_112102 / libfx_2.py:579] (j4 : N) d0 ==> -0.032 (UTC = 2017.11.14 21:00)

[20181127_112102 / libfx_2.py:684] (j5 : N)
e0.price_Close = 133.735
dat['price_start'] = 132.576
ts_DownBar_For_A1__Price = 132.576 (UTC = 2017.11.14 21:00)

[20181127_112102 / libfx_2.py:715] (j5 : N : 1) dat ==> updated
e0.price_Close = 133.735
dat['price_current'] = 133.735
dat['index_current'] = 37
dat['price_start'] = 132.576
dat['index_start'] = 25
(UTC = 2017.11.14 21:00)

[20181127_112102 / libfx_2.py:233] start for-loop ------------------- (37)

[20181127_112102 / libfx_2.py:385] (j1 : Y) flg_Dat ==> True (UTC = 2017.11.14 22:00)

[20181127_112102 / libfx_2.py:405] (j1 : Y : 1 / j1.1) trend --> flat ? (UTC = 2017.11.14 22:00)

[20181127_112102 / libfx_2.py:2192] [is_Trend__Flat] (j1 : Y) equal or more than 5 (38)

[20181127_112102 / libfx_2.py:2219] [is_Trend__Flat] (j1 : Y : 1) get list : last N bars (len = 5 / L_2[-1] = UTC, 2017.11.14 22:00

[20181127_112102 / libfx_2.py:2304] [is_Trend__Flat] (j1 : Y : 4) get val : incli(a value) = 0.080 (UTC = 2017.11.14 22:00)

L_1[-1](lo_BarDatas) = UTC, 2017.11.14 22:00 / L_2[-1] = UTC, 2017.11.14 22:00
<close price>
133.518	133.615	133.768	133.735	133.771	



[20181127_112102 / libfx_2.py:2323] [is_Trend__Flat] (j1 : Y : 4) 2017.11.14 22:00	0.080


[20181127_112102 / libfx_2.py:2380] [is_Trend__Flat] (j2 : N) 2017.11.14 22:00	0.080 (ts = 0.010)


[20181127_112102 / libfx_2.py:447] (j1 : Y : 1 / j1.1 : N) trend --> NOT flat (UTC = 2017.11.14 22:00)

[20181127_112102 / libfx_2.py:553] (j3 : N) flg_A1_tmp ==> False (UTC = 2017.11.14 22:00)

[20181127_112102 / libfx_2.py:741] (j4 : Y) d0 ==> 0.035 (UTC = 2017.11.14 22:00)

[20181127_112102 / libfx_2.py:795] (j4 : Y : 2) dat ==> updated (UTC=2017.11.14 22:00)
dat['price_anchor'] = 133.771
dat['index_anchor'] = 38 (UTC = 2017.11.14 22:00)
dat['price_current'] = 133.771
dat['index_current'] = 38 (UTC = 2017.11.14 22:00)
dat['price_start'] = 132.576
dat['index_start'] = 25 (UTC = 2017.11.14 09:00)

[20181127_112102 / libfx_2.py:233] start for-loop ------------------- (38)

[20181127_112103 / libfx_2.py:385] (j1 : Y) flg_Dat ==> True (UTC = 2017.11.14 23:00)

[20181127_112103 / libfx_2.py:405] (j1 : Y : 1 / j1.1) trend --> flat ? (UTC = 2017.11.14 23:00)

[20181127_112103 / libfx_2.py:2192] [is_Trend__Flat] (j1 : Y) equal or more than 5 (39)

[20181127_112103 / libfx_2.py:2219] [is_Trend__Flat] (j1 : Y : 1) get list : last N bars (len = 5 / L_2[-1] = UTC, 2017.11.14 23:00

[20181127_112103 / libfx_2.py:2304] [is_Trend__Flat] (j1 : Y : 4) get val : incli(a value) = 0.054 (UTC = 2017.11.14 23:00)

L_1[-1](lo_BarDatas) = UTC, 2017.11.14 23:00 / L_2[-1] = UTC, 2017.11.14 23:00
<close price>
133.615	133.768	133.735	133.771	133.844	



[20181127_112103 / libfx_2.py:2323] [is_Trend__Flat] (j1 : Y : 4) 2017.11.14 23:00	0.054


[20181127_112103 / libfx_2.py:2380] [is_Trend__Flat] (j2 : N) 2017.11.14 23:00	0.054 (ts = 0.010)


[20181127_112103 / libfx_2.py:447] (j1 : Y : 1 / j1.1 : N) trend --> NOT flat (UTC = 2017.11.14 23:00)

[20181127_112103 / libfx_2.py:553] (j3 : N) flg_A1_tmp ==> False (UTC = 2017.11.14 23:00)

[20181127_112103 / libfx_2.py:741] (j4 : Y) d0 ==> 0.072 (UTC = 2017.11.14 23:00)

[20181127_112103 / libfx_2.py:795] (j4 : Y : 2) dat ==> updated (UTC=2017.11.14 23:00)
dat['price_anchor'] = 133.844
dat['index_anchor'] = 39 (UTC = 2017.11.14 23:00)
dat['price_current'] = 133.844
dat['index_current'] = 39 (UTC = 2017.11.14 23:00)
dat['price_start'] = 132.576
dat['index_start'] = 25 (UTC = 2017.11.14 09:00)

[20181127_112103 / libfx_2.py:233] start for-loop ------------------- (39)

[20181127_112103 / libfx_2.py:385] (j1 : Y) flg_Dat ==> True (UTC = 2017.11.15 00:00)

[20181127_112103 / libfx_2.py:405] (j1 : Y : 1 / j1.1) trend --> flat ? (UTC = 2017.11.15 00:00)

[20181127_112103 / libfx_2.py:2192] [is_Trend__Flat] (j1 : Y) equal or more than 5 (40)

[20181127_112103 / libfx_2.py:2219] [is_Trend__Flat] (j1 : Y : 1) get list : last N bars (len = 5 / L_2[-1] = UTC, 2017.11.15 00:00

[20181127_112103 / libfx_2.py:2304] [is_Trend__Flat] (j1 : Y : 4) get val : incli(a value) = 0.031 (UTC = 2017.11.15 00:00)

L_1[-1](lo_BarDatas) = UTC, 2017.11.15 00:00 / L_2[-1] = UTC, 2017.11.15 00:00
<close price>
133.768	133.735	133.771	133.844	133.870	



[20181127_112103 / libfx_2.py:2323] [is_Trend__Flat] (j1 : Y : 4) 2017.11.15 00:00	0.031


[20181127_112103 / libfx_2.py:2380] [is_Trend__Flat] (j2 : N) 2017.11.15 00:00	0.031 (ts = 0.010)


[20181127_112103 / libfx_2.py:447] (j1 : Y : 1 / j1.1 : N) trend --> NOT flat (UTC = 2017.11.15 00:00)

[20181127_112103 / libfx_2.py:553] (j3 : N) flg_A1_tmp ==> False (UTC = 2017.11.15 00:00)

[20181127_112103 / libfx_2.py:741] (j4 : Y) d0 ==> 0.101 (UTC = 2017.11.15 00:00)

[20181127_112103 / libfx_2.py:795] (j4 : Y : 2) dat ==> updated (UTC=2017.11.15 00:00)
dat['price_anchor'] = 133.870
dat['index_anchor'] = 40 (UTC = 2017.11.15 00:00)
dat['price_current'] = 133.870
dat['index_current'] = 40 (UTC = 2017.11.15 00:00)
dat['price_start'] = 132.576
dat['index_start'] = 25 (UTC = 2017.11.14 09:00)

[20181127_112103 / libfx_2.py:233] start for-loop ------------------- (40)

[20181127_112103 / libfx_2.py:385] (j1 : Y) flg_Dat ==> True (UTC = 2017.11.15 01:00)

[20181127_112103 / libfx_2.py:405] (j1 : Y : 1 / j1.1) trend --> flat ? (UTC = 2017.11.15 01:00)

[20181127_112103 / libfx_2.py:2192] [is_Trend__Flat] (j1 : Y) equal or more than 5 (41)

[20181127_112103 / libfx_2.py:2219] [is_Trend__Flat] (j1 : Y : 1) get list : last N bars (len = 5 / L_2[-1] = UTC, 2017.11.15 01:00

[20181127_112103 / libfx_2.py:2304] [is_Trend__Flat] (j1 : Y : 4) get val : incli(a value) = 0.016 (UTC = 2017.11.15 01:00)

L_1[-1](lo_BarDatas) = UTC, 2017.11.15 01:00 / L_2[-1] = UTC, 2017.11.15 01:00
<close price>
133.735	133.771	133.844	133.870	133.725	



[20181127_112103 / libfx_2.py:2323] [is_Trend__Flat] (j1 : Y : 4) 2017.11.15 01:00	0.016


[20181127_112103 / libfx_2.py:2380] [is_Trend__Flat] (j2 : N) 2017.11.15 01:00	0.016 (ts = 0.010)


[20181127_112103 / libfx_2.py:447] (j1 : Y : 1 / j1.1 : N) trend --> NOT flat (UTC = 2017.11.15 01:00)

[20181127_112103 / libfx_2.py:553] (j3 : N) flg_A1_tmp ==> False (UTC = 2017.11.15 01:00)

[20181127_112103 / libfx_2.py:579] (j4 : N) d0 ==> -0.143 (UTC = 2017.11.15 01:00)

[20181127_112103 / libfx_2.py:684] (j5 : N)
e0.price_Close = 133.725
dat['price_start'] = 132.576
ts_DownBar_For_A1__Price = 132.576 (UTC = 2017.11.15 01:00)

[20181127_112103 / libfx_2.py:715] (j5 : N : 1) dat ==> updated
e0.price_Close = 133.725
dat['price_current'] = 133.725
dat['index_current'] = 41
dat['price_start'] = 132.576
dat['index_start'] = 25
(UTC = 2017.11.15 01:00)

[20181127_112103 / libfx_2.py:233] start for-loop ------------------- (41)

[20181127_112103 / libfx_2.py:385] (j1 : Y) flg_Dat ==> True (UTC = 2017.11.15 02:00)

[20181127_112103 / libfx_2.py:405] (j1 : Y : 1 / j1.1) trend --> flat ? (UTC = 2017.11.15 02:00)

[20181127_112103 / libfx_2.py:2192] [is_Trend__Flat] (j1 : Y) equal or more than 5 (42)

[20181127_112103 / libfx_2.py:2219] [is_Trend__Flat] (j1 : Y : 1) get list : last N bars (len = 5 / L_2[-1] = UTC, 2017.11.15 02:00

[20181127_112103 / libfx_2.py:2304] [is_Trend__Flat] (j1 : Y : 4) get val : incli(a value) = 0.002 (UTC = 2017.11.15 02:00)

L_1[-1](lo_BarDatas) = UTC, 2017.11.15 02:00 / L_2[-1] = UTC, 2017.11.15 02:00
<close price>
133.771	133.844	133.870	133.725	133.815	



[20181127_112103 / libfx_2.py:2323] [is_Trend__Flat] (j1 : Y : 4) 2017.11.15 02:00	0.002


[20181127_112103 / libfx_2.py:2358] [is_Trend__Flat] (j2 : Y) 2017.11.15 02:00	0.002 (ts = 0.010)


[20181127_112103 / libfx_2.py:473] (j1 : Y : 1 / j1.1 : Y) trend --> flat (UTC = 2017.11.15 02:00)

[20181127_112103 / libfx_2.py:513] (j1 : Y : 1 / j1.1 : Y : 1) dat --> reset done

[20181127_112103 / libfx_2.py:233] start for-loop ------------------- (42)

[20181127_112103 / libfx_2.py:277] (j1 : N) flg_Dat --> not set (False, UTC = 2017.11.15 03:00)

[20181127_112103 / libfx_2.py:362] (j2 : N) d0 < 0 (d0 = -0.337)

[20181127_112103 / libfx_2.py:233] start for-loop ------------------- (43)

[20181127_112103 / libfx_2.py:277] (j1 : N) flg_Dat --> not set (False, UTC = 2017.11.15 04:00)

[20181127_112103 / libfx_2.py:303] (j2 : Y) d0 => 0 (d0 = 0.003)

[20181127_112104 / libfx_2.py:336] (j2 : Y : 1) dat --> set (UTC = 2017.11.15 04:00)

[20181127_112104 / libfx_2.py:233] start for-loop ------------------- (44)

[20181127_112104 / libfx_2.py:385] (j1 : Y) flg_Dat ==> True (UTC = 2017.11.15 05:00)

[20181127_112104 / libfx_2.py:405] (j1 : Y : 1 / j1.1) trend --> flat ? (UTC = 2017.11.15 05:00)

[20181127_112104 / libfx_2.py:2192] [is_Trend__Flat] (j1 : Y) equal or more than 5 (45)

[20181127_112104 / libfx_2.py:2219] [is_Trend__Flat] (j1 : Y : 1) get list : last N bars (len = 5 / L_2[-1] = UTC, 2017.11.15 05:00

[20181127_112104 / libfx_2.py:2304] [is_Trend__Flat] (j1 : Y : 4) get val : incli(a value) = -0.093 (UTC = 2017.11.15 05:00)

L_1[-1](lo_BarDatas) = UTC, 2017.11.15 05:00 / L_2[-1] = UTC, 2017.11.15 05:00
<close price>
133.725	133.815	133.478	133.484	133.464	



[20181127_112104 / libfx_2.py:2323] [is_Trend__Flat] (j1 : Y : 4) 2017.11.15 05:00	-0.093


[20181127_112104 / libfx_2.py:2380] [is_Trend__Flat] (j2 : N) 2017.11.15 05:00	-0.093 (ts = 0.010)


[20181127_112104 / libfx_2.py:447] (j1 : Y : 1 / j1.1 : N) trend --> NOT flat (UTC = 2017.11.15 05:00)

[20181127_112104 / libfx_2.py:553] (j3 : N) flg_A1_tmp ==> False (UTC = 2017.11.15 05:00)

[20181127_112104 / libfx_2.py:579] (j4 : N) d0 ==> -0.020 (UTC = 2017.11.15 05:00)

[20181127_112104 / libfx_2.py:615] (j5 : Y) 
e0.price_Close = 133.464
ts_DownBar_For_A1__Price = 133.481 (UTC = 2017.11.15 05:00)

[20181127_112104 / libfx_2.py:649] dat --> reset done

[20181127_112104 / libfx_2.py:233] start for-loop ------------------- (45)

[20181127_112104 / libfx_2.py:277] (j1 : N) flg_Dat --> not set (False, UTC = 2017.11.15 06:00)

[20181127_112104 / libfx_2.py:303] (j2 : Y) d0 => 0 (d0 = 0.023)

[20181127_112104 / libfx_2.py:336] (j2 : Y : 1) dat --> set (UTC = 2017.11.15 06:00)

[20181127_112104 / libfx_2.py:233] start for-loop ------------------- (46)

[20181127_112104 / libfx_2.py:385] (j1 : Y) flg_Dat ==> True (UTC = 2017.11.15 07:00)

[20181127_112104 / libfx_2.py:405] (j1 : Y : 1 / j1.1) trend --> flat ? (UTC = 2017.11.15 07:00)

[20181127_112104 / libfx_2.py:2192] [is_Trend__Flat] (j1 : Y) equal or more than 5 (47)

[20181127_112104 / libfx_2.py:2219] [is_Trend__Flat] (j1 : Y : 1) get list : last N bars (len = 5 / L_2[-1] = UTC, 2017.11.15 07:00

[20181127_112104 / libfx_2.py:2304] [is_Trend__Flat] (j1 : Y : 4) get val : incli(a value) = -0.039 (UTC = 2017.11.15 07:00)

L_1[-1](lo_BarDatas) = UTC, 2017.11.15 07:00 / L_2[-1] = UTC, 2017.11.15 07:00
<close price>
133.478	133.484	133.464	133.489	133.414	



[20181127_112104 / libfx_2.py:2323] [is_Trend__Flat] (j1 : Y : 4) 2017.11.15 07:00	-0.039


[20181127_112104 / libfx_2.py:2380] [is_Trend__Flat] (j2 : N) 2017.11.15 07:00	-0.039 (ts = 0.010)


[20181127_112104 / libfx_2.py:447] (j1 : Y : 1 / j1.1 : N) trend --> NOT flat (UTC = 2017.11.15 07:00)

[20181127_112104 / libfx_2.py:553] (j3 : N) flg_A1_tmp ==> False (UTC = 2017.11.15 07:00)

[20181127_112104 / libfx_2.py:579] (j4 : N) d0 ==> -0.076 (UTC = 2017.11.15 07:00)

[20181127_112104 / libfx_2.py:615] (j5 : Y) 
e0.price_Close = 133.414
ts_DownBar_For_A1__Price = 133.466 (UTC = 2017.11.15 07:00)

[20181127_112104 / libfx_2.py:649] dat --> reset done

[20181127_112104 / libfx_2.py:233] start for-loop ------------------- (47)

[20181127_112104 / libfx_2.py:277] (j1 : N) flg_Dat --> not set (False, UTC = 2017.11.15 08:00)

[20181127_112104 / libfx_2.py:362] (j2 : N) d0 < 0 (d0 = -0.045)

[20181127_112104 / libfx_2.py:233] start for-loop ------------------- (48)

[20181127_112104 / libfx_2.py:277] (j1 : N) flg_Dat --> not set (False, UTC = 2017.11.15 09:00)

[20181127_112104 / libfx_2.py:303] (j2 : Y) d0 => 0 (d0 = 0.089)

[20181127_112104 / libfx_2.py:336] (j2 : Y : 1) dat --> set (UTC = 2017.11.15 09:00)

[20181127_112104 / libfx_2.py:233] start for-loop ------------------- (49)

[20181127_112104 / libfx_2.py:385] (j1 : Y) flg_Dat ==> True (UTC = 2017.11.15 10:00)

[20181127_112104 / libfx_2.py:405] (j1 : Y : 1 / j1.1) trend --> flat ? (UTC = 2017.11.15 10:00)

[20181127_112104 / libfx_2.py:2192] [is_Trend__Flat] (j1 : Y) equal or more than 5 (50)

[20181127_112104 / libfx_2.py:2219] [is_Trend__Flat] (j1 : Y : 1) get list : last N bars (len = 5 / L_2[-1] = UTC, 2017.11.15 10:00

[20181127_112104 / libfx_2.py:2304] [is_Trend__Flat] (j1 : Y : 4) get val : incli(a value) = 0.004 (UTC = 2017.11.15 10:00)

L_1[-1](lo_BarDatas) = UTC, 2017.11.15 10:00 / L_2[-1] = UTC, 2017.11.15 10:00
<close price>
133.489	133.414	133.365	133.456	133.580	



[20181127_112104 / libfx_2.py:2323] [is_Trend__Flat] (j1 : Y : 4) 2017.11.15 10:00	0.004


[20181127_112104 / libfx_2.py:2358] [is_Trend__Flat] (j2 : Y) 2017.11.15 10:00	0.004 (ts = 0.010)


[20181127_112104 / libfx_2.py:473] (j1 : Y : 1 / j1.1 : Y) trend --> flat (UTC = 2017.11.15 10:00)

[20181127_112105 / libfx_2.py:513] (j1 : Y : 1 / j1.1 : Y : 1) dat --> reset done

[20181127_112105 / libfx_2.py:917] FINAL REPORT --------------------
cntOf_Total = 50
cntOf_J4_Y = 17
flat detections = 6
1)	no = 6	UTC = 2017.11.13 14:00
2)	no = 16	UTC = 2017.11.14 00:00
3)	no = 18	UTC = 2017.11.14 02:00
4)	no = 23	UTC = 2017.11.14 07:00
5)	no = 42	UTC = 2017.11.15 02:00
6)	no = 50	UTC = 2017.11.15 10:00




