[20181124_110614 / libfx_2.py:2130] [is_Trend__Flat] (j1 : Y : 4) get val : incli(a value) = -0.030 (UTC = 2017.11.13 13:00)
<avg values>
132.103	132.088	132.038	131.968	132.012	

2017.11.13 13:00	-0.030


[20181124_110614 / libfx_2.py:2130] [is_Trend__Flat] (j1 : Y : 4) get val : incli(a value) = 0.031 (UTC = 2017.11.13 15:00)
<avg values>
132.038	131.968	132.012	132.057	132.148	

2017.11.13 15:00	0.031


[20181124_110615 / libfx_2.py:2130] [is_Trend__Flat] (j1 : Y : 4) get val : incli(a value) = 0.091 (UTC = 2017.11.13 17:00)
<avg values>
132.012	132.057	132.148	132.281	132.354	

2017.11.13 17:00	0.091


[20181124_110615 / libfx_2.py:2130] [is_Trend__Flat] (j1 : Y : 4) get val : incli(a value) = 0.079 (UTC = 2017.11.13 19:00)
<avg values>
132.148	132.281	132.354	132.418	132.475	

2017.11.13 19:00	0.079


[20181124_110616 / libfx_2.py:2130] [is_Trend__Flat] (j1 : Y : 4) get val : incli(a value) = 0.024 (UTC = 2017.11.13 22:00)
<avg values>
132.418	132.475	132.512	132.507	132.522	

2017.11.13 22:00	0.024


[20181124_110617 / libfx_2.py:2130] [is_Trend__Flat] (j1 : Y : 4) get val : incli(a value) = 0.001 (UTC = 2017.11.14 01:00)
<avg values>
132.507	132.522	132.549	132.519	132.513	

2017.11.14 01:00	0.001


[20181124_110617 / libfx_2.py:2130] [is_Trend__Flat] (j1 : Y : 4) get val : incli(a value) = 0.026 (UTC = 2017.11.14 03:00)
<avg values>
132.549	132.519	132.513	132.580	132.649	

2017.11.14 03:00	0.026


[20181124_110618 / libfx_2.py:2130] [is_Trend__Flat] (j1 : Y : 4) get val : incli(a value) = 0.010 (UTC = 2017.11.14 06:00)
<avg values>
132.580	132.649	132.645	132.628	132.639	

2017.11.14 06:00	0.010


[20181124_110618 / libfx_2.py:2130] [is_Trend__Flat] (j1 : Y : 4) get val : incli(a value) = 0.024 (UTC = 2017.11.14 09:00)
<avg values>
132.628	132.639	132.655	132.617	132.761	

2017.11.14 09:00	0.024


[20181124_110619 / libfx_2.py:2130] [is_Trend__Flat] (j1 : Y : 4) get val : incli(a value) = 0.028 (UTC = 2017.11.14 14:00)
<avg values>
133.139	133.322	133.276	133.242	133.319	

2017.11.14 14:00	0.028


[20181124_110620 / libfx_2.py:2130] [is_Trend__Flat] (j1 : Y : 4) get val : incli(a value) = 0.037 (UTC = 2017.11.14 17:00)
<avg values>
133.242	133.319	133.446	133.436	133.370	

2017.11.14 17:00	0.037


[20181124_110620 / libfx_2.py:2130] [is_Trend__Flat] (j1 : Y : 4) get val : incli(a value) = 0.025 (UTC = 2017.11.14 19:00)
<avg values>
133.446	133.436	133.370	133.445	133.567	

2017.11.14 19:00	0.025


[20181124_110620 / libfx_2.py:2130] [is_Trend__Flat] (j1 : Y : 4) get val : incli(a value) = 0.080 (UTC = 2017.11.14 22:00)
<avg values>
133.445	133.567	133.692	133.751	133.753	

2017.11.14 22:00	0.080


[20181124_110621 / libfx_2.py:2130] [is_Trend__Flat] (j1 : Y : 4) get val : incli(a value) = 0.031 (UTC = 2017.11.15 00:00)
<avg values>
133.692	133.751	133.753	133.808	133.820	

2017.11.15 00:00	0.031


[20181124_110621 / libfx_2.py:2130] [is_Trend__Flat] (j1 : Y : 4) get val : incli(a value) = 0.002 (UTC = 2017.11.15 02:00)
<avg values>
133.753	133.808	133.820	133.796	133.771	

2017.11.15 02:00	0.002


[20181124_110622 / libfx_2.py:2130] [is_Trend__Flat] (j1 : Y : 4) get val : incli(a value) = -0.082 (UTC = 2017.11.15 04:00)
<avg values>
133.820	133.796	133.771	133.647	133.483	

2017.11.15 04:00	-0.082


[20181124_110622 / libfx_2.py:2130] [is_Trend__Flat] (j1 : Y : 4) get val : incli(a value) = -0.076 (UTC = 2017.11.15 06:00)
<avg values>
133.771	133.647	133.483	133.474	133.478	

2017.11.15 06:00	-0.076


[20181124_110623 / libfx_2.py:2130] [is_Trend__Flat] (j1 : Y : 4) get val : incli(a value) = -0.022 (UTC = 2017.11.15 09:00)
<avg values>
133.474	133.478	133.452	133.387	133.411	

2017.11.15 09:00	-0.022


