[20181110_161159 / libfx_2.py:131] =========== _BUSL_3__DetectPatterns__Two_Tops__V_5
source = 44_3.2_15_file-io.EURJPY.Period-H1.Days-5000.Bars-120000.20180903_135340.(m-11).20180926_205209.(new).(SHRINK-100).csv

[20181110_161159 / libfx_2.py:216] start for-loop ------------------- (0)

[20181110_161159 / libfx_2.py:255] (j1 : N) flg_Dat --> not set (False, 2017.11.13 16:00)

[20181110_161159 / libfx_2.py:350] (j2 : N) d0 < 0 (d0 = -0.072)

[20181110_161159 / libfx_2.py:216] start for-loop ------------------- (1)

[20181110_161159 / libfx_2.py:255] (j1 : N) flg_Dat --> not set (False, 2017.11.13 17:00)

[20181110_161159 / libfx_2.py:286] (j2 : Y) d0 => 0 (d0 = 0.038)

[20181110_161159 / libfx_2.py:321] (j2 : Y : 1) dat --> set (2017.11.13 17:00)

[20181110_161159 / libfx_2.py:216] start for-loop ------------------- (2)

[20181110_161159 / libfx_2.py:383] (j1 : Y) flg_Dat ==> True (2017.11.13 18:00)

[20181110_161159 / libfx_2.py:410] (j3 : N) flg_A1_tmp ==> False (2017.11.13 18:00)

[20181110_161159 / libfx_2.py:433] (j4 : N) d0 ==> -0.137 (2017.11.13 18:00)

[20181110_161159 / libfx_2.py:464] (j5 : Y) 
e0.price_Close = 131.970
ts_DownBar_For_A1__Price = 132.069 (2017.11.13 18:00)

[20181110_161159 / libfx_2.py:494] dat --> reset done

[20181110_161159 / libfx_2.py:216] start for-loop ------------------- (3)

[20181110_161159 / libfx_2.py:255] (j1 : N) flg_Dat --> not set (False, 2017.11.13 19:00)

[20181110_161159 / libfx_2.py:350] (j2 : N) d0 < 0 (d0 = -0.006)

[20181110_161200 / libfx_2.py:216] start for-loop ------------------- (4)

[20181110_161200 / libfx_2.py:255] (j1 : N) flg_Dat --> not set (False, 2017.11.13 20:00)

[20181110_161200 / libfx_2.py:286] (j2 : Y) d0 => 0 (d0 = 0.093)

[20181110_161200 / libfx_2.py:321] (j2 : Y : 1) dat --> set (2017.11.13 20:00)

[20181110_161200 / libfx_2.py:216] start for-loop ------------------- (5)

[20181110_161200 / libfx_2.py:383] (j1 : Y) flg_Dat ==> True (2017.11.13 21:00)

[20181110_161200 / libfx_2.py:410] (j3 : N) flg_A1_tmp ==> False (2017.11.13 21:00)

[20181110_161200 / libfx_2.py:433] (j4 : N) d0 ==> -0.014 (2017.11.13 21:00)

[20181110_161200 / libfx_2.py:520] (j5 : N) e0.price_Close = 132.050, ts_DownBar_For_A1__Price = 131.965 (2017.11.13 21:00)

[20181110_161200 / libfx_2.py:625] FINAL REPORT --------------------
cntOf_Total = 6
cntOf_J4_Y = 0

