[20181116_153013 / libfx_2.py:131] =========== _BUSL_3__DetectPatterns__Two_Tops__V_5
source = 44_3.2_15_file-io.EURJPY.Period-H1.Days-5000.Bars-120000.20180903_135340.(m-11).20180926_205209.(new).(SHRINK-50).csv

[20181116_153013 / libfx_2.py:216] start for-loop ------------------- (0)

[20181116_153013 / libfx_2.py:255] (j1 : N) flg_Dat --> not set (False, 2017.11.13 16:00)

[20181116_153013 / libfx_2.py:350] (j2 : N) d0 < 0 (d0 = -0.072)

[20181116_153013 / libfx_2.py:216] start for-loop ------------------- (1)

[20181116_153013 / libfx_2.py:255] (j1 : N) flg_Dat --> not set (False, 2017.11.13 17:00)

[20181116_153013 / libfx_2.py:286] (j2 : Y) d0 => 0 (d0 = 0.038)

[20181116_153013 / libfx_2.py:321] (j2 : Y : 1) dat --> set (2017.11.13 17:00)

[20181116_153014 / libfx_2.py:216] start for-loop ------------------- (2)

[20181116_153014 / libfx_2.py:383] (j1 : Y) flg_Dat ==> True (2017.11.13 18:00)

[20181116_153014 / libfx_2.py:1951] is_Trend__Flat : len of list : 2

[20181116_153014 / libfx_2.py:440] (j1.1 : Y : 1) trend --> flat (2017.11.13 18:00)

[20181116_153014 / libfx_2.py:468] dat --> reset done

[20181116_153014 / libfx_2.py:500] (j3 : N) flg_A1_tmp ==> False (2017.11.13 18:00)

[20181116_153014 / libfx_2.py:523] (j4 : N) d0 ==> -0.137 (2017.11.13 18:00)

[20181116_153014 / libfx_2.py:614] (j5 : N)
e0.price_Close = 131.970
dat['price_start'] = -1.000
ts_DownBar_For_A1__Price = -1.000 (2017.11.13 18:00)

[20181116_153014 / libfx_2.py:637] (j5 : N : 1) dat ==> updated
e0.price_Close = 131.970
dat['price_current'] = 131.970
dat['index_current'] = 3
(2017.11.13 18:00)

[20181116_153014 / libfx_2.py:216] start for-loop ------------------- (3)

[20181116_153014 / libfx_2.py:255] (j1 : N) flg_Dat --> not set (False, 2017.11.13 19:00)

[20181116_153014 / libfx_2.py:350] (j2 : N) d0 < 0 (d0 = -0.006)

[20181116_153014 / libfx_2.py:216] start for-loop ------------------- (4)

[20181116_153014 / libfx_2.py:255] (j1 : N) flg_Dat --> not set (False, 2017.11.13 20:00)

[20181116_153014 / libfx_2.py:286] (j2 : Y) d0 => 0 (d0 = 0.093)

[20181116_153014 / libfx_2.py:321] (j2 : Y : 1) dat --> set (2017.11.13 20:00)

[20181116_153014 / libfx_2.py:216] start for-loop ------------------- (5)

[20181116_153014 / libfx_2.py:383] (j1 : Y) flg_Dat ==> True (2017.11.13 21:00)

[20181116_153014 / libfx_2.py:1951] is_Trend__Flat : len of list : 5

[20181116_153014 / libfx_2.py:440] (j1.1 : Y : 1) trend --> flat (2017.11.13 21:00)

[20181116_153014 / libfx_2.py:468] dat --> reset done

[20181116_153014 / libfx_2.py:500] (j3 : N) flg_A1_tmp ==> False (2017.11.13 21:00)

[20181116_153014 / libfx_2.py:523] (j4 : N) d0 ==> -0.014 (2017.11.13 21:00)

[20181116_153014 / libfx_2.py:614] (j5 : N)
e0.price_Close = 132.050
dat['price_start'] = -1.000
ts_DownBar_For_A1__Price = -1.000 (2017.11.13 21:00)

[20181116_153014 / libfx_2.py:637] (j5 : N : 1) dat ==> updated
e0.price_Close = 132.050
dat['price_current'] = 132.050
dat['index_current'] = 6
(2017.11.13 21:00)

[20181116_153014 / libfx_2.py:216] start for-loop ------------------- (6)

[20181116_153014 / libfx_2.py:255] (j1 : N) flg_Dat --> not set (False, 2017.11.13 22:00)

[20181116_153014 / libfx_2.py:286] (j2 : Y) d0 => 0 (d0 = 0.198)

[20181116_153014 / libfx_2.py:321] (j2 : Y : 1) dat --> set (2017.11.13 22:00)

[20181116_153014 / libfx_2.py:216] start for-loop ------------------- (7)

[20181116_153014 / libfx_2.py:383] (j1 : Y) flg_Dat ==> True (2017.11.13 23:00)

[20181116_153014 / libfx_2.py:1951] is_Trend__Flat : len of list : 7

[20181116_153014 / libfx_2.py:440] (j1.1 : Y : 1) trend --> flat (2017.11.13 23:00)

[20181116_153014 / libfx_2.py:468] dat --> reset done

[20181116_153014 / libfx_2.py:500] (j3 : N) flg_A1_tmp ==> False (2017.11.13 23:00)

[20181116_153014 / libfx_2.py:661] (j4 : Y) d0 ==> 0.063 (2017.11.13 23:00)

[20181116_153014 / libfx_2.py:703] (j4 : Y : 2) dat ==> updated (2017.11.13 23:00)
dat[price_anchor] = 132.312
dat[index_anchor] = 8
dat[price_current] = 132.312
dat[index_current] = 8

[20181116_153014 / libfx_2.py:216] start for-loop ------------------- (8)

[20181116_153015 / libfx_2.py:255] (j1 : N) flg_Dat --> not set (False, 2017.11.14 00:00)

[20181116_153015 / libfx_2.py:286] (j2 : Y) d0 => 0 (d0 = 0.083)

[20181116_153015 / libfx_2.py:321] (j2 : Y : 1) dat --> set (2017.11.14 00:00)

[20181116_153015 / libfx_2.py:216] start for-loop ------------------- (9)

[20181116_153015 / libfx_2.py:383] (j1 : Y) flg_Dat ==> True (2017.11.14 01:00)

[20181116_153015 / libfx_2.py:1951] is_Trend__Flat : len of list : 9

[20181116_153015 / libfx_2.py:440] (j1.1 : Y : 1) trend --> flat (2017.11.14 01:00)

[20181116_153015 / libfx_2.py:468] dat --> reset done

[20181116_153015 / libfx_2.py:500] (j3 : N) flg_A1_tmp ==> False (2017.11.14 01:00)

[20181116_153015 / libfx_2.py:661] (j4 : Y) d0 ==> 0.045 (2017.11.14 01:00)

[20181116_153015 / libfx_2.py:703] (j4 : Y : 2) dat ==> updated (2017.11.14 01:00)
dat[price_anchor] = 132.440
dat[index_anchor] = 10
dat[price_current] = 132.440
dat[index_current] = 10

[20181116_153015 / libfx_2.py:216] start for-loop ------------------- (10)

[20181116_153015 / libfx_2.py:255] (j1 : N) flg_Dat --> not set (False, 2017.11.14 02:00)

[20181116_153015 / libfx_2.py:286] (j2 : Y) d0 => 0 (d0 = 0.074)

[20181116_153015 / libfx_2.py:321] (j2 : Y : 1) dat --> set (2017.11.14 02:00)

[20181116_153015 / libfx_2.py:216] start for-loop ------------------- (11)

[20181116_153015 / libfx_2.py:383] (j1 : Y) flg_Dat ==> True (2017.11.14 03:00)

[20181116_153015 / libfx_2.py:1951] is_Trend__Flat : len of list : 11

[20181116_153015 / libfx_2.py:440] (j1.1 : Y : 1) trend --> flat (2017.11.14 03:00)

[20181116_153015 / libfx_2.py:468] dat --> reset done

[20181116_153015 / libfx_2.py:500] (j3 : N) flg_A1_tmp ==> False (2017.11.14 03:00)

[20181116_153015 / libfx_2.py:661] (j4 : Y) d0 ==> 0.007 (2017.11.14 03:00)

[20181116_153015 / libfx_2.py:703] (j4 : Y : 2) dat ==> updated (2017.11.14 03:00)
dat[price_anchor] = 132.516
dat[index_anchor] = 12
dat[price_current] = 132.516
dat[index_current] = 12

[20181116_153015 / libfx_2.py:216] start for-loop ------------------- (12)

[20181116_153015 / libfx_2.py:255] (j1 : N) flg_Dat --> not set (False, 2017.11.14 04:00)

[20181116_153015 / libfx_2.py:350] (j2 : N) d0 < 0 (d0 = -0.020)

[20181116_153015 / libfx_2.py:216] start for-loop ------------------- (13)

[20181116_153015 / libfx_2.py:255] (j1 : N) flg_Dat --> not set (False, 2017.11.14 05:00)

[20181116_153015 / libfx_2.py:286] (j2 : Y) d0 => 0 (d0 = 0.047)

[20181116_153015 / libfx_2.py:321] (j2 : Y : 1) dat --> set (2017.11.14 05:00)

[20181116_153016 / libfx_2.py:216] start for-loop ------------------- (14)

[20181116_153016 / libfx_2.py:383] (j1 : Y) flg_Dat ==> True (2017.11.14 06:00)

[20181116_153016 / libfx_2.py:1951] is_Trend__Flat : len of list : 14

[20181116_153016 / libfx_2.py:440] (j1.1 : Y : 1) trend --> flat (2017.11.14 06:00)

[20181116_153016 / libfx_2.py:468] dat --> reset done

[20181116_153016 / libfx_2.py:500] (j3 : N) flg_A1_tmp ==> False (2017.11.14 06:00)

[20181116_153016 / libfx_2.py:661] (j4 : Y) d0 ==> 0.003 (2017.11.14 06:00)

[20181116_153016 / libfx_2.py:703] (j4 : Y : 2) dat ==> updated (2017.11.14 06:00)
dat[price_anchor] = 132.551
dat[index_anchor] = 15
dat[price_current] = 132.551
dat[index_current] = 15

[20181116_153016 / libfx_2.py:216] start for-loop ------------------- (15)

[20181116_153016 / libfx_2.py:255] (j1 : N) flg_Dat --> not set (False, 2017.11.14 07:00)

[20181116_153016 / libfx_2.py:350] (j2 : N) d0 < 0 (d0 = -0.018)

[20181116_153016 / libfx_2.py:216] start for-loop ------------------- (16)

[20181116_153016 / libfx_2.py:255] (j1 : N) flg_Dat --> not set (False, 2017.11.14 08:00)

[20181116_153016 / libfx_2.py:286] (j2 : Y) d0 => 0 (d0 = 0.006)

[20181116_153016 / libfx_2.py:321] (j2 : Y : 1) dat --> set (2017.11.14 08:00)

[20181116_153016 / libfx_2.py:216] start for-loop ------------------- (17)

[20181116_153016 / libfx_2.py:383] (j1 : Y) flg_Dat ==> True (2017.11.14 09:00)

[20181116_153016 / libfx_2.py:1951] is_Trend__Flat : len of list : 17

[20181116_153016 / libfx_2.py:440] (j1.1 : Y : 1) trend --> flat (2017.11.14 09:00)

[20181116_153016 / libfx_2.py:468] dat --> reset done

[20181116_153016 / libfx_2.py:500] (j3 : N) flg_A1_tmp ==> False (2017.11.14 09:00)

[20181116_153016 / libfx_2.py:661] (j4 : Y) d0 ==> 0.128 (2017.11.14 09:00)

[20181116_153016 / libfx_2.py:703] (j4 : Y : 2) dat ==> updated (2017.11.14 09:00)
dat[price_anchor] = 132.644
dat[index_anchor] = 18
dat[price_current] = 132.644
dat[index_current] = 18

[20181116_153016 / libfx_2.py:216] start for-loop ------------------- (18)

[20181116_153016 / libfx_2.py:255] (j1 : N) flg_Dat --> not set (False, 2017.11.14 10:00)

[20181116_153016 / libfx_2.py:286] (j2 : Y) d0 => 0 (d0 = 0.013)

[20181116_153016 / libfx_2.py:321] (j2 : Y : 1) dat --> set (2017.11.14 10:00)

[20181116_153016 / libfx_2.py:216] start for-loop ------------------- (19)

[20181116_153016 / libfx_2.py:383] (j1 : Y) flg_Dat ==> True (2017.11.14 11:00)

[20181116_153016 / libfx_2.py:1951] is_Trend__Flat : len of list : 19

[20181116_153017 / libfx_2.py:440] (j1.1 : Y : 1) trend --> flat (2017.11.14 11:00)

[20181116_153017 / libfx_2.py:468] dat --> reset done

[20181116_153017 / libfx_2.py:500] (j3 : N) flg_A1_tmp ==> False (2017.11.14 11:00)

[20181116_153017 / libfx_2.py:523] (j4 : N) d0 ==> -0.021 (2017.11.14 11:00)

[20181116_153017 / libfx_2.py:614] (j5 : N)
e0.price_Close = 132.635
dat['price_start'] = -1.000
ts_DownBar_For_A1__Price = -1.000 (2017.11.14 11:00)

[20181116_153017 / libfx_2.py:637] (j5 : N : 1) dat ==> updated
e0.price_Close = 132.635
dat['price_current'] = 132.635
dat['index_current'] = 20
(2017.11.14 11:00)

[20181116_153017 / libfx_2.py:216] start for-loop ------------------- (20)

[20181116_153017 / libfx_2.py:255] (j1 : N) flg_Dat --> not set (False, 2017.11.14 12:00)

[20181116_153017 / libfx_2.py:350] (j2 : N) d0 < 0 (d0 = -0.011)

[20181116_153017 / libfx_2.py:216] start for-loop ------------------- (21)

[20181116_153017 / libfx_2.py:255] (j1 : N) flg_Dat --> not set (False, 2017.11.14 13:00)

[20181116_153017 / libfx_2.py:286] (j2 : Y) d0 => 0 (d0 = 0.030)

[20181116_153017 / libfx_2.py:321] (j2 : Y : 1) dat --> set (2017.11.14 13:00)

[20181116_153017 / libfx_2.py:216] start for-loop ------------------- (22)

[20181116_153017 / libfx_2.py:383] (j1 : Y) flg_Dat ==> True (2017.11.14 14:00)

[20181116_153017 / libfx_2.py:1951] is_Trend__Flat : len of list : 22

[20181116_153017 / libfx_2.py:440] (j1.1 : Y : 1) trend --> flat (2017.11.14 14:00)

[20181116_153017 / libfx_2.py:468] dat --> reset done

[20181116_153017 / libfx_2.py:500] (j3 : N) flg_A1_tmp ==> False (2017.11.14 14:00)

[20181116_153017 / libfx_2.py:661] (j4 : Y) d0 ==> 0.004 (2017.11.14 14:00)

[20181116_153017 / libfx_2.py:703] (j4 : Y : 2) dat ==> updated (2017.11.14 14:00)
dat[price_anchor] = 132.657
dat[index_anchor] = 23
dat[price_current] = 132.657
dat[index_current] = 23

[20181116_153017 / libfx_2.py:216] start for-loop ------------------- (23)

[20181116_153017 / libfx_2.py:255] (j1 : N) flg_Dat --> not set (False, 2017.11.14 15:00)

[20181116_153017 / libfx_2.py:350] (j2 : N) d0 < 0 (d0 = -0.081)

[20181116_153017 / libfx_2.py:216] start for-loop ------------------- (24)

[20181116_153017 / libfx_2.py:255] (j1 : N) flg_Dat --> not set (False, 2017.11.14 16:00)

[20181116_153017 / libfx_2.py:286] (j2 : Y) d0 => 0 (d0 = 0.370)

[20181116_153017 / libfx_2.py:321] (j2 : Y : 1) dat --> set (2017.11.14 16:00)

[20181116_153017 / libfx_2.py:216] start for-loop ------------------- (25)

[20181116_153017 / libfx_2.py:383] (j1 : Y) flg_Dat ==> True (2017.11.14 17:00)

[20181116_153017 / libfx_2.py:1951] is_Trend__Flat : len of list : 25

[20181116_153017 / libfx_2.py:440] (j1.1 : Y : 1) trend --> flat (2017.11.14 17:00)

[20181116_153017 / libfx_2.py:468] dat --> reset done

[20181116_153017 / libfx_2.py:500] (j3 : N) flg_A1_tmp ==> False (2017.11.14 17:00)

[20181116_153017 / libfx_2.py:661] (j4 : Y) d0 ==> 0.388 (2017.11.14 17:00)

[20181116_153017 / libfx_2.py:703] (j4 : Y : 2) dat ==> updated (2017.11.14 17:00)
dat[price_anchor] = 133.333
dat[index_anchor] = 26
dat[price_current] = 133.333
dat[index_current] = 26

[20181116_153017 / libfx_2.py:216] start for-loop ------------------- (26)

[20181116_153018 / libfx_2.py:255] (j1 : N) flg_Dat --> not set (False, 2017.11.14 18:00)

[20181116_153018 / libfx_2.py:350] (j2 : N) d0 < 0 (d0 = -0.021)

[20181116_153018 / libfx_2.py:216] start for-loop ------------------- (27)

[20181116_153018 / libfx_2.py:255] (j1 : N) flg_Dat --> not set (False, 2017.11.14 19:00)

[20181116_153018 / libfx_2.py:350] (j2 : N) d0 < 0 (d0 = -0.073)

[20181116_153018 / libfx_2.py:216] start for-loop ------------------- (28)

[20181116_153018 / libfx_2.py:255] (j1 : N) flg_Dat --> not set (False, 2017.11.14 20:00)

[20181116_153018 / libfx_2.py:350] (j2 : N) d0 < 0 (d0 = -0.001)

[20181116_153018 / libfx_2.py:216] start for-loop ------------------- (29)

[20181116_153018 / libfx_2.py:255] (j1 : N) flg_Dat --> not set (False, 2017.11.14 21:00)

[20181116_153018 / libfx_2.py:286] (j2 : Y) d0 => 0 (d0 = 0.153)

[20181116_153018 / libfx_2.py:321] (j2 : Y : 1) dat --> set (2017.11.14 21:00)

[20181116_153018 / libfx_2.py:216] start for-loop ------------------- (30)

[20181116_153018 / libfx_2.py:383] (j1 : Y) flg_Dat ==> True (2017.11.14 22:00)

[20181116_153018 / libfx_2.py:1951] is_Trend__Flat : len of list : 30

[20181116_153018 / libfx_2.py:440] (j1.1 : Y : 1) trend --> flat (2017.11.14 22:00)

[20181116_153018 / libfx_2.py:468] dat --> reset done

[20181116_153018 / libfx_2.py:500] (j3 : N) flg_A1_tmp ==> False (2017.11.14 22:00)

[20181116_153018 / libfx_2.py:661] (j4 : Y) d0 ==> 0.101 (2017.11.14 22:00)

[20181116_153018 / libfx_2.py:703] (j4 : Y : 2) dat ==> updated (2017.11.14 22:00)
dat[price_anchor] = 133.496
dat[index_anchor] = 31
dat[price_current] = 133.496
dat[index_current] = 31

[20181116_153018 / libfx_2.py:216] start for-loop ------------------- (31)

[20181116_153018 / libfx_2.py:255] (j1 : N) flg_Dat --> not set (False, 2017.11.14 23:00)

[20181116_153018 / libfx_2.py:350] (j2 : N) d0 < 0 (d0 = -0.122)

[20181116_153018 / libfx_2.py:216] start for-loop ------------------- (32)

[20181116_153018 / libfx_2.py:255] (j1 : N) flg_Dat --> not set (False, 2017.11.15 00:00)

[20181116_153018 / libfx_2.py:286] (j2 : Y) d0 => 0 (d0 = 0.003)

[20181116_153018 / libfx_2.py:321] (j2 : Y : 1) dat --> set (2017.11.15 00:00)

[20181116_153018 / libfx_2.py:216] start for-loop ------------------- (33)

[20181116_153018 / libfx_2.py:383] (j1 : Y) flg_Dat ==> True (2017.11.15 01:00)

[20181116_153018 / libfx_2.py:1951] is_Trend__Flat : len of list : 33

[20181116_153018 / libfx_2.py:440] (j1.1 : Y : 1) trend --> flat (2017.11.15 01:00)

[20181116_153018 / libfx_2.py:468] dat --> reset done

[20181116_153018 / libfx_2.py:500] (j3 : N) flg_A1_tmp ==> False (2017.11.15 01:00)

[20181116_153018 / libfx_2.py:661] (j4 : Y) d0 ==> 0.146 (2017.11.15 01:00)

[20181116_153018 / libfx_2.py:703] (j4 : Y : 2) dat ==> updated (2017.11.15 01:00)
dat[price_anchor] = 133.518
dat[index_anchor] = 34
dat[price_current] = 133.518
dat[index_current] = 34

[20181116_153018 / libfx_2.py:216] start for-loop ------------------- (34)

[20181116_153018 / libfx_2.py:255] (j1 : N) flg_Dat --> not set (False, 2017.11.15 02:00)

[20181116_153018 / libfx_2.py:286] (j2 : Y) d0 => 0 (d0 = 0.096)

[20181116_153018 / libfx_2.py:321] (j2 : Y : 1) dat --> set (2017.11.15 02:00)

[20181116_153018 / libfx_2.py:216] start for-loop ------------------- (35)

[20181116_153018 / libfx_2.py:383] (j1 : Y) flg_Dat ==> True (2017.11.15 03:00)

[20181116_153018 / libfx_2.py:1951] is_Trend__Flat : len of list : 35

[20181116_153018 / libfx_2.py:440] (j1.1 : Y : 1) trend --> flat (2017.11.15 03:00)

[20181116_153018 / libfx_2.py:468] dat --> reset done

[20181116_153018 / libfx_2.py:500] (j3 : N) flg_A1_tmp ==> False (2017.11.15 03:00)

[20181116_153019 / libfx_2.py:661] (j4 : Y) d0 ==> 0.153 (2017.11.15 03:00)

[20181116_153019 / libfx_2.py:703] (j4 : Y : 2) dat ==> updated (2017.11.15 03:00)
dat[price_anchor] = 133.768
dat[index_anchor] = 36
dat[price_current] = 133.768
dat[index_current] = 36

[20181116_153019 / libfx_2.py:216] start for-loop ------------------- (36)

[20181116_153019 / libfx_2.py:255] (j1 : N) flg_Dat --> not set (False, 2017.11.15 04:00)

[20181116_153019 / libfx_2.py:350] (j2 : N) d0 < 0 (d0 = -0.032)

[20181116_153019 / libfx_2.py:216] start for-loop ------------------- (37)

[20181116_153019 / libfx_2.py:255] (j1 : N) flg_Dat --> not set (False, 2017.11.15 05:00)

[20181116_153019 / libfx_2.py:286] (j2 : Y) d0 => 0 (d0 = 0.035)

[20181116_153019 / libfx_2.py:321] (j2 : Y : 1) dat --> set (2017.11.15 05:00)

[20181116_153019 / libfx_2.py:216] start for-loop ------------------- (38)

[20181116_153019 / libfx_2.py:383] (j1 : Y) flg_Dat ==> True (2017.11.15 06:00)

[20181116_153019 / libfx_2.py:1951] is_Trend__Flat : len of list : 38

[20181116_153019 / libfx_2.py:440] (j1.1 : Y : 1) trend --> flat (2017.11.15 06:00)

[20181116_153019 / libfx_2.py:468] dat --> reset done

[20181116_153019 / libfx_2.py:500] (j3 : N) flg_A1_tmp ==> False (2017.11.15 06:00)

[20181116_153019 / libfx_2.py:661] (j4 : Y) d0 ==> 0.072 (2017.11.15 06:00)

[20181116_153019 / libfx_2.py:703] (j4 : Y : 2) dat ==> updated (2017.11.15 06:00)
dat[price_anchor] = 133.844
dat[index_anchor] = 39
dat[price_current] = 133.844
dat[index_current] = 39

[20181116_153019 / libfx_2.py:216] start for-loop ------------------- (39)

[20181116_153019 / libfx_2.py:255] (j1 : N) flg_Dat --> not set (False, 2017.11.15 07:00)

[20181116_153019 / libfx_2.py:286] (j2 : Y) d0 => 0 (d0 = 0.101)

[20181116_153019 / libfx_2.py:321] (j2 : Y : 1) dat --> set (2017.11.15 07:00)

[20181116_153019 / libfx_2.py:216] start for-loop ------------------- (40)

[20181116_153019 / libfx_2.py:383] (j1 : Y) flg_Dat ==> True (2017.11.15 08:00)

[20181116_153019 / libfx_2.py:1951] is_Trend__Flat : len of list : 40

[20181116_153019 / libfx_2.py:440] (j1.1 : Y : 1) trend --> flat (2017.11.15 08:00)

[20181116_153019 / libfx_2.py:468] dat --> reset done

[20181116_153019 / libfx_2.py:500] (j3 : N) flg_A1_tmp ==> False (2017.11.15 08:00)

[20181116_153019 / libfx_2.py:523] (j4 : N) d0 ==> -0.143 (2017.11.15 08:00)

[20181116_153019 / libfx_2.py:614] (j5 : N)
e0.price_Close = 133.725
dat['price_start'] = -1.000
ts_DownBar_For_A1__Price = -1.000 (2017.11.15 08:00)

[20181116_153019 / libfx_2.py:637] (j5 : N : 1) dat ==> updated
e0.price_Close = 133.725
dat['price_current'] = 133.725
dat['index_current'] = 41
(2017.11.15 08:00)

[20181116_153020 / libfx_2.py:216] start for-loop ------------------- (41)

[20181116_153020 / libfx_2.py:255] (j1 : N) flg_Dat --> not set (False, 2017.11.15 09:00)

[20181116_153020 / libfx_2.py:286] (j2 : Y) d0 => 0 (d0 = 0.088)

[20181116_153020 / libfx_2.py:321] (j2 : Y : 1) dat --> set (2017.11.15 09:00)

[20181116_153020 / libfx_2.py:216] start for-loop ------------------- (42)

[20181116_153020 / libfx_2.py:383] (j1 : Y) flg_Dat ==> True (2017.11.15 10:00)

[20181116_153020 / libfx_2.py:1951] is_Trend__Flat : len of list : 42

[20181116_153020 / libfx_2.py:440] (j1.1 : Y : 1) trend --> flat (2017.11.15 10:00)

[20181116_153020 / libfx_2.py:468] dat --> reset done

[20181116_153020 / libfx_2.py:500] (j3 : N) flg_A1_tmp ==> False (2017.11.15 10:00)

[20181116_153020 / libfx_2.py:523] (j4 : N) d0 ==> -0.337 (2017.11.15 10:00)

[20181116_153020 / libfx_2.py:614] (j5 : N)
e0.price_Close = 133.478
dat['price_start'] = -1.000
ts_DownBar_For_A1__Price = -1.000 (2017.11.15 10:00)

[20181116_153020 / libfx_2.py:637] (j5 : N : 1) dat ==> updated
e0.price_Close = 133.478
dat['price_current'] = 133.478
dat['index_current'] = 43
(2017.11.15 10:00)

[20181116_153020 / libfx_2.py:216] start for-loop ------------------- (43)

[20181116_153020 / libfx_2.py:255] (j1 : N) flg_Dat --> not set (False, 2017.11.15 11:00)

[20181116_153020 / libfx_2.py:286] (j2 : Y) d0 => 0 (d0 = 0.003)

[20181116_153020 / libfx_2.py:321] (j2 : Y : 1) dat --> set (2017.11.15 11:00)

[20181116_153020 / libfx_2.py:216] start for-loop ------------------- (44)

[20181116_153020 / libfx_2.py:383] (j1 : Y) flg_Dat ==> True (2017.11.15 12:00)

[20181116_153020 / libfx_2.py:1951] is_Trend__Flat : len of list : 44

[20181116_153020 / libfx_2.py:440] (j1.1 : Y : 1) trend --> flat (2017.11.15 12:00)

[20181116_153020 / libfx_2.py:468] dat --> reset done

[20181116_153020 / libfx_2.py:500] (j3 : N) flg_A1_tmp ==> False (2017.11.15 12:00)

[20181116_153020 / libfx_2.py:523] (j4 : N) d0 ==> -0.020 (2017.11.15 12:00)

[20181116_153020 / libfx_2.py:614] (j5 : N)
e0.price_Close = 133.464
dat['price_start'] = -1.000
ts_DownBar_For_A1__Price = -1.000 (2017.11.15 12:00)

[20181116_153020 / libfx_2.py:637] (j5 : N : 1) dat ==> updated
e0.price_Close = 133.464
dat['price_current'] = 133.464
dat['index_current'] = 45
(2017.11.15 12:00)

[20181116_153020 / libfx_2.py:216] start for-loop ------------------- (45)

[20181116_153020 / libfx_2.py:255] (j1 : N) flg_Dat --> not set (False, 2017.11.15 13:00)

[20181116_153020 / libfx_2.py:286] (j2 : Y) d0 => 0 (d0 = 0.023)

[20181116_153021 / libfx_2.py:321] (j2 : Y : 1) dat --> set (2017.11.15 13:00)

[20181116_153021 / libfx_2.py:216] start for-loop ------------------- (46)

[20181116_153021 / libfx_2.py:383] (j1 : Y) flg_Dat ==> True (2017.11.15 14:00)

[20181116_153021 / libfx_2.py:1951] is_Trend__Flat : len of list : 46

[20181116_153021 / libfx_2.py:440] (j1.1 : Y : 1) trend --> flat (2017.11.15 14:00)

[20181116_153021 / libfx_2.py:468] dat --> reset done

[20181116_153021 / libfx_2.py:500] (j3 : N) flg_A1_tmp ==> False (2017.11.15 14:00)

[20181116_153021 / libfx_2.py:523] (j4 : N) d0 ==> -0.076 (2017.11.15 14:00)

[20181116_153021 / libfx_2.py:614] (j5 : N)
e0.price_Close = 133.414
dat['price_start'] = -1.000
ts_DownBar_For_A1__Price = -1.000 (2017.11.15 14:00)

[20181116_153021 / libfx_2.py:637] (j5 : N : 1) dat ==> updated
e0.price_Close = 133.414
dat['price_current'] = 133.414
dat['index_current'] = 47
(2017.11.15 14:00)

[20181116_153021 / libfx_2.py:216] start for-loop ------------------- (47)

[20181116_153021 / libfx_2.py:255] (j1 : N) flg_Dat --> not set (False, 2017.11.15 15:00)

[20181116_153021 / libfx_2.py:350] (j2 : N) d0 < 0 (d0 = -0.045)

[20181116_153021 / libfx_2.py:216] start for-loop ------------------- (48)

[20181116_153021 / libfx_2.py:255] (j1 : N) flg_Dat --> not set (False, 2017.11.15 16:00)

[20181116_153021 / libfx_2.py:286] (j2 : Y) d0 => 0 (d0 = 0.089)

[20181116_153021 / libfx_2.py:321] (j2 : Y : 1) dat --> set (2017.11.15 16:00)

[20181116_153021 / libfx_2.py:216] start for-loop ------------------- (49)

[20181116_153021 / libfx_2.py:383] (j1 : Y) flg_Dat ==> True (2017.11.15 17:00)

[20181116_153021 / libfx_2.py:1951] is_Trend__Flat : len of list : 49

[20181116_153021 / libfx_2.py:440] (j1.1 : Y : 1) trend --> flat (2017.11.15 17:00)

[20181116_153021 / libfx_2.py:468] dat --> reset done

[20181116_153021 / libfx_2.py:500] (j3 : N) flg_A1_tmp ==> False (2017.11.15 17:00)

[20181116_153021 / libfx_2.py:661] (j4 : Y) d0 ==> 0.122 (2017.11.15 17:00)

[20181116_153021 / libfx_2.py:703] (j4 : Y : 2) dat ==> updated (2017.11.15 17:00)
dat[price_anchor] = 133.580
dat[index_anchor] = 50
dat[price_current] = 133.580
dat[index_current] = 50

[20181116_153021 / libfx_2.py:216] start for-loop ------------------- (50)

[20181116_153021 / libfx_2.py:255] (j1 : N) flg_Dat --> not set (False, 2017.11.15 18:00)

[20181116_153021 / libfx_2.py:350] (j2 : N) d0 < 0 (d0 = -0.028)

[20181116_153021 / libfx_2.py:216] start for-loop ------------------- (51)

[20181116_153021 / libfx_2.py:255] (j1 : N) flg_Dat --> not set (False, 2017.11.15 19:00)

[20181116_153021 / libfx_2.py:350] (j2 : N) d0 < 0 (d0 = -0.052)

[20181116_153021 / libfx_2.py:216] start for-loop ------------------- (52)

[20181116_153021 / libfx_2.py:255] (j1 : N) flg_Dat --> not set (False, 2017.11.15 20:00)

[20181116_153021 / libfx_2.py:286] (j2 : Y) d0 => 0 (d0 = 0.021)

[20181116_153021 / libfx_2.py:321] (j2 : Y : 1) dat --> set (2017.11.15 20:00)

[20181116_153021 / libfx_2.py:216] start for-loop ------------------- (53)

[20181116_153021 / libfx_2.py:383] (j1 : Y) flg_Dat ==> True (2017.11.15 21:00)

[20181116_153021 / libfx_2.py:1951] is_Trend__Flat : len of list : 53

[20181116_153021 / libfx_2.py:440] (j1.1 : Y : 1) trend --> flat (2017.11.15 21:00)

[20181116_153021 / libfx_2.py:468] dat --> reset done

[20181116_153021 / libfx_2.py:500] (j3 : N) flg_A1_tmp ==> False (2017.11.15 21:00)

[20181116_153021 / libfx_2.py:523] (j4 : N) d0 ==> -0.052 (2017.11.15 21:00)

[20181116_153021 / libfx_2.py:614] (j5 : N)
e0.price_Close = 133.474
dat['price_start'] = -1.000
ts_DownBar_For_A1__Price = -1.000 (2017.11.15 21:00)

[20181116_153021 / libfx_2.py:637] (j5 : N : 1) dat ==> updated
e0.price_Close = 133.474
dat['price_current'] = 133.474
dat['index_current'] = 54
(2017.11.15 21:00)

[20181116_153021 / libfx_2.py:216] start for-loop ------------------- (54)

[20181116_153021 / libfx_2.py:255] (j1 : N) flg_Dat --> not set (False, 2017.11.15 22:00)

[20181116_153021 / libfx_2.py:350] (j2 : N) d0 < 0 (d0 = -0.044)

[20181116_153021 / libfx_2.py:216] start for-loop ------------------- (55)

[20181116_153021 / libfx_2.py:255] (j1 : N) flg_Dat --> not set (False, 2017.11.15 23:00)

[20181116_153021 / libfx_2.py:350] (j2 : N) d0 < 0 (d0 = -0.258)

[20181116_153022 / libfx_2.py:216] start for-loop ------------------- (56)

[20181116_153022 / libfx_2.py:255] (j1 : N) flg_Dat --> not set (False, 2017.11.16 00:00)

[20181116_153022 / libfx_2.py:286] (j2 : Y) d0 => 0 (d0 = 0.273)

[20181116_153022 / libfx_2.py:321] (j2 : Y : 1) dat --> set (2017.11.16 00:00)

[20181116_153022 / libfx_2.py:216] start for-loop ------------------- (57)

[20181116_153022 / libfx_2.py:383] (j1 : Y) flg_Dat ==> True (2017.11.16 01:00)

[20181116_153022 / libfx_2.py:1951] is_Trend__Flat : len of list : 57

[20181116_153022 / libfx_2.py:440] (j1.1 : Y : 1) trend --> flat (2017.11.16 01:00)

[20181116_153022 / libfx_2.py:468] dat --> reset done

[20181116_153022 / libfx_2.py:500] (j3 : N) flg_A1_tmp ==> False (2017.11.16 01:00)

[20181116_153022 / libfx_2.py:523] (j4 : N) d0 ==> -0.004 (2017.11.16 01:00)

[20181116_153022 / libfx_2.py:614] (j5 : N)
e0.price_Close = 133.445
dat['price_start'] = -1.000
ts_DownBar_For_A1__Price = -1.000 (2017.11.16 01:00)

[20181116_153022 / libfx_2.py:637] (j5 : N : 1) dat ==> updated
e0.price_Close = 133.445
dat['price_current'] = 133.445
dat['index_current'] = 58
(2017.11.16 01:00)

[20181116_153022 / libfx_2.py:216] start for-loop ------------------- (58)

[20181116_153022 / libfx_2.py:255] (j1 : N) flg_Dat --> not set (False, 2017.11.16 02:00)

[20181116_153022 / libfx_2.py:350] (j2 : N) d0 < 0 (d0 = -0.047)

[20181116_153022 / libfx_2.py:216] start for-loop ------------------- (59)

[20181116_153022 / libfx_2.py:255] (j1 : N) flg_Dat --> not set (False, 2017.11.16 03:00)

[20181116_153022 / libfx_2.py:350] (j2 : N) d0 < 0 (d0 = -0.107)

[20181116_153022 / libfx_2.py:216] start for-loop ------------------- (60)

[20181116_153022 / libfx_2.py:255] (j1 : N) flg_Dat --> not set (False, 2017.11.16 04:00)

[20181116_153022 / libfx_2.py:350] (j2 : N) d0 < 0 (d0 = -0.158)

[20181116_153022 / libfx_2.py:216] start for-loop ------------------- (61)

[20181116_153022 / libfx_2.py:255] (j1 : N) flg_Dat --> not set (False, 2017.11.16 05:00)

[20181116_153022 / libfx_2.py:350] (j2 : N) d0 < 0 (d0 = -0.100)

[20181116_153022 / libfx_2.py:216] start for-loop ------------------- (62)

[20181116_153022 / libfx_2.py:255] (j1 : N) flg_Dat --> not set (False, 2017.11.16 06:00)

[20181116_153022 / libfx_2.py:286] (j2 : Y) d0 => 0 (d0 = 0.045)

[20181116_153022 / libfx_2.py:321] (j2 : Y : 1) dat --> set (2017.11.16 06:00)

[20181116_153022 / libfx_2.py:216] start for-loop ------------------- (63)

[20181116_153022 / libfx_2.py:383] (j1 : Y) flg_Dat ==> True (2017.11.16 07:00)

[20181116_153022 / libfx_2.py:1951] is_Trend__Flat : len of list : 63

[20181116_153022 / libfx_2.py:440] (j1.1 : Y : 1) trend --> flat (2017.11.16 07:00)

[20181116_153022 / libfx_2.py:468] dat --> reset done

[20181116_153022 / libfx_2.py:500] (j3 : N) flg_A1_tmp ==> False (2017.11.16 07:00)

[20181116_153022 / libfx_2.py:523] (j4 : N) d0 ==> -0.164 (2017.11.16 07:00)

[20181116_153023 / libfx_2.py:614] (j5 : N)
e0.price_Close = 132.854
dat['price_start'] = -1.000
ts_DownBar_For_A1__Price = -1.000 (2017.11.16 07:00)

[20181116_153023 / libfx_2.py:637] (j5 : N : 1) dat ==> updated
e0.price_Close = 132.854
dat['price_current'] = 132.854
dat['index_current'] = 64
(2017.11.16 07:00)

[20181116_153023 / libfx_2.py:216] start for-loop ------------------- (64)

[20181116_153023 / libfx_2.py:255] (j1 : N) flg_Dat --> not set (False, 2017.11.16 08:00)

[20181116_153023 / libfx_2.py:286] (j2 : Y) d0 => 0 (d0 = 0.017)

[20181116_153023 / libfx_2.py:321] (j2 : Y : 1) dat --> set (2017.11.16 08:00)

[20181116_153023 / libfx_2.py:216] start for-loop ------------------- (65)

[20181116_153023 / libfx_2.py:383] (j1 : Y) flg_Dat ==> True (2017.11.16 09:00)

[20181116_153023 / libfx_2.py:1951] is_Trend__Flat : len of list : 65

[20181116_153023 / libfx_2.py:440] (j1.1 : Y : 1) trend --> flat (2017.11.16 09:00)

[20181116_153023 / libfx_2.py:468] dat --> reset done

[20181116_153023 / libfx_2.py:500] (j3 : N) flg_A1_tmp ==> False (2017.11.16 09:00)

[20181116_153023 / libfx_2.py:661] (j4 : Y) d0 ==> 0.208 (2017.11.16 09:00)

[20181116_153023 / libfx_2.py:703] (j4 : Y : 2) dat ==> updated (2017.11.16 09:00)
dat[price_anchor] = 133.079
dat[index_anchor] = 66
dat[price_current] = 133.079
dat[index_current] = 66

[20181116_153023 / libfx_2.py:216] start for-loop ------------------- (66)

[20181116_153023 / libfx_2.py:255] (j1 : N) flg_Dat --> not set (False, 2017.11.16 10:00)

[20181116_153023 / libfx_2.py:350] (j2 : N) d0 < 0 (d0 = -0.043)

[20181116_153023 / libfx_2.py:216] start for-loop ------------------- (67)

[20181116_153023 / libfx_2.py:255] (j1 : N) flg_Dat --> not set (False, 2017.11.16 11:00)

[20181116_153023 / libfx_2.py:286] (j2 : Y) d0 => 0 (d0 = 0.068)

[20181116_153023 / libfx_2.py:321] (j2 : Y : 1) dat --> set (2017.11.16 11:00)

[20181116_153023 / libfx_2.py:216] start for-loop ------------------- (68)

[20181116_153023 / libfx_2.py:383] (j1 : Y) flg_Dat ==> True (2017.11.16 12:00)

[20181116_153023 / libfx_2.py:1951] is_Trend__Flat : len of list : 68

[20181116_153023 / libfx_2.py:440] (j1.1 : Y : 1) trend --> flat (2017.11.16 12:00)

[20181116_153023 / libfx_2.py:468] dat --> reset done

[20181116_153023 / libfx_2.py:500] (j3 : N) flg_A1_tmp ==> False (2017.11.16 12:00)

[20181116_153023 / libfx_2.py:661] (j4 : Y) d0 ==> 0.003 (2017.11.16 12:00)

[20181116_153023 / libfx_2.py:703] (j4 : Y : 2) dat ==> updated (2017.11.16 12:00)
dat[price_anchor] = 133.102
dat[index_anchor] = 69
dat[price_current] = 133.102
dat[index_current] = 69

[20181116_153023 / libfx_2.py:216] start for-loop ------------------- (69)

[20181116_153023 / libfx_2.py:255] (j1 : N) flg_Dat --> not set (False, 2017.11.16 13:00)

[20181116_153023 / libfx_2.py:286] (j2 : Y) d0 => 0 (d0 = 0.058)

[20181116_153024 / libfx_2.py:321] (j2 : Y : 1) dat --> set (2017.11.16 13:00)

[20181116_153024 / libfx_2.py:216] start for-loop ------------------- (70)

[20181116_153024 / libfx_2.py:383] (j1 : Y) flg_Dat ==> True (2017.11.16 14:00)

[20181116_153024 / libfx_2.py:1951] is_Trend__Flat : len of list : 70

[20181116_153024 / libfx_2.py:440] (j1.1 : Y : 1) trend --> flat (2017.11.16 14:00)

[20181116_153024 / libfx_2.py:468] dat --> reset done

[20181116_153024 / libfx_2.py:500] (j3 : N) flg_A1_tmp ==> False (2017.11.16 14:00)

[20181116_153024 / libfx_2.py:661] (j4 : Y) d0 ==> 0.045 (2017.11.16 14:00)

[20181116_153024 / libfx_2.py:703] (j4 : Y : 2) dat ==> updated (2017.11.16 14:00)
dat[price_anchor] = 133.204
dat[index_anchor] = 71
dat[price_current] = 133.204
dat[index_current] = 71

[20181116_153024 / libfx_2.py:216] start for-loop ------------------- (71)

[20181116_153024 / libfx_2.py:255] (j1 : N) flg_Dat --> not set (False, 2017.11.16 15:00)

[20181116_153024 / libfx_2.py:286] (j2 : Y) d0 => 0 (d0 = 0.201)

[20181116_153024 / libfx_2.py:321] (j2 : Y : 1) dat --> set (2017.11.16 15:00)

[20181116_153024 / libfx_2.py:216] start for-loop ------------------- (72)

[20181116_153024 / libfx_2.py:383] (j1 : Y) flg_Dat ==> True (2017.11.16 16:00)

[20181116_153024 / libfx_2.py:1951] is_Trend__Flat : len of list : 72

[20181116_153024 / libfx_2.py:440] (j1.1 : Y : 1) trend --> flat (2017.11.16 16:00)

[20181116_153024 / libfx_2.py:468] dat --> reset done

[20181116_153024 / libfx_2.py:500] (j3 : N) flg_A1_tmp ==> False (2017.11.16 16:00)

[20181116_153024 / libfx_2.py:523] (j4 : N) d0 ==> -0.102 (2017.11.16 16:00)

[20181116_153024 / libfx_2.py:614] (j5 : N)
e0.price_Close = 133.305
dat['price_start'] = -1.000
ts_DownBar_For_A1__Price = -1.000 (2017.11.16 16:00)

[20181116_153024 / libfx_2.py:637] (j5 : N : 1) dat ==> updated
e0.price_Close = 133.305
dat['price_current'] = 133.305
dat['index_current'] = 73
(2017.11.16 16:00)

[20181116_153024 / libfx_2.py:216] start for-loop ------------------- (73)

[20181116_153024 / libfx_2.py:255] (j1 : N) flg_Dat --> not set (False, 2017.11.16 17:00)

[20181116_153024 / libfx_2.py:286] (j2 : Y) d0 => 0 (d0 = 0.060)

[20181116_153024 / libfx_2.py:321] (j2 : Y : 1) dat --> set (2017.11.16 17:00)

[20181116_153024 / libfx_2.py:216] start for-loop ------------------- (74)

[20181116_153024 / libfx_2.py:383] (j1 : Y) flg_Dat ==> True (2017.11.16 18:00)

[20181116_153024 / libfx_2.py:1951] is_Trend__Flat : len of list : 74

[20181116_153024 / libfx_2.py:440] (j1.1 : Y : 1) trend --> flat (2017.11.16 18:00)

[20181116_153024 / libfx_2.py:468] dat --> reset done

[20181116_153024 / libfx_2.py:500] (j3 : N) flg_A1_tmp ==> False (2017.11.16 18:00)

[20181116_153024 / libfx_2.py:523] (j4 : N) d0 ==> -0.045 (2017.11.16 18:00)

[20181116_153024 / libfx_2.py:614] (j5 : N)
e0.price_Close = 133.320
dat['price_start'] = -1.000
ts_DownBar_For_A1__Price = -1.000 (2017.11.16 18:00)

[20181116_153024 / libfx_2.py:637] (j5 : N : 1) dat ==> updated
e0.price_Close = 133.320
dat['price_current'] = 133.320
dat['index_current'] = 75
(2017.11.16 18:00)

[20181116_153024 / libfx_2.py:216] start for-loop ------------------- (75)

[20181116_153024 / libfx_2.py:255] (j1 : N) flg_Dat --> not set (False, 2017.11.16 19:00)

[20181116_153024 / libfx_2.py:350] (j2 : N) d0 < 0 (d0 = -0.043)

[20181116_153024 / libfx_2.py:216] start for-loop ------------------- (76)

[20181116_153024 / libfx_2.py:255] (j1 : N) flg_Dat --> not set (False, 2017.11.16 20:00)

[20181116_153024 / libfx_2.py:350] (j2 : N) d0 < 0 (d0 = -0.161)

[20181116_153024 / libfx_2.py:216] start for-loop ------------------- (77)

[20181116_153025 / libfx_2.py:255] (j1 : N) flg_Dat --> not set (False, 2017.11.16 21:00)

[20181116_153025 / libfx_2.py:350] (j2 : N) d0 < 0 (d0 = -0.004)

[20181116_153025 / libfx_2.py:216] start for-loop ------------------- (78)

[20181116_153025 / libfx_2.py:255] (j1 : N) flg_Dat --> not set (False, 2017.11.16 22:00)

[20181116_153025 / libfx_2.py:350] (j2 : N) d0 < 0 (d0 = -0.041)

[20181116_153025 / libfx_2.py:216] start for-loop ------------------- (79)

[20181116_153025 / libfx_2.py:255] (j1 : N) flg_Dat --> not set (False, 2017.11.16 23:00)

[20181116_153025 / libfx_2.py:350] (j2 : N) d0 < 0 (d0 = -0.149)

[20181116_153025 / libfx_2.py:216] start for-loop ------------------- (80)

[20181116_153025 / libfx_2.py:255] (j1 : N) flg_Dat --> not set (False, 2017.11.17 00:00)

[20181116_153025 / libfx_2.py:350] (j2 : N) d0 < 0 (d0 = -0.134)

[20181116_153025 / libfx_2.py:216] start for-loop ------------------- (81)

[20181116_153025 / libfx_2.py:255] (j1 : N) flg_Dat --> not set (False, 2017.11.17 01:00)

[20181116_153025 / libfx_2.py:286] (j2 : Y) d0 => 0 (d0 = 0.109)

[20181116_153025 / libfx_2.py:321] (j2 : Y : 1) dat --> set (2017.11.17 01:00)

[20181116_153025 / libfx_2.py:216] start for-loop ------------------- (82)

[20181116_153025 / libfx_2.py:383] (j1 : Y) flg_Dat ==> True (2017.11.17 02:00)

[20181116_153025 / libfx_2.py:1951] is_Trend__Flat : len of list : 82

[20181116_153025 / libfx_2.py:440] (j1.1 : Y : 1) trend --> flat (2017.11.17 02:00)

[20181116_153025 / libfx_2.py:468] dat --> reset done

[20181116_153025 / libfx_2.py:500] (j3 : N) flg_A1_tmp ==> False (2017.11.17 02:00)

[20181116_153025 / libfx_2.py:523] (j4 : N) d0 ==> -0.018 (2017.11.17 02:00)

[20181116_153025 / libfx_2.py:614] (j5 : N)
e0.price_Close = 132.885
dat['price_start'] = -1.000
ts_DownBar_For_A1__Price = -1.000 (2017.11.17 02:00)

[20181116_153025 / libfx_2.py:637] (j5 : N : 1) dat ==> updated
e0.price_Close = 132.885
dat['price_current'] = 132.885
dat['index_current'] = 83
(2017.11.17 02:00)

[20181116_153025 / libfx_2.py:216] start for-loop ------------------- (83)

[20181116_153025 / libfx_2.py:255] (j1 : N) flg_Dat --> not set (False, 2017.11.17 03:00)

[20181116_153025 / libfx_2.py:286] (j2 : Y) d0 => 0 (d0 = 0.047)

[20181116_153025 / libfx_2.py:321] (j2 : Y : 1) dat --> set (2017.11.17 03:00)

[20181116_153025 / libfx_2.py:216] start for-loop ------------------- (84)

[20181116_153025 / libfx_2.py:383] (j1 : Y) flg_Dat ==> True (2017.11.17 04:00)

[20181116_153025 / libfx_2.py:1951] is_Trend__Flat : len of list : 84

[20181116_153025 / libfx_2.py:440] (j1.1 : Y : 1) trend --> flat (2017.11.17 04:00)

[20181116_153025 / libfx_2.py:468] dat --> reset done

[20181116_153025 / libfx_2.py:500] (j3 : N) flg_A1_tmp ==> False (2017.11.17 04:00)

[20181116_153025 / libfx_2.py:661] (j4 : Y) d0 ==> 0.020 (2017.11.17 04:00)

[20181116_153025 / libfx_2.py:703] (j4 : Y : 2) dat ==> updated (2017.11.17 04:00)
dat[price_anchor] = 132.949
dat[index_anchor] = 85
dat[price_current] = 132.949
dat[index_current] = 85

[20181116_153025 / libfx_2.py:216] start for-loop ------------------- (85)

[20181116_153025 / libfx_2.py:255] (j1 : N) flg_Dat --> not set (False, 2017.11.17 05:00)

[20181116_153025 / libfx_2.py:286] (j2 : Y) d0 => 0 (d0 = 0.116)

[20181116_153025 / libfx_2.py:321] (j2 : Y : 1) dat --> set (2017.11.17 05:00)

[20181116_153025 / libfx_2.py:216] start for-loop ------------------- (86)

[20181116_153025 / libfx_2.py:383] (j1 : Y) flg_Dat ==> True (2017.11.17 06:00)

[20181116_153026 / libfx_2.py:1951] is_Trend__Flat : len of list : 86

[20181116_153026 / libfx_2.py:440] (j1.1 : Y : 1) trend --> flat (2017.11.17 06:00)

[20181116_153026 / libfx_2.py:468] dat --> reset done

[20181116_153026 / libfx_2.py:500] (j3 : N) flg_A1_tmp ==> False (2017.11.17 06:00)

[20181116_153026 / libfx_2.py:523] (j4 : N) d0 ==> -0.019 (2017.11.17 06:00)

[20181116_153026 / libfx_2.py:614] (j5 : N)
e0.price_Close = 133.048
dat['price_start'] = -1.000
ts_DownBar_For_A1__Price = -1.000 (2017.11.17 06:00)

[20181116_153026 / libfx_2.py:637] (j5 : N : 1) dat ==> updated
e0.price_Close = 133.048
dat['price_current'] = 133.048
dat['index_current'] = 87
(2017.11.17 06:00)

[20181116_153026 / libfx_2.py:216] start for-loop ------------------- (87)

[20181116_153026 / libfx_2.py:255] (j1 : N) flg_Dat --> not set (False, 2017.11.17 07:00)

[20181116_153026 / libfx_2.py:286] (j2 : Y) d0 => 0 (d0 = 0.091)

[20181116_153026 / libfx_2.py:321] (j2 : Y : 1) dat --> set (2017.11.17 07:00)

[20181116_153026 / libfx_2.py:216] start for-loop ------------------- (88)

[20181116_153026 / libfx_2.py:383] (j1 : Y) flg_Dat ==> True (2017.11.17 08:00)

[20181116_153026 / libfx_2.py:1951] is_Trend__Flat : len of list : 88

[20181116_153026 / libfx_2.py:440] (j1.1 : Y : 1) trend --> flat (2017.11.17 08:00)

[20181116_153026 / libfx_2.py:468] dat --> reset done

[20181116_153026 / libfx_2.py:500] (j3 : N) flg_A1_tmp ==> False (2017.11.17 08:00)

[20181116_153026 / libfx_2.py:661] (j4 : Y) d0 ==> 0.004 (2017.11.17 08:00)

[20181116_153026 / libfx_2.py:703] (j4 : Y : 2) dat ==> updated (2017.11.17 08:00)
dat[price_anchor] = 133.145
dat[index_anchor] = 89
dat[price_current] = 133.145
dat[index_current] = 89

[20181116_153026 / libfx_2.py:216] start for-loop ------------------- (89)

[20181116_153026 / libfx_2.py:255] (j1 : N) flg_Dat --> not set (False, 2017.11.17 09:00)

[20181116_153026 / libfx_2.py:350] (j2 : N) d0 < 0 (d0 = -0.009)

[20181116_153026 / libfx_2.py:216] start for-loop ------------------- (90)

[20181116_153026 / libfx_2.py:255] (j1 : N) flg_Dat --> not set (False, 2017.11.17 10:00)

[20181116_153026 / libfx_2.py:350] (j2 : N) d0 < 0 (d0 = -0.159)

[20181116_153026 / libfx_2.py:216] start for-loop ------------------- (91)

[20181116_153026 / libfx_2.py:255] (j1 : N) flg_Dat --> not set (False, 2017.11.17 11:00)

[20181116_153026 / libfx_2.py:350] (j2 : N) d0 < 0 (d0 = -0.091)

[20181116_153026 / libfx_2.py:216] start for-loop ------------------- (92)

[20181116_153026 / libfx_2.py:255] (j1 : N) flg_Dat --> not set (False, 2017.11.17 12:00)

[20181116_153026 / libfx_2.py:350] (j2 : N) d0 < 0 (d0 = -0.047)

[20181116_153026 / libfx_2.py:216] start for-loop ------------------- (93)

[20181116_153026 / libfx_2.py:255] (j1 : N) flg_Dat --> not set (False, 2017.11.17 13:00)

[20181116_153027 / libfx_2.py:286] (j2 : Y) d0 => 0 (d0 = 0.066)

[20181116_153027 / libfx_2.py:321] (j2 : Y : 1) dat --> set (2017.11.17 13:00)

[20181116_153027 / libfx_2.py:216] start for-loop ------------------- (94)

[20181116_153027 / libfx_2.py:383] (j1 : Y) flg_Dat ==> True (2017.11.17 14:00)

[20181116_153027 / libfx_2.py:1951] is_Trend__Flat : len of list : 94

[20181116_153027 / libfx_2.py:440] (j1.1 : Y : 1) trend --> flat (2017.11.17 14:00)

[20181116_153027 / libfx_2.py:468] dat --> reset done

[20181116_153027 / libfx_2.py:500] (j3 : N) flg_A1_tmp ==> False (2017.11.17 14:00)

[20181116_153027 / libfx_2.py:523] (j4 : N) d0 ==> -0.015 (2017.11.17 14:00)

[20181116_153027 / libfx_2.py:614] (j5 : N)
e0.price_Close = 132.896
dat['price_start'] = -1.000
ts_DownBar_For_A1__Price = -1.000 (2017.11.17 14:00)

[20181116_153027 / libfx_2.py:637] (j5 : N : 1) dat ==> updated
e0.price_Close = 132.896
dat['price_current'] = 132.896
dat['index_current'] = 95
(2017.11.17 14:00)

[20181116_153027 / libfx_2.py:216] start for-loop ------------------- (95)

[20181116_153027 / libfx_2.py:255] (j1 : N) flg_Dat --> not set (False, 2017.11.17 15:00)

[20181116_153027 / libfx_2.py:350] (j2 : N) d0 < 0 (d0 = -0.040)

[20181116_153027 / libfx_2.py:216] start for-loop ------------------- (96)

[20181116_153027 / libfx_2.py:255] (j1 : N) flg_Dat --> not set (False, 2017.11.17 16:00)

[20181116_153027 / libfx_2.py:350] (j2 : N) d0 < 0 (d0 = -0.159)

[20181116_153027 / libfx_2.py:216] start for-loop ------------------- (97)

[20181116_153027 / libfx_2.py:255] (j1 : N) flg_Dat --> not set (False, 2017.11.17 17:00)

[20181116_153027 / libfx_2.py:350] (j2 : N) d0 < 0 (d0 = -0.007)

[20181116_153027 / libfx_2.py:216] start for-loop ------------------- (98)

[20181116_153027 / libfx_2.py:255] (j1 : N) flg_Dat --> not set (False, 2017.11.17 18:00)

[20181116_153027 / libfx_2.py:286] (j2 : Y) d0 => 0 (d0 = 0.029)

[20181116_153027 / libfx_2.py:321] (j2 : Y : 1) dat --> set (2017.11.17 18:00)

[20181116_153027 / libfx_2.py:216] start for-loop ------------------- (99)

[20181116_153027 / libfx_2.py:383] (j1 : Y) flg_Dat ==> True (2017.11.17 19:00)

[20181116_153027 / libfx_2.py:1951] is_Trend__Flat : len of list : 99

[20181116_153027 / libfx_2.py:440] (j1.1 : Y : 1) trend --> flat (2017.11.17 19:00)

[20181116_153027 / libfx_2.py:468] dat --> reset done

[20181116_153027 / libfx_2.py:500] (j3 : N) flg_A1_tmp ==> False (2017.11.17 19:00)

[20181116_153027 / libfx_2.py:661] (j4 : Y) d0 ==> 0.131 (2017.11.17 19:00)

[20181116_153027 / libfx_2.py:703] (j4 : Y : 2) dat ==> updated (2017.11.17 19:00)
dat[price_anchor] = 132.852
dat[index_anchor] = 100
dat[price_current] = 132.852
dat[index_current] = 100

[20181116_153027 / libfx_2.py:754] FINAL REPORT --------------------
cntOf_Total = 100
cntOf_J4_Y = 18

