[20181116_154339 / libfx_2.py:131] =========== _BUSL_3__DetectPatterns__Two_Tops__V_5
source = 44_3.2_15_file-io.EURJPY.Period-H1.Days-5000.Bars-120000.20180903_135340.(m-11).20180926_205209.(new).(SHRINK-50).csv

[20181116_154339 / libfx_2.py:216] start for-loop ------------------- (0)

[20181116_154339 / libfx_2.py:255] (j1 : N) flg_Dat --> not set (False, 2017.11.13 16:00)

[20181116_154339 / libfx_2.py:350] (j2 : N) d0 < 0 (d0 = -0.072)

[20181116_154339 / libfx_2.py:216] start for-loop ------------------- (1)

[20181116_154339 / libfx_2.py:255] (j1 : N) flg_Dat --> not set (False, 2017.11.13 17:00)

[20181116_154339 / libfx_2.py:286] (j2 : Y) d0 => 0 (d0 = 0.038)

[20181116_154339 / libfx_2.py:321] (j2 : Y : 1) dat --> set (2017.11.13 17:00)

[20181116_154339 / libfx_2.py:216] start for-loop ------------------- (2)

[20181116_154339 / libfx_2.py:383] (j1 : Y) flg_Dat ==> True (2017.11.13 18:00)

[20181116_154339 / libfx_2.py:1976] (j1 : N : 1) less than 5 (2)

[20181116_154339 / libfx_2.py:417] (j1.1 : N) trend --> NOT flat (2017.11.13 18:00)

[20181116_154339 / libfx_2.py:501] (j3 : N) flg_A1_tmp ==> False (2017.11.13 18:00)

[20181116_154339 / libfx_2.py:524] (j4 : N) d0 ==> -0.137 (2017.11.13 18:00)

[20181116_154339 / libfx_2.py:555] (j5 : Y) 
e0.price_Close = 131.970
ts_DownBar_For_A1__Price = 132.069 (2017.11.13 18:00)

[20181116_154339 / libfx_2.py:585] dat --> reset done

[20181116_154339 / libfx_2.py:216] start for-loop ------------------- (3)

[20181116_154339 / libfx_2.py:255] (j1 : N) flg_Dat --> not set (False, 2017.11.13 19:00)

[20181116_154339 / libfx_2.py:350] (j2 : N) d0 < 0 (d0 = -0.006)

[20181116_154339 / libfx_2.py:216] start for-loop ------------------- (4)

[20181116_154339 / libfx_2.py:255] (j1 : N) flg_Dat --> not set (False, 2017.11.13 20:00)

[20181116_154339 / libfx_2.py:286] (j2 : Y) d0 => 0 (d0 = 0.093)

[20181116_154339 / libfx_2.py:321] (j2 : Y : 1) dat --> set (2017.11.13 20:00)

[20181116_154340 / libfx_2.py:216] start for-loop ------------------- (5)

[20181116_154340 / libfx_2.py:383] (j1 : Y) flg_Dat ==> True (2017.11.13 21:00)

[20181116_154340 / libfx_2.py:1997] (j1 : Y) equal or more than 5 (5)

