[20181016_064956 / libfx_2.py:124] =========== _BUSL_3__DetectPatterns__Two_Tops__V_2
source = 44_3.2_15_file-io.EURJPY.Period-H1.Days-5000.Bars-120000.20180903_135340.(m-11).20180926_205209.(new).csv

[20181016_064956 / libfx_2.py:201] start for-loop ------------------- (0)

[20181016_064956 / libfx_2.py:243] flg_Dat --> not set (False, 2017.11.13 16:00)

[20181016_064956 / libfx_2.py:348] (j2 : N) d0 < 0 (d0 = -0.072)

[20181016_064956 / libfx_2.py:201] start for-loop ------------------- (1)

[20181016_064956 / libfx_2.py:243] flg_Dat --> not set (False, 2017.11.13 17:00)

[20181016_064956 / libfx_2.py:277] (j2 : Y) d0 => 0 (d0 = 0.038)

[20181016_064957 / libfx_2.py:315] (j2 : Y : 1) dat --> set (2017.11.13 17:00)

[20181016_064957 / libfx_2.py:201] start for-loop ------------------- (2)

[20181016_064957 / libfx_2.py:384] (j1 : Y) flg_Dat ==> True (2017.11.13 18:00)

[20181016_064957 / libfx_2.py:580] (j3 : N) d0 < 0 : 2017.11.13 18:00 (d0 = -0.137)

[20181016_064957 / libfx_2.py:612] (j7 : N) flg_A1 --> False : 2017.11.13 18:00 (flg_A1 = False)

[20181016_064957 / libfx_2.py:763] (j8 : N) e0.price_Close < dat['price_start'] : 2017.11.13 18:00 (close = 131.970 / start = 132.069)

[20181016_064957 / libfx_2.py:827] (j9 : N) e0.price_Close < (dat['price_start'] - sl) : 2017.11.13 18:00 (close = 131.970 / start = 132.069 / start - sl = 132.039)

[20181016_064957 / libfx_2.py:873] dat --> reset done

[20181016_064957 / libfx_2.py:201] start for-loop ------------------- (3)

[20181016_064957 / libfx_2.py:243] flg_Dat --> not set (False, 2017.11.13 19:00)

[20181016_064957 / libfx_2.py:348] (j2 : N) d0 < 0 (d0 = -0.006)

[20181016_064957 / libfx_2.py:201] start for-loop ------------------- (4)

[20181016_064957 / libfx_2.py:243] flg_Dat --> not set (False, 2017.11.13 20:00)

[20181016_064957 / libfx_2.py:277] (j2 : Y) d0 => 0 (d0 = 0.093)

[20181016_064957 / libfx_2.py:315] (j2 : Y : 1) dat --> set (2017.11.13 20:00)

[20181016_064957 / libfx_2.py:201] start for-loop ------------------- (5)

[20181016_064957 / libfx_2.py:384] (j1 : Y) flg_Dat ==> True (2017.11.13 21:00)

[20181016_064957 / libfx_2.py:580] (j3 : N) d0 < 0 : 2017.11.13 21:00 (d0 = -0.014)

[20181016_064957 / libfx_2.py:612] (j7 : N) flg_A1 --> False : 2017.11.13 21:00 (flg_A1 = False)

[20181016_064957 / libfx_2.py:642] (j8 : Y) e0.price_Close >= dat['price_start'] : 2017.11.13 21:00 (close = 132.050 / start = 131.965)

[20181016_064957 / libfx_2.py:686] (j8 : Y : 1) dat --> updated
start = 2017.11.13 20:00 (5, 131.965)
current= 2017.11.13 21:00 (6, 132.050)

[20181016_064957 / libfx_2.py:734] (j8 : Y : 3) dat --> updated
price_anchor = 2017.11.13 20:00 (5, 132.050)

