[20181116_155228 / libfx_2.py:131] =========== _BUSL_3__DetectPatterns__Two_Tops__V_5
source = 44_3.2_15_file-io.EURJPY.Period-H1.Days-5000.Bars-120000.20180903_135340.(m-11).20180926_205209.(new).(SHRINK-50).csv

[20181116_155229 / libfx_2.py:216] start for-loop ------------------- (0)

[20181116_155229 / libfx_2.py:255] (j1 : N) flg_Dat --> not set (False, 2017.11.13 16:00)

[20181116_155229 / libfx_2.py:350] (j2 : N) d0 < 0 (d0 = -0.072)

[20181116_155229 / libfx_2.py:216] start for-loop ------------------- (1)

[20181116_155229 / libfx_2.py:255] (j1 : N) flg_Dat --> not set (False, 2017.11.13 17:00)

[20181116_155229 / libfx_2.py:286] (j2 : Y) d0 => 0 (d0 = 0.038)

[20181116_155229 / libfx_2.py:321] (j2 : Y : 1) dat --> set (2017.11.13 17:00)

[20181116_155229 / libfx_2.py:216] start for-loop ------------------- (2)

[20181116_155229 / libfx_2.py:383] (j1 : Y) flg_Dat ==> True (2017.11.13 18:00)

[20181116_155229 / libfx_2.py:404] (j1 : Y : 1 / j1.1) trend --> flat ? (2017.11.13 18:00)

[20181116_155229 / libfx_2.py:1987] [is_Trend__Flat] (j1 : N : 1) less than 5 (2)

[20181116_155229 / libfx_2.py:428] (j1 : Y : 1 / j1.1 : N) trend --> NOT flat (2017.11.13 18:00)

[20181116_155229 / libfx_2.py:512] (j3 : N) flg_A1_tmp ==> False (2017.11.13 18:00)

[20181116_155229 / libfx_2.py:535] (j4 : N) d0 ==> -0.137 (2017.11.13 18:00)

[20181116_155229 / libfx_2.py:566] (j5 : Y) 
e0.price_Close = 131.970
ts_DownBar_For_A1__Price = 132.069 (2017.11.13 18:00)

[20181116_155229 / libfx_2.py:596] dat --> reset done

[20181116_155229 / libfx_2.py:216] start for-loop ------------------- (3)

[20181116_155229 / libfx_2.py:255] (j1 : N) flg_Dat --> not set (False, 2017.11.13 19:00)

[20181116_155229 / libfx_2.py:350] (j2 : N) d0 < 0 (d0 = -0.006)

[20181116_155229 / libfx_2.py:216] start for-loop ------------------- (4)

[20181116_155229 / libfx_2.py:255] (j1 : N) flg_Dat --> not set (False, 2017.11.13 20:00)

[20181116_155229 / libfx_2.py:286] (j2 : Y) d0 => 0 (d0 = 0.093)

[20181116_155229 / libfx_2.py:321] (j2 : Y : 1) dat --> set (2017.11.13 20:00)

[20181116_155229 / libfx_2.py:216] start for-loop ------------------- (5)

[20181116_155229 / libfx_2.py:383] (j1 : Y) flg_Dat ==> True (2017.11.13 21:00)

[20181116_155229 / libfx_2.py:404] (j1 : Y : 1 / j1.1) trend --> flat ? (2017.11.13 21:00)

[20181116_155229 / libfx_2.py:2008] [is_Trend__Flat] (j1 : Y) equal or more than 5 (5)

[20181116_155229 / libfx_2.py:452] (j1 : Y : 1 / j1.1 : Y : 1) trend --> flat (2017.11.13 21:00)

[20181116_155229 / libfx_2.py:480] dat --> reset done

[20181116_155229 / libfx_2.py:512] (j3 : N) flg_A1_tmp ==> False (2017.11.13 21:00)

[20181116_155229 / libfx_2.py:535] (j4 : N) d0 ==> -0.014 (2017.11.13 21:00)

[20181116_155229 / libfx_2.py:626] (j5 : N)
e0.price_Close = 132.050
dat['price_start'] = -1.000
ts_DownBar_For_A1__Price = -1.000 (2017.11.13 21:00)

[20181116_155230 / libfx_2.py:649] (j5 : N : 1) dat ==> updated
e0.price_Close = 132.050
dat['price_current'] = 132.050
dat['index_current'] = 6
(2017.11.13 21:00)

[20181116_155230 / libfx_2.py:216] start for-loop ------------------- (6)

[20181116_155230 / libfx_2.py:255] (j1 : N) flg_Dat --> not set (False, 2017.11.13 22:00)

[20181116_155230 / libfx_2.py:286] (j2 : Y) d0 => 0 (d0 = 0.198)

[20181116_155230 / libfx_2.py:321] (j2 : Y : 1) dat --> set (2017.11.13 22:00)

[20181116_155230 / libfx_2.py:216] start for-loop ------------------- (7)

[20181116_155230 / libfx_2.py:383] (j1 : Y) flg_Dat ==> True (2017.11.13 23:00)

[20181116_155230 / libfx_2.py:404] (j1 : Y : 1 / j1.1) trend --> flat ? (2017.11.13 23:00)

[20181116_155230 / libfx_2.py:2008] [is_Trend__Flat] (j1 : Y) equal or more than 5 (7)

[20181116_155230 / libfx_2.py:452] (j1 : Y : 1 / j1.1 : Y : 1) trend --> flat (2017.11.13 23:00)

[20181116_155230 / libfx_2.py:480] dat --> reset done

[20181116_155230 / libfx_2.py:512] (j3 : N) flg_A1_tmp ==> False (2017.11.13 23:00)

[20181116_155230 / libfx_2.py:673] (j4 : Y) d0 ==> 0.063 (2017.11.13 23:00)

[20181116_155230 / libfx_2.py:715] (j4 : Y : 2) dat ==> updated (2017.11.13 23:00)
dat[price_anchor] = 132.312
dat[index_anchor] = 8
dat[price_current] = 132.312
dat[index_current] = 8

[20181116_155230 / libfx_2.py:216] start for-loop ------------------- (8)

[20181116_155230 / libfx_2.py:255] (j1 : N) flg_Dat --> not set (False, 2017.11.14 00:00)

[20181116_155230 / libfx_2.py:286] (j2 : Y) d0 => 0 (d0 = 0.083)

[20181116_155230 / libfx_2.py:321] (j2 : Y : 1) dat --> set (2017.11.14 00:00)

[20181116_155230 / libfx_2.py:216] start for-loop ------------------- (9)

[20181116_155230 / libfx_2.py:383] (j1 : Y) flg_Dat ==> True (2017.11.14 01:00)

[20181116_155230 / libfx_2.py:404] (j1 : Y : 1 / j1.1) trend --> flat ? (2017.11.14 01:00)

[20181116_155230 / libfx_2.py:2008] [is_Trend__Flat] (j1 : Y) equal or more than 5 (9)

[20181116_155230 / libfx_2.py:452] (j1 : Y : 1 / j1.1 : Y : 1) trend --> flat (2017.11.14 01:00)

[20181116_155230 / libfx_2.py:480] dat --> reset done

[20181116_155230 / libfx_2.py:512] (j3 : N) flg_A1_tmp ==> False (2017.11.14 01:00)

[20181116_155230 / libfx_2.py:673] (j4 : Y) d0 ==> 0.045 (2017.11.14 01:00)

[20181116_155230 / libfx_2.py:715] (j4 : Y : 2) dat ==> updated (2017.11.14 01:00)
dat[price_anchor] = 132.440
dat[index_anchor] = 10
dat[price_current] = 132.440
dat[index_current] = 10

[20181116_155230 / libfx_2.py:216] start for-loop ------------------- (10)

[20181116_155230 / libfx_2.py:255] (j1 : N) flg_Dat --> not set (False, 2017.11.14 02:00)

[20181116_155230 / libfx_2.py:286] (j2 : Y) d0 => 0 (d0 = 0.074)

[20181116_155230 / libfx_2.py:321] (j2 : Y : 1) dat --> set (2017.11.14 02:00)

[20181116_155230 / libfx_2.py:216] start for-loop ------------------- (11)

[20181116_155230 / libfx_2.py:383] (j1 : Y) flg_Dat ==> True (2017.11.14 03:00)

[20181116_155231 / libfx_2.py:404] (j1 : Y : 1 / j1.1) trend --> flat ? (2017.11.14 03:00)

[20181116_155231 / libfx_2.py:2008] [is_Trend__Flat] (j1 : Y) equal or more than 5 (11)

[20181116_155231 / libfx_2.py:452] (j1 : Y : 1 / j1.1 : Y : 1) trend --> flat (2017.11.14 03:00)

[20181116_155231 / libfx_2.py:480] dat --> reset done

[20181116_155231 / libfx_2.py:512] (j3 : N) flg_A1_tmp ==> False (2017.11.14 03:00)

[20181116_155231 / libfx_2.py:673] (j4 : Y) d0 ==> 0.007 (2017.11.14 03:00)

[20181116_155231 / libfx_2.py:715] (j4 : Y : 2) dat ==> updated (2017.11.14 03:00)
dat[price_anchor] = 132.516
dat[index_anchor] = 12
dat[price_current] = 132.516
dat[index_current] = 12

[20181116_155231 / libfx_2.py:216] start for-loop ------------------- (12)

[20181116_155231 / libfx_2.py:255] (j1 : N) flg_Dat --> not set (False, 2017.11.14 04:00)

[20181116_155231 / libfx_2.py:350] (j2 : N) d0 < 0 (d0 = -0.020)

[20181116_155231 / libfx_2.py:216] start for-loop ------------------- (13)

[20181116_155231 / libfx_2.py:255] (j1 : N) flg_Dat --> not set (False, 2017.11.14 05:00)

[20181116_155231 / libfx_2.py:286] (j2 : Y) d0 => 0 (d0 = 0.047)

[20181116_155231 / libfx_2.py:321] (j2 : Y : 1) dat --> set (2017.11.14 05:00)

[20181116_155231 / libfx_2.py:216] start for-loop ------------------- (14)

[20181116_155231 / libfx_2.py:383] (j1 : Y) flg_Dat ==> True (2017.11.14 06:00)

[20181116_155231 / libfx_2.py:404] (j1 : Y : 1 / j1.1) trend --> flat ? (2017.11.14 06:00)

[20181116_155231 / libfx_2.py:2008] [is_Trend__Flat] (j1 : Y) equal or more than 5 (14)

[20181116_155231 / libfx_2.py:452] (j1 : Y : 1 / j1.1 : Y : 1) trend --> flat (2017.11.14 06:00)

[20181116_155231 / libfx_2.py:480] dat --> reset done

[20181116_155231 / libfx_2.py:512] (j3 : N) flg_A1_tmp ==> False (2017.11.14 06:00)

[20181116_155231 / libfx_2.py:673] (j4 : Y) d0 ==> 0.003 (2017.11.14 06:00)

[20181116_155231 / libfx_2.py:715] (j4 : Y : 2) dat ==> updated (2017.11.14 06:00)
dat[price_anchor] = 132.551
dat[index_anchor] = 15
dat[price_current] = 132.551
dat[index_current] = 15

[20181116_155231 / libfx_2.py:216] start for-loop ------------------- (15)

[20181116_155231 / libfx_2.py:255] (j1 : N) flg_Dat --> not set (False, 2017.11.14 07:00)

[20181116_155231 / libfx_2.py:350] (j2 : N) d0 < 0 (d0 = -0.018)

[20181116_155231 / libfx_2.py:216] start for-loop ------------------- (16)

[20181116_155231 / libfx_2.py:255] (j1 : N) flg_Dat --> not set (False, 2017.11.14 08:00)

[20181116_155231 / libfx_2.py:286] (j2 : Y) d0 => 0 (d0 = 0.006)

[20181116_155231 / libfx_2.py:321] (j2 : Y : 1) dat --> set (2017.11.14 08:00)

[20181116_155231 / libfx_2.py:216] start for-loop ------------------- (17)

[20181116_155231 / libfx_2.py:383] (j1 : Y) flg_Dat ==> True (2017.11.14 09:00)

[20181116_155231 / libfx_2.py:404] (j1 : Y : 1 / j1.1) trend --> flat ? (2017.11.14 09:00)

[20181116_155231 / libfx_2.py:2008] [is_Trend__Flat] (j1 : Y) equal or more than 5 (17)

[20181116_155231 / libfx_2.py:452] (j1 : Y : 1 / j1.1 : Y : 1) trend --> flat (2017.11.14 09:00)

[20181116_155231 / libfx_2.py:480] dat --> reset done

[20181116_155231 / libfx_2.py:512] (j3 : N) flg_A1_tmp ==> False (2017.11.14 09:00)

[20181116_155231 / libfx_2.py:673] (j4 : Y) d0 ==> 0.128 (2017.11.14 09:00)

[20181116_155231 / libfx_2.py:715] (j4 : Y : 2) dat ==> updated (2017.11.14 09:00)
dat[price_anchor] = 132.644
dat[index_anchor] = 18
dat[price_current] = 132.644
dat[index_current] = 18

[20181116_155231 / libfx_2.py:216] start for-loop ------------------- (18)

[20181116_155231 / libfx_2.py:255] (j1 : N) flg_Dat --> not set (False, 2017.11.14 10:00)

[20181116_155231 / libfx_2.py:286] (j2 : Y) d0 => 0 (d0 = 0.013)

[20181116_155231 / libfx_2.py:321] (j2 : Y : 1) dat --> set (2017.11.14 10:00)

[20181116_155231 / libfx_2.py:216] start for-loop ------------------- (19)

[20181116_155231 / libfx_2.py:383] (j1 : Y) flg_Dat ==> True (2017.11.14 11:00)

[20181116_155231 / libfx_2.py:404] (j1 : Y : 1 / j1.1) trend --> flat ? (2017.11.14 11:00)

[20181116_155231 / libfx_2.py:2008] [is_Trend__Flat] (j1 : Y) equal or more than 5 (19)

[20181116_155231 / libfx_2.py:452] (j1 : Y : 1 / j1.1 : Y : 1) trend --> flat (2017.11.14 11:00)

[20181116_155231 / libfx_2.py:480] dat --> reset done

[20181116_155231 / libfx_2.py:512] (j3 : N) flg_A1_tmp ==> False (2017.11.14 11:00)

[20181116_155231 / libfx_2.py:535] (j4 : N) d0 ==> -0.021 (2017.11.14 11:00)

[20181116_155232 / libfx_2.py:626] (j5 : N)
e0.price_Close = 132.635
dat['price_start'] = -1.000
ts_DownBar_For_A1__Price = -1.000 (2017.11.14 11:00)

[20181116_155232 / libfx_2.py:649] (j5 : N : 1) dat ==> updated
e0.price_Close = 132.635
dat['price_current'] = 132.635
dat['index_current'] = 20
(2017.11.14 11:00)

[20181116_155232 / libfx_2.py:216] start for-loop ------------------- (20)

[20181116_155232 / libfx_2.py:255] (j1 : N) flg_Dat --> not set (False, 2017.11.14 12:00)

[20181116_155232 / libfx_2.py:350] (j2 : N) d0 < 0 (d0 = -0.011)

[20181116_155232 / libfx_2.py:216] start for-loop ------------------- (21)

[20181116_155232 / libfx_2.py:255] (j1 : N) flg_Dat --> not set (False, 2017.11.14 13:00)

[20181116_155232 / libfx_2.py:286] (j2 : Y) d0 => 0 (d0 = 0.030)

[20181116_155232 / libfx_2.py:321] (j2 : Y : 1) dat --> set (2017.11.14 13:00)

[20181116_155232 / libfx_2.py:216] start for-loop ------------------- (22)

[20181116_155232 / libfx_2.py:383] (j1 : Y) flg_Dat ==> True (2017.11.14 14:00)

[20181116_155232 / libfx_2.py:404] (j1 : Y : 1 / j1.1) trend --> flat ? (2017.11.14 14:00)

[20181116_155232 / libfx_2.py:2008] [is_Trend__Flat] (j1 : Y) equal or more than 5 (22)

[20181116_155232 / libfx_2.py:452] (j1 : Y : 1 / j1.1 : Y : 1) trend --> flat (2017.11.14 14:00)

[20181116_155232 / libfx_2.py:480] dat --> reset done

[20181116_155232 / libfx_2.py:512] (j3 : N) flg_A1_tmp ==> False (2017.11.14 14:00)

[20181116_155232 / libfx_2.py:673] (j4 : Y) d0 ==> 0.004 (2017.11.14 14:00)

[20181116_155232 / libfx_2.py:715] (j4 : Y : 2) dat ==> updated (2017.11.14 14:00)
dat[price_anchor] = 132.657
dat[index_anchor] = 23
dat[price_current] = 132.657
dat[index_current] = 23

[20181116_155232 / libfx_2.py:216] start for-loop ------------------- (23)

[20181116_155232 / libfx_2.py:255] (j1 : N) flg_Dat --> not set (False, 2017.11.14 15:00)

[20181116_155232 / libfx_2.py:350] (j2 : N) d0 < 0 (d0 = -0.081)

[20181116_155232 / libfx_2.py:216] start for-loop ------------------- (24)

[20181116_155232 / libfx_2.py:255] (j1 : N) flg_Dat --> not set (False, 2017.11.14 16:00)

[20181116_155232 / libfx_2.py:286] (j2 : Y) d0 => 0 (d0 = 0.370)

[20181116_155232 / libfx_2.py:321] (j2 : Y : 1) dat --> set (2017.11.14 16:00)

[20181116_155232 / libfx_2.py:216] start for-loop ------------------- (25)

[20181116_155232 / libfx_2.py:383] (j1 : Y) flg_Dat ==> True (2017.11.14 17:00)

[20181116_155232 / libfx_2.py:404] (j1 : Y : 1 / j1.1) trend --> flat ? (2017.11.14 17:00)

[20181116_155232 / libfx_2.py:2008] [is_Trend__Flat] (j1 : Y) equal or more than 5 (25)

[20181116_155232 / libfx_2.py:452] (j1 : Y : 1 / j1.1 : Y : 1) trend --> flat (2017.11.14 17:00)

[20181116_155232 / libfx_2.py:480] dat --> reset done

[20181116_155232 / libfx_2.py:512] (j3 : N) flg_A1_tmp ==> False (2017.11.14 17:00)

[20181116_155232 / libfx_2.py:673] (j4 : Y) d0 ==> 0.388 (2017.11.14 17:00)

[20181116_155232 / libfx_2.py:715] (j4 : Y : 2) dat ==> updated (2017.11.14 17:00)
dat[price_anchor] = 133.333
dat[index_anchor] = 26
dat[price_current] = 133.333
dat[index_current] = 26

[20181116_155232 / libfx_2.py:216] start for-loop ------------------- (26)

[20181116_155232 / libfx_2.py:255] (j1 : N) flg_Dat --> not set (False, 2017.11.14 18:00)

[20181116_155232 / libfx_2.py:350] (j2 : N) d0 < 0 (d0 = -0.021)

[20181116_155233 / libfx_2.py:216] start for-loop ------------------- (27)

[20181116_155233 / libfx_2.py:255] (j1 : N) flg_Dat --> not set (False, 2017.11.14 19:00)

[20181116_155233 / libfx_2.py:350] (j2 : N) d0 < 0 (d0 = -0.073)

[20181116_155233 / libfx_2.py:216] start for-loop ------------------- (28)

[20181116_155233 / libfx_2.py:255] (j1 : N) flg_Dat --> not set (False, 2017.11.14 20:00)

[20181116_155233 / libfx_2.py:350] (j2 : N) d0 < 0 (d0 = -0.001)

[20181116_155233 / libfx_2.py:216] start for-loop ------------------- (29)

[20181116_155233 / libfx_2.py:255] (j1 : N) flg_Dat --> not set (False, 2017.11.14 21:00)

[20181116_155233 / libfx_2.py:286] (j2 : Y) d0 => 0 (d0 = 0.153)

[20181116_155233 / libfx_2.py:321] (j2 : Y : 1) dat --> set (2017.11.14 21:00)

[20181116_155233 / libfx_2.py:216] start for-loop ------------------- (30)

[20181116_155233 / libfx_2.py:383] (j1 : Y) flg_Dat ==> True (2017.11.14 22:00)

[20181116_155233 / libfx_2.py:404] (j1 : Y : 1 / j1.1) trend --> flat ? (2017.11.14 22:00)

[20181116_155233 / libfx_2.py:2008] [is_Trend__Flat] (j1 : Y) equal or more than 5 (30)

[20181116_155233 / libfx_2.py:452] (j1 : Y : 1 / j1.1 : Y : 1) trend --> flat (2017.11.14 22:00)

[20181116_155233 / libfx_2.py:480] dat --> reset done

[20181116_155233 / libfx_2.py:512] (j3 : N) flg_A1_tmp ==> False (2017.11.14 22:00)

[20181116_155233 / libfx_2.py:673] (j4 : Y) d0 ==> 0.101 (2017.11.14 22:00)

[20181116_155233 / libfx_2.py:715] (j4 : Y : 2) dat ==> updated (2017.11.14 22:00)
dat[price_anchor] = 133.496
dat[index_anchor] = 31
dat[price_current] = 133.496
dat[index_current] = 31

[20181116_155233 / libfx_2.py:216] start for-loop ------------------- (31)

[20181116_155233 / libfx_2.py:255] (j1 : N) flg_Dat --> not set (False, 2017.11.14 23:00)

[20181116_155233 / libfx_2.py:350] (j2 : N) d0 < 0 (d0 = -0.122)

[20181116_155233 / libfx_2.py:216] start for-loop ------------------- (32)

[20181116_155233 / libfx_2.py:255] (j1 : N) flg_Dat --> not set (False, 2017.11.15 00:00)

[20181116_155233 / libfx_2.py:286] (j2 : Y) d0 => 0 (d0 = 0.003)

[20181116_155233 / libfx_2.py:321] (j2 : Y : 1) dat --> set (2017.11.15 00:00)

[20181116_155233 / libfx_2.py:216] start for-loop ------------------- (33)

[20181116_155233 / libfx_2.py:383] (j1 : Y) flg_Dat ==> True (2017.11.15 01:00)

[20181116_155233 / libfx_2.py:404] (j1 : Y : 1 / j1.1) trend --> flat ? (2017.11.15 01:00)

[20181116_155233 / libfx_2.py:2008] [is_Trend__Flat] (j1 : Y) equal or more than 5 (33)

[20181116_155233 / libfx_2.py:452] (j1 : Y : 1 / j1.1 : Y : 1) trend --> flat (2017.11.15 01:00)

[20181116_155233 / libfx_2.py:480] dat --> reset done

[20181116_155233 / libfx_2.py:512] (j3 : N) flg_A1_tmp ==> False (2017.11.15 01:00)

[20181116_155233 / libfx_2.py:673] (j4 : Y) d0 ==> 0.146 (2017.11.15 01:00)

[20181116_155234 / libfx_2.py:715] (j4 : Y : 2) dat ==> updated (2017.11.15 01:00)
dat[price_anchor] = 133.518
dat[index_anchor] = 34
dat[price_current] = 133.518
dat[index_current] = 34

[20181116_155234 / libfx_2.py:216] start for-loop ------------------- (34)

[20181116_155234 / libfx_2.py:255] (j1 : N) flg_Dat --> not set (False, 2017.11.15 02:00)

[20181116_155234 / libfx_2.py:286] (j2 : Y) d0 => 0 (d0 = 0.096)

[20181116_155234 / libfx_2.py:321] (j2 : Y : 1) dat --> set (2017.11.15 02:00)

[20181116_155234 / libfx_2.py:216] start for-loop ------------------- (35)

[20181116_155234 / libfx_2.py:383] (j1 : Y) flg_Dat ==> True (2017.11.15 03:00)

[20181116_155234 / libfx_2.py:404] (j1 : Y : 1 / j1.1) trend --> flat ? (2017.11.15 03:00)

[20181116_155234 / libfx_2.py:2008] [is_Trend__Flat] (j1 : Y) equal or more than 5 (35)

[20181116_155234 / libfx_2.py:452] (j1 : Y : 1 / j1.1 : Y : 1) trend --> flat (2017.11.15 03:00)

[20181116_155234 / libfx_2.py:480] dat --> reset done

[20181116_155234 / libfx_2.py:512] (j3 : N) flg_A1_tmp ==> False (2017.11.15 03:00)

[20181116_155234 / libfx_2.py:673] (j4 : Y) d0 ==> 0.153 (2017.11.15 03:00)

[20181116_155234 / libfx_2.py:715] (j4 : Y : 2) dat ==> updated (2017.11.15 03:00)
dat[price_anchor] = 133.768
dat[index_anchor] = 36
dat[price_current] = 133.768
dat[index_current] = 36

[20181116_155234 / libfx_2.py:216] start for-loop ------------------- (36)

[20181116_155234 / libfx_2.py:255] (j1 : N) flg_Dat --> not set (False, 2017.11.15 04:00)

[20181116_155234 / libfx_2.py:350] (j2 : N) d0 < 0 (d0 = -0.032)

[20181116_155234 / libfx_2.py:216] start for-loop ------------------- (37)

[20181116_155234 / libfx_2.py:255] (j1 : N) flg_Dat --> not set (False, 2017.11.15 05:00)

[20181116_155234 / libfx_2.py:286] (j2 : Y) d0 => 0 (d0 = 0.035)

[20181116_155234 / libfx_2.py:321] (j2 : Y : 1) dat --> set (2017.11.15 05:00)

[20181116_155234 / libfx_2.py:216] start for-loop ------------------- (38)

[20181116_155234 / libfx_2.py:383] (j1 : Y) flg_Dat ==> True (2017.11.15 06:00)

[20181116_155234 / libfx_2.py:404] (j1 : Y : 1 / j1.1) trend --> flat ? (2017.11.15 06:00)

[20181116_155234 / libfx_2.py:2008] [is_Trend__Flat] (j1 : Y) equal or more than 5 (38)

[20181116_155234 / libfx_2.py:452] (j1 : Y : 1 / j1.1 : Y : 1) trend --> flat (2017.11.15 06:00)

[20181116_155234 / libfx_2.py:480] dat --> reset done

[20181116_155234 / libfx_2.py:512] (j3 : N) flg_A1_tmp ==> False (2017.11.15 06:00)

[20181116_155234 / libfx_2.py:673] (j4 : Y) d0 ==> 0.072 (2017.11.15 06:00)

[20181116_155234 / libfx_2.py:715] (j4 : Y : 2) dat ==> updated (2017.11.15 06:00)
dat[price_anchor] = 133.844
dat[index_anchor] = 39
dat[price_current] = 133.844
dat[index_current] = 39

[20181116_155234 / libfx_2.py:216] start for-loop ------------------- (39)

[20181116_155234 / libfx_2.py:255] (j1 : N) flg_Dat --> not set (False, 2017.11.15 07:00)

[20181116_155234 / libfx_2.py:286] (j2 : Y) d0 => 0 (d0 = 0.101)

[20181116_155234 / libfx_2.py:321] (j2 : Y : 1) dat --> set (2017.11.15 07:00)

[20181116_155234 / libfx_2.py:216] start for-loop ------------------- (40)

[20181116_155234 / libfx_2.py:383] (j1 : Y) flg_Dat ==> True (2017.11.15 08:00)

[20181116_155234 / libfx_2.py:404] (j1 : Y : 1 / j1.1) trend --> flat ? (2017.11.15 08:00)

[20181116_155234 / libfx_2.py:2008] [is_Trend__Flat] (j1 : Y) equal or more than 5 (40)

[20181116_155234 / libfx_2.py:452] (j1 : Y : 1 / j1.1 : Y : 1) trend --> flat (2017.11.15 08:00)

[20181116_155234 / libfx_2.py:480] dat --> reset done

[20181116_155234 / libfx_2.py:512] (j3 : N) flg_A1_tmp ==> False (2017.11.15 08:00)

[20181116_155234 / libfx_2.py:535] (j4 : N) d0 ==> -0.143 (2017.11.15 08:00)

[20181116_155234 / libfx_2.py:626] (j5 : N)
e0.price_Close = 133.725
dat['price_start'] = -1.000
ts_DownBar_For_A1__Price = -1.000 (2017.11.15 08:00)

[20181116_155234 / libfx_2.py:649] (j5 : N : 1) dat ==> updated
e0.price_Close = 133.725
dat['price_current'] = 133.725
dat['index_current'] = 41
(2017.11.15 08:00)

[20181116_155234 / libfx_2.py:216] start for-loop ------------------- (41)

[20181116_155234 / libfx_2.py:255] (j1 : N) flg_Dat --> not set (False, 2017.11.15 09:00)

[20181116_155235 / libfx_2.py:286] (j2 : Y) d0 => 0 (d0 = 0.088)

[20181116_155235 / libfx_2.py:321] (j2 : Y : 1) dat --> set (2017.11.15 09:00)

[20181116_155235 / libfx_2.py:216] start for-loop ------------------- (42)

[20181116_155235 / libfx_2.py:383] (j1 : Y) flg_Dat ==> True (2017.11.15 10:00)

[20181116_155235 / libfx_2.py:404] (j1 : Y : 1 / j1.1) trend --> flat ? (2017.11.15 10:00)

[20181116_155235 / libfx_2.py:2008] [is_Trend__Flat] (j1 : Y) equal or more than 5 (42)

[20181116_155235 / libfx_2.py:452] (j1 : Y : 1 / j1.1 : Y : 1) trend --> flat (2017.11.15 10:00)

[20181116_155235 / libfx_2.py:480] dat --> reset done

[20181116_155235 / libfx_2.py:512] (j3 : N) flg_A1_tmp ==> False (2017.11.15 10:00)

[20181116_155235 / libfx_2.py:535] (j4 : N) d0 ==> -0.337 (2017.11.15 10:00)

[20181116_155235 / libfx_2.py:626] (j5 : N)
e0.price_Close = 133.478
dat['price_start'] = -1.000
ts_DownBar_For_A1__Price = -1.000 (2017.11.15 10:00)

[20181116_155235 / libfx_2.py:649] (j5 : N : 1) dat ==> updated
e0.price_Close = 133.478
dat['price_current'] = 133.478
dat['index_current'] = 43
(2017.11.15 10:00)

[20181116_155235 / libfx_2.py:216] start for-loop ------------------- (43)

[20181116_155235 / libfx_2.py:255] (j1 : N) flg_Dat --> not set (False, 2017.11.15 11:00)

[20181116_155235 / libfx_2.py:286] (j2 : Y) d0 => 0 (d0 = 0.003)

[20181116_155235 / libfx_2.py:321] (j2 : Y : 1) dat --> set (2017.11.15 11:00)

[20181116_155235 / libfx_2.py:216] start for-loop ------------------- (44)

[20181116_155235 / libfx_2.py:383] (j1 : Y) flg_Dat ==> True (2017.11.15 12:00)

[20181116_155235 / libfx_2.py:404] (j1 : Y : 1 / j1.1) trend --> flat ? (2017.11.15 12:00)

[20181116_155235 / libfx_2.py:2008] [is_Trend__Flat] (j1 : Y) equal or more than 5 (44)

[20181116_155235 / libfx_2.py:452] (j1 : Y : 1 / j1.1 : Y : 1) trend --> flat (2017.11.15 12:00)

[20181116_155235 / libfx_2.py:480] dat --> reset done

[20181116_155235 / libfx_2.py:512] (j3 : N) flg_A1_tmp ==> False (2017.11.15 12:00)

[20181116_155235 / libfx_2.py:535] (j4 : N) d0 ==> -0.020 (2017.11.15 12:00)

[20181116_155235 / libfx_2.py:626] (j5 : N)
e0.price_Close = 133.464
dat['price_start'] = -1.000
ts_DownBar_For_A1__Price = -1.000 (2017.11.15 12:00)

[20181116_155235 / libfx_2.py:649] (j5 : N : 1) dat ==> updated
e0.price_Close = 133.464
dat['price_current'] = 133.464
dat['index_current'] = 45
(2017.11.15 12:00)

[20181116_155235 / libfx_2.py:216] start for-loop ------------------- (45)

[20181116_155235 / libfx_2.py:255] (j1 : N) flg_Dat --> not set (False, 2017.11.15 13:00)

[20181116_155235 / libfx_2.py:286] (j2 : Y) d0 => 0 (d0 = 0.023)

[20181116_155235 / libfx_2.py:321] (j2 : Y : 1) dat --> set (2017.11.15 13:00)

[20181116_155235 / libfx_2.py:216] start for-loop ------------------- (46)

[20181116_155235 / libfx_2.py:383] (j1 : Y) flg_Dat ==> True (2017.11.15 14:00)

[20181116_155235 / libfx_2.py:404] (j1 : Y : 1 / j1.1) trend --> flat ? (2017.11.15 14:00)

[20181116_155236 / libfx_2.py:2008] [is_Trend__Flat] (j1 : Y) equal or more than 5 (46)

[20181116_155236 / libfx_2.py:452] (j1 : Y : 1 / j1.1 : Y : 1) trend --> flat (2017.11.15 14:00)

[20181116_155236 / libfx_2.py:480] dat --> reset done

[20181116_155236 / libfx_2.py:512] (j3 : N) flg_A1_tmp ==> False (2017.11.15 14:00)

[20181116_155236 / libfx_2.py:535] (j4 : N) d0 ==> -0.076 (2017.11.15 14:00)

[20181116_155236 / libfx_2.py:626] (j5 : N)
e0.price_Close = 133.414
dat['price_start'] = -1.000
ts_DownBar_For_A1__Price = -1.000 (2017.11.15 14:00)

[20181116_155236 / libfx_2.py:649] (j5 : N : 1) dat ==> updated
e0.price_Close = 133.414
dat['price_current'] = 133.414
dat['index_current'] = 47
(2017.11.15 14:00)

[20181116_155236 / libfx_2.py:216] start for-loop ------------------- (47)

[20181116_155236 / libfx_2.py:255] (j1 : N) flg_Dat --> not set (False, 2017.11.15 15:00)

[20181116_155236 / libfx_2.py:350] (j2 : N) d0 < 0 (d0 = -0.045)

[20181116_155236 / libfx_2.py:216] start for-loop ------------------- (48)

[20181116_155236 / libfx_2.py:255] (j1 : N) flg_Dat --> not set (False, 2017.11.15 16:00)

[20181116_155236 / libfx_2.py:286] (j2 : Y) d0 => 0 (d0 = 0.089)

[20181116_155236 / libfx_2.py:321] (j2 : Y : 1) dat --> set (2017.11.15 16:00)

[20181116_155236 / libfx_2.py:216] start for-loop ------------------- (49)

[20181116_155236 / libfx_2.py:383] (j1 : Y) flg_Dat ==> True (2017.11.15 17:00)

[20181116_155236 / libfx_2.py:404] (j1 : Y : 1 / j1.1) trend --> flat ? (2017.11.15 17:00)

[20181116_155236 / libfx_2.py:2008] [is_Trend__Flat] (j1 : Y) equal or more than 5 (49)

[20181116_155236 / libfx_2.py:452] (j1 : Y : 1 / j1.1 : Y : 1) trend --> flat (2017.11.15 17:00)

[20181116_155236 / libfx_2.py:480] dat --> reset done

[20181116_155236 / libfx_2.py:512] (j3 : N) flg_A1_tmp ==> False (2017.11.15 17:00)

[20181116_155237 / libfx_2.py:673] (j4 : Y) d0 ==> 0.122 (2017.11.15 17:00)

[20181116_155237 / libfx_2.py:715] (j4 : Y : 2) dat ==> updated (2017.11.15 17:00)
dat[price_anchor] = 133.580
dat[index_anchor] = 50
dat[price_current] = 133.580
dat[index_current] = 50

[20181116_155237 / libfx_2.py:766] FINAL REPORT --------------------
cntOf_Total = 50
cntOf_J4_Y = 12

