[20181110_160235 / libfx_2.py:130] =========== _BUSL_3__DetectPatterns__Two_Tops__V_5
source = 44_3.2_15_file-io.EURJPY.Period-H1.Days-5000.Bars-120000.20180903_135340.(m-11).20180926_205209.(new).(SHRINK-100).csv

[20181110_160235 / libfx_2.py:215] start for-loop ------------------- (0)

[20181110_160235 / libfx_2.py:254] (j1 : N) flg_Dat --> not set (False, 2017.11.13 16:00)

[20181110_160235 / libfx_2.py:349] (j2 : N) d0 < 0 (d0 = -0.072)

[20181110_160235 / libfx_2.py:215] start for-loop ------------------- (1)

[20181110_160235 / libfx_2.py:254] (j1 : N) flg_Dat --> not set (False, 2017.11.13 17:00)

[20181110_160235 / libfx_2.py:285] (j2 : Y) d0 => 0 (d0 = 0.038)

[20181110_160235 / libfx_2.py:320] (j2 : Y : 1) dat --> set (2017.11.13 17:00)

[20181110_160235 / libfx_2.py:215] start for-loop ------------------- (2)

[20181110_160235 / libfx_2.py:382] (j1 : Y) flg_Dat ==> True (2017.11.13 18:00)

[20181110_160235 / libfx_2.py:409] (j3 : N) flg_A1_tmp ==> False (2017.11.13 18:00)

[20181110_160236 / libfx_2.py:432] (j4 : N) d0 ==> -0.137 (2017.11.13 18:00)

[20181110_160236 / libfx_2.py:463] (j5 : Y) 
e0.price_Close = 131.970
ts_DownBar_For_A1__Price = 132.069 (2017.11.13 18:00)

[20181110_160236 / libfx_2.py:215] start for-loop ------------------- (3)

[20181110_160236 / libfx_2.py:382] (j1 : Y) flg_Dat ==> True (2017.11.13 19:00)

[20181110_160236 / libfx_2.py:409] (j3 : N) flg_A1_tmp ==> False (2017.11.13 19:00)

[20181110_160236 / libfx_2.py:432] (j4 : N) d0 ==> -0.006 (2017.11.13 19:00)

[20181110_160236 / libfx_2.py:463] (j5 : Y) 
e0.price_Close = 131.965
ts_DownBar_For_A1__Price = 132.069 (2017.11.13 19:00)

[20181110_160236 / libfx_2.py:215] start for-loop ------------------- (4)

[20181110_160236 / libfx_2.py:382] (j1 : Y) flg_Dat ==> True (2017.11.13 20:00)

[20181110_160236 / libfx_2.py:409] (j3 : N) flg_A1_tmp ==> False (2017.11.13 20:00)

[20181110_160236 / libfx_2.py:506] (j4 : Y) d0 ==> 0.093 (2017.11.13 20:00)

[20181110_160236 / libfx_2.py:531] (j4 : Y : 1) dat ==> updated (2017.11.13 20:00)
dat[price_anchor] = 132.058
dat[index_anchor] = 5

[20181110_160236 / libfx_2.py:215] start for-loop ------------------- (5)

[20181110_160236 / libfx_2.py:382] (j1 : Y) flg_Dat ==> True (2017.11.13 21:00)

[20181110_160236 / libfx_2.py:409] (j3 : N) flg_A1_tmp ==> False (2017.11.13 21:00)

[20181110_160236 / libfx_2.py:432] (j4 : N) d0 ==> -0.014 (2017.11.13 21:00)

[20181110_160236 / libfx_2.py:463] (j5 : Y) 
e0.price_Close = 132.050
ts_DownBar_For_A1__Price = 132.069 (2017.11.13 21:00)

[20181110_160236 / libfx_2.py:215] start for-loop ------------------- (6)

[20181110_160236 / libfx_2.py:382] (j1 : Y) flg_Dat ==> True (2017.11.13 22:00)

[20181110_160237 / libfx_2.py:409] (j3 : N) flg_A1_tmp ==> False (2017.11.13 22:00)

[20181110_160237 / libfx_2.py:506] (j4 : Y) d0 ==> 0.198 (2017.11.13 22:00)

[20181110_160237 / libfx_2.py:531] (j4 : Y : 1) dat ==> updated (2017.11.13 22:00)
dat[price_anchor] = 132.247
dat[index_anchor] = 7

[20181110_160237 / libfx_2.py:215] start for-loop ------------------- (7)

[20181110_160237 / libfx_2.py:382] (j1 : Y) flg_Dat ==> True (2017.11.13 23:00)

[20181110_160237 / libfx_2.py:409] (j3 : N) flg_A1_tmp ==> False (2017.11.13 23:00)

[20181110_160237 / libfx_2.py:506] (j4 : Y) d0 ==> 0.063 (2017.11.13 23:00)

[20181110_160237 / libfx_2.py:531] (j4 : Y : 1) dat ==> updated (2017.11.13 23:00)
dat[price_anchor] = 132.312
dat[index_anchor] = 8

[20181110_160237 / libfx_2.py:215] start for-loop ------------------- (8)

[20181110_160237 / libfx_2.py:382] (j1 : Y) flg_Dat ==> True (2017.11.14 00:00)

[20181110_160237 / libfx_2.py:409] (j3 : N) flg_A1_tmp ==> False (2017.11.14 00:00)

[20181110_160237 / libfx_2.py:506] (j4 : Y) d0 ==> 0.083 (2017.11.14 00:00)

[20181110_160237 / libfx_2.py:531] (j4 : Y : 1) dat ==> updated (2017.11.14 00:00)
dat[price_anchor] = 132.396
dat[index_anchor] = 9

[20181110_160237 / libfx_2.py:215] start for-loop ------------------- (9)

[20181110_160237 / libfx_2.py:382] (j1 : Y) flg_Dat ==> True (2017.11.14 01:00)

[20181110_160237 / libfx_2.py:409] (j3 : N) flg_A1_tmp ==> False (2017.11.14 01:00)

[20181110_160237 / libfx_2.py:506] (j4 : Y) d0 ==> 0.045 (2017.11.14 01:00)

[20181110_160237 / libfx_2.py:531] (j4 : Y : 1) dat ==> updated (2017.11.14 01:00)
dat[price_anchor] = 132.440
dat[index_anchor] = 10

[20181110_160237 / libfx_2.py:215] start for-loop ------------------- (10)

[20181110_160237 / libfx_2.py:382] (j1 : Y) flg_Dat ==> True (2017.11.14 02:00)

[20181110_160237 / libfx_2.py:409] (j3 : N) flg_A1_tmp ==> False (2017.11.14 02:00)

[20181110_160237 / libfx_2.py:506] (j4 : Y) d0 ==> 0.074 (2017.11.14 02:00)

[20181110_160237 / libfx_2.py:531] (j4 : Y : 1) dat ==> updated (2017.11.14 02:00)
dat[price_anchor] = 132.512
dat[index_anchor] = 11

[20181110_160237 / libfx_2.py:215] start for-loop ------------------- (11)

[20181110_160237 / libfx_2.py:382] (j1 : Y) flg_Dat ==> True (2017.11.14 03:00)

[20181110_160237 / libfx_2.py:409] (j3 : N) flg_A1_tmp ==> False (2017.11.14 03:00)

[20181110_160237 / libfx_2.py:506] (j4 : Y) d0 ==> 0.007 (2017.11.14 03:00)

[20181110_160237 / libfx_2.py:531] (j4 : Y : 1) dat ==> updated (2017.11.14 03:00)
dat[price_anchor] = 132.516
dat[index_anchor] = 12

[20181110_160237 / libfx_2.py:215] start for-loop ------------------- (12)

[20181110_160237 / libfx_2.py:382] (j1 : Y) flg_Dat ==> True (2017.11.14 04:00)

[20181110_160237 / libfx_2.py:409] (j3 : N) flg_A1_tmp ==> False (2017.11.14 04:00)

[20181110_160237 / libfx_2.py:432] (j4 : N) d0 ==> -0.020 (2017.11.14 04:00)

[20181110_160237 / libfx_2.py:479] (j5 : N) e0.price_Close = 132.497, ts_DownBar_For_A1__Price = 132.069 (2017.11.14 04:00)

[20181110_160237 / libfx_2.py:584] FINAL REPORT --------------------
cntOf_Total = 13
cntOf_J4_Y = 7

