[20181124_120935 / libfx_2.py:130] =========== _BUSL_3__DetectPatterns__Two_Tops__V_5
source = 44_3.2_15_file-io.EURJPY.Period-H1.Days-5000.Bars-120000.20180903_135340.(m-11).20180926_205209.(new).(SHRINK-50).csv

[20181124_120935 / libfx_2.py:215] start for-loop ------------------- (0)

[20181124_120935 / libfx_2.py:254] (j1 : N) flg_Dat --> not set (False, 2017.11.13 16:00)

[20181124_120935 / libfx_2.py:349] (j2 : N) d0 < 0 (d0 = -0.072)

[20181124_120935 / libfx_2.py:215] start for-loop ------------------- (1)

[20181124_120935 / libfx_2.py:254] (j1 : N) flg_Dat --> not set (False, 2017.11.13 17:00)

[20181124_120935 / libfx_2.py:285] (j2 : Y) d0 => 0 (d0 = 0.038)

[20181124_120935 / libfx_2.py:320] (j2 : Y : 1) dat --> set (2017.11.13 17:00)

[20181124_120935 / libfx_2.py:215] start for-loop ------------------- (2)

[20181124_120935 / libfx_2.py:382] (j1 : Y) flg_Dat ==> True (2017.11.13 18:00)

[20181124_120935 / libfx_2.py:404] (j1 : Y : 1 / j1.1) trend --> flat ? (UTC = 2017.11.13 11:00)

[20181124_120935 / libfx_2.py:1996] [is_Trend__Flat] (j1 : N : 1) less than 5 (2)

[20181124_120935 / libfx_2.py:426] (j1 : Y : 1 / j1.1 : N) trend --> NOT flat (2017.11.13 18:00)

[20181124_120935 / libfx_2.py:510] (j3 : N) flg_A1_tmp ==> False (2017.11.13 18:00)

[20181124_120935 / libfx_2.py:533] (j4 : N) d0 ==> -0.137 (2017.11.13 18:00)

[20181124_120935 / libfx_2.py:564] (j5 : Y) 
e0.price_Close = 131.970
ts_DownBar_For_A1__Price = 132.069 (2017.11.13 18:00)

[20181124_120935 / libfx_2.py:594] dat --> reset done

[20181124_120935 / libfx_2.py:215] start for-loop ------------------- (3)

[20181124_120935 / libfx_2.py:254] (j1 : N) flg_Dat --> not set (False, 2017.11.13 19:00)

[20181124_120935 / libfx_2.py:349] (j2 : N) d0 < 0 (d0 = -0.006)

[20181124_120935 / libfx_2.py:215] start for-loop ------------------- (4)

[20181124_120935 / libfx_2.py:254] (j1 : N) flg_Dat --> not set (False, 2017.11.13 20:00)

[20181124_120935 / libfx_2.py:285] (j2 : Y) d0 => 0 (d0 = 0.093)

[20181124_120935 / libfx_2.py:320] (j2 : Y : 1) dat --> set (2017.11.13 20:00)

[20181124_120935 / libfx_2.py:215] start for-loop ------------------- (5)

[20181124_120935 / libfx_2.py:382] (j1 : Y) flg_Dat ==> True (2017.11.13 21:00)

[20181124_120935 / libfx_2.py:404] (j1 : Y : 1 / j1.1) trend --> flat ? (UTC = 2017.11.13 14:00)

[20181124_120935 / libfx_2.py:2018] [is_Trend__Flat] (j1 : Y) equal or more than 5 (5)

[20181124_120935 / libfx_2.py:2042] [is_Trend__Flat] (j1 : Y : 1) get list : last N bars (len = 5 / L_2[-1] = UTC, 2017.11.13 13:00

[20181124_120935 / libfx_2.py:2115] [is_Trend__Flat] (j1 : Y : 4) get val : incli(a value) = -0.030 (UTC = 2017.11.13 13:00)
<avg values>
132.103	132.088	132.038	131.968	132.012	



