[20181110_154417 / libfx_2.py:130] =========== _BUSL_3__DetectPatterns__Two_Tops__V_5
source = 44_3.2_15_file-io.EURJPY.Period-H1.Days-5000.Bars-120000.20180903_135340.(m-11).20180926_205209.(new).(SHRINK-100).csv

[20181110_154417 / libfx_2.py:218] start for-loop ------------------- (0)

[20181110_154417 / libfx_2.py:260] flg_Dat --> not set (False, 2017.11.13 16:00)

[20181110_154417 / libfx_2.py:365] (j2 : N) d0 < 0 (d0 = -0.072)

[20181110_154417 / libfx_2.py:218] start for-loop ------------------- (1)

[20181110_154417 / libfx_2.py:260] flg_Dat --> not set (False, 2017.11.13 17:00)

[20181110_154417 / libfx_2.py:294] (j2 : Y) d0 => 0 (d0 = 0.038)

[20181110_154417 / libfx_2.py:332] (j2 : Y : 1) dat --> set (2017.11.13 17:00)

[20181110_154417 / libfx_2.py:218] start for-loop ------------------- (2)

[20181110_154417 / libfx_2.py:401] (j1 : Y) flg_Dat ==> True (2017.11.13 18:00)

[20181110_154417 / libfx_2.py:431] (j3 : N) flg_A1_tmp ==> False (2017.11.13 18:00)

[20181110_154417 / libfx_2.py:457] (j4 : N) d0 ==> -0.137 (2017.11.13 18:00)

[20181110_154417 / libfx_2.py:491] (j5 : Y) 
e0.price_Close = 131.970
ts_DownBar_For_A1__Price = 132.069 (2017.11.13 18:00)

[20181110_154417 / libfx_2.py:218] start for-loop ------------------- (3)

[20181110_154417 / libfx_2.py:401] (j1 : Y) flg_Dat ==> True (2017.11.13 19:00)

[20181110_154417 / libfx_2.py:431] (j3 : N) flg_A1_tmp ==> False (2017.11.13 19:00)

[20181110_154417 / libfx_2.py:457] (j4 : N) d0 ==> -0.006 (2017.11.13 19:00)

[20181110_154417 / libfx_2.py:491] (j5 : Y) 
e0.price_Close = 131.965
ts_DownBar_For_A1__Price = 132.069 (2017.11.13 19:00)

[20181110_154417 / libfx_2.py:218] start for-loop ------------------- (4)

[20181110_154417 / libfx_2.py:401] (j1 : Y) flg_Dat ==> True (2017.11.13 20:00)

[20181110_154417 / libfx_2.py:431] (j3 : N) flg_A1_tmp ==> False (2017.11.13 20:00)

[20181110_154418 / libfx_2.py:536] (j4 : Y) d0 ==> 0.093 (2017.11.13 20:00)

[20181110_154418 / libfx_2.py:613] FINAL REPORT --------------------
cntOf_Total = 5
cntOf_J4_Y = 1

