[20190707_002317 / libfx_5.py:897]
[libfx_5.py:117 / 20190707_002317]
tester_T_1__Buy_Up ==> starts

[libfx_5.py:145 / 20190707_002317] new dir created => C:\WORKS_2\WS\WS_Others.prog\prog\D-7\2_2\VIRTUAL\Admin_Projects\curr\data\log\BUSL3_No_T_1.(20190707_002317).dir

[libfx_5.py:145 / 20190707_002317] new dir created => C:\WORKS_2\WS\WS_Others.prog\prog\D-7\2_2\VIRTUAL\Admin_Projects\curr\data\log\BUSL3_No_T_1.(20190707_002317).dir

[libfx_5.py:511 / 20190707_002317]
fname_Src_Csv	44_5.1_10_rawdata.(AUDJPY).(Period-M15).(NumOfUnits-18000).(Bars-ALL-20190424_184417).20190311_081029.[SLICE-1000].csv
dpath_Src_Csv	C:\WORKS_2\WS\WS_Others.prog\prog\D-7\2_2\VIRTUAL\Admin_Projects\curr\data\csv_raw
[libfx_4.py:1891 / 20190707_002317]
len(lo_BDs) ==> 1000


[libfx_5.py:312 / 20190707_002317]
lo_BDs : lo_BDs[0] = 2019.04.24 12:30 / lo_BDs[-1] = 2019.04.10 02:45

[libfx_5.py:340 / 20190707_002317]
lo_BDs(post revesing) : lo_BDs[0] = 2019.04.10 02:45 / lo_BDs[-1] = 2019.04.24 12:30 (len = 1000)

[libfx_5.py:631 / 20190707_002317]
(step : B : 0) ======================== loop : 10
[libfx_5.py:697 / 20190707_002317]
(step : B : j1 : N) flg_Pos --> False : 2019.04.10 05:15

[libfx_5.py:732 / 20190707_002317]
(step : B : j2 : Y) pattern --> detected : 2019.04.10 05:15

[libfx_5.py:757 / 20190707_002317]
(step : B : j2 : Y : 2) flg_Pos ==> now, true (True, 2019.04.10 05:15)

[libfx_5.py:798 / 20190707_002317]
(step : B : j2 : Y : 3) Pos ==> init done
st_idx	10
st_pr	79.086
cu_idx	10
cu_pr	79.086


[libfx_5.py:825 / 20190707_002317]
ts_TP	79.146	/	e0.price_High	79.104
ts_SL	79.056	/	e0.price_Low	79.065


[libfx_5.py:631 / 20190707_002317]
(step : B : 0) ======================== loop : 11
[libfx_5.py:667 / 20190707_002317]
(step : B : j1 : Y) flg_Pos --> True : 2019.04.10 05:30

[libfx_5.py:878 / 20190707_002317]
done (time : 0.608 sec)(BUSL3_No_T_1)

