[20190731_182201 / libfx_5.py:3316]
[libfx_5.py:123 / 20190731_182150]
tester_T_1__Buy_Up ==> starts

[libfx_5.py:151 / 20190731_182150] new dir created => C:\WORKS_2\WS\WS_Others.prog\prog\D-7\2_2\VIRTUAL\Admin_Projects\curr\data\log\BUSL3_No_T_1.(20190731_182150).dir

[libfx_5.py:151 / 20190731_182150] new dir created => C:\WORKS_2\WS\WS_Others.prog\prog\D-7\2_2\VIRTUAL\Admin_Projects\curr\data\log\BUSL3_No_T_1.(20190731_182150).dir

[libfx_5.py:1921 / 20190731_182150]
fname_Src_Csv	44_5.1_10_rawdata.(AUDJPY).(Period-M15).(NumOfUnits-18000).(Bars-ALL-20190424_184417).20190311_081029.[SLICE-50].csv
dpath_Src_Csv	C:\WORKS_2\WS\WS_Others.prog\prog\D-7\2_2\VIRTUAL\Admin_Projects\curr\data\csv_raw
[libfx_4.py:1891 / 20190731_182150]
len(lo_BDs) ==> 50


[libfx_5.py:318 / 20190731_182150]
lo_BDs : lo_BDs[0] = 2019.04.24 12:30 / lo_BDs[-1] = 2019.04.24 00:15

[libfx_5.py:346 / 20190731_182150]
lo_BDs(post revesing) : lo_BDs[0] = 2019.04.24 00:15 / lo_BDs[-1] = 2019.04.24 12:30 (len = 50)

[libfx_5.py:731 / 20190731_182150]
(step : B : 0) =================================== loop : 10
[libfx_5.py:1212 / 20190731_182150]
(step : B : j1 : N) flg_Pos --> False : 2019.04.24 02:45

[libfx_5.py:1248 / 20190731_182150] (step : B : j2 : Y)
pattern --> detected : 2019.04.24 02:45

[libfx_5.py:1274 / 20190731_182150] (step : B : j2 : Y : 2)
flg_Pos ==> now, true (True, 2019.04.24 02:45)

[libfx_5.py:1316 / 20190731_182150] (step : B : j2 : Y : 3)
Pos ==> init done
st_idx	10
st_pr	79.341
cu_idx	10
cu_pr	79.341


[libfx_5.py:1347 / 20190731_182150]
ts_TP	79.401	/	e0.price_High	79.368
ts_SL	79.311	/	e0.price_Low	79.328


[libfx_5.py:1550 / 20190731_182150] 
ts_TP	79.401
e0.price_High	79.368


[libfx_5.py:1679 / 20190731_182151] (step : B : j4 : N : 1)
ts_SL < e0.price_Low
ts_SL	79.311
e0.price_Low	79.328


[libfx_5.py:1715 / 20190731_182151] (step : B : j4 : N : 1.1) updating Pos...
Pos["st_idx"]	10
Pos["st_pr"]	79.341
Pos["cu_idx"]	10
Pos["cu_pr"]	79.340


[libfx_5.py:1734 / 20190731_182151] (step : B : j4 : N : 2) continuing...

[libfx_5.py:731 / 20190731_182151]
(step : B : 0) =================================== loop : 11
[libfx_5.py:770 / 20190731_182151] (step : B : j1 : Y)
flg_Pos --> True : 2019.04.24 03:00

[libfx_5.py:806 / 20190731_182151] (step : B : j1 : Y : 2)
ts_TP	79.401	/	e0.price_High	79.347
ts_SL	79.311	/	e0.price_Low	79.298


[libfx_5.py:945 / 20190731_182151] (step : B : j5 : N : 1)
e0.price_High < ts_TP
ts_TP	79.401
e0.price_High	79.347


[libfx_5.py:981 / 20190731_182151] (step : B : j6 : Y : 1)
e0.price_Low <= ts_SL
ts_SL	79.311
e0.price_Low	79.298


[libfx_5.py:1035 / 20190731_182151] (step : B : j6 : Y : 3)
Pos ==> reset ---> done
ts_SL	79.311
e0.price_Low	79.298
lo_Pos_Target[-1]['st_idx']	10


[libfx_5.py:1060 / 20190731_182151] (step : B : j6 : Y : 4.2)
Pos, flag ==> reset done (flag = False)

[libfx_5.py:1079 / 20190731_182151] (step : B : j6 : Y : 5) continuing loop...

[libfx_5.py:731 / 20190731_182151]
(step : B : 0) =================================== loop : 12
[libfx_5.py:1212 / 20190731_182151]
(step : B : j1 : N) flg_Pos --> False : 2019.04.24 03:15

[libfx_5.py:1248 / 20190731_182151] (step : B : j2 : Y)
pattern --> detected : 2019.04.24 03:15

[libfx_5.py:1274 / 20190731_182151] (step : B : j2 : Y : 2)
flg_Pos ==> now, true (True, 2019.04.24 03:15)

[libfx_5.py:1316 / 20190731_182151] (step : B : j2 : Y : 3)
Pos ==> init done
st_idx	12
st_pr	79.309
cu_idx	12
cu_pr	79.309


[libfx_5.py:1347 / 20190731_182151]
ts_TP	79.369	/	e0.price_High	79.314
ts_SL	79.279	/	e0.price_Low	79.243


[libfx_5.py:1550 / 20190731_182151] 
ts_TP	79.369
e0.price_High	79.314


[libfx_5.py:1587 / 20190731_182151] (step : B : j4 : Y : 1)
ts_SL >= e0.price_Low
ts_SL	79.279
e0.price_Low	79.243


[libfx_5.py:1636 / 20190731_182151] (step : B : j4 : Y : 4.2)
Pos, flag ==> reset done (flag = False)

[libfx_5.py:731 / 20190731_182151]
(step : B : 0) =================================== loop : 13
[libfx_5.py:1212 / 20190731_182151]
(step : B : j1 : N) flg_Pos --> False : 2019.04.24 03:30

[libfx_5.py:1248 / 20190731_182151] (step : B : j2 : Y)
pattern --> detected : 2019.04.24 03:30

[libfx_5.py:1274 / 20190731_182151] (step : B : j2 : Y : 2)
flg_Pos ==> now, true (True, 2019.04.24 03:30)

[libfx_5.py:1316 / 20190731_182151] (step : B : j2 : Y : 3)
Pos ==> init done
st_idx	13
st_pr	79.274
cu_idx	13
cu_pr	79.274


[libfx_5.py:1347 / 20190731_182151]
ts_TP	79.334	/	e0.price_High	79.319
ts_SL	79.244	/	e0.price_Low	79.256


[libfx_5.py:1550 / 20190731_182151] 
ts_TP	79.334
e0.price_High	79.319


[libfx_5.py:1679 / 20190731_182151] (step : B : j4 : N : 1)
ts_SL < e0.price_Low
ts_SL	79.244
e0.price_Low	79.256


[libfx_5.py:1715 / 20190731_182151] (step : B : j4 : N : 1.1) updating Pos...
Pos["st_idx"]	13
Pos["st_pr"]	79.274
Pos["cu_idx"]	13
Pos["cu_pr"]	79.309


[libfx_5.py:1734 / 20190731_182151] (step : B : j4 : N : 2) continuing...

[libfx_5.py:731 / 20190731_182151]
(step : B : 0) =================================== loop : 14
[libfx_5.py:770 / 20190731_182151] (step : B : j1 : Y)
flg_Pos --> True : 2019.04.24 03:45

[libfx_5.py:806 / 20190731_182152] (step : B : j1 : Y : 2)
ts_TP	79.334	/	e0.price_High	79.345
ts_SL	79.244	/	e0.price_Low	79.298


[libfx_5.py:844 / 20190731_182152] (step : B : j5 : Y : 1)
e0.price_High >= ts_TP
ts_TP	79.334
e0.price_High	79.345


[libfx_5.py:891 / 20190731_182152] (step : B : j5 : Y : 4.2)
Pos, flag ==> reset done (flag = False)

[libfx_5.py:910 / 20190731_182152] (step : B : j5 : Y : 5) continuing loop...

[libfx_5.py:731 / 20190731_182152]
(step : B : 0) =================================== loop : 15
[libfx_5.py:1212 / 20190731_182152]
(step : B : j1 : N) flg_Pos --> False : 2019.04.24 04:00

[libfx_5.py:1248 / 20190731_182152] (step : B : j2 : Y)
pattern --> detected : 2019.04.24 04:00

[libfx_5.py:1274 / 20190731_182152] (step : B : j2 : Y : 2)
flg_Pos ==> now, true (True, 2019.04.24 04:00)

[libfx_5.py:1316 / 20190731_182152] (step : B : j2 : Y : 3)
Pos ==> init done
st_idx	15
st_pr	79.306
cu_idx	15
cu_pr	79.306


[libfx_5.py:1347 / 20190731_182152]
ts_TP	79.366	/	e0.price_High	79.332
ts_SL	79.276	/	e0.price_Low	79.270


[libfx_5.py:1550 / 20190731_182152] 
ts_TP	79.366
e0.price_High	79.332


[libfx_5.py:1587 / 20190731_182152] (step : B : j4 : Y : 1)
ts_SL >= e0.price_Low
ts_SL	79.276
e0.price_Low	79.270


[libfx_5.py:1636 / 20190731_182152] (step : B : j4 : Y : 4.2)
Pos, flag ==> reset done (flag = False)

[libfx_5.py:731 / 20190731_182152]
(step : B : 0) =================================== loop : 16
[libfx_5.py:1212 / 20190731_182152]
(step : B : j1 : N) flg_Pos --> False : 2019.04.24 04:15

[libfx_5.py:1248 / 20190731_182152] (step : B : j2 : Y)
pattern --> detected : 2019.04.24 04:15

[libfx_5.py:1274 / 20190731_182152] (step : B : j2 : Y : 2)
flg_Pos ==> now, true (True, 2019.04.24 04:15)

[libfx_5.py:1316 / 20190731_182152] (step : B : j2 : Y : 3)
Pos ==> init done
st_idx	16
st_pr	79.296
cu_idx	16
cu_pr	79.296


[libfx_5.py:1347 / 20190731_182152]
ts_TP	79.356	/	e0.price_High	79.357
ts_SL	79.266	/	e0.price_Low	79.259


[libfx_5.py:1383 / 20190731_182152] (step : B : j3 : Y : 1)
ts_TP <= e0.price_Hights_TP	79.356
e0.price_High	79.357


[libfx_5.py:1468 / 20190731_182152] (step : B : j3 : Y : 2) Pos being entered...
lo_Pos_Target[-1]['st_idx']	16 (dateTime = 2019.04.24 04:15)


[libfx_5.py:1508 / 20190731_182152] (step : B : j3 : Y : 4.2)
Pos, flag ==> reset done (flag = False)

[libfx_5.py:731 / 20190731_182152]
(step : B : 0) =================================== loop : 17
[libfx_5.py:1212 / 20190731_182152]
(step : B : j1 : N) flg_Pos --> False : 2019.04.24 04:30

[libfx_5.py:1248 / 20190731_182152] (step : B : j2 : Y)
pattern --> detected : 2019.04.24 04:30

[libfx_5.py:1274 / 20190731_182152] (step : B : j2 : Y : 2)
flg_Pos ==> now, true (True, 2019.04.24 04:30)

[libfx_5.py:1316 / 20190731_182152] (step : B : j2 : Y : 3)
Pos ==> init done
st_idx	17
st_pr	79.256
cu_idx	17
cu_pr	79.256


[libfx_5.py:1347 / 20190731_182152]
ts_TP	79.316	/	e0.price_High	79.256
ts_SL	79.226	/	e0.price_Low	78.704


[libfx_5.py:1550 / 20190731_182152] 
ts_TP	79.316
e0.price_High	79.256


[libfx_5.py:1587 / 20190731_182152] (step : B : j4 : Y : 1)
ts_SL >= e0.price_Low
ts_SL	79.226
e0.price_Low	78.704


[libfx_5.py:1636 / 20190731_182152] (step : B : j4 : Y : 4.2)
Pos, flag ==> reset done (flag = False)

[libfx_5.py:731 / 20190731_182152]
(step : B : 0) =================================== loop : 18
[libfx_5.py:1212 / 20190731_182152]
(step : B : j1 : N) flg_Pos --> False : 2019.04.24 04:45

[libfx_5.py:1248 / 20190731_182152] (step : B : j2 : Y)
pattern --> detected : 2019.04.24 04:45

[libfx_5.py:1274 / 20190731_182152] (step : B : j2 : Y : 2)
flg_Pos ==> now, true (True, 2019.04.24 04:45)

[libfx_5.py:1316 / 20190731_182152] (step : B : j2 : Y : 3)
Pos ==> init done
st_idx	18
st_pr	78.808
cu_idx	18
cu_pr	78.808


[libfx_5.py:1347 / 20190731_182152]
ts_TP	78.868	/	e0.price_High	78.808
ts_SL	78.778	/	e0.price_Low	78.683


[libfx_5.py:1550 / 20190731_182152] 
ts_TP	78.868
e0.price_High	78.808


[libfx_5.py:1587 / 20190731_182152] (step : B : j4 : Y : 1)
ts_SL >= e0.price_Low
ts_SL	78.778
e0.price_Low	78.683


[libfx_5.py:1636 / 20190731_182152] (step : B : j4 : Y : 4.2)
Pos, flag ==> reset done (flag = False)

[libfx_5.py:731 / 20190731_182152]
(step : B : 0) =================================== loop : 19
[libfx_5.py:1212 / 20190731_182152]
(step : B : j1 : N) flg_Pos --> False : 2019.04.24 05:00

[libfx_5.py:1248 / 20190731_182152] (step : B : j2 : Y)
pattern --> detected : 2019.04.24 05:00

[libfx_5.py:1274 / 20190731_182152] (step : B : j2 : Y : 2)
flg_Pos ==> now, true (True, 2019.04.24 05:00)

[libfx_5.py:1316 / 20190731_182152] (step : B : j2 : Y : 3)
Pos ==> init done
st_idx	19
st_pr	78.749
cu_idx	19
cu_pr	78.749


[libfx_5.py:1347 / 20190731_182152]
ts_TP	78.809	/	e0.price_High	78.750
ts_SL	78.719	/	e0.price_Low	78.598


[libfx_5.py:1550 / 20190731_182153] 
ts_TP	78.809
e0.price_High	78.750


[libfx_5.py:1587 / 20190731_182153] (step : B : j4 : Y : 1)
ts_SL >= e0.price_Low
ts_SL	78.719
e0.price_Low	78.598


[libfx_5.py:1636 / 20190731_182153] (step : B : j4 : Y : 4.2)
Pos, flag ==> reset done (flag = False)

[libfx_5.py:731 / 20190731_182153]
(step : B : 0) =================================== loop : 20
[libfx_5.py:1212 / 20190731_182153]
(step : B : j1 : N) flg_Pos --> False : 2019.04.24 05:15

[libfx_5.py:1248 / 20190731_182153] (step : B : j2 : Y)
pattern --> detected : 2019.04.24 05:15

[libfx_5.py:1274 / 20190731_182153] (step : B : j2 : Y : 2)
flg_Pos ==> now, true (True, 2019.04.24 05:15)

[libfx_5.py:1316 / 20190731_182153] (step : B : j2 : Y : 3)
Pos ==> init done
st_idx	20
st_pr	78.644
cu_idx	20
cu_pr	78.644


[libfx_5.py:1347 / 20190731_182153]
ts_TP	78.704	/	e0.price_High	78.710
ts_SL	78.614	/	e0.price_Low	78.606


[libfx_5.py:1383 / 20190731_182153] (step : B : j3 : Y : 1)
ts_TP <= e0.price_Hights_TP	78.704
e0.price_High	78.710


[libfx_5.py:1468 / 20190731_182153] (step : B : j3 : Y : 2) Pos being entered...
lo_Pos_Target[-1]['st_idx']	20 (dateTime = 2019.04.24 05:15)


[libfx_5.py:1508 / 20190731_182153] (step : B : j3 : Y : 4.2)
Pos, flag ==> reset done (flag = False)

[libfx_5.py:731 / 20190731_182153]
(step : B : 0) =================================== loop : 21
[libfx_5.py:1212 / 20190731_182153]
(step : B : j1 : N) flg_Pos --> False : 2019.04.24 05:30

[libfx_5.py:1248 / 20190731_182153] (step : B : j2 : Y)
pattern --> detected : 2019.04.24 05:30

[libfx_5.py:1274 / 20190731_182153] (step : B : j2 : Y : 2)
flg_Pos ==> now, true (True, 2019.04.24 05:30)

[libfx_5.py:1316 / 20190731_182153] (step : B : j2 : Y : 3)
Pos ==> init done
st_idx	21
st_pr	78.689
cu_idx	21
cu_pr	78.689


[libfx_5.py:1347 / 20190731_182153]
ts_TP	78.749	/	e0.price_High	78.744
ts_SL	78.659	/	e0.price_Low	78.681


[libfx_5.py:1550 / 20190731_182153] 
ts_TP	78.749
e0.price_High	78.744


[libfx_5.py:1679 / 20190731_182153] (step : B : j4 : N : 1)
ts_SL < e0.price_Low
ts_SL	78.659
e0.price_Low	78.681


[libfx_5.py:1715 / 20190731_182153] (step : B : j4 : N : 1.1) updating Pos...
Pos["st_idx"]	21
Pos["st_pr"]	78.689
Pos["cu_idx"]	21
Pos["cu_pr"]	78.691


[libfx_5.py:1734 / 20190731_182153] (step : B : j4 : N : 2) continuing...

[libfx_5.py:731 / 20190731_182153]
(step : B : 0) =================================== loop : 22
[libfx_5.py:770 / 20190731_182153] (step : B : j1 : Y)
flg_Pos --> True : 2019.04.24 05:45

[libfx_5.py:806 / 20190731_182153] (step : B : j1 : Y : 2)
ts_TP	78.749	/	e0.price_High	78.707
ts_SL	78.659	/	e0.price_Low	78.642


[libfx_5.py:945 / 20190731_182154] (step : B : j5 : N : 1)
e0.price_High < ts_TP
ts_TP	78.749
e0.price_High	78.707


[libfx_5.py:981 / 20190731_182154] (step : B : j6 : Y : 1)
e0.price_Low <= ts_SL
ts_SL	78.659
e0.price_Low	78.642


[libfx_5.py:1035 / 20190731_182154] (step : B : j6 : Y : 3)
Pos ==> reset ---> done
ts_SL	78.659
e0.price_Low	78.642
lo_Pos_Target[-1]['st_idx']	21


[libfx_5.py:1060 / 20190731_182154] (step : B : j6 : Y : 4.2)
Pos, flag ==> reset done (flag = False)

[libfx_5.py:1079 / 20190731_182154] (step : B : j6 : Y : 5) continuing loop...

[libfx_5.py:731 / 20190731_182154]
(step : B : 0) =================================== loop : 23
[libfx_5.py:1212 / 20190731_182154]
(step : B : j1 : N) flg_Pos --> False : 2019.04.24 06:00

[libfx_5.py:1248 / 20190731_182154] (step : B : j2 : Y)
pattern --> detected : 2019.04.24 06:00

[libfx_5.py:1274 / 20190731_182154] (step : B : j2 : Y : 2)
flg_Pos ==> now, true (True, 2019.04.24 06:00)

[libfx_5.py:1316 / 20190731_182154] (step : B : j2 : Y : 3)
Pos ==> init done
st_idx	23
st_pr	78.694
cu_idx	23
cu_pr	78.694


[libfx_5.py:1347 / 20190731_182154]
ts_TP	78.754	/	e0.price_High	78.694
ts_SL	78.664	/	e0.price_Low	78.610


[libfx_5.py:1550 / 20190731_182154] 
ts_TP	78.754
e0.price_High	78.694


[libfx_5.py:1587 / 20190731_182154] (step : B : j4 : Y : 1)
ts_SL >= e0.price_Low
ts_SL	78.664
e0.price_Low	78.610


[libfx_5.py:1636 / 20190731_182154] (step : B : j4 : Y : 4.2)
Pos, flag ==> reset done (flag = False)

[libfx_5.py:731 / 20190731_182154]
(step : B : 0) =================================== loop : 24
[libfx_5.py:1212 / 20190731_182154]
(step : B : j1 : N) flg_Pos --> False : 2019.04.24 06:15

[libfx_5.py:1248 / 20190731_182154] (step : B : j2 : Y)
pattern --> detected : 2019.04.24 06:15

[libfx_5.py:1274 / 20190731_182154] (step : B : j2 : Y : 2)
flg_Pos ==> now, true (True, 2019.04.24 06:15)

[libfx_5.py:1316 / 20190731_182154] (step : B : j2 : Y : 3)
Pos ==> init done
st_idx	24
st_pr	78.666
cu_idx	24
cu_pr	78.666


[libfx_5.py:1347 / 20190731_182154]
ts_TP	78.726	/	e0.price_High	78.666
ts_SL	78.636	/	e0.price_Low	78.606


[libfx_5.py:1550 / 20190731_182154] 
ts_TP	78.726
e0.price_High	78.666


[libfx_5.py:1587 / 20190731_182154] (step : B : j4 : Y : 1)
ts_SL >= e0.price_Low
ts_SL	78.636
e0.price_Low	78.606


[libfx_5.py:1636 / 20190731_182154] (step : B : j4 : Y : 4.2)
Pos, flag ==> reset done (flag = False)

[libfx_5.py:731 / 20190731_182154]
(step : B : 0) =================================== loop : 25
[libfx_5.py:1212 / 20190731_182154]
(step : B : j1 : N) flg_Pos --> False : 2019.04.24 06:30

[libfx_5.py:1248 / 20190731_182155] (step : B : j2 : Y)
pattern --> detected : 2019.04.24 06:30

[libfx_5.py:1274 / 20190731_182155] (step : B : j2 : Y : 2)
flg_Pos ==> now, true (True, 2019.04.24 06:30)

[libfx_5.py:1316 / 20190731_182155] (step : B : j2 : Y : 3)
Pos ==> init done
st_idx	25
st_pr	78.644
cu_idx	25
cu_pr	78.644


[libfx_5.py:1347 / 20190731_182155]
ts_TP	78.704	/	e0.price_High	78.650
ts_SL	78.614	/	e0.price_Low	78.584


[libfx_5.py:1550 / 20190731_182155] 
ts_TP	78.704
e0.price_High	78.650


[libfx_5.py:1587 / 20190731_182155] (step : B : j4 : Y : 1)
ts_SL >= e0.price_Low
ts_SL	78.614
e0.price_Low	78.584


[libfx_5.py:1636 / 20190731_182155] (step : B : j4 : Y : 4.2)
Pos, flag ==> reset done (flag = False)

[libfx_5.py:731 / 20190731_182155]
(step : B : 0) =================================== loop : 26
[libfx_5.py:1212 / 20190731_182155]
(step : B : j1 : N) flg_Pos --> False : 2019.04.24 06:45

[libfx_5.py:1248 / 20190731_182155] (step : B : j2 : Y)
pattern --> detected : 2019.04.24 06:45

[libfx_5.py:1274 / 20190731_182155] (step : B : j2 : Y : 2)
flg_Pos ==> now, true (True, 2019.04.24 06:45)

[libfx_5.py:1316 / 20190731_182155] (step : B : j2 : Y : 3)
Pos ==> init done
st_idx	26
st_pr	78.586
cu_idx	26
cu_pr	78.586


[libfx_5.py:1347 / 20190731_182155]
ts_TP	78.646	/	e0.price_High	78.606
ts_SL	78.556	/	e0.price_Low	78.495


[libfx_5.py:1550 / 20190731_182155] 
ts_TP	78.646
e0.price_High	78.606


[libfx_5.py:1587 / 20190731_182155] (step : B : j4 : Y : 1)
ts_SL >= e0.price_Low
ts_SL	78.556
e0.price_Low	78.495


[libfx_5.py:1636 / 20190731_182155] (step : B : j4 : Y : 4.2)
Pos, flag ==> reset done (flag = False)

[libfx_5.py:731 / 20190731_182155]
(step : B : 0) =================================== loop : 27
[libfx_5.py:1212 / 20190731_182155]
(step : B : j1 : N) flg_Pos --> False : 2019.04.24 07:00

[libfx_5.py:1248 / 20190731_182155] (step : B : j2 : Y)
pattern --> detected : 2019.04.24 07:00

[libfx_5.py:1274 / 20190731_182155] (step : B : j2 : Y : 2)
flg_Pos ==> now, true (True, 2019.04.24 07:00)

[libfx_5.py:1316 / 20190731_182155] (step : B : j2 : Y : 3)
Pos ==> init done
st_idx	27
st_pr	78.503
cu_idx	27
cu_pr	78.503


[libfx_5.py:1347 / 20190731_182155]
ts_TP	78.563	/	e0.price_High	78.565
ts_SL	78.473	/	e0.price_Low	78.499


[libfx_5.py:1383 / 20190731_182155] (step : B : j3 : Y : 1)
ts_TP <= e0.price_Hights_TP	78.563
e0.price_High	78.565


[libfx_5.py:1468 / 20190731_182156] (step : B : j3 : Y : 2) Pos being entered...
lo_Pos_Target[-1]['st_idx']	27 (dateTime = 2019.04.24 07:00)


[libfx_5.py:1508 / 20190731_182156] (step : B : j3 : Y : 4.2)
Pos, flag ==> reset done (flag = False)

[libfx_5.py:731 / 20190731_182156]
(step : B : 0) =================================== loop : 28
[libfx_5.py:1212 / 20190731_182156]
(step : B : j1 : N) flg_Pos --> False : 2019.04.24 07:15

[libfx_5.py:1248 / 20190731_182156] (step : B : j2 : Y)
pattern --> detected : 2019.04.24 07:15

[libfx_5.py:1274 / 20190731_182156] (step : B : j2 : Y : 2)
flg_Pos ==> now, true (True, 2019.04.24 07:15)

[libfx_5.py:1316 / 20190731_182156] (step : B : j2 : Y : 3)
Pos ==> init done
st_idx	28
st_pr	78.555
cu_idx	28
cu_pr	78.555


[libfx_5.py:1347 / 20190731_182156]
ts_TP	78.615	/	e0.price_High	78.596
ts_SL	78.525	/	e0.price_Low	78.550


[libfx_5.py:1550 / 20190731_182156] 
ts_TP	78.615
e0.price_High	78.596


[libfx_5.py:1679 / 20190731_182156] (step : B : j4 : N : 1)
ts_SL < e0.price_Low
ts_SL	78.525
e0.price_Low	78.550


[libfx_5.py:1715 / 20190731_182156] (step : B : j4 : N : 1.1) updating Pos...
Pos["st_idx"]	28
Pos["st_pr"]	78.555
Pos["cu_idx"]	28
Pos["cu_pr"]	78.593


[libfx_5.py:1734 / 20190731_182156] (step : B : j4 : N : 2) continuing...

[libfx_5.py:731 / 20190731_182156]
(step : B : 0) =================================== loop : 29
[libfx_5.py:770 / 20190731_182156] (step : B : j1 : Y)
flg_Pos --> True : 2019.04.24 07:30

[libfx_5.py:806 / 20190731_182156] (step : B : j1 : Y : 2)
ts_TP	78.615	/	e0.price_High	78.619
ts_SL	78.525	/	e0.price_Low	78.566


[libfx_5.py:844 / 20190731_182156] (step : B : j5 : Y : 1)
e0.price_High >= ts_TP
ts_TP	78.615
e0.price_High	78.619


[libfx_5.py:891 / 20190731_182156] (step : B : j5 : Y : 4.2)
Pos, flag ==> reset done (flag = False)

[libfx_5.py:910 / 20190731_182156] (step : B : j5 : Y : 5) continuing loop...

[libfx_5.py:731 / 20190731_182156]
(step : B : 0) =================================== loop : 30
[libfx_5.py:1212 / 20190731_182156]
(step : B : j1 : N) flg_Pos --> False : 2019.04.24 07:45

[libfx_5.py:1248 / 20190731_182156] (step : B : j2 : Y)
pattern --> detected : 2019.04.24 07:45

[libfx_5.py:1274 / 20190731_182156] (step : B : j2 : Y : 2)
flg_Pos ==> now, true (True, 2019.04.24 07:45)

[libfx_5.py:1316 / 20190731_182156] (step : B : j2 : Y : 3)
Pos ==> init done
st_idx	30
st_pr	78.614
cu_idx	30
cu_pr	78.614


[libfx_5.py:1347 / 20190731_182156]
ts_TP	78.674	/	e0.price_High	78.641
ts_SL	78.584	/	e0.price_Low	78.613


[libfx_5.py:1550 / 20190731_182156] 
ts_TP	78.674
e0.price_High	78.641


[libfx_5.py:1679 / 20190731_182156] (step : B : j4 : N : 1)
ts_SL < e0.price_Low
ts_SL	78.584
e0.price_Low	78.613


[libfx_5.py:1715 / 20190731_182156] (step : B : j4 : N : 1.1) updating Pos...
Pos["st_idx"]	30
Pos["st_pr"]	78.614
Pos["cu_idx"]	30
Pos["cu_pr"]	78.623


[libfx_5.py:1734 / 20190731_182156] (step : B : j4 : N : 2) continuing...

[libfx_5.py:731 / 20190731_182156]
(step : B : 0) =================================== loop : 31
[libfx_5.py:770 / 20190731_182156] (step : B : j1 : Y)
flg_Pos --> True : 2019.04.24 08:00

[libfx_5.py:806 / 20190731_182156] (step : B : j1 : Y : 2)
ts_TP	78.674	/	e0.price_High	78.641
ts_SL	78.584	/	e0.price_Low	78.598


[libfx_5.py:945 / 20190731_182157] (step : B : j5 : N : 1)
e0.price_High < ts_TP
ts_TP	78.674
e0.price_High	78.641


[libfx_5.py:1114 / 20190731_182157] (step : B : j6 : N : 1)
ts_SL < e0.price_Low
ts_SL	78.584
e0.price_Low	78.598


[libfx_5.py:1150 / 20190731_182157] (step : B : j6 : N : 1.1) updating Pos...
Pos["st_idx"]	30
Pos["st_pr"]	78.614
Pos["cu_idx"]	31
Pos["cu_pr"]	78.604


[libfx_5.py:1169 / 20190731_182157] (step : B : j6 : N : 2) continuing...

[libfx_5.py:731 / 20190731_182157]
(step : B : 0) =================================== loop : 32
[libfx_5.py:770 / 20190731_182157] (step : B : j1 : Y)
flg_Pos --> True : 2019.04.24 08:15

[libfx_5.py:806 / 20190731_182157] (step : B : j1 : Y : 2)
ts_TP	78.674	/	e0.price_High	78.647
ts_SL	78.584	/	e0.price_Low	78.604


[libfx_5.py:945 / 20190731_182157] (step : B : j5 : N : 1)
e0.price_High < ts_TP
ts_TP	78.674
e0.price_High	78.647


[libfx_5.py:1114 / 20190731_182157] (step : B : j6 : N : 1)
ts_SL < e0.price_Low
ts_SL	78.584
e0.price_Low	78.604


[libfx_5.py:1150 / 20190731_182157] (step : B : j6 : N : 1.1) updating Pos...
Pos["st_idx"]	30
Pos["st_pr"]	78.614
Pos["cu_idx"]	32
Pos["cu_pr"]	78.643


[libfx_5.py:1169 / 20190731_182157] (step : B : j6 : N : 2) continuing...

[libfx_5.py:731 / 20190731_182157]
(step : B : 0) =================================== loop : 33
[libfx_5.py:770 / 20190731_182157] (step : B : j1 : Y)
flg_Pos --> True : 2019.04.24 08:30

[libfx_5.py:806 / 20190731_182157] (step : B : j1 : Y : 2)
ts_TP	78.674	/	e0.price_High	78.655
ts_SL	78.584	/	e0.price_Low	78.634


[libfx_5.py:945 / 20190731_182157] (step : B : j5 : N : 1)
e0.price_High < ts_TP
ts_TP	78.674
e0.price_High	78.655


[libfx_5.py:1114 / 20190731_182157] (step : B : j6 : N : 1)
ts_SL < e0.price_Low
ts_SL	78.584
e0.price_Low	78.634


[libfx_5.py:1150 / 20190731_182157] (step : B : j6 : N : 1.1) updating Pos...
Pos["st_idx"]	30
Pos["st_pr"]	78.614
Pos["cu_idx"]	33
Pos["cu_pr"]	78.644


[libfx_5.py:1169 / 20190731_182157] (step : B : j6 : N : 2) continuing...

[libfx_5.py:731 / 20190731_182157]
(step : B : 0) =================================== loop : 34
[libfx_5.py:770 / 20190731_182157] (step : B : j1 : Y)
flg_Pos --> True : 2019.04.24 08:45

[libfx_5.py:806 / 20190731_182157] (step : B : j1 : Y : 2)
ts_TP	78.674	/	e0.price_High	78.658
ts_SL	78.584	/	e0.price_Low	78.625


[libfx_5.py:945 / 20190731_182157] (step : B : j5 : N : 1)
e0.price_High < ts_TP
ts_TP	78.674
e0.price_High	78.658


[libfx_5.py:1114 / 20190731_182157] (step : B : j6 : N : 1)
ts_SL < e0.price_Low
ts_SL	78.584
e0.price_Low	78.625


[libfx_5.py:1150 / 20190731_182157] (step : B : j6 : N : 1.1) updating Pos...
Pos["st_idx"]	30
Pos["st_pr"]	78.614
Pos["cu_idx"]	34
Pos["cu_pr"]	78.650


[libfx_5.py:1169 / 20190731_182157] (step : B : j6 : N : 2) continuing...

[libfx_5.py:731 / 20190731_182157]
(step : B : 0) =================================== loop : 35
[libfx_5.py:770 / 20190731_182158] (step : B : j1 : Y)
flg_Pos --> True : 2019.04.24 09:00

[libfx_5.py:806 / 20190731_182158] (step : B : j1 : Y : 2)
ts_TP	78.674	/	e0.price_High	78.651
ts_SL	78.584	/	e0.price_Low	78.574


[libfx_5.py:945 / 20190731_182158] (step : B : j5 : N : 1)
e0.price_High < ts_TP
ts_TP	78.674
e0.price_High	78.651


[libfx_5.py:981 / 20190731_182158] (step : B : j6 : Y : 1)
e0.price_Low <= ts_SL
ts_SL	78.584
e0.price_Low	78.574


[libfx_5.py:1035 / 20190731_182158] (step : B : j6 : Y : 3)
Pos ==> reset ---> done
ts_SL	78.584
e0.price_Low	78.574
lo_Pos_Target[-1]['st_idx']	30


[libfx_5.py:1060 / 20190731_182158] (step : B : j6 : Y : 4.2)
Pos, flag ==> reset done (flag = False)

[libfx_5.py:1079 / 20190731_182158] (step : B : j6 : Y : 5) continuing loop...

[libfx_5.py:731 / 20190731_182158]
(step : B : 0) =================================== loop : 36
[libfx_5.py:1212 / 20190731_182158]
(step : B : j1 : N) flg_Pos --> False : 2019.04.24 09:15

[libfx_5.py:1248 / 20190731_182158] (step : B : j2 : Y)
pattern --> detected : 2019.04.24 09:15

[libfx_5.py:1274 / 20190731_182158] (step : B : j2 : Y : 2)
flg_Pos ==> now, true (True, 2019.04.24 09:15)

[libfx_5.py:1316 / 20190731_182158] (step : B : j2 : Y : 3)
Pos ==> init done
st_idx	36
st_pr	78.578
cu_idx	36
cu_pr	78.578


[libfx_5.py:1347 / 20190731_182158]
ts_TP	78.638	/	e0.price_High	78.585
ts_SL	78.548	/	e0.price_Low	78.538


[libfx_5.py:1550 / 20190731_182158] 
ts_TP	78.638
e0.price_High	78.585


[libfx_5.py:1587 / 20190731_182158] (step : B : j4 : Y : 1)
ts_SL >= e0.price_Low
ts_SL	78.548
e0.price_Low	78.538


[libfx_5.py:1636 / 20190731_182158] (step : B : j4 : Y : 4.2)
Pos, flag ==> reset done (flag = False)

[libfx_5.py:731 / 20190731_182158]
(step : B : 0) =================================== loop : 37
[libfx_5.py:1212 / 20190731_182158]
(step : B : j1 : N) flg_Pos --> False : 2019.04.24 09:30

[libfx_5.py:1248 / 20190731_182158] (step : B : j2 : Y)
pattern --> detected : 2019.04.24 09:30

[libfx_5.py:1274 / 20190731_182158] (step : B : j2 : Y : 2)
flg_Pos ==> now, true (True, 2019.04.24 09:30)

[libfx_5.py:1316 / 20190731_182158] (step : B : j2 : Y : 3)
Pos ==> init done
st_idx	37
st_pr	78.550
cu_idx	37
cu_pr	78.550


[libfx_5.py:1347 / 20190731_182158]
ts_TP	78.610	/	e0.price_High	78.630
ts_SL	78.520	/	e0.price_Low	78.545


[libfx_5.py:1383 / 20190731_182158] (step : B : j3 : Y : 1)
ts_TP <= e0.price_Hights_TP	78.610
e0.price_High	78.630


[libfx_5.py:1468 / 20190731_182158] (step : B : j3 : Y : 2) Pos being entered...
lo_Pos_Target[-1]['st_idx']	37 (dateTime = 2019.04.24 09:30)


[libfx_5.py:1508 / 20190731_182158] (step : B : j3 : Y : 4.2)
Pos, flag ==> reset done (flag = False)

[libfx_5.py:731 / 20190731_182158]
(step : B : 0) =================================== loop : 38
[libfx_5.py:1212 / 20190731_182158]
(step : B : j1 : N) flg_Pos --> False : 2019.04.24 09:45

[libfx_5.py:1248 / 20190731_182158] (step : B : j2 : Y)
pattern --> detected : 2019.04.24 09:45

[libfx_5.py:1274 / 20190731_182158] (step : B : j2 : Y : 2)
flg_Pos ==> now, true (True, 2019.04.24 09:45)

[libfx_5.py:1316 / 20190731_182159] (step : B : j2 : Y : 3)
Pos ==> init done
st_idx	38
st_pr	78.624
cu_idx	38
cu_pr	78.624


[libfx_5.py:1347 / 20190731_182159]
ts_TP	78.684	/	e0.price_High	78.634
ts_SL	78.594	/	e0.price_Low	78.567


[libfx_5.py:1550 / 20190731_182159] 
ts_TP	78.684
e0.price_High	78.634


[libfx_5.py:1587 / 20190731_182159] (step : B : j4 : Y : 1)
ts_SL >= e0.price_Low
ts_SL	78.594
e0.price_Low	78.567


[libfx_5.py:1636 / 20190731_182159] (step : B : j4 : Y : 4.2)
Pos, flag ==> reset done (flag = False)

[libfx_5.py:731 / 20190731_182159]
(step : B : 0) =================================== loop : 39
[libfx_5.py:1212 / 20190731_182159]
(step : B : j1 : N) flg_Pos --> False : 2019.04.24 10:00

[libfx_5.py:1248 / 20190731_182159] (step : B : j2 : Y)
pattern --> detected : 2019.04.24 10:00

[libfx_5.py:1274 / 20190731_182159] (step : B : j2 : Y : 2)
flg_Pos ==> now, true (True, 2019.04.24 10:00)

[libfx_5.py:1316 / 20190731_182159] (step : B : j2 : Y : 3)
Pos ==> init done
st_idx	39
st_pr	78.579
cu_idx	39
cu_pr	78.579


[libfx_5.py:1347 / 20190731_182159]
ts_TP	78.639	/	e0.price_High	78.641
ts_SL	78.549	/	e0.price_Low	78.548


[libfx_5.py:1383 / 20190731_182159] (step : B : j3 : Y : 1)
ts_TP <= e0.price_Hights_TP	78.639
e0.price_High	78.641


[libfx_5.py:1468 / 20190731_182159] (step : B : j3 : Y : 2) Pos being entered...
lo_Pos_Target[-1]['st_idx']	39 (dateTime = 2019.04.24 10:00)


[libfx_5.py:1508 / 20190731_182159] (step : B : j3 : Y : 4.2)
Pos, flag ==> reset done (flag = False)

[libfx_5.py:731 / 20190731_182159]
(step : B : 0) =================================== loop : 40
[libfx_5.py:1212 / 20190731_182159]
(step : B : j1 : N) flg_Pos --> False : 2019.04.24 10:15

[libfx_5.py:1248 / 20190731_182159] (step : B : j2 : Y)
pattern --> detected : 2019.04.24 10:15

[libfx_5.py:1274 / 20190731_182159] (step : B : j2 : Y : 2)
flg_Pos ==> now, true (True, 2019.04.24 10:15)

[libfx_5.py:1316 / 20190731_182159] (step : B : j2 : Y : 3)
Pos ==> init done
st_idx	40
st_pr	78.634
cu_idx	40
cu_pr	78.634


[libfx_5.py:1347 / 20190731_182159]
ts_TP	78.694	/	e0.price_High	78.720
ts_SL	78.604	/	e0.price_Low	78.604


[libfx_5.py:1383 / 20190731_182159] (step : B : j3 : Y : 1)
ts_TP <= e0.price_Hights_TP	78.694
e0.price_High	78.720


[libfx_5.py:1468 / 20190731_182159] (step : B : j3 : Y : 2) Pos being entered...
lo_Pos_Target[-1]['st_idx']	40 (dateTime = 2019.04.24 10:15)


[libfx_5.py:1508 / 20190731_182159] (step : B : j3 : Y : 4.2)
Pos, flag ==> reset done (flag = False)

[libfx_5.py:731 / 20190731_182159]
(step : B : 0) =================================== loop : 41
[libfx_5.py:1212 / 20190731_182159]
(step : B : j1 : N) flg_Pos --> False : 2019.04.24 10:30

[libfx_5.py:1248 / 20190731_182159] (step : B : j2 : Y)
pattern --> detected : 2019.04.24 10:30

[libfx_5.py:1274 / 20190731_182159] (step : B : j2 : Y : 2)
flg_Pos ==> now, true (True, 2019.04.24 10:30)

[libfx_5.py:1316 / 20190731_182159] (step : B : j2 : Y : 3)
Pos ==> init done
st_idx	41
st_pr	78.714
cu_idx	41
cu_pr	78.714


[libfx_5.py:1347 / 20190731_182159]
ts_TP	78.774	/	e0.price_High	78.750
ts_SL	78.684	/	e0.price_Low	78.683


[libfx_5.py:1550 / 20190731_182200] 
ts_TP	78.774
e0.price_High	78.750


[libfx_5.py:1587 / 20190731_182200] (step : B : j4 : Y : 1)
ts_SL >= e0.price_Low
ts_SL	78.684
e0.price_Low	78.683


[libfx_5.py:1636 / 20190731_182200] (step : B : j4 : Y : 4.2)
Pos, flag ==> reset done (flag = False)

[libfx_5.py:731 / 20190731_182200]
(step : B : 0) =================================== loop : 42
[libfx_5.py:1212 / 20190731_182200]
(step : B : j1 : N) flg_Pos --> False : 2019.04.24 10:45

[libfx_5.py:1248 / 20190731_182200] (step : B : j2 : Y)
pattern --> detected : 2019.04.24 10:45

[libfx_5.py:1274 / 20190731_182200] (step : B : j2 : Y : 2)
flg_Pos ==> now, true (True, 2019.04.24 10:45)

[libfx_5.py:1316 / 20190731_182200] (step : B : j2 : Y : 3)
Pos ==> init done
st_idx	42
st_pr	78.695
cu_idx	42
cu_pr	78.695


[libfx_5.py:1347 / 20190731_182200]
ts_TP	78.755	/	e0.price_High	78.710
ts_SL	78.665	/	e0.price_Low	78.683


[libfx_5.py:1550 / 20190731_182200] 
ts_TP	78.755
e0.price_High	78.710


[libfx_5.py:1679 / 20190731_182200] (step : B : j4 : N : 1)
ts_SL < e0.price_Low
ts_SL	78.665
e0.price_Low	78.683


[libfx_5.py:1715 / 20190731_182200] (step : B : j4 : N : 1.1) updating Pos...
Pos["st_idx"]	42
Pos["st_pr"]	78.695
Pos["cu_idx"]	42
Pos["cu_pr"]	78.704


[libfx_5.py:1734 / 20190731_182200] (step : B : j4 : N : 2) continuing...

[libfx_5.py:731 / 20190731_182200]
(step : B : 0) =================================== loop : 43
[libfx_5.py:770 / 20190731_182200] (step : B : j1 : Y)
flg_Pos --> True : 2019.04.24 11:00

[libfx_5.py:806 / 20190731_182200] (step : B : j1 : Y : 2)
ts_TP	78.755	/	e0.price_High	78.725
ts_SL	78.665	/	e0.price_Low	78.632


[libfx_5.py:945 / 20190731_182200] (step : B : j5 : N : 1)
e0.price_High < ts_TP
ts_TP	78.755
e0.price_High	78.725


[libfx_5.py:981 / 20190731_182200] (step : B : j6 : Y : 1)
e0.price_Low <= ts_SL
ts_SL	78.665
e0.price_Low	78.632


[libfx_5.py:1035 / 20190731_182200] (step : B : j6 : Y : 3)
Pos ==> reset ---> done
ts_SL	78.665
e0.price_Low	78.632
lo_Pos_Target[-1]['st_idx']	42


[libfx_5.py:1060 / 20190731_182200] (step : B : j6 : Y : 4.2)
Pos, flag ==> reset done (flag = False)

[libfx_5.py:1079 / 20190731_182200] (step : B : j6 : Y : 5) continuing loop...

[libfx_5.py:731 / 20190731_182200]
(step : B : 0) =================================== loop : 44
[libfx_5.py:1212 / 20190731_182200]
(step : B : j1 : N) flg_Pos --> False : 2019.04.24 11:15

[libfx_5.py:1248 / 20190731_182200] (step : B : j2 : Y)
pattern --> detected : 2019.04.24 11:15

[libfx_5.py:1274 / 20190731_182200] (step : B : j2 : Y : 2)
flg_Pos ==> now, true (True, 2019.04.24 11:15)

[libfx_5.py:1316 / 20190731_182200] (step : B : j2 : Y : 3)
Pos ==> init done
st_idx	44
st_pr	78.686
cu_idx	44
cu_pr	78.686


[libfx_5.py:1347 / 20190731_182200]
ts_TP	78.746	/	e0.price_High	78.705
ts_SL	78.656	/	e0.price_Low	78.675


[libfx_5.py:1550 / 20190731_182200] 
ts_TP	78.746
e0.price_High	78.705


[libfx_5.py:1679 / 20190731_182200] (step : B : j4 : N : 1)
ts_SL < e0.price_Low
ts_SL	78.656
e0.price_Low	78.675


[libfx_5.py:1715 / 20190731_182200] (step : B : j4 : N : 1.1) updating Pos...
Pos["st_idx"]	44
Pos["st_pr"]	78.686
Pos["cu_idx"]	44
Pos["cu_pr"]	78.698


[libfx_5.py:1734 / 20190731_182200] (step : B : j4 : N : 2) continuing...

[libfx_5.py:731 / 20190731_182200]
(step : B : 0) =================================== loop : 45
[libfx_5.py:770 / 20190731_182200] (step : B : j1 : Y)
flg_Pos --> True : 2019.04.24 11:30

[libfx_5.py:806 / 20190731_182200] (step : B : j1 : Y : 2)
ts_TP	78.746	/	e0.price_High	78.737
ts_SL	78.656	/	e0.price_Low	78.688


[libfx_5.py:945 / 20190731_182200] (step : B : j5 : N : 1)
e0.price_High < ts_TP
ts_TP	78.746
e0.price_High	78.737


[libfx_5.py:1114 / 20190731_182200] (step : B : j6 : N : 1)
ts_SL < e0.price_Low
ts_SL	78.656
e0.price_Low	78.688


[libfx_5.py:1150 / 20190731_182200] (step : B : j6 : N : 1.1) updating Pos...
Pos["st_idx"]	44
Pos["st_pr"]	78.686
Pos["cu_idx"]	45
Pos["cu_pr"]	78.723


[libfx_5.py:1169 / 20190731_182200] (step : B : j6 : N : 2) continuing...

[libfx_5.py:731 / 20190731_182200]
(step : B : 0) =================================== loop : 46
[libfx_5.py:770 / 20190731_182200] (step : B : j1 : Y)
flg_Pos --> True : 2019.04.24 11:45

[libfx_5.py:806 / 20190731_182201] (step : B : j1 : Y : 2)
ts_TP	78.746	/	e0.price_High	78.748
ts_SL	78.656	/	e0.price_Low	78.711


[libfx_5.py:844 / 20190731_182201] (step : B : j5 : Y : 1)
e0.price_High >= ts_TP
ts_TP	78.746
e0.price_High	78.748


[libfx_5.py:891 / 20190731_182201] (step : B : j5 : Y : 4.2)
Pos, flag ==> reset done (flag = False)

[libfx_5.py:910 / 20190731_182201] (step : B : j5 : Y : 5) continuing loop...

[libfx_5.py:731 / 20190731_182201]
(step : B : 0) =================================== loop : 47
[libfx_5.py:1212 / 20190731_182201]
(step : B : j1 : N) flg_Pos --> False : 2019.04.24 12:00

[libfx_5.py:1248 / 20190731_182201] (step : B : j2 : Y)
pattern --> detected : 2019.04.24 12:00

[libfx_5.py:1274 / 20190731_182201] (step : B : j2 : Y : 2)
flg_Pos ==> now, true (True, 2019.04.24 12:00)

[libfx_5.py:1316 / 20190731_182201] (step : B : j2 : Y : 3)
Pos ==> init done
st_idx	47
st_pr	78.746
cu_idx	47
cu_pr	78.746


[libfx_5.py:1347 / 20190731_182201]
ts_TP	78.806	/	e0.price_High	78.798
ts_SL	78.716	/	e0.price_Low	78.723


[libfx_5.py:1550 / 20190731_182201] 
ts_TP	78.806
e0.price_High	78.798


[libfx_5.py:1679 / 20190731_182201] (step : B : j4 : N : 1)
ts_SL < e0.price_Low
ts_SL	78.716
e0.price_Low	78.723


[libfx_5.py:1715 / 20190731_182201] (step : B : j4 : N : 1.1) updating Pos...
Pos["st_idx"]	47
Pos["st_pr"]	78.746
Pos["cu_idx"]	47
Pos["cu_pr"]	78.797


[libfx_5.py:1734 / 20190731_182201] (step : B : j4 : N : 2) continuing...

[libfx_5.py:731 / 20190731_182201]
(step : B : 0) =================================== loop : 48
[libfx_5.py:770 / 20190731_182201] (step : B : j1 : Y)
flg_Pos --> True : 2019.04.24 12:15

[libfx_5.py:806 / 20190731_182201] (step : B : j1 : Y : 2)
ts_TP	78.806	/	e0.price_High	78.804
ts_SL	78.716	/	e0.price_Low	78.761


[libfx_5.py:945 / 20190731_182201] (step : B : j5 : N : 1)
e0.price_High < ts_TP
ts_TP	78.806
e0.price_High	78.804


[libfx_5.py:1114 / 20190731_182201] (step : B : j6 : N : 1)
ts_SL < e0.price_Low
ts_SL	78.716
e0.price_Low	78.761


[libfx_5.py:1150 / 20190731_182201] (step : B : j6 : N : 1.1) updating Pos...
Pos["st_idx"]	47
Pos["st_pr"]	78.746
Pos["cu_idx"]	48
Pos["cu_pr"]	78.762


[libfx_5.py:1169 / 20190731_182201] (step : B : j6 : N : 2) continuing...

[libfx_5.py:3261 / 20190731_182201] 
------------------------------ (step : A : 4) reporting...
len(lo_Pos_Target)	25
total	39
ratio	0.641

st_idx	st_pr	cu_idx	cu_pr	e0.price_High	e0.price_Low	exit	diff.price
10	79.341	10	79.340	79.347	79.298	STATUS_POS_EXIT__SL	-0.043

12	79.309	12	79.309	79.314	79.243	STATUS_POS_EXIT__SL	-0.066

13	79.274	13	79.309	79.345	79.298	STATUS_POS_EXIT__TP	0.071

15	79.306	15	79.306	79.332	79.270	STATUS_POS_EXIT__SL	-0.036

16	79.296	16	79.296	79.357	79.259	STATUS_POS_EXIT__TP	0.061

17	79.256	17	79.256	79.256	78.704	STATUS_POS_EXIT__SL	-0.552

18	78.808	18	78.808	78.808	78.683	STATUS_POS_EXIT__SL	-0.125

19	78.749	19	78.749	78.750	78.598	STATUS_POS_EXIT__SL	-0.151

20	78.644	20	78.644	78.710	78.606	STATUS_POS_EXIT__TP	0.066

21	78.689	21	78.691	78.707	78.642	STATUS_POS_EXIT__SL	-0.047

23	78.694	23	78.694	78.694	78.610	STATUS_POS_EXIT__SL	-0.084

24	78.666	24	78.666	78.666	78.606	STATUS_POS_EXIT__SL	-0.060

25	78.644	25	78.644	78.650	78.584	STATUS_POS_EXIT__SL	-0.060

26	78.586	26	78.586	78.606	78.495	STATUS_POS_EXIT__SL	-0.091

27	78.503	27	78.503	78.565	78.499	STATUS_POS_EXIT__TP	0.062

28	78.555	28	78.593	78.619	78.566	STATUS_POS_EXIT__TP	0.064

30	78.614	34	78.650	78.651	78.574	STATUS_POS_EXIT__SL	-0.040

36	78.578	36	78.578	78.585	78.538	STATUS_POS_EXIT__SL	-0.040

37	78.550	37	78.550	78.630	78.545	STATUS_POS_EXIT__TP	0.080

38	78.624	38	78.624	78.634	78.567	STATUS_POS_EXIT__SL	-0.057

39	78.579	39	78.579	78.641	78.548	STATUS_POS_EXIT__TP	0.062

40	78.634	40	78.634	78.720	78.604	STATUS_POS_EXIT__TP	0.086

41	78.714	41	78.714	78.750	78.683	STATUS_POS_EXIT__SL	-0.031

42	78.695	42	78.704	78.725	78.632	STATUS_POS_EXIT__SL	-0.063

44	78.686	45	78.723	78.748	78.711	STATUS_POS_EXIT__TP	0.062



[libfx_5.py:3297 / 20190731_182201]
done (time : 11.309 sec)(BUSL3_No_T_1)

