[20190707_234820 / libfx_5.py:1570]
[libfx_5.py:117 / 20190707_234818]
tester_T_1__Buy_Up ==> starts

[libfx_5.py:145 / 20190707_234818] new dir created => C:\WORKS_2\WS\WS_Others.prog\prog\D-7\2_2\VIRTUAL\Admin_Projects\curr\data\log\BUSL3_No_T_1.(20190707_234818).dir

[libfx_5.py:145 / 20190707_234818] new dir created => C:\WORKS_2\WS\WS_Others.prog\prog\D-7\2_2\VIRTUAL\Admin_Projects\curr\data\log\BUSL3_No_T_1.(20190707_234818).dir

[libfx_5.py:511 / 20190707_234818]
fname_Src_Csv	44_5.1_10_rawdata.(AUDJPY).(Period-M15).(NumOfUnits-18000).(Bars-ALL-20190424_184417).20190311_081029.[SLICE-1000].csv
dpath_Src_Csv	C:\WORKS_2\WS\WS_Others.prog\prog\D-7\2_2\VIRTUAL\Admin_Projects\curr\data\csv_raw
[libfx_4.py:1891 / 20190707_234818]
len(lo_BDs) ==> 1000


[libfx_5.py:312 / 20190707_234818]
lo_BDs : lo_BDs[0] = 2019.04.24 12:30 / lo_BDs[-1] = 2019.04.10 02:45

[libfx_5.py:340 / 20190707_234818]
lo_BDs(post revesing) : lo_BDs[0] = 2019.04.10 02:45 / lo_BDs[-1] = 2019.04.24 12:30 (len = 1000)

[libfx_5.py:673 / 20190707_234818]
(step : B : 0) =================================== loop : 10
[libfx_5.py:1098 / 20190707_234818]
(step : B : j1 : N) flg_Pos --> False : 2019.04.10 05:15

[libfx_5.py:1133 / 20190707_234818] (step : B : j2 : Y)
pattern --> detected : 2019.04.10 05:15

[libfx_5.py:1158 / 20190707_234818] (step : B : j2 : Y : 2)
flg_Pos ==> now, true (True, 2019.04.10 05:15)

[libfx_5.py:1199 / 20190707_234818] (step : B : j2 : Y : 3)
Pos ==> init done
st_idx	10
st_pr	79.086
cu_idx	10
cu_pr	79.086


[libfx_5.py:1226 / 20190707_234818]
ts_TP	79.146	/	e0.price_High	79.104
ts_SL	79.056	/	e0.price_Low	79.065


[libfx_5.py:1347 / 20190707_234818] 
ts_TP	79.146
e0.price_High	79.104


[libfx_5.py:1418 / 20190707_234818] (step : B : j4 : N : 1)
ts_SL < e0.price_Low
ts_SL	79.056
e0.price_Low	79.065


[libfx_5.py:1453 / 20190707_234818] (step : B : j4 : N : 1.1) updating Pos...
Pos["st_idx"]	10
Pos["st_pr"]	79.086
Pos["cu_idx"]	10
Pos["cu_pr"]	79.068


[libfx_5.py:1471 / 20190707_234818] (step : B : j4 : N : 2) continuing...

[libfx_5.py:673 / 20190707_234818]
(step : B : 0) =================================== loop : 11
[libfx_5.py:709 / 20190707_234818] (step : B : j1 : Y)
flg_Pos --> True : 2019.04.10 05:30

[libfx_5.py:740 / 20190707_234818] (step : B : j1 : Y : 2)
ts_TP	79.127	/	e0.price_High	79.082
ts_SL	79.037	/	e0.price_Low	79.050


[libfx_5.py:872 / 20190707_234818] (step : B : j5 : N : 1)
e0.price_High < ts_TP
ts_TP	79.127
e0.price_High	79.082


[libfx_5.py:1003 / 20190707_234818] (step : B : j6 : N : 1)
ts_SL < e0.price_Low
ts_SL	79.037
e0.price_Low	79.050


[libfx_5.py:1038 / 20190707_234818] (step : B : j6 : N : 1.1) updating Pos...
Pos["st_idx"]	10
Pos["st_pr"]	79.086
Pos["cu_idx"]	11
Pos["cu_pr"]	79.071


[libfx_5.py:1056 / 20190707_234818] (step : B : j6 : N : 2) continuing...

[libfx_5.py:673 / 20190707_234818]
(step : B : 0) =================================== loop : 12
[libfx_5.py:709 / 20190707_234818] (step : B : j1 : Y)
flg_Pos --> True : 2019.04.10 05:45

[libfx_5.py:740 / 20190707_234818] (step : B : j1 : Y : 2)
ts_TP	79.131	/	e0.price_High	79.100
ts_SL	79.041	/	e0.price_Low	79.066


[libfx_5.py:872 / 20190707_234818] (step : B : j5 : N : 1)
e0.price_High < ts_TP
ts_TP	79.131
e0.price_High	79.100


[libfx_5.py:1003 / 20190707_234819] (step : B : j6 : N : 1)
ts_SL < e0.price_Low
ts_SL	79.041
e0.price_Low	79.066


[libfx_5.py:1038 / 20190707_234819] (step : B : j6 : N : 1.1) updating Pos...
Pos["st_idx"]	10
Pos["st_pr"]	79.086
Pos["cu_idx"]	12
Pos["cu_pr"]	79.090


[libfx_5.py:1056 / 20190707_234819] (step : B : j6 : N : 2) continuing...

[libfx_5.py:673 / 20190707_234819]
(step : B : 0) =================================== loop : 13
[libfx_5.py:709 / 20190707_234819] (step : B : j1 : Y)
flg_Pos --> True : 2019.04.10 06:00

[libfx_5.py:740 / 20190707_234819] (step : B : j1 : Y : 2)
ts_TP	79.151	/	e0.price_High	79.091
ts_SL	79.061	/	e0.price_Low	79.029


[libfx_5.py:872 / 20190707_234819] (step : B : j5 : N : 1)
e0.price_High < ts_TP
ts_TP	79.151
e0.price_High	79.091


[libfx_5.py:906 / 20190707_234819] (step : B : j6 : Y : 1)
ts_TP <= e0.price_Hights_TP	79.151
e0.price_High	79.091


[libfx_5.py:951 / 20190707_234819] (step : B : j6 : Y : 4.2)
Pos, flag ==> reset done (flag = False)

[libfx_5.py:969 / 20190707_234819] (step : B : j6 : Y : 5) continuing loop...

[libfx_5.py:673 / 20190707_234819]
(step : B : 0) =================================== loop : 14
[libfx_5.py:1098 / 20190707_234819]
(step : B : j1 : N) flg_Pos --> False : 2019.04.10 06:15

[libfx_5.py:1133 / 20190707_234819] (step : B : j2 : Y)
pattern --> detected : 2019.04.10 06:15

[libfx_5.py:1158 / 20190707_234819] (step : B : j2 : Y : 2)
flg_Pos ==> now, true (True, 2019.04.10 06:15)

[libfx_5.py:1199 / 20190707_234819] (step : B : j2 : Y : 3)
Pos ==> init done
st_idx	14
st_pr	79.057
cu_idx	14
cu_pr	79.057


[libfx_5.py:1226 / 20190707_234819]
ts_TP	79.117	/	e0.price_High	79.069
ts_SL	79.027	/	e0.price_Low	79.031


[libfx_5.py:1347 / 20190707_234819] 
ts_TP	79.117
e0.price_High	79.069


[libfx_5.py:1418 / 20190707_234819] (step : B : j4 : N : 1)
ts_SL < e0.price_Low
ts_SL	79.027
e0.price_Low	79.031


[libfx_5.py:1453 / 20190707_234819] (step : B : j4 : N : 1.1) updating Pos...
Pos["st_idx"]	14
Pos["st_pr"]	79.057
Pos["cu_idx"]	14
Pos["cu_pr"]	79.036


[libfx_5.py:1471 / 20190707_234819] (step : B : j4 : N : 2) continuing...

[libfx_5.py:673 / 20190707_234819]
(step : B : 0) =================================== loop : 15
[libfx_5.py:709 / 20190707_234819] (step : B : j1 : Y)
flg_Pos --> True : 2019.04.10 06:30

[libfx_5.py:740 / 20190707_234819] (step : B : j1 : Y : 2)
ts_TP	79.098	/	e0.price_High	79.274
ts_SL	79.008	/	e0.price_Low	79.036


[libfx_5.py:775 / 20190707_234819] (step : B : j5 : Y : 1)
e0.price_High >= ts_TPts_TP	79.098
e0.price_High	79.274


[libfx_5.py:820 / 20190707_234819] (step : B : j5 : Y : 4.2)
Pos, flag ==> reset done (flag = False)

[libfx_5.py:838 / 20190707_234819] (step : B : j5 : Y : 5) continuing loop...

[libfx_5.py:673 / 20190707_234819]
(step : B : 0) =================================== loop : 16
[libfx_5.py:1098 / 20190707_234819]
(step : B : j1 : N) flg_Pos --> False : 2019.04.10 06:45

[libfx_5.py:1133 / 20190707_234819] (step : B : j2 : Y)
pattern --> detected : 2019.04.10 06:45

[libfx_5.py:1158 / 20190707_234819] (step : B : j2 : Y : 2)
flg_Pos ==> now, true (True, 2019.04.10 06:45)

[libfx_5.py:1199 / 20190707_234819] (step : B : j2 : Y : 3)
Pos ==> init done
st_idx	16
st_pr	79.223
cu_idx	16
cu_pr	79.223


[libfx_5.py:1226 / 20190707_234819]
ts_TP	79.283	/	e0.price_High	79.281
ts_SL	79.193	/	e0.price_Low	79.192


[libfx_5.py:1347 / 20190707_234819] 
ts_TP	79.283
e0.price_High	79.281


[libfx_5.py:1383 / 20190707_234820] (step : B : j4 : Y : 1)
ts_SL >= e0.price_Low
ts_TP	79.193
e0.price_High	79.192


[libfx_5.py:1551 / 20190707_234820]
done (time : 1.859 sec)(BUSL3_No_T_1)

