[20190604_163331 / libfx_4.py:644]
[libfx_4.py:465 / 20190604_163326]
_BUSL3_No_M_1__DP_Basic_1__A1 ==> starts

[libfx_4.py:504 / 20190604_163327]
conf dir = C:\WORKS_2\WS\WS_Others.prog\prog\D-7\2_2\VIRTUAL\Admin_Projects\curr\data\conf
conf file = busl_3__M_1_A1.conf

[libfx_4.py:576]
source csv	dir	C:\WORKS_2\WS\WS_Others.prog\prog\D-7\2_2\VIRTUAL\Admin_Projects\curr\data\csv_raw
source csv	file	44_5.1_10_rawdata.(AUDJPY).(Period-M15).(NumOfUnits-18000).(Bars-ALL-20190424_184417).20190311_081029.csv
locIn_BB = Z5	volOf_OC = 0.300	VolOf_HL = 4.200	ratioOf_OCHL = 0.100	ratioOf_Shadow_Upper_Lower	1.250

[libfx_4.py:1066 / 20190604_163328]
len(lo_BDs) ==> 21114

[libfx_4.py:1625 / 20190604_163330]
All conditions : len(lo_BDs_Hits__All_Conditions) ==> 181 (of total : 0.009)

[libfx_4.py:1686 / 20190604_163330] data ========================

[libfx_4.py:1489 / 20190604_163331]
All conditions (Type-1) : len(lo_BDs_Hits__All_Conditions_Type_1) ==> 21 (of total : 0.001)

[libfx_4.py:1686 / 20190604_163331] data ========================

[libfx_4.py:621 / 20190604_163331]
done (time : 4.529 sec)(_BUSL3_No_M_1__DP_Basic_1__A1)

