[20190613_140602 / libfx_4.py:509]
[libfx_4.py:755 / 20190613_140601]
_BUSL3_No_M_1__DP_Basic_1__A2 ==> starts

[libfx_4.py:795 / 20190613_140601]
conf dir = C:\WORKS_2\WS\WS_Others.prog\prog\D-7\2_2\VIRTUAL\Admin_Projects\curr\data\conf
conf file = busl_3__M_1_A3.conf

[libfx_4.py:605]
source csv	dir	C:\WORKS_2\WS\WS_Others.prog\prog\D-7\2_2\VIRTUAL\Admin_Projects\curr\data\csv_raw
source csv	file	44_5.1_10_rawdata.(AUDJPY).(Period-H1).(NumOfUnits-8000).(Bars-ALL-20190508_143318).20190311_090020.csv
locIn_BB = Z5	volOf_OC = 0.300	VolOf_HL = 4.200	ratioOf_OCHL = 0.100	ratioOf_Shadow_Upper_Lower	1.250


[20190613_140601 / libfx_4.py:3016]
get_Bars__M_1_A_2 ==> starting... 

[libfx_4.py:1807 / 20190613_140601]
len(lo_BDs) ==> 9013


[libfx_4.py:3082 / 20190613_140601]
lo_BDs : lo_BDs[0] = 2019.05.08 08:00 / lo_BDs[-1] = 2017.11.21 10:00

[libfx_4.py:3105 / 20190613_140602]
lo_BDs(post revesing) : lo_BDs[0] = 2017.11.21 10:00 / lo_BDs[-1] = 2019.05.08 08:00

[libfx_4.py:3264 / 20190613_140602]
len(lo_Hits) = 254 (0.028)


[libfx_4.py:3285 / 20190613_140602]
len(lo_Hits_2) = 5 (0.001)

[libfx_4.py:957 / 20190613_140602]
done (time : 1.350 sec)(_BUSL3_No_M_1__DP_Basic_1__A2)

