[20190613_140601 / libfx_4.py:509]
[libfx_4.py:755 / 20190613_140557]
_BUSL3_No_M_1__DP_Basic_1__A2 ==> starts

[libfx_4.py:795 / 20190613_140558]
conf dir = C:\WORKS_2\WS\WS_Others.prog\prog\D-7\2_2\VIRTUAL\Admin_Projects\curr\data\conf
conf file = busl_3__M_1_A2.conf

[libfx_4.py:687]
source csv	dir	C:\WORKS_2\WS\WS_Others.prog\prog\D-7\2_2\VIRTUAL\Admin_Projects\curr\data\csv_raw
source csv	file	44_5.1_10_rawdata.(AUDJPY).(Period-M15).(NumOfUnits-18000).(Bars-ALL-20190424_184417).20190311_081029.csv
locIn_BB = Z5	volOf_OC = 0.300	VolOf_HL = 4.200	ratioOf_OCHL = 0.100	ratioOf_Shadow_Upper_Lower	1.250


[20190613_140558 / libfx_4.py:3016]
get_Bars__M_1_A_2 ==> starting... 

[libfx_4.py:1807 / 20190613_140558]
len(lo_BDs) ==> 21114


[libfx_4.py:3082 / 20190613_140558]
lo_BDs : lo_BDs[0] = 2019.04.24 12:30 / lo_BDs[-1] = 2018.06.14 17:30

[libfx_4.py:3105 / 20190613_140600]
lo_BDs(post revesing) : lo_BDs[0] = 2018.06.14 17:30 / lo_BDs[-1] = 2019.04.24 12:30

[libfx_4.py:3264 / 20190613_140600]
len(lo_Hits) = 550 (0.026)


[libfx_4.py:3285 / 20190613_140600]
len(lo_Hits_2) = 22 (0.001)

[libfx_4.py:1087 / 20190613_140601]
done (time : 2.940 sec)(_BUSL3_No_M_1__DP_Basic_1__A2)

