[20180930_111857 / libfx.py:7018]
source = 44_3.2_15_file-io.EURJPY.Period-H1.Days-5000.Bars-120000.20180903_135341.2018-07.csv
log file = op_2-2.detect.highs-lows.v-3.EURJPY-Period-H1.20180930_111857.log

lo_Highs	lo_Lows	lenOf_LO_BarDatas
102	77	521
0.196	0.148	1.000

[20180930_111857 / libfx.py:7053]
<highs>
datetime(local)	start	current	diff
2018.07.02 10:00	129.2300	129.2920	0.0620
2018.07.02 13:00	129.2960	129.1800	-0.1160
2018.07.03 07:00	128.5800	128.9740	0.3940
2018.07.03 11:00	128.9800	128.9280	-0.0520
2018.07.03 13:00	128.9270	128.9330	0.0060
2018.07.03 18:00	129.1540	129.3310	0.1770
2018.07.04 13:00	128.8290	128.8310	0.0020
2018.07.05 01:00	128.6410	128.6420	0.0010
2018.07.05 03:00	128.6420	128.8770	0.2350
2018.07.05 05:00	128.8780	128.7580	-0.1200
2018.07.05 10:00	128.7580	128.7480	-0.0100
2018.07.05 16:00	128.6610	129.3810	0.7200
2018.07.05 20:00	129.3340	129.3160	-0.0180
2018.07.05 22:00	129.3160	129.5210	0.2050
2018.07.06 09:00	129.3630	129.2700	-0.0930
2018.07.06 11:00	129.2750	129.3480	0.0730
2018.07.06 17:00	129.5700	129.4010	-0.1690
2018.07.06 19:00	129.4010	129.5420	0.1410
2018.07.06 23:00	129.5800	129.8000	0.2200
2018.07.07 01:00	129.7890	129.6720	-0.1170
2018.07.07 03:00	129.6720	129.7100	0.0380
2018.07.09 12:00	129.5530	129.8890	0.3360
2018.07.09 14:00	129.8890	129.8980	0.0090
2018.07.09 17:00	129.8980	129.9380	0.0400
2018.07.09 19:00	129.9410	129.9910	0.0500
2018.07.09 22:00	129.9900	130.1380	0.1480
2018.07.10 01:00	130.1380	130.1230	-0.0150
2018.07.10 03:00	130.1220	130.1760	0.0540
2018.07.10 05:00	130.1780	130.1860	0.0080
2018.07.10 07:00	130.1890	130.2130	0.0240
2018.07.10 11:00	130.2140	130.4180	0.2040
2018.07.10 13:00	130.4190	130.4940	0.0750
2018.07.10 15:00	130.4960	130.4980	0.0020
2018.07.11 05:00	130.3750	130.7080	0.3330
2018.07.11 14:00	130.2070	130.1970	-0.0100
2018.07.11 16:00	130.1950	130.1910	-0.0040
2018.07.11 18:00	130.1860	130.1500	-0.0360
2018.07.12 00:00	130.5920	130.4440	-0.1480
2018.07.12 03:00	130.4450	130.7420	0.2970
2018.07.12 05:00	130.7410	130.7570	0.0160
2018.07.12 12:00	130.7130	131.0390	0.3260
2018.07.12 14:00	131.0360	131.0770	0.0410
2018.07.12 18:00	131.0810	131.1920	0.1110
2018.07.12 21:00	131.1920	131.1070	-0.0850
2018.07.13 00:00	131.1070	131.3410	0.2340
2018.07.13 02:00	131.3420	131.3630	0.0210
2018.07.13 11:00	131.3480	131.4710	0.1230
2018.07.13 23:00	130.9040	130.9850	0.0810
2018.07.14 01:00	130.9850	131.1300	0.1450
2018.07.14 03:00	131.1340	131.2050	0.0710
2018.07.16 09:00	131.2300	131.2650	0.0350
2018.07.16 11:00	131.2640	131.4050	0.1410
2018.07.16 13:00	131.4050	131.4030	-0.0020
2018.07.16 16:00	131.4050	131.4440	0.0390
2018.07.16 21:00	131.4460	131.5950	0.1490
2018.07.17 05:00	131.4990	131.4940	-0.0050
2018.07.17 11:00	131.5190	131.6010	0.0820
2018.07.17 15:00	131.5990	131.6660	0.0670
2018.07.17 17:00	131.6670	131.7530	0.0860
2018.07.17 19:00	131.7540	131.8200	0.0660
2018.07.17 21:00	131.8200	131.8080	-0.0120
2018.07.18 01:00	131.7770	131.5610	-0.2160
2018.07.18 11:00	131.5950	131.6460	0.0510
2018.07.19 03:00	131.1280	131.4130	0.2850
2018.07.19 05:00	131.4120	131.4180	0.0060
2018.07.19 20:00	131.1540	131.0520	-0.1020
2018.07.20 02:00	131.0940	130.9950	-0.0990
2018.07.20 11:00	130.9140	130.7580	-0.1560
2018.07.20 13:00	130.7590	130.8840	0.1250
2018.07.20 16:00	130.8810	130.9440	0.0630
2018.07.20 20:00	130.8970	130.9400	0.0430
2018.07.21 06:00	130.7490	130.6230	-0.1260
2018.07.23 23:00	130.1360	130.2310	0.0950
2018.07.24 01:00	130.2310	130.3040	0.0730
2018.07.24 03:00	130.3040	130.3030	-0.0010
2018.07.24 05:00	130.3030	130.2860	-0.0170
2018.07.24 10:00	130.2140	130.0540	-0.1600
2018.07.24 12:00	130.0540	130.0130	-0.0410
2018.07.24 14:00	130.0120	130.0090	-0.0030
2018.07.24 16:00	130.0080	129.8420	-0.1660
2018.07.24 18:00	129.8360	129.9770	0.1410
2018.07.24 21:00	129.9780	130.0570	0.0790
2018.07.25 06:00	129.9410	129.9000	-0.0410
2018.07.25 11:00	129.8530	130.0370	0.1840
2018.07.25 20:00	129.9690	129.9040	-0.0650
2018.07.26 06:00	129.6790	130.1340	0.4550
2018.07.26 10:00	130.1160	129.9640	-0.1520
2018.07.26 12:00	129.9650	129.9920	0.0270
2018.07.27 16:00	129.3050	129.2950	-0.0100
2018.07.27 18:00	129.2940	129.2700	-0.0240
2018.07.28 02:00	129.3080	129.2230	-0.0850
2018.07.28 06:00	129.2220	129.3970	0.1750
2018.07.30 09:00	129.2740	129.3500	0.0760
2018.07.30 12:00	129.3510	129.4230	0.0720
2018.07.30 14:00	129.4230	129.4610	0.0380
2018.07.30 16:00	129.4660	129.5070	0.0410
2018.07.30 20:00	129.5120	129.7700	0.2580
2018.07.31 02:00	129.8840	129.9760	0.0920
2018.07.31 09:00	129.9650	129.9500	-0.0150
2018.07.31 16:00	130.1000	130.2600	0.1600
2018.07.31 19:00	130.2570	130.7250	0.4680
2018.07.31 22:00	130.7240	130.7730	0.0490

