[20180929_122905 / libfx.py:6190]
source = 44_3.2_15_file-io.EURJPY.Period-H1.Days-5000.Bars-120000.20180903_135341.2018-06.csv
log file = op_3-3.prev-3-bars.EURJPY-Period-H1.20180929_122905.log

id	datetime	prev-1	prev-2	prev-3

4	2018.06.30 03:00	0	0	1
7	2018.06.30 00:00	0	1	1
30	2018.06.29 01:00	0	1	0
31	2018.06.29 00:00	1	0	1
35	2018.06.28 20:00	0	0	1
75	2018.06.27 04:00	0	0	0
78	2018.06.27 01:00	0	1	1
98	2018.06.26 05:00	0	0	0
133	2018.06.22 18:00	0	0	1
136	2018.06.22 15:00	0	1	1
137	2018.06.22 14:00	1	0	1
160	2018.06.21 15:00	0	1	0
166	2018.06.21 09:00	0	1	0
171	2018.06.21 04:00	0	0	0
172	2018.06.21 03:00	1	0	0
173	2018.06.21 02:00	1	1	0
176	2018.06.20 23:00	0	1	1
177	2018.06.20 22:00	1	0	1
190	2018.06.20 09:00	0	1	0
217	2018.06.19 06:00	0	0	0
218	2018.06.19 05:00	1	0	0
219	2018.06.19 04:00	1	1	0
220	2018.06.19 03:00	1	1	1
241	2018.06.16 06:00	1	0	1
246	2018.06.16 01:00	0	1	0
247	2018.06.16 00:00	1	0	1
250	2018.06.15 21:00	0	1	1
293	2018.06.14 02:00	0	0	0
294	2018.06.14 01:00	1	0	0
299	2018.06.13 20:00	0	1	0
321	2018.06.12 22:00	0	1	0
329	2018.06.12 14:00	0	0	1
334	2018.06.12 09:00	0	1	0
343	2018.06.12 00:00	0	0	1
344	2018.06.11 23:00	1	0	0
355	2018.06.11 12:00	0	1	0
356	2018.06.11 11:00	1	0	1
357	2018.06.11 10:00	1	1	0
393	2018.06.07 22:00	0	1	0
394	2018.06.07 21:00	1	0	1
398	2018.06.07 17:00	0	0	1
399	2018.06.07 16:00	1	0	0
400	2018.06.07 15:00	1	1	0
410	2018.06.07 05:00	1	0	1
422	2018.06.06 17:00	0	1	0
423	2018.06.06 16:00	1	0	1
430	2018.06.06 09:00	0	1	0
431	2018.06.06 08:00	1	0	1
432	2018.06.06 07:00	1	1	0
454	2018.06.05 09:00	0	1	0
455	2018.06.05 08:00	1	0	1
458	2018.06.05 05:00	0	1	1
468	2018.06.04 19:00	0	1	0
469	2018.06.04 18:00	1	0	1
477	2018.06.04 10:00	1	1	1
488	2018.06.01 23:00	0	1	0
494	2018.06.01 17:00	0	1	0
499	2018.06.01 12:00	0	0	0
500	2018.06.01 11:00	1	0	0
[20180929_122905 / libfx.py:6344] patterns
000 = 6 (0.1017)
001 = 6 (0.1017)
010 = 16 (0.2712)
011 = 6 (0.1017)
100 = 6 (0.1017)
101 = 12 (0.2034)
110 = 5 (0.0847)
111 = 2 (0.0339)
