[20180929_123019 / libfx.py:6190]
source = 44_3.2_15_file-io.EURJPY.Period-H1.Days-5000.Bars-120000.20180903_135340.(m-05).20180926_205209.csv
log file = op_3-3.prev-3-bars.EURJPY-Period-H1.20180929_123019.log

id	datetime	prev-1	prev-2	prev-3

1990	2018.05.09 17:00	0	1	0
1987	2018.05.09 20:00	0	1	1
1968	2018.05.10 15:00	1	1	1
1940	2018.05.11 19:00	1	1	0
1937	2018.05.11 22:00	0	1	1
1936	2018.05.11 23:00	1	0	1
1927	2018.05.14 08:00	1	1	1
1926	2018.05.14 09:00	1	1	1
1923	2018.05.14 12:00	0	1	1
1920	2018.05.14 15:00	0	1	1
1919	2018.05.14 16:00	1	0	1
1918	2018.05.14 17:00	1	1	0
1914	2018.05.14 21:00	0	0	1
1913	2018.05.14 22:00	1	0	0
1849	2018.05.17 14:00	1	1	0
1846	2018.05.17 17:00	0	1	1
1839	2018.05.18 00:00	0	1	1
1829	2018.05.18 10:00	0	1	1
1828	2018.05.18 11:00	1	0	1
1823	2018.05.18 16:00	0	0	0
1801	2018.05.21 14:00	1	0	1
1797	2018.05.21 18:00	0	0	1
1796	2018.05.21 19:00	1	0	0
1786	2018.05.22 05:00	1	1	0
1785	2018.05.22 06:00	1	1	1
1682	2018.05.28 13:00	1	0	0
1681	2018.05.28 14:00	1	1	0
1631	2018.05.30 16:00	1	1	1
1630	2018.05.30 17:00	1	1	1
1629	2018.05.30 18:00	1	1	1
1628	2018.05.30 19:00	1	1	1
1627	2018.05.30 20:00	1	1	1
1623	2018.05.31 00:00	0	0	1
1606	2018.05.31 17:00	0	1	0
[20180929_123019 / libfx.py:6344] patterns
000 = 1 (0.0294)
001 = 3 (0.0882)
010 = 2 (0.0588)
011 = 7 (0.2059)
100 = 3 (0.0882)
101 = 4 (0.1176)
110 = 5 (0.1471)
111 = 9 (0.2647)
