[20180929_123442 / libfx.py:6190]
source = 44_3.2_15_file-io.EURJPY.Period-H1.Days-5000.Bars-120000.20180903_135340.(m-03).20180926_205209.csv
log file = op_3-3.prev-3-bars.EURJPY-Period-H1.20180929_123442.log

id	datetime	prev-1	prev-2	prev-3

3159	2018.03.02 00:00	0	1	0
3112	2018.03.05 23:00	1	0	0
3111	2018.03.06 00:00	1	1	0
3110	2018.03.06 01:00	1	1	1
3107	2018.03.06 04:00	0	1	1
3106	2018.03.06 05:00	1	0	1
3105	2018.03.06 06:00	1	1	0
3104	2018.03.06 07:00	1	1	1
3103	2018.03.06 08:00	1	1	1
3102	2018.03.06 09:00	1	1	1
3101	2018.03.06 10:00	1	1	1
3091	2018.03.06 20:00	1	0	0
3060	2018.03.08 03:00	1	0	1
3059	2018.03.08 04:00	1	1	0
3056	2018.03.08 07:00	0	1	1
3016	2018.03.09 23:00	1	1	1
2978	2018.03.13 13:00	1	1	1
2977	2018.03.13 14:00	1	1	1
2976	2018.03.13 15:00	1	1	1
2975	2018.03.13 16:00	1	1	1
2974	2018.03.13 17:00	1	1	1
2973	2018.03.13 18:00	1	1	1
2972	2018.03.13 19:00	1	1	1
2971	2018.03.13 20:00	1	1	1
2970	2018.03.13 21:00	1	1	1
2869	2018.03.20 02:00	0	1	0
2868	2018.03.20 03:00	1	0	1
2867	2018.03.20 04:00	1	1	0
2855	2018.03.20 16:00	0	0	1
2824	2018.03.21 23:00	1	0	1
2776	2018.03.23 23:00	0	1	1
2773	2018.03.24 02:00	0	1	1
2765	2018.03.26 10:00	1	1	1
2759	2018.03.26 16:00	1	0	1
2756	2018.03.26 19:00	0	1	1
2755	2018.03.26 20:00	1	0	1
2749	2018.03.27 02:00	0	0	1
2748	2018.03.27 03:00	1	0	0
2747	2018.03.27 04:00	1	1	0
2744	2018.03.27 07:00	0	1	1
2743	2018.03.27 08:00	1	0	1
2707	2018.03.28 20:00	1	1	0
2702	2018.03.29 01:00	1	0	0
2701	2018.03.29 02:00	1	1	0
2700	2018.03.29 03:00	1	1	1
[20180929_123442 / libfx.py:6344] patterns
000 = 0 (0.0000)
001 = 2 (0.0444)
010 = 2 (0.0444)
011 = 6 (0.1333)
100 = 4 (0.0889)
101 = 7 (0.1556)
110 = 7 (0.1556)
111 = 17 (0.3778)
