[20180929_122753 / libfx.py:6190]
source = 44_3.2_15_file-io.EURJPY.Period-H1.Days-5000.Bars-120000.20180903_135341.2018-08.csv
log file = op_3-3.prev-3-bars.EURJPY-Period-H1.20180929_122753.log

id	datetime	prev-1	prev-2	prev-3

41	2018.08.30 07:00	0	0	0
42	2018.08.30 06:00	1	0	0
43	2018.08.30 05:00	1	1	0
46	2018.08.30 02:00	0	1	1
47	2018.08.30 01:00	1	0	1
48	2018.08.30 00:00	1	1	0
49	2018.08.29 23:00	1	1	1
73	2018.08.28 23:00	0	0	1
74	2018.08.28 22:00	1	0	0
75	2018.08.28 21:00	1	1	0
86	2018.08.28 10:00	0	1	0
87	2018.08.28 09:00	1	0	1
91	2018.08.28 05:00	0	0	1
94	2018.08.28 02:00	0	1	1
95	2018.08.28 01:00	1	0	1
96	2018.08.28 00:00	1	1	0
113	2018.08.27 07:00	1	1	0
120	2018.08.25 00:00	0	0	0
121	2018.08.24 23:00	1	0	0
122	2018.08.24 22:00	1	1	0
123	2018.08.24 21:00	1	1	1
124	2018.08.24 20:00	1	1	1
125	2018.08.24 19:00	1	1	1
129	2018.08.24 15:00	0	0	1
130	2018.08.24 14:00	1	0	0
131	2018.08.24 13:00	1	1	0
134	2018.08.24 10:00	0	1	1
144	2018.08.24 00:00	0	0	0
145	2018.08.23 23:00	1	0	0
148	2018.08.23 20:00	0	1	1
149	2018.08.23 19:00	1	0	1
163	2018.08.23 05:00	0	0	1
167	2018.08.23 01:00	0	0	1
170	2018.08.22 22:00	0	1	1
171	2018.08.22 21:00	1	0	1
172	2018.08.22 20:00	1	1	0
173	2018.08.22 19:00	1	1	1
178	2018.08.22 14:00	0	0	0
179	2018.08.22 13:00	1	0	0
189	2018.08.22 03:00	0	0	0
190	2018.08.22 02:00	1	0	0
195	2018.08.21 21:00	0	1	0
198	2018.08.21 18:00	0	1	1
203	2018.08.21 13:00	0	0	0
204	2018.08.21 12:00	1	0	0
205	2018.08.21 11:00	1	1	0
206	2018.08.21 10:00	1	1	1
209	2018.08.21 07:00	0	1	1
214	2018.08.21 02:00	0	1	0
235	2018.08.18 05:00	0	0	0
236	2018.08.18 04:00	1	0	0
252	2018.08.17 12:00	0	1	1
255	2018.08.17 09:00	0	1	1
275	2018.08.16 13:00	0	1	0
276	2018.08.16 12:00	1	0	1
277	2018.08.16 11:00	1	1	0
319	2018.08.14 17:00	0	1	1
320	2018.08.14 16:00	1	0	1
337	2018.08.13 23:00	0	0	1
338	2018.08.13 22:00	1	0	0
389	2018.08.09 19:00	0	0	0
393	2018.08.09 15:00	0	0	1
421	2018.08.08 11:00	0	1	0
422	2018.08.08 10:00	1	0	1
423	2018.08.08 09:00	1	1	0
427	2018.08.08 05:00	0	0	1
428	2018.08.08 04:00	1	0	0
429	2018.08.08 03:00	1	1	0
430	2018.08.08 02:00	1	1	1
455	2018.08.07 01:00	0	0	1
456	2018.08.07 00:00	1	0	0
535	2018.08.01 17:00	0	1	0
536	2018.08.01 16:00	1	0	1
[20180929_122753 / libfx.py:6344] patterns
000 = 8 (0.1096)
001 = 9 (0.1233)
010 = 6 (0.0822)
011 = 10 (0.1370)
100 = 12 (0.1644)
101 = 9 (0.1233)
110 = 12 (0.1644)
111 = 7 (0.0959)
