[20181124_121310 / libfx_2.py:2131] [is_Trend__Flat] (j1 : Y : 4) 2017.11.13 13:00	-0.030

[20181124_121310 / libfx_2.py:2178] [is_Trend__Flat] (j2 : Y) 2017.11.13 13:00	-0.030 (ts = 0.010)

[20181124_121310 / libfx_2.py:2131] [is_Trend__Flat] (j1 : Y : 4) 2017.11.13 14:00	-0.009

[20181124_121310 / libfx_2.py:2178] [is_Trend__Flat] (j2 : Y) 2017.11.13 14:00	-0.009 (ts = 0.010)

[20181124_121310 / libfx_2.py:2131] [is_Trend__Flat] (j1 : Y : 4) 2017.11.13 15:00	0.031

[20181124_121310 / libfx_2.py:2159] [is_Trend__Flat] (j2 : N) 2017.11.13 15:00	0.031 (ts = 0.010)

[20181124_121311 / libfx_2.py:2131] [is_Trend__Flat] (j1 : Y : 4) 2017.11.13 17:00	0.091

[20181124_121311 / libfx_2.py:2159] [is_Trend__Flat] (j2 : N) 2017.11.13 17:00	0.091 (ts = 0.010)

[20181124_121311 / libfx_2.py:2131] [is_Trend__Flat] (j1 : Y : 4) 2017.11.13 19:00	0.079

[20181124_121311 / libfx_2.py:2159] [is_Trend__Flat] (j2 : N) 2017.11.13 19:00	0.079 (ts = 0.010)

[20181124_121312 / libfx_2.py:2131] [is_Trend__Flat] (j1 : Y : 4) 2017.11.13 22:00	0.024

[20181124_121312 / libfx_2.py:2159] [is_Trend__Flat] (j2 : N) 2017.11.13 22:00	0.024 (ts = 0.010)

[20181124_121312 / libfx_2.py:2131] [is_Trend__Flat] (j1 : Y : 4) 2017.11.14 01:00	0.001

[20181124_121312 / libfx_2.py:2178] [is_Trend__Flat] (j2 : Y) 2017.11.14 01:00	0.001 (ts = 0.010)

[20181124_121312 / libfx_2.py:2131] [is_Trend__Flat] (j1 : Y : 4) 2017.11.14 02:00	0.008

[20181124_121312 / libfx_2.py:2178] [is_Trend__Flat] (j2 : Y) 2017.11.14 02:00	0.008 (ts = 0.010)

[20181124_121313 / libfx_2.py:2131] [is_Trend__Flat] (j1 : Y : 4) 2017.11.14 03:00	0.026

[20181124_121313 / libfx_2.py:2159] [is_Trend__Flat] (j2 : N) 2017.11.14 03:00	0.026 (ts = 0.010)

[20181124_121313 / libfx_2.py:2131] [is_Trend__Flat] (j1 : Y : 4) 2017.11.14 06:00	0.010

[20181124_121313 / libfx_2.py:2178] [is_Trend__Flat] (j2 : Y) 2017.11.14 06:00	0.010 (ts = 0.010)

[20181124_121313 / libfx_2.py:2131] [is_Trend__Flat] (j1 : Y : 4) 2017.11.14 07:00	0.000

[20181124_121313 / libfx_2.py:2178] [is_Trend__Flat] (j2 : Y) 2017.11.14 07:00	0.000 (ts = 0.010)

[20181124_121314 / libfx_2.py:2131] [is_Trend__Flat] (j1 : Y : 4) 2017.11.14 09:00	0.024

[20181124_121314 / libfx_2.py:2159] [is_Trend__Flat] (j2 : N) 2017.11.14 09:00	0.024 (ts = 0.010)

[20181124_121314 / libfx_2.py:2131] [is_Trend__Flat] (j1 : Y : 4) 2017.11.14 14:00	0.028

[20181124_121314 / libfx_2.py:2159] [is_Trend__Flat] (j2 : N) 2017.11.14 14:00	0.028 (ts = 0.010)

[20181124_121315 / libfx_2.py:2131] [is_Trend__Flat] (j1 : Y : 4) 2017.11.14 17:00	0.037

[20181124_121315 / libfx_2.py:2159] [is_Trend__Flat] (j2 : N) 2017.11.14 17:00	0.037 (ts = 0.010)

[20181124_121315 / libfx_2.py:2131] [is_Trend__Flat] (j1 : Y : 4) 2017.11.14 19:00	0.025

[20181124_121315 / libfx_2.py:2159] [is_Trend__Flat] (j2 : N) 2017.11.14 19:00	0.025 (ts = 0.010)

[20181124_121316 / libfx_2.py:2131] [is_Trend__Flat] (j1 : Y : 4) 2017.11.14 22:00	0.080

[20181124_121316 / libfx_2.py:2159] [is_Trend__Flat] (j2 : N) 2017.11.14 22:00	0.080 (ts = 0.010)

[20181124_121316 / libfx_2.py:2131] [is_Trend__Flat] (j1 : Y : 4) 2017.11.15 00:00	0.031

[20181124_121316 / libfx_2.py:2159] [is_Trend__Flat] (j2 : N) 2017.11.15 00:00	0.031 (ts = 0.010)

[20181124_121317 / libfx_2.py:2131] [is_Trend__Flat] (j1 : Y : 4) 2017.11.15 02:00	0.002

[20181124_121317 / libfx_2.py:2178] [is_Trend__Flat] (j2 : Y) 2017.11.15 02:00	0.002 (ts = 0.010)

[20181124_121317 / libfx_2.py:2131] [is_Trend__Flat] (j1 : Y : 4) 2017.11.15 04:00	-0.082

[20181124_121317 / libfx_2.py:2178] [is_Trend__Flat] (j2 : Y) 2017.11.15 04:00	-0.082 (ts = 0.010)

[20181124_121317 / libfx_2.py:2131] [is_Trend__Flat] (j1 : Y : 4) 2017.11.15 06:00	-0.076

[20181124_121318 / libfx_2.py:2178] [is_Trend__Flat] (j2 : Y) 2017.11.15 06:00	-0.076 (ts = 0.010)

[20181124_121318 / libfx_2.py:2131] [is_Trend__Flat] (j1 : Y : 4) 2017.11.15 09:00	-0.022

[20181124_121318 / libfx_2.py:2178] [is_Trend__Flat] (j2 : Y) 2017.11.15 09:00	-0.022 (ts = 0.010)

