[20181110_163856 / libfx_2.py:131] =========== _BUSL_3__DetectPatterns__Two_Tops__V_5
source = 44_3.2_15_file-io.EURJPY.Period-H1.Days-5000.Bars-120000.20180903_135340.(m-11).20180926_205209.(new).(SHRINK-100).csv

[20181110_163856 / libfx_2.py:216] start for-loop ------------------- (0)

[20181110_163856 / libfx_2.py:255] (j1 : N) flg_Dat --> not set (False, 2017.11.13 16:00)

[20181110_163856 / libfx_2.py:350] (j2 : N) d0 < 0 (d0 = -0.072)

[20181110_163856 / libfx_2.py:216] start for-loop ------------------- (1)

[20181110_163856 / libfx_2.py:255] (j1 : N) flg_Dat --> not set (False, 2017.11.13 17:00)

[20181110_163856 / libfx_2.py:286] (j2 : Y) d0 => 0 (d0 = 0.038)

[20181110_163856 / libfx_2.py:321] (j2 : Y : 1) dat --> set (2017.11.13 17:00)

[20181110_163856 / libfx_2.py:216] start for-loop ------------------- (2)

[20181110_163856 / libfx_2.py:383] (j1 : Y) flg_Dat ==> True (2017.11.13 18:00)

[20181110_163856 / libfx_2.py:410] (j3 : N) flg_A1_tmp ==> False (2017.11.13 18:00)

[20181110_163856 / libfx_2.py:433] (j4 : N) d0 ==> -0.137 (2017.11.13 18:00)

[20181110_163856 / libfx_2.py:464] (j5 : Y) 
e0.price_Close = 131.970
ts_DownBar_For_A1__Price = 132.069 (2017.11.13 18:00)

[20181110_163856 / libfx_2.py:494] dat --> reset done

[20181110_163856 / libfx_2.py:216] start for-loop ------------------- (3)

[20181110_163856 / libfx_2.py:255] (j1 : N) flg_Dat --> not set (False, 2017.11.13 19:00)

[20181110_163856 / libfx_2.py:350] (j2 : N) d0 < 0 (d0 = -0.006)

[20181110_163857 / libfx_2.py:216] start for-loop ------------------- (4)

[20181110_163857 / libfx_2.py:255] (j1 : N) flg_Dat --> not set (False, 2017.11.13 20:00)

[20181110_163857 / libfx_2.py:286] (j2 : Y) d0 => 0 (d0 = 0.093)

[20181110_163857 / libfx_2.py:321] (j2 : Y : 1) dat --> set (2017.11.13 20:00)

[20181110_163857 / libfx_2.py:216] start for-loop ------------------- (5)

[20181110_163857 / libfx_2.py:383] (j1 : Y) flg_Dat ==> True (2017.11.13 21:00)

[20181110_163857 / libfx_2.py:410] (j3 : N) flg_A1_tmp ==> False (2017.11.13 21:00)

[20181110_163857 / libfx_2.py:433] (j4 : N) d0 ==> -0.014 (2017.11.13 21:00)

[20181110_163857 / libfx_2.py:524] (j5 : N)
e0.price_Close = 132.050
dat['price_start'] = 131.965
ts_DownBar_For_A1__Price = 131.965 (2017.11.13 21:00)

[20181110_163857 / libfx_2.py:547] (j5 : N : 1) dat ==> updated
e0.price_Close = 132.050
dat['price_current'] = 132.050
dat['index_current'] = 6
(2017.11.13 21:00)

[20181110_163857 / libfx_2.py:216] start for-loop ------------------- (6)

[20181110_163857 / libfx_2.py:383] (j1 : Y) flg_Dat ==> True (2017.11.13 22:00)

[20181110_163857 / libfx_2.py:410] (j3 : N) flg_A1_tmp ==> False (2017.11.13 22:00)

[20181110_163857 / libfx_2.py:571] (j4 : Y) d0 ==> 0.198 (2017.11.13 22:00)

[20181110_163857 / libfx_2.py:607] (j4 : Y : 2) dat ==> updated (2017.11.13 22:00)
dat[price_anchor] = 132.247
dat[index_anchor] = 5
dat[price_current] = 132.247
dat[index_current] = 7

[20181110_163857 / libfx_2.py:216] start for-loop ------------------- (7)

[20181110_163857 / libfx_2.py:383] (j1 : Y) flg_Dat ==> True (2017.11.13 23:00)

[20181110_163857 / libfx_2.py:410] (j3 : N) flg_A1_tmp ==> False (2017.11.13 23:00)

[20181110_163857 / libfx_2.py:571] (j4 : Y) d0 ==> 0.063 (2017.11.13 23:00)

[20181110_163857 / libfx_2.py:607] (j4 : Y : 2) dat ==> updated (2017.11.13 23:00)
dat[price_anchor] = 132.312
dat[index_anchor] = 5
dat[price_current] = 132.312
dat[index_current] = 8

[20181110_163857 / libfx_2.py:216] start for-loop ------------------- (8)

[20181110_163857 / libfx_2.py:383] (j1 : Y) flg_Dat ==> True (2017.11.14 00:00)

[20181110_163857 / libfx_2.py:410] (j3 : N) flg_A1_tmp ==> False (2017.11.14 00:00)

[20181110_163857 / libfx_2.py:571] (j4 : Y) d0 ==> 0.083 (2017.11.14 00:00)

[20181110_163857 / libfx_2.py:607] (j4 : Y : 2) dat ==> updated (2017.11.14 00:00)
dat[price_anchor] = 132.396
dat[index_anchor] = 5
dat[price_current] = 132.396
dat[index_current] = 9

[20181110_163857 / libfx_2.py:216] start for-loop ------------------- (9)

[20181110_163857 / libfx_2.py:383] (j1 : Y) flg_Dat ==> True (2017.11.14 01:00)

[20181110_163857 / libfx_2.py:410] (j3 : N) flg_A1_tmp ==> False (2017.11.14 01:00)

[20181110_163857 / libfx_2.py:571] (j4 : Y) d0 ==> 0.045 (2017.11.14 01:00)

[20181110_163857 / libfx_2.py:607] (j4 : Y : 2) dat ==> updated (2017.11.14 01:00)
dat[price_anchor] = 132.440
dat[index_anchor] = 5
dat[price_current] = 132.440
dat[index_current] = 10

[20181110_163857 / libfx_2.py:216] start for-loop ------------------- (10)

[20181110_163858 / libfx_2.py:383] (j1 : Y) flg_Dat ==> True (2017.11.14 02:00)

[20181110_163858 / libfx_2.py:410] (j3 : N) flg_A1_tmp ==> False (2017.11.14 02:00)

[20181110_163858 / libfx_2.py:571] (j4 : Y) d0 ==> 0.074 (2017.11.14 02:00)

[20181110_163858 / libfx_2.py:607] (j4 : Y : 2) dat ==> updated (2017.11.14 02:00)
dat[price_anchor] = 132.512
dat[index_anchor] = 5
dat[price_current] = 132.512
dat[index_current] = 11

[20181110_163858 / libfx_2.py:216] start for-loop ------------------- (11)

[20181110_163858 / libfx_2.py:383] (j1 : Y) flg_Dat ==> True (2017.11.14 03:00)

[20181110_163858 / libfx_2.py:410] (j3 : N) flg_A1_tmp ==> False (2017.11.14 03:00)

[20181110_163858 / libfx_2.py:571] (j4 : Y) d0 ==> 0.007 (2017.11.14 03:00)

[20181110_163858 / libfx_2.py:607] (j4 : Y : 2) dat ==> updated (2017.11.14 03:00)
dat[price_anchor] = 132.516
dat[index_anchor] = 5
dat[price_current] = 132.516
dat[index_current] = 12

[20181110_163858 / libfx_2.py:216] start for-loop ------------------- (12)

[20181110_163858 / libfx_2.py:383] (j1 : Y) flg_Dat ==> True (2017.11.14 04:00)

[20181110_163858 / libfx_2.py:410] (j3 : N) flg_A1_tmp ==> False (2017.11.14 04:00)

[20181110_163858 / libfx_2.py:433] (j4 : N) d0 ==> -0.020 (2017.11.14 04:00)

[20181110_163858 / libfx_2.py:524] (j5 : N)
e0.price_Close = 132.497
dat['price_start'] = 131.965
ts_DownBar_For_A1__Price = 131.965 (2017.11.14 04:00)

[20181110_163858 / libfx_2.py:547] (j5 : N : 1) dat ==> updated
e0.price_Close = 132.497
dat['price_current'] = 132.497
dat['index_current'] = 13
(2017.11.14 04:00)

[20181110_163858 / libfx_2.py:216] start for-loop ------------------- (13)

[20181110_163858 / libfx_2.py:383] (j1 : Y) flg_Dat ==> True (2017.11.14 05:00)

[20181110_163858 / libfx_2.py:410] (j3 : N) flg_A1_tmp ==> False (2017.11.14 05:00)

[20181110_163858 / libfx_2.py:571] (j4 : Y) d0 ==> 0.047 (2017.11.14 05:00)

[20181110_163858 / libfx_2.py:607] (j4 : Y : 2) dat ==> updated (2017.11.14 05:00)
dat[price_anchor] = 132.545
dat[index_anchor] = 5
dat[price_current] = 132.545
dat[index_current] = 14

[20181110_163858 / libfx_2.py:216] start for-loop ------------------- (14)

[20181110_163858 / libfx_2.py:383] (j1 : Y) flg_Dat ==> True (2017.11.14 06:00)

[20181110_163858 / libfx_2.py:410] (j3 : N) flg_A1_tmp ==> False (2017.11.14 06:00)

[20181110_163858 / libfx_2.py:571] (j4 : Y) d0 ==> 0.003 (2017.11.14 06:00)

[20181110_163858 / libfx_2.py:607] (j4 : Y : 2) dat ==> updated (2017.11.14 06:00)
dat[price_anchor] = 132.551
dat[index_anchor] = 5
dat[price_current] = 132.551
dat[index_current] = 15

[20181110_163858 / libfx_2.py:216] start for-loop ------------------- (15)

[20181110_163858 / libfx_2.py:383] (j1 : Y) flg_Dat ==> True (2017.11.14 07:00)

[20181110_163858 / libfx_2.py:410] (j3 : N) flg_A1_tmp ==> False (2017.11.14 07:00)

[20181110_163858 / libfx_2.py:433] (j4 : N) d0 ==> -0.018 (2017.11.14 07:00)

[20181110_163858 / libfx_2.py:524] (j5 : N)
e0.price_Close = 132.510
dat['price_start'] = 131.965
ts_DownBar_For_A1__Price = 131.965 (2017.11.14 07:00)

[20181110_163858 / libfx_2.py:547] (j5 : N : 1) dat ==> updated
e0.price_Close = 132.510
dat['price_current'] = 132.510
dat['index_current'] = 16
(2017.11.14 07:00)

[20181110_163859 / libfx_2.py:216] start for-loop ------------------- (16)

[20181110_163859 / libfx_2.py:383] (j1 : Y) flg_Dat ==> True (2017.11.14 08:00)

[20181110_163859 / libfx_2.py:410] (j3 : N) flg_A1_tmp ==> False (2017.11.14 08:00)

[20181110_163859 / libfx_2.py:571] (j4 : Y) d0 ==> 0.006 (2017.11.14 08:00)

[20181110_163859 / libfx_2.py:607] (j4 : Y : 2) dat ==> updated (2017.11.14 08:00)
dat[price_anchor] = 132.551
dat[index_anchor] = 5
dat[price_current] = 132.516
dat[index_current] = 17

[20181110_163859 / libfx_2.py:216] start for-loop ------------------- (17)

[20181110_163859 / libfx_2.py:383] (j1 : Y) flg_Dat ==> True (2017.11.14 09:00)

[20181110_163859 / libfx_2.py:410] (j3 : N) flg_A1_tmp ==> False (2017.11.14 09:00)

[20181110_163859 / libfx_2.py:571] (j4 : Y) d0 ==> 0.128 (2017.11.14 09:00)

[20181110_163859 / libfx_2.py:607] (j4 : Y : 2) dat ==> updated (2017.11.14 09:00)
dat[price_anchor] = 132.644
dat[index_anchor] = 5
dat[price_current] = 132.644
dat[index_current] = 18

[20181110_163859 / libfx_2.py:216] start for-loop ------------------- (18)

[20181110_163859 / libfx_2.py:383] (j1 : Y) flg_Dat ==> True (2017.11.14 10:00)

[20181110_163859 / libfx_2.py:410] (j3 : N) flg_A1_tmp ==> False (2017.11.14 10:00)

[20181110_163859 / libfx_2.py:571] (j4 : Y) d0 ==> 0.013 (2017.11.14 10:00)

[20181110_163859 / libfx_2.py:607] (j4 : Y : 2) dat ==> updated (2017.11.14 10:00)
dat[price_anchor] = 132.656
dat[index_anchor] = 5
dat[price_current] = 132.656
dat[index_current] = 19

[20181110_163859 / libfx_2.py:216] start for-loop ------------------- (19)

[20181110_163859 / libfx_2.py:383] (j1 : Y) flg_Dat ==> True (2017.11.14 11:00)

[20181110_163859 / libfx_2.py:410] (j3 : N) flg_A1_tmp ==> False (2017.11.14 11:00)

[20181110_163859 / libfx_2.py:433] (j4 : N) d0 ==> -0.021 (2017.11.14 11:00)

[20181110_163859 / libfx_2.py:524] (j5 : N)
e0.price_Close = 132.635
dat['price_start'] = 131.965
ts_DownBar_For_A1__Price = 131.965 (2017.11.14 11:00)

[20181110_163859 / libfx_2.py:547] (j5 : N : 1) dat ==> updated
e0.price_Close = 132.635
dat['price_current'] = 132.635
dat['index_current'] = 20
(2017.11.14 11:00)

[20181110_163859 / libfx_2.py:216] start for-loop ------------------- (20)

[20181110_163859 / libfx_2.py:383] (j1 : Y) flg_Dat ==> True (2017.11.14 12:00)

[20181110_163859 / libfx_2.py:410] (j3 : N) flg_A1_tmp ==> False (2017.11.14 12:00)

[20181110_163859 / libfx_2.py:433] (j4 : N) d0 ==> -0.011 (2017.11.14 12:00)

[20181110_163859 / libfx_2.py:524] (j5 : N)
e0.price_Close = 132.623
dat['price_start'] = 131.965
ts_DownBar_For_A1__Price = 131.965 (2017.11.14 12:00)

[20181110_163859 / libfx_2.py:547] (j5 : N : 1) dat ==> updated
e0.price_Close = 132.623
dat['price_current'] = 132.623
dat['index_current'] = 21
(2017.11.14 12:00)

[20181110_163859 / libfx_2.py:216] start for-loop ------------------- (21)

[20181110_163859 / libfx_2.py:383] (j1 : Y) flg_Dat ==> True (2017.11.14 13:00)

[20181110_163859 / libfx_2.py:410] (j3 : N) flg_A1_tmp ==> False (2017.11.14 13:00)

[20181110_163859 / libfx_2.py:571] (j4 : Y) d0 ==> 0.030 (2017.11.14 13:00)

[20181110_163859 / libfx_2.py:607] (j4 : Y : 2) dat ==> updated (2017.11.14 13:00)
dat[price_anchor] = 132.656
dat[index_anchor] = 5
dat[price_current] = 132.654
dat[index_current] = 22

[20181110_163859 / libfx_2.py:216] start for-loop ------------------- (22)

[20181110_163859 / libfx_2.py:383] (j1 : Y) flg_Dat ==> True (2017.11.14 14:00)

[20181110_163859 / libfx_2.py:410] (j3 : N) flg_A1_tmp ==> False (2017.11.14 14:00)

[20181110_163859 / libfx_2.py:571] (j4 : Y) d0 ==> 0.004 (2017.11.14 14:00)

[20181110_163859 / libfx_2.py:607] (j4 : Y : 2) dat ==> updated (2017.11.14 14:00)
dat[price_anchor] = 132.657
dat[index_anchor] = 5
dat[price_current] = 132.657
dat[index_current] = 23

[20181110_163859 / libfx_2.py:216] start for-loop ------------------- (23)

[20181110_163859 / libfx_2.py:383] (j1 : Y) flg_Dat ==> True (2017.11.14 15:00)

[20181110_163859 / libfx_2.py:410] (j3 : N) flg_A1_tmp ==> False (2017.11.14 15:00)

[20181110_163859 / libfx_2.py:433] (j4 : N) d0 ==> -0.081 (2017.11.14 15:00)

[20181110_163859 / libfx_2.py:524] (j5 : N)
e0.price_Close = 132.576
dat['price_start'] = 131.965
ts_DownBar_For_A1__Price = 131.965 (2017.11.14 15:00)

[20181110_163859 / libfx_2.py:547] (j5 : N : 1) dat ==> updated
e0.price_Close = 132.576
dat['price_current'] = 132.576
dat['index_current'] = 24
(2017.11.14 15:00)

[20181110_163859 / libfx_2.py:216] start for-loop ------------------- (24)

[20181110_163859 / libfx_2.py:383] (j1 : Y) flg_Dat ==> True (2017.11.14 16:00)

[20181110_163859 / libfx_2.py:410] (j3 : N) flg_A1_tmp ==> False (2017.11.14 16:00)

[20181110_163859 / libfx_2.py:571] (j4 : Y) d0 ==> 0.370 (2017.11.14 16:00)

[20181110_163859 / libfx_2.py:607] (j4 : Y : 2) dat ==> updated (2017.11.14 16:00)
dat[price_anchor] = 132.946
dat[index_anchor] = 5
dat[price_current] = 132.946
dat[index_current] = 25

[20181110_163859 / libfx_2.py:216] start for-loop ------------------- (25)

[20181110_163859 / libfx_2.py:383] (j1 : Y) flg_Dat ==> True (2017.11.14 17:00)

[20181110_163900 / libfx_2.py:410] (j3 : N) flg_A1_tmp ==> False (2017.11.14 17:00)

[20181110_163900 / libfx_2.py:571] (j4 : Y) d0 ==> 0.388 (2017.11.14 17:00)

[20181110_163900 / libfx_2.py:607] (j4 : Y : 2) dat ==> updated (2017.11.14 17:00)
dat[price_anchor] = 133.333
dat[index_anchor] = 5
dat[price_current] = 133.333
dat[index_current] = 26

[20181110_163900 / libfx_2.py:216] start for-loop ------------------- (26)

[20181110_163900 / libfx_2.py:383] (j1 : Y) flg_Dat ==> True (2017.11.14 18:00)

[20181110_163900 / libfx_2.py:410] (j3 : N) flg_A1_tmp ==> False (2017.11.14 18:00)

[20181110_163900 / libfx_2.py:433] (j4 : N) d0 ==> -0.021 (2017.11.14 18:00)

[20181110_163900 / libfx_2.py:524] (j5 : N)
e0.price_Close = 133.312
dat['price_start'] = 131.965
ts_DownBar_For_A1__Price = 131.965 (2017.11.14 18:00)

[20181110_163900 / libfx_2.py:547] (j5 : N : 1) dat ==> updated
e0.price_Close = 133.312
dat['price_current'] = 133.312
dat['index_current'] = 27
(2017.11.14 18:00)

[20181110_163900 / libfx_2.py:216] start for-loop ------------------- (27)

[20181110_163900 / libfx_2.py:383] (j1 : Y) flg_Dat ==> True (2017.11.14 19:00)

[20181110_163900 / libfx_2.py:410] (j3 : N) flg_A1_tmp ==> False (2017.11.14 19:00)

[20181110_163900 / libfx_2.py:433] (j4 : N) d0 ==> -0.073 (2017.11.14 19:00)

[20181110_163900 / libfx_2.py:524] (j5 : N)
e0.price_Close = 133.240
dat['price_start'] = 131.965
ts_DownBar_For_A1__Price = 131.965 (2017.11.14 19:00)

[20181110_163900 / libfx_2.py:547] (j5 : N : 1) dat ==> updated
e0.price_Close = 133.240
dat['price_current'] = 133.240
dat['index_current'] = 28
(2017.11.14 19:00)

[20181110_163900 / libfx_2.py:216] start for-loop ------------------- (28)

[20181110_163900 / libfx_2.py:383] (j1 : Y) flg_Dat ==> True (2017.11.14 20:00)

[20181110_163900 / libfx_2.py:410] (j3 : N) flg_A1_tmp ==> False (2017.11.14 20:00)

[20181110_163900 / libfx_2.py:433] (j4 : N) d0 ==> -0.001 (2017.11.14 20:00)

[20181110_163900 / libfx_2.py:524] (j5 : N)
e0.price_Close = 133.241
dat['price_start'] = 131.965
ts_DownBar_For_A1__Price = 131.965 (2017.11.14 20:00)

[20181110_163900 / libfx_2.py:547] (j5 : N : 1) dat ==> updated
e0.price_Close = 133.241
dat['price_current'] = 133.241
dat['index_current'] = 29
(2017.11.14 20:00)

[20181110_163900 / libfx_2.py:216] start for-loop ------------------- (29)

[20181110_163900 / libfx_2.py:383] (j1 : Y) flg_Dat ==> True (2017.11.14 21:00)

[20181110_163900 / libfx_2.py:410] (j3 : N) flg_A1_tmp ==> False (2017.11.14 21:00)

[20181110_163900 / libfx_2.py:571] (j4 : Y) d0 ==> 0.153 (2017.11.14 21:00)

[20181110_163900 / libfx_2.py:607] (j4 : Y : 2) dat ==> updated (2017.11.14 21:00)
dat[price_anchor] = 133.395
dat[index_anchor] = 5
dat[price_current] = 133.395
dat[index_current] = 30

[20181110_163900 / libfx_2.py:216] start for-loop ------------------- (30)

[20181110_163900 / libfx_2.py:383] (j1 : Y) flg_Dat ==> True (2017.11.14 22:00)

[20181110_163900 / libfx_2.py:410] (j3 : N) flg_A1_tmp ==> False (2017.11.14 22:00)

[20181110_163900 / libfx_2.py:571] (j4 : Y) d0 ==> 0.101 (2017.11.14 22:00)

[20181110_163900 / libfx_2.py:607] (j4 : Y : 2) dat ==> updated (2017.11.14 22:00)
dat[price_anchor] = 133.496
dat[index_anchor] = 5
dat[price_current] = 133.496
dat[index_current] = 31

[20181110_163900 / libfx_2.py:216] start for-loop ------------------- (31)

[20181110_163900 / libfx_2.py:383] (j1 : Y) flg_Dat ==> True (2017.11.14 23:00)

[20181110_163900 / libfx_2.py:410] (j3 : N) flg_A1_tmp ==> False (2017.11.14 23:00)

[20181110_163901 / libfx_2.py:433] (j4 : N) d0 ==> -0.122 (2017.11.14 23:00)

[20181110_163901 / libfx_2.py:524] (j5 : N)
e0.price_Close = 133.375
dat['price_start'] = 131.965
ts_DownBar_For_A1__Price = 131.965 (2017.11.14 23:00)

[20181110_163901 / libfx_2.py:547] (j5 : N : 1) dat ==> updated
e0.price_Close = 133.375
dat['price_current'] = 133.375
dat['index_current'] = 32
(2017.11.14 23:00)

[20181110_163901 / libfx_2.py:216] start for-loop ------------------- (32)

[20181110_163901 / libfx_2.py:383] (j1 : Y) flg_Dat ==> True (2017.11.15 00:00)

[20181110_163901 / libfx_2.py:410] (j3 : N) flg_A1_tmp ==> False (2017.11.15 00:00)

[20181110_163901 / libfx_2.py:571] (j4 : Y) d0 ==> 0.003 (2017.11.15 00:00)

[20181110_163901 / libfx_2.py:607] (j4 : Y : 2) dat ==> updated (2017.11.15 00:00)
dat[price_anchor] = 133.496
dat[index_anchor] = 5
dat[price_current] = 133.371
dat[index_current] = 33

[20181110_163901 / libfx_2.py:216] start for-loop ------------------- (33)

[20181110_163901 / libfx_2.py:383] (j1 : Y) flg_Dat ==> True (2017.11.15 01:00)

[20181110_163901 / libfx_2.py:410] (j3 : N) flg_A1_tmp ==> False (2017.11.15 01:00)

[20181110_163901 / libfx_2.py:571] (j4 : Y) d0 ==> 0.146 (2017.11.15 01:00)

[20181110_163901 / libfx_2.py:607] (j4 : Y : 2) dat ==> updated (2017.11.15 01:00)
dat[price_anchor] = 133.518
dat[index_anchor] = 5
dat[price_current] = 133.518
dat[index_current] = 34

[20181110_163901 / libfx_2.py:216] start for-loop ------------------- (34)

[20181110_163901 / libfx_2.py:383] (j1 : Y) flg_Dat ==> True (2017.11.15 02:00)

[20181110_163901 / libfx_2.py:410] (j3 : N) flg_A1_tmp ==> False (2017.11.15 02:00)

[20181110_163901 / libfx_2.py:571] (j4 : Y) d0 ==> 0.096 (2017.11.15 02:00)

[20181110_163901 / libfx_2.py:607] (j4 : Y : 2) dat ==> updated (2017.11.15 02:00)
dat[price_anchor] = 133.615
dat[index_anchor] = 5
dat[price_current] = 133.615
dat[index_current] = 35

[20181110_163901 / libfx_2.py:216] start for-loop ------------------- (35)

[20181110_163901 / libfx_2.py:383] (j1 : Y) flg_Dat ==> True (2017.11.15 03:00)

[20181110_163901 / libfx_2.py:410] (j3 : N) flg_A1_tmp ==> False (2017.11.15 03:00)

[20181110_163901 / libfx_2.py:571] (j4 : Y) d0 ==> 0.153 (2017.11.15 03:00)

[20181110_163901 / libfx_2.py:607] (j4 : Y : 2) dat ==> updated (2017.11.15 03:00)
dat[price_anchor] = 133.768
dat[index_anchor] = 5
dat[price_current] = 133.768
dat[index_current] = 36

[20181110_163901 / libfx_2.py:216] start for-loop ------------------- (36)

[20181110_163901 / libfx_2.py:383] (j1 : Y) flg_Dat ==> True (2017.11.15 04:00)

[20181110_163901 / libfx_2.py:410] (j3 : N) flg_A1_tmp ==> False (2017.11.15 04:00)

[20181110_163901 / libfx_2.py:433] (j4 : N) d0 ==> -0.032 (2017.11.15 04:00)

[20181110_163901 / libfx_2.py:524] (j5 : N)
e0.price_Close = 133.735
dat['price_start'] = 131.965
ts_DownBar_For_A1__Price = 131.965 (2017.11.15 04:00)

[20181110_163901 / libfx_2.py:547] (j5 : N : 1) dat ==> updated
e0.price_Close = 133.735
dat['price_current'] = 133.735
dat['index_current'] = 37
(2017.11.15 04:00)

[20181110_163901 / libfx_2.py:216] start for-loop ------------------- (37)

[20181110_163901 / libfx_2.py:383] (j1 : Y) flg_Dat ==> True (2017.11.15 05:00)

[20181110_163901 / libfx_2.py:410] (j3 : N) flg_A1_tmp ==> False (2017.11.15 05:00)

[20181110_163902 / libfx_2.py:571] (j4 : Y) d0 ==> 0.035 (2017.11.15 05:00)

[20181110_163902 / libfx_2.py:607] (j4 : Y : 2) dat ==> updated (2017.11.15 05:00)
dat[price_anchor] = 133.771
dat[index_anchor] = 5
dat[price_current] = 133.771
dat[index_current] = 38

[20181110_163902 / libfx_2.py:216] start for-loop ------------------- (38)

[20181110_163902 / libfx_2.py:383] (j1 : Y) flg_Dat ==> True (2017.11.15 06:00)

[20181110_163902 / libfx_2.py:410] (j3 : N) flg_A1_tmp ==> False (2017.11.15 06:00)

[20181110_163902 / libfx_2.py:571] (j4 : Y) d0 ==> 0.072 (2017.11.15 06:00)

[20181110_163902 / libfx_2.py:607] (j4 : Y : 2) dat ==> updated (2017.11.15 06:00)
dat[price_anchor] = 133.844
dat[index_anchor] = 5
dat[price_current] = 133.844
dat[index_current] = 39

[20181110_163902 / libfx_2.py:216] start for-loop ------------------- (39)

[20181110_163902 / libfx_2.py:383] (j1 : Y) flg_Dat ==> True (2017.11.15 07:00)

[20181110_163902 / libfx_2.py:410] (j3 : N) flg_A1_tmp ==> False (2017.11.15 07:00)

[20181110_163902 / libfx_2.py:571] (j4 : Y) d0 ==> 0.101 (2017.11.15 07:00)

[20181110_163902 / libfx_2.py:607] (j4 : Y : 2) dat ==> updated (2017.11.15 07:00)
dat[price_anchor] = 133.870
dat[index_anchor] = 5
dat[price_current] = 133.870
dat[index_current] = 40

[20181110_163902 / libfx_2.py:216] start for-loop ------------------- (40)

[20181110_163902 / libfx_2.py:383] (j1 : Y) flg_Dat ==> True (2017.11.15 08:00)

[20181110_163902 / libfx_2.py:410] (j3 : N) flg_A1_tmp ==> False (2017.11.15 08:00)

[20181110_163902 / libfx_2.py:433] (j4 : N) d0 ==> -0.143 (2017.11.15 08:00)

[20181110_163902 / libfx_2.py:524] (j5 : N)
e0.price_Close = 133.725
dat['price_start'] = 131.965
ts_DownBar_For_A1__Price = 131.965 (2017.11.15 08:00)

[20181110_163902 / libfx_2.py:547] (j5 : N : 1) dat ==> updated
e0.price_Close = 133.725
dat['price_current'] = 133.725
dat['index_current'] = 41
(2017.11.15 08:00)

[20181110_163902 / libfx_2.py:216] start for-loop ------------------- (41)

[20181110_163902 / libfx_2.py:383] (j1 : Y) flg_Dat ==> True (2017.11.15 09:00)

[20181110_163902 / libfx_2.py:410] (j3 : N) flg_A1_tmp ==> False (2017.11.15 09:00)

[20181110_163902 / libfx_2.py:571] (j4 : Y) d0 ==> 0.088 (2017.11.15 09:00)

[20181110_163902 / libfx_2.py:607] (j4 : Y : 2) dat ==> updated (2017.11.15 09:00)
dat[price_anchor] = 133.870
dat[index_anchor] = 5
dat[price_current] = 133.815
dat[index_current] = 42

[20181110_163902 / libfx_2.py:216] start for-loop ------------------- (42)

[20181110_163902 / libfx_2.py:383] (j1 : Y) flg_Dat ==> True (2017.11.15 10:00)

[20181110_163902 / libfx_2.py:410] (j3 : N) flg_A1_tmp ==> False (2017.11.15 10:00)

[20181110_163902 / libfx_2.py:433] (j4 : N) d0 ==> -0.337 (2017.11.15 10:00)

[20181110_163902 / libfx_2.py:524] (j5 : N)
e0.price_Close = 133.478
dat['price_start'] = 131.965
ts_DownBar_For_A1__Price = 131.965 (2017.11.15 10:00)

[20181110_163902 / libfx_2.py:547] (j5 : N : 1) dat ==> updated
e0.price_Close = 133.478
dat['price_current'] = 133.478
dat['index_current'] = 43
(2017.11.15 10:00)

[20181110_163902 / libfx_2.py:216] start for-loop ------------------- (43)

[20181110_163902 / libfx_2.py:383] (j1 : Y) flg_Dat ==> True (2017.11.15 11:00)

[20181110_163902 / libfx_2.py:410] (j3 : N) flg_A1_tmp ==> False (2017.11.15 11:00)

[20181110_163902 / libfx_2.py:571] (j4 : Y) d0 ==> 0.003 (2017.11.15 11:00)

[20181110_163902 / libfx_2.py:607] (j4 : Y : 2) dat ==> updated (2017.11.15 11:00)
dat[price_anchor] = 133.870
dat[index_anchor] = 5
dat[price_current] = 133.484
dat[index_current] = 44

[20181110_163902 / libfx_2.py:216] start for-loop ------------------- (44)

[20181110_163902 / libfx_2.py:383] (j1 : Y) flg_Dat ==> True (2017.11.15 12:00)

[20181110_163902 / libfx_2.py:410] (j3 : N) flg_A1_tmp ==> False (2017.11.15 12:00)

[20181110_163902 / libfx_2.py:433] (j4 : N) d0 ==> -0.020 (2017.11.15 12:00)

[20181110_163902 / libfx_2.py:524] (j5 : N)
e0.price_Close = 133.464
dat['price_start'] = 131.965
ts_DownBar_For_A1__Price = 131.965 (2017.11.15 12:00)

[20181110_163902 / libfx_2.py:547] (j5 : N : 1) dat ==> updated
e0.price_Close = 133.464
dat['price_current'] = 133.464
dat['index_current'] = 45
(2017.11.15 12:00)

[20181110_163902 / libfx_2.py:216] start for-loop ------------------- (45)

[20181110_163902 / libfx_2.py:383] (j1 : Y) flg_Dat ==> True (2017.11.15 13:00)

[20181110_163902 / libfx_2.py:410] (j3 : N) flg_A1_tmp ==> False (2017.11.15 13:00)

[20181110_163903 / libfx_2.py:571] (j4 : Y) d0 ==> 0.023 (2017.11.15 13:00)

[20181110_163903 / libfx_2.py:607] (j4 : Y : 2) dat ==> updated (2017.11.15 13:00)
dat[price_anchor] = 133.870
dat[index_anchor] = 5
dat[price_current] = 133.489
dat[index_current] = 46

[20181110_163903 / libfx_2.py:216] start for-loop ------------------- (46)

[20181110_163903 / libfx_2.py:383] (j1 : Y) flg_Dat ==> True (2017.11.15 14:00)

[20181110_163903 / libfx_2.py:410] (j3 : N) flg_A1_tmp ==> False (2017.11.15 14:00)

[20181110_163903 / libfx_2.py:433] (j4 : N) d0 ==> -0.076 (2017.11.15 14:00)

[20181110_163903 / libfx_2.py:524] (j5 : N)
e0.price_Close = 133.414
dat['price_start'] = 131.965
ts_DownBar_For_A1__Price = 131.965 (2017.11.15 14:00)

[20181110_163903 / libfx_2.py:547] (j5 : N : 1) dat ==> updated
e0.price_Close = 133.414
dat['price_current'] = 133.414
dat['index_current'] = 47
(2017.11.15 14:00)

[20181110_163903 / libfx_2.py:216] start for-loop ------------------- (47)

[20181110_163903 / libfx_2.py:383] (j1 : Y) flg_Dat ==> True (2017.11.15 15:00)

[20181110_163903 / libfx_2.py:410] (j3 : N) flg_A1_tmp ==> False (2017.11.15 15:00)

[20181110_163903 / libfx_2.py:433] (j4 : N) d0 ==> -0.045 (2017.11.15 15:00)

[20181110_163903 / libfx_2.py:524] (j5 : N)
e0.price_Close = 133.365
dat['price_start'] = 131.965
ts_DownBar_For_A1__Price = 131.965 (2017.11.15 15:00)

[20181110_163903 / libfx_2.py:547] (j5 : N : 1) dat ==> updated
e0.price_Close = 133.365
dat['price_current'] = 133.365
dat['index_current'] = 48
(2017.11.15 15:00)

[20181110_163903 / libfx_2.py:216] start for-loop ------------------- (48)

[20181110_163903 / libfx_2.py:383] (j1 : Y) flg_Dat ==> True (2017.11.15 16:00)

[20181110_163903 / libfx_2.py:410] (j3 : N) flg_A1_tmp ==> False (2017.11.15 16:00)

[20181110_163903 / libfx_2.py:571] (j4 : Y) d0 ==> 0.089 (2017.11.15 16:00)

[20181110_163903 / libfx_2.py:607] (j4 : Y : 2) dat ==> updated (2017.11.15 16:00)
dat[price_anchor] = 133.870
dat[index_anchor] = 5
dat[price_current] = 133.456
dat[index_current] = 49

[20181110_163903 / libfx_2.py:216] start for-loop ------------------- (49)

[20181110_163903 / libfx_2.py:383] (j1 : Y) flg_Dat ==> True (2017.11.15 17:00)

[20181110_163903 / libfx_2.py:410] (j3 : N) flg_A1_tmp ==> False (2017.11.15 17:00)

[20181110_163903 / libfx_2.py:571] (j4 : Y) d0 ==> 0.122 (2017.11.15 17:00)

[20181110_163903 / libfx_2.py:607] (j4 : Y : 2) dat ==> updated (2017.11.15 17:00)
dat[price_anchor] = 133.870
dat[index_anchor] = 5
dat[price_current] = 133.580
dat[index_current] = 50

[20181110_163903 / libfx_2.py:216] start for-loop ------------------- (50)

[20181110_163903 / libfx_2.py:383] (j1 : Y) flg_Dat ==> True (2017.11.15 18:00)

[20181110_163903 / libfx_2.py:410] (j3 : N) flg_A1_tmp ==> False (2017.11.15 18:00)

[20181110_163903 / libfx_2.py:433] (j4 : N) d0 ==> -0.028 (2017.11.15 18:00)

[20181110_163903 / libfx_2.py:524] (j5 : N)
e0.price_Close = 133.556
dat['price_start'] = 131.965
ts_DownBar_For_A1__Price = 131.965 (2017.11.15 18:00)

[20181110_163903 / libfx_2.py:547] (j5 : N : 1) dat ==> updated
e0.price_Close = 133.556
dat['price_current'] = 133.556
dat['index_current'] = 51
(2017.11.15 18:00)

[20181110_163903 / libfx_2.py:216] start for-loop ------------------- (51)

[20181110_163903 / libfx_2.py:383] (j1 : Y) flg_Dat ==> True (2017.11.15 19:00)

[20181110_163903 / libfx_2.py:410] (j3 : N) flg_A1_tmp ==> False (2017.11.15 19:00)

[20181110_163903 / libfx_2.py:433] (j4 : N) d0 ==> -0.052 (2017.11.15 19:00)

[20181110_163903 / libfx_2.py:524] (j5 : N)
e0.price_Close = 133.502
dat['price_start'] = 131.965
ts_DownBar_For_A1__Price = 131.965 (2017.11.15 19:00)

[20181110_163903 / libfx_2.py:547] (j5 : N : 1) dat ==> updated
e0.price_Close = 133.502
dat['price_current'] = 133.502
dat['index_current'] = 52
(2017.11.15 19:00)

[20181110_163903 / libfx_2.py:216] start for-loop ------------------- (52)

[20181110_163903 / libfx_2.py:383] (j1 : Y) flg_Dat ==> True (2017.11.15 20:00)

[20181110_163903 / libfx_2.py:410] (j3 : N) flg_A1_tmp ==> False (2017.11.15 20:00)

[20181110_163903 / libfx_2.py:571] (j4 : Y) d0 ==> 0.021 (2017.11.15 20:00)

[20181110_163903 / libfx_2.py:607] (j4 : Y : 2) dat ==> updated (2017.11.15 20:00)
dat[price_anchor] = 133.870
dat[index_anchor] = 5
dat[price_current] = 133.524
dat[index_current] = 53

[20181110_163903 / libfx_2.py:216] start for-loop ------------------- (53)

[20181110_163904 / libfx_2.py:383] (j1 : Y) flg_Dat ==> True (2017.11.15 21:00)

[20181110_163904 / libfx_2.py:410] (j3 : N) flg_A1_tmp ==> False (2017.11.15 21:00)

[20181110_163904 / libfx_2.py:433] (j4 : N) d0 ==> -0.052 (2017.11.15 21:00)

[20181110_163904 / libfx_2.py:524] (j5 : N)
e0.price_Close = 133.474
dat['price_start'] = 131.965
ts_DownBar_For_A1__Price = 131.965 (2017.11.15 21:00)

[20181110_163904 / libfx_2.py:547] (j5 : N : 1) dat ==> updated
e0.price_Close = 133.474
dat['price_current'] = 133.474
dat['index_current'] = 54
(2017.11.15 21:00)

[20181110_163904 / libfx_2.py:216] start for-loop ------------------- (54)

[20181110_163904 / libfx_2.py:383] (j1 : Y) flg_Dat ==> True (2017.11.15 22:00)

[20181110_163904 / libfx_2.py:410] (j3 : N) flg_A1_tmp ==> False (2017.11.15 22:00)

[20181110_163904 / libfx_2.py:433] (j4 : N) d0 ==> -0.044 (2017.11.15 22:00)

[20181110_163904 / libfx_2.py:524] (j5 : N)
e0.price_Close = 133.430
dat['price_start'] = 131.965
ts_DownBar_For_A1__Price = 131.965 (2017.11.15 22:00)

[20181110_163904 / libfx_2.py:547] (j5 : N : 1) dat ==> updated
e0.price_Close = 133.430
dat['price_current'] = 133.430
dat['index_current'] = 55
(2017.11.15 22:00)

[20181110_163904 / libfx_2.py:216] start for-loop ------------------- (55)

[20181110_163904 / libfx_2.py:383] (j1 : Y) flg_Dat ==> True (2017.11.15 23:00)

[20181110_163904 / libfx_2.py:410] (j3 : N) flg_A1_tmp ==> False (2017.11.15 23:00)

[20181110_163904 / libfx_2.py:433] (j4 : N) d0 ==> -0.258 (2017.11.15 23:00)

[20181110_163904 / libfx_2.py:524] (j5 : N)
e0.price_Close = 133.179
dat['price_start'] = 131.965
ts_DownBar_For_A1__Price = 131.965 (2017.11.15 23:00)

[20181110_163904 / libfx_2.py:547] (j5 : N : 1) dat ==> updated
e0.price_Close = 133.179
dat['price_current'] = 133.179
dat['index_current'] = 56
(2017.11.15 23:00)

[20181110_163904 / libfx_2.py:216] start for-loop ------------------- (56)

[20181110_163904 / libfx_2.py:383] (j1 : Y) flg_Dat ==> True (2017.11.16 00:00)

[20181110_163904 / libfx_2.py:410] (j3 : N) flg_A1_tmp ==> False (2017.11.16 00:00)

[20181110_163904 / libfx_2.py:571] (j4 : Y) d0 ==> 0.273 (2017.11.16 00:00)

[20181110_163904 / libfx_2.py:607] (j4 : Y : 2) dat ==> updated (2017.11.16 00:00)
dat[price_anchor] = 133.870
dat[index_anchor] = 5
dat[price_current] = 133.450
dat[index_current] = 57

[20181110_163904 / libfx_2.py:216] start for-loop ------------------- (57)

[20181110_163904 / libfx_2.py:383] (j1 : Y) flg_Dat ==> True (2017.11.16 01:00)

[20181110_163904 / libfx_2.py:410] (j3 : N) flg_A1_tmp ==> False (2017.11.16 01:00)

[20181110_163904 / libfx_2.py:433] (j4 : N) d0 ==> -0.004 (2017.11.16 01:00)

[20181110_163904 / libfx_2.py:524] (j5 : N)
e0.price_Close = 133.445
dat['price_start'] = 131.965
ts_DownBar_For_A1__Price = 131.965 (2017.11.16 01:00)

[20181110_163904 / libfx_2.py:547] (j5 : N : 1) dat ==> updated
e0.price_Close = 133.445
dat['price_current'] = 133.445
dat['index_current'] = 58
(2017.11.16 01:00)

[20181110_163904 / libfx_2.py:216] start for-loop ------------------- (58)

[20181110_163904 / libfx_2.py:383] (j1 : Y) flg_Dat ==> True (2017.11.16 02:00)

[20181110_163904 / libfx_2.py:410] (j3 : N) flg_A1_tmp ==> False (2017.11.16 02:00)

[20181110_163905 / libfx_2.py:433] (j4 : N) d0 ==> -0.047 (2017.11.16 02:00)

[20181110_163905 / libfx_2.py:524] (j5 : N)
e0.price_Close = 133.397
dat['price_start'] = 131.965
ts_DownBar_For_A1__Price = 131.965 (2017.11.16 02:00)

[20181110_163905 / libfx_2.py:547] (j5 : N : 1) dat ==> updated
e0.price_Close = 133.397
dat['price_current'] = 133.397
dat['index_current'] = 59
(2017.11.16 02:00)

[20181110_163905 / libfx_2.py:216] start for-loop ------------------- (59)

[20181110_163905 / libfx_2.py:383] (j1 : Y) flg_Dat ==> True (2017.11.16 03:00)

[20181110_163905 / libfx_2.py:410] (j3 : N) flg_A1_tmp ==> False (2017.11.16 03:00)

[20181110_163905 / libfx_2.py:433] (j4 : N) d0 ==> -0.107 (2017.11.16 03:00)

[20181110_163905 / libfx_2.py:524] (j5 : N)
e0.price_Close = 133.292
dat['price_start'] = 131.965
ts_DownBar_For_A1__Price = 131.965 (2017.11.16 03:00)

[20181110_163905 / libfx_2.py:547] (j5 : N : 1) dat ==> updated
e0.price_Close = 133.292
dat['price_current'] = 133.292
dat['index_current'] = 60
(2017.11.16 03:00)

[20181110_163905 / libfx_2.py:216] start for-loop ------------------- (60)

[20181110_163905 / libfx_2.py:383] (j1 : Y) flg_Dat ==> True (2017.11.16 04:00)

[20181110_163905 / libfx_2.py:410] (j3 : N) flg_A1_tmp ==> False (2017.11.16 04:00)

[20181110_163905 / libfx_2.py:433] (j4 : N) d0 ==> -0.158 (2017.11.16 04:00)

[20181110_163905 / libfx_2.py:524] (j5 : N)
e0.price_Close = 133.138
dat['price_start'] = 131.965
ts_DownBar_For_A1__Price = 131.965 (2017.11.16 04:00)

[20181110_163905 / libfx_2.py:547] (j5 : N : 1) dat ==> updated
e0.price_Close = 133.138
dat['price_current'] = 133.138
dat['index_current'] = 61
(2017.11.16 04:00)

[20181110_163905 / libfx_2.py:216] start for-loop ------------------- (61)

[20181110_163905 / libfx_2.py:383] (j1 : Y) flg_Dat ==> True (2017.11.16 05:00)

[20181110_163905 / libfx_2.py:410] (j3 : N) flg_A1_tmp ==> False (2017.11.16 05:00)

[20181110_163905 / libfx_2.py:433] (j4 : N) d0 ==> -0.100 (2017.11.16 05:00)

[20181110_163905 / libfx_2.py:524] (j5 : N)
e0.price_Close = 133.039
dat['price_start'] = 131.965
ts_DownBar_For_A1__Price = 131.965 (2017.11.16 05:00)

[20181110_163905 / libfx_2.py:547] (j5 : N : 1) dat ==> updated
e0.price_Close = 133.039
dat['price_current'] = 133.039
dat['index_current'] = 62
(2017.11.16 05:00)

[20181110_163905 / libfx_2.py:216] start for-loop ------------------- (62)

[20181110_163905 / libfx_2.py:383] (j1 : Y) flg_Dat ==> True (2017.11.16 06:00)

[20181110_163905 / libfx_2.py:410] (j3 : N) flg_A1_tmp ==> False (2017.11.16 06:00)

[20181110_163905 / libfx_2.py:571] (j4 : Y) d0 ==> 0.045 (2017.11.16 06:00)

[20181110_163905 / libfx_2.py:607] (j4 : Y : 2) dat ==> updated (2017.11.16 06:00)
dat[price_anchor] = 133.870
dat[index_anchor] = 5
dat[price_current] = 133.091
dat[index_current] = 63

[20181110_163905 / libfx_2.py:216] start for-loop ------------------- (63)

[20181110_163905 / libfx_2.py:383] (j1 : Y) flg_Dat ==> True (2017.11.16 07:00)

[20181110_163905 / libfx_2.py:410] (j3 : N) flg_A1_tmp ==> False (2017.11.16 07:00)

[20181110_163905 / libfx_2.py:433] (j4 : N) d0 ==> -0.164 (2017.11.16 07:00)

[20181110_163905 / libfx_2.py:524] (j5 : N)
e0.price_Close = 132.854
dat['price_start'] = 131.965
ts_DownBar_For_A1__Price = 131.965 (2017.11.16 07:00)

[20181110_163905 / libfx_2.py:547] (j5 : N : 1) dat ==> updated
e0.price_Close = 132.854
dat['price_current'] = 132.854
dat['index_current'] = 64
(2017.11.16 07:00)

[20181110_163905 / libfx_2.py:216] start for-loop ------------------- (64)

[20181110_163905 / libfx_2.py:383] (j1 : Y) flg_Dat ==> True (2017.11.16 08:00)

[20181110_163905 / libfx_2.py:410] (j3 : N) flg_A1_tmp ==> False (2017.11.16 08:00)

[20181110_163905 / libfx_2.py:571] (j4 : Y) d0 ==> 0.017 (2017.11.16 08:00)

[20181110_163905 / libfx_2.py:607] (j4 : Y : 2) dat ==> updated (2017.11.16 08:00)
dat[price_anchor] = 133.870
dat[index_anchor] = 5
dat[price_current] = 132.871
dat[index_current] = 65

[20181110_163905 / libfx_2.py:216] start for-loop ------------------- (65)

[20181110_163905 / libfx_2.py:383] (j1 : Y) flg_Dat ==> True (2017.11.16 09:00)

[20181110_163905 / libfx_2.py:410] (j3 : N) flg_A1_tmp ==> False (2017.11.16 09:00)

[20181110_163905 / libfx_2.py:571] (j4 : Y) d0 ==> 0.208 (2017.11.16 09:00)

[20181110_163906 / libfx_2.py:607] (j4 : Y : 2) dat ==> updated (2017.11.16 09:00)
dat[price_anchor] = 133.870
dat[index_anchor] = 5
dat[price_current] = 133.079
dat[index_current] = 66

[20181110_163906 / libfx_2.py:216] start for-loop ------------------- (66)

[20181110_163906 / libfx_2.py:383] (j1 : Y) flg_Dat ==> True (2017.11.16 10:00)

[20181110_163906 / libfx_2.py:410] (j3 : N) flg_A1_tmp ==> False (2017.11.16 10:00)

[20181110_163906 / libfx_2.py:433] (j4 : N) d0 ==> -0.043 (2017.11.16 10:00)

[20181110_163906 / libfx_2.py:524] (j5 : N)
e0.price_Close = 133.032
dat['price_start'] = 131.965
ts_DownBar_For_A1__Price = 131.965 (2017.11.16 10:00)

[20181110_163906 / libfx_2.py:547] (j5 : N : 1) dat ==> updated
e0.price_Close = 133.032
dat['price_current'] = 133.032
dat['index_current'] = 67
(2017.11.16 10:00)

[20181110_163906 / libfx_2.py:216] start for-loop ------------------- (67)

[20181110_163906 / libfx_2.py:383] (j1 : Y) flg_Dat ==> True (2017.11.16 11:00)

[20181110_163906 / libfx_2.py:410] (j3 : N) flg_A1_tmp ==> False (2017.11.16 11:00)

[20181110_163906 / libfx_2.py:571] (j4 : Y) d0 ==> 0.068 (2017.11.16 11:00)

[20181110_163906 / libfx_2.py:607] (j4 : Y : 2) dat ==> updated (2017.11.16 11:00)
dat[price_anchor] = 133.870
dat[index_anchor] = 5
dat[price_current] = 133.100
dat[index_current] = 68

[20181110_163906 / libfx_2.py:216] start for-loop ------------------- (68)

[20181110_163906 / libfx_2.py:383] (j1 : Y) flg_Dat ==> True (2017.11.16 12:00)

[20181110_163906 / libfx_2.py:410] (j3 : N) flg_A1_tmp ==> False (2017.11.16 12:00)

[20181110_163906 / libfx_2.py:571] (j4 : Y) d0 ==> 0.003 (2017.11.16 12:00)

[20181110_163906 / libfx_2.py:607] (j4 : Y : 2) dat ==> updated (2017.11.16 12:00)
dat[price_anchor] = 133.870
dat[index_anchor] = 5
dat[price_current] = 133.102
dat[index_current] = 69

[20181110_163906 / libfx_2.py:216] start for-loop ------------------- (69)

[20181110_163906 / libfx_2.py:383] (j1 : Y) flg_Dat ==> True (2017.11.16 13:00)

[20181110_163906 / libfx_2.py:410] (j3 : N) flg_A1_tmp ==> False (2017.11.16 13:00)

[20181110_163906 / libfx_2.py:571] (j4 : Y) d0 ==> 0.058 (2017.11.16 13:00)

[20181110_163906 / libfx_2.py:607] (j4 : Y : 2) dat ==> updated (2017.11.16 13:00)
dat[price_anchor] = 133.870
dat[index_anchor] = 5
dat[price_current] = 133.160
dat[index_current] = 70

[20181110_163906 / libfx_2.py:216] start for-loop ------------------- (70)

[20181110_163906 / libfx_2.py:383] (j1 : Y) flg_Dat ==> True (2017.11.16 14:00)

[20181110_163906 / libfx_2.py:410] (j3 : N) flg_A1_tmp ==> False (2017.11.16 14:00)

[20181110_163906 / libfx_2.py:571] (j4 : Y) d0 ==> 0.045 (2017.11.16 14:00)

[20181110_163906 / libfx_2.py:607] (j4 : Y : 2) dat ==> updated (2017.11.16 14:00)
dat[price_anchor] = 133.870
dat[index_anchor] = 5
dat[price_current] = 133.204
dat[index_current] = 71

[20181110_163906 / libfx_2.py:216] start for-loop ------------------- (71)

[20181110_163906 / libfx_2.py:383] (j1 : Y) flg_Dat ==> True (2017.11.16 15:00)

[20181110_163906 / libfx_2.py:410] (j3 : N) flg_A1_tmp ==> False (2017.11.16 15:00)

[20181110_163906 / libfx_2.py:571] (j4 : Y) d0 ==> 0.201 (2017.11.16 15:00)

[20181110_163906 / libfx_2.py:607] (j4 : Y : 2) dat ==> updated (2017.11.16 15:00)
dat[price_anchor] = 133.870
dat[index_anchor] = 5
dat[price_current] = 133.402
dat[index_current] = 72

[20181110_163906 / libfx_2.py:216] start for-loop ------------------- (72)

[20181110_163906 / libfx_2.py:383] (j1 : Y) flg_Dat ==> True (2017.11.16 16:00)

[20181110_163906 / libfx_2.py:410] (j3 : N) flg_A1_tmp ==> False (2017.11.16 16:00)

[20181110_163906 / libfx_2.py:433] (j4 : N) d0 ==> -0.102 (2017.11.16 16:00)

[20181110_163906 / libfx_2.py:524] (j5 : N)
e0.price_Close = 133.305
dat['price_start'] = 131.965
ts_DownBar_For_A1__Price = 131.965 (2017.11.16 16:00)

[20181110_163906 / libfx_2.py:547] (j5 : N : 1) dat ==> updated
e0.price_Close = 133.305
dat['price_current'] = 133.305
dat['index_current'] = 73
(2017.11.16 16:00)

[20181110_163906 / libfx_2.py:216] start for-loop ------------------- (73)

[20181110_163906 / libfx_2.py:383] (j1 : Y) flg_Dat ==> True (2017.11.16 17:00)

[20181110_163906 / libfx_2.py:410] (j3 : N) flg_A1_tmp ==> False (2017.11.16 17:00)

[20181110_163906 / libfx_2.py:571] (j4 : Y) d0 ==> 0.060 (2017.11.16 17:00)

[20181110_163906 / libfx_2.py:607] (j4 : Y : 2) dat ==> updated (2017.11.16 17:00)
dat[price_anchor] = 133.870
dat[index_anchor] = 5
dat[price_current] = 133.365
dat[index_current] = 74

[20181110_163907 / libfx_2.py:216] start for-loop ------------------- (74)

[20181110_163907 / libfx_2.py:383] (j1 : Y) flg_Dat ==> True (2017.11.16 18:00)

[20181110_163907 / libfx_2.py:410] (j3 : N) flg_A1_tmp ==> False (2017.11.16 18:00)

[20181110_163907 / libfx_2.py:433] (j4 : N) d0 ==> -0.045 (2017.11.16 18:00)

[20181110_163907 / libfx_2.py:524] (j5 : N)
e0.price_Close = 133.320
dat['price_start'] = 131.965
ts_DownBar_For_A1__Price = 131.965 (2017.11.16 18:00)

[20181110_163907 / libfx_2.py:547] (j5 : N : 1) dat ==> updated
e0.price_Close = 133.320
dat['price_current'] = 133.320
dat['index_current'] = 75
(2017.11.16 18:00)

[20181110_163907 / libfx_2.py:216] start for-loop ------------------- (75)

[20181110_163907 / libfx_2.py:383] (j1 : Y) flg_Dat ==> True (2017.11.16 19:00)

[20181110_163907 / libfx_2.py:410] (j3 : N) flg_A1_tmp ==> False (2017.11.16 19:00)

[20181110_163907 / libfx_2.py:433] (j4 : N) d0 ==> -0.043 (2017.11.16 19:00)

[20181110_163907 / libfx_2.py:524] (j5 : N)
e0.price_Close = 133.280
dat['price_start'] = 131.965
ts_DownBar_For_A1__Price = 131.965 (2017.11.16 19:00)

[20181110_163907 / libfx_2.py:547] (j5 : N : 1) dat ==> updated
e0.price_Close = 133.280
dat['price_current'] = 133.280
dat['index_current'] = 76
(2017.11.16 19:00)

[20181110_163907 / libfx_2.py:216] start for-loop ------------------- (76)

[20181110_163907 / libfx_2.py:383] (j1 : Y) flg_Dat ==> True (2017.11.16 20:00)

[20181110_163907 / libfx_2.py:410] (j3 : N) flg_A1_tmp ==> False (2017.11.16 20:00)

[20181110_163907 / libfx_2.py:433] (j4 : N) d0 ==> -0.161 (2017.11.16 20:00)

[20181110_163907 / libfx_2.py:524] (j5 : N)
e0.price_Close = 133.118
dat['price_start'] = 131.965
ts_DownBar_For_A1__Price = 131.965 (2017.11.16 20:00)

[20181110_163907 / libfx_2.py:547] (j5 : N : 1) dat ==> updated
e0.price_Close = 133.118
dat['price_current'] = 133.118
dat['index_current'] = 77
(2017.11.16 20:00)

[20181110_163907 / libfx_2.py:216] start for-loop ------------------- (77)

[20181110_163907 / libfx_2.py:383] (j1 : Y) flg_Dat ==> True (2017.11.16 21:00)

[20181110_163907 / libfx_2.py:410] (j3 : N) flg_A1_tmp ==> False (2017.11.16 21:00)

[20181110_163907 / libfx_2.py:433] (j4 : N) d0 ==> -0.004 (2017.11.16 21:00)

[20181110_163907 / libfx_2.py:524] (j5 : N)
e0.price_Close = 133.117
dat['price_start'] = 131.965
ts_DownBar_For_A1__Price = 131.965 (2017.11.16 21:00)

[20181110_163907 / libfx_2.py:547] (j5 : N : 1) dat ==> updated
e0.price_Close = 133.117
dat['price_current'] = 133.117
dat['index_current'] = 78
(2017.11.16 21:00)

[20181110_163907 / libfx_2.py:216] start for-loop ------------------- (78)

[20181110_163907 / libfx_2.py:383] (j1 : Y) flg_Dat ==> True (2017.11.16 22:00)

[20181110_163907 / libfx_2.py:410] (j3 : N) flg_A1_tmp ==> False (2017.11.16 22:00)

[20181110_163907 / libfx_2.py:433] (j4 : N) d0 ==> -0.041 (2017.11.16 22:00)

[20181110_163907 / libfx_2.py:524] (j5 : N)
e0.price_Close = 133.076
dat['price_start'] = 131.965
ts_DownBar_For_A1__Price = 131.965 (2017.11.16 22:00)

[20181110_163907 / libfx_2.py:547] (j5 : N : 1) dat ==> updated
e0.price_Close = 133.076
dat['price_current'] = 133.076
dat['index_current'] = 79
(2017.11.16 22:00)

[20181110_163907 / libfx_2.py:216] start for-loop ------------------- (79)

[20181110_163907 / libfx_2.py:383] (j1 : Y) flg_Dat ==> True (2017.11.16 23:00)

[20181110_163907 / libfx_2.py:410] (j3 : N) flg_A1_tmp ==> False (2017.11.16 23:00)

[20181110_163907 / libfx_2.py:433] (j4 : N) d0 ==> -0.149 (2017.11.16 23:00)

[20181110_163908 / libfx_2.py:524] (j5 : N)
e0.price_Close = 132.926
dat['price_start'] = 131.965
ts_DownBar_For_A1__Price = 131.965 (2017.11.16 23:00)

[20181110_163908 / libfx_2.py:547] (j5 : N : 1) dat ==> updated
e0.price_Close = 132.926
dat['price_current'] = 132.926
dat['index_current'] = 80
(2017.11.16 23:00)

[20181110_163908 / libfx_2.py:216] start for-loop ------------------- (80)

[20181110_163908 / libfx_2.py:383] (j1 : Y) flg_Dat ==> True (2017.11.17 00:00)

[20181110_163908 / libfx_2.py:410] (j3 : N) flg_A1_tmp ==> False (2017.11.17 00:00)

[20181110_163908 / libfx_2.py:433] (j4 : N) d0 ==> -0.134 (2017.11.17 00:00)

[20181110_163908 / libfx_2.py:524] (j5 : N)
e0.price_Close = 132.793
dat['price_start'] = 131.965
ts_DownBar_For_A1__Price = 131.965 (2017.11.17 00:00)

[20181110_163908 / libfx_2.py:547] (j5 : N : 1) dat ==> updated
e0.price_Close = 132.793
dat['price_current'] = 132.793
dat['index_current'] = 81
(2017.11.17 00:00)

[20181110_163908 / libfx_2.py:216] start for-loop ------------------- (81)

[20181110_163908 / libfx_2.py:383] (j1 : Y) flg_Dat ==> True (2017.11.17 01:00)

[20181110_163908 / libfx_2.py:410] (j3 : N) flg_A1_tmp ==> False (2017.11.17 01:00)

[20181110_163908 / libfx_2.py:571] (j4 : Y) d0 ==> 0.109 (2017.11.17 01:00)

[20181110_163908 / libfx_2.py:607] (j4 : Y : 2) dat ==> updated (2017.11.17 01:00)
dat[price_anchor] = 133.870
dat[index_anchor] = 5
dat[price_current] = 132.904
dat[index_current] = 82

[20181110_163908 / libfx_2.py:216] start for-loop ------------------- (82)

[20181110_163908 / libfx_2.py:383] (j1 : Y) flg_Dat ==> True (2017.11.17 02:00)

[20181110_163908 / libfx_2.py:410] (j3 : N) flg_A1_tmp ==> False (2017.11.17 02:00)

[20181110_163908 / libfx_2.py:433] (j4 : N) d0 ==> -0.018 (2017.11.17 02:00)

[20181110_163908 / libfx_2.py:524] (j5 : N)
e0.price_Close = 132.885
dat['price_start'] = 131.965
ts_DownBar_For_A1__Price = 131.965 (2017.11.17 02:00)

[20181110_163908 / libfx_2.py:547] (j5 : N : 1) dat ==> updated
e0.price_Close = 132.885
dat['price_current'] = 132.885
dat['index_current'] = 83
(2017.11.17 02:00)

[20181110_163908 / libfx_2.py:216] start for-loop ------------------- (83)

[20181110_163908 / libfx_2.py:383] (j1 : Y) flg_Dat ==> True (2017.11.17 03:00)

[20181110_163908 / libfx_2.py:410] (j3 : N) flg_A1_tmp ==> False (2017.11.17 03:00)

[20181110_163908 / libfx_2.py:571] (j4 : Y) d0 ==> 0.047 (2017.11.17 03:00)

[20181110_163908 / libfx_2.py:607] (j4 : Y : 2) dat ==> updated (2017.11.17 03:00)
dat[price_anchor] = 133.870
dat[index_anchor] = 5
dat[price_current] = 132.931
dat[index_current] = 84

[20181110_163908 / libfx_2.py:216] start for-loop ------------------- (84)

[20181110_163908 / libfx_2.py:383] (j1 : Y) flg_Dat ==> True (2017.11.17 04:00)

[20181110_163908 / libfx_2.py:410] (j3 : N) flg_A1_tmp ==> False (2017.11.17 04:00)

[20181110_163908 / libfx_2.py:571] (j4 : Y) d0 ==> 0.020 (2017.11.17 04:00)

[20181110_163908 / libfx_2.py:607] (j4 : Y : 2) dat ==> updated (2017.11.17 04:00)
dat[price_anchor] = 133.870
dat[index_anchor] = 5
dat[price_current] = 132.949
dat[index_current] = 85

[20181110_163908 / libfx_2.py:216] start for-loop ------------------- (85)

[20181110_163908 / libfx_2.py:383] (j1 : Y) flg_Dat ==> True (2017.11.17 05:00)

[20181110_163908 / libfx_2.py:410] (j3 : N) flg_A1_tmp ==> False (2017.11.17 05:00)

[20181110_163908 / libfx_2.py:571] (j4 : Y) d0 ==> 0.116 (2017.11.17 05:00)

[20181110_163908 / libfx_2.py:607] (j4 : Y : 2) dat ==> updated (2017.11.17 05:00)
dat[price_anchor] = 133.870
dat[index_anchor] = 5
dat[price_current] = 133.066
dat[index_current] = 86

[20181110_163909 / libfx_2.py:216] start for-loop ------------------- (86)

[20181110_163909 / libfx_2.py:383] (j1 : Y) flg_Dat ==> True (2017.11.17 06:00)

[20181110_163909 / libfx_2.py:410] (j3 : N) flg_A1_tmp ==> False (2017.11.17 06:00)

[20181110_163909 / libfx_2.py:433] (j4 : N) d0 ==> -0.019 (2017.11.17 06:00)

[20181110_163909 / libfx_2.py:524] (j5 : N)
e0.price_Close = 133.048
dat['price_start'] = 131.965
ts_DownBar_For_A1__Price = 131.965 (2017.11.17 06:00)

[20181110_163909 / libfx_2.py:547] (j5 : N : 1) dat ==> updated
e0.price_Close = 133.048
dat['price_current'] = 133.048
dat['index_current'] = 87
(2017.11.17 06:00)

[20181110_163909 / libfx_2.py:216] start for-loop ------------------- (87)

[20181110_163909 / libfx_2.py:383] (j1 : Y) flg_Dat ==> True (2017.11.17 07:00)

[20181110_163909 / libfx_2.py:410] (j3 : N) flg_A1_tmp ==> False (2017.11.17 07:00)

[20181110_163909 / libfx_2.py:571] (j4 : Y) d0 ==> 0.091 (2017.11.17 07:00)

[20181110_163909 / libfx_2.py:607] (j4 : Y : 2) dat ==> updated (2017.11.17 07:00)
dat[price_anchor] = 133.870
dat[index_anchor] = 5
dat[price_current] = 133.141
dat[index_current] = 88

[20181110_163909 / libfx_2.py:216] start for-loop ------------------- (88)

[20181110_163909 / libfx_2.py:383] (j1 : Y) flg_Dat ==> True (2017.11.17 08:00)

[20181110_163909 / libfx_2.py:410] (j3 : N) flg_A1_tmp ==> False (2017.11.17 08:00)

[20181110_163909 / libfx_2.py:571] (j4 : Y) d0 ==> 0.004 (2017.11.17 08:00)

[20181110_163909 / libfx_2.py:607] (j4 : Y : 2) dat ==> updated (2017.11.17 08:00)
dat[price_anchor] = 133.870
dat[index_anchor] = 5
dat[price_current] = 133.145
dat[index_current] = 89

[20181110_163909 / libfx_2.py:216] start for-loop ------------------- (89)

[20181110_163909 / libfx_2.py:383] (j1 : Y) flg_Dat ==> True (2017.11.17 09:00)

[20181110_163909 / libfx_2.py:410] (j3 : N) flg_A1_tmp ==> False (2017.11.17 09:00)

[20181110_163909 / libfx_2.py:433] (j4 : N) d0 ==> -0.009 (2017.11.17 09:00)

[20181110_163909 / libfx_2.py:524] (j5 : N)
e0.price_Close = 133.140
dat['price_start'] = 131.965
ts_DownBar_For_A1__Price = 131.965 (2017.11.17 09:00)

[20181110_163909 / libfx_2.py:547] (j5 : N : 1) dat ==> updated
e0.price_Close = 133.140
dat['price_current'] = 133.140
dat['index_current'] = 90
(2017.11.17 09:00)

[20181110_163909 / libfx_2.py:216] start for-loop ------------------- (90)

[20181110_163909 / libfx_2.py:383] (j1 : Y) flg_Dat ==> True (2017.11.17 10:00)

[20181110_163909 / libfx_2.py:410] (j3 : N) flg_A1_tmp ==> False (2017.11.17 10:00)

[20181110_163909 / libfx_2.py:433] (j4 : N) d0 ==> -0.159 (2017.11.17 10:00)

[20181110_163909 / libfx_2.py:524] (j5 : N)
e0.price_Close = 132.981
dat['price_start'] = 131.965
ts_DownBar_For_A1__Price = 131.965 (2017.11.17 10:00)

[20181110_163909 / libfx_2.py:547] (j5 : N : 1) dat ==> updated
e0.price_Close = 132.981
dat['price_current'] = 132.981
dat['index_current'] = 91
(2017.11.17 10:00)

[20181110_163909 / libfx_2.py:216] start for-loop ------------------- (91)

[20181110_163909 / libfx_2.py:383] (j1 : Y) flg_Dat ==> True (2017.11.17 11:00)

[20181110_163909 / libfx_2.py:410] (j3 : N) flg_A1_tmp ==> False (2017.11.17 11:00)

[20181110_163909 / libfx_2.py:433] (j4 : N) d0 ==> -0.091 (2017.11.17 11:00)

[20181110_163909 / libfx_2.py:524] (j5 : N)
e0.price_Close = 132.889
dat['price_start'] = 131.965
ts_DownBar_For_A1__Price = 131.965 (2017.11.17 11:00)

[20181110_163909 / libfx_2.py:547] (j5 : N : 1) dat ==> updated
e0.price_Close = 132.889
dat['price_current'] = 132.889
dat['index_current'] = 92
(2017.11.17 11:00)

[20181110_163909 / libfx_2.py:216] start for-loop ------------------- (92)

[20181110_163909 / libfx_2.py:383] (j1 : Y) flg_Dat ==> True (2017.11.17 12:00)

[20181110_163909 / libfx_2.py:410] (j3 : N) flg_A1_tmp ==> False (2017.11.17 12:00)

[20181110_163909 / libfx_2.py:433] (j4 : N) d0 ==> -0.047 (2017.11.17 12:00)

[20181110_163909 / libfx_2.py:524] (j5 : N)
e0.price_Close = 132.843
dat['price_start'] = 131.965
ts_DownBar_For_A1__Price = 131.965 (2017.11.17 12:00)

[20181110_163909 / libfx_2.py:547] (j5 : N : 1) dat ==> updated
e0.price_Close = 132.843
dat['price_current'] = 132.843
dat['index_current'] = 93
(2017.11.17 12:00)

[20181110_163909 / libfx_2.py:216] start for-loop ------------------- (93)

[20181110_163909 / libfx_2.py:383] (j1 : Y) flg_Dat ==> True (2017.11.17 13:00)

[20181110_163909 / libfx_2.py:410] (j3 : N) flg_A1_tmp ==> False (2017.11.17 13:00)

[20181110_163909 / libfx_2.py:571] (j4 : Y) d0 ==> 0.066 (2017.11.17 13:00)

[20181110_163909 / libfx_2.py:607] (j4 : Y : 2) dat ==> updated (2017.11.17 13:00)
dat[price_anchor] = 133.870
dat[index_anchor] = 5
dat[price_current] = 132.910
dat[index_current] = 94

[20181110_163909 / libfx_2.py:216] start for-loop ------------------- (94)

[20181110_163909 / libfx_2.py:383] (j1 : Y) flg_Dat ==> True (2017.11.17 14:00)

[20181110_163909 / libfx_2.py:410] (j3 : N) flg_A1_tmp ==> False (2017.11.17 14:00)

[20181110_163909 / libfx_2.py:433] (j4 : N) d0 ==> -0.015 (2017.11.17 14:00)

[20181110_163909 / libfx_2.py:524] (j5 : N)
e0.price_Close = 132.896
dat['price_start'] = 131.965
ts_DownBar_For_A1__Price = 131.965 (2017.11.17 14:00)

[20181110_163909 / libfx_2.py:547] (j5 : N : 1) dat ==> updated
e0.price_Close = 132.896
dat['price_current'] = 132.896
dat['index_current'] = 95
(2017.11.17 14:00)

[20181110_163910 / libfx_2.py:216] start for-loop ------------------- (95)

[20181110_163910 / libfx_2.py:383] (j1 : Y) flg_Dat ==> True (2017.11.17 15:00)

[20181110_163910 / libfx_2.py:410] (j3 : N) flg_A1_tmp ==> False (2017.11.17 15:00)

[20181110_163910 / libfx_2.py:433] (j4 : N) d0 ==> -0.040 (2017.11.17 15:00)

[20181110_163910 / libfx_2.py:524] (j5 : N)
e0.price_Close = 132.858
dat['price_start'] = 131.965
ts_DownBar_For_A1__Price = 131.965 (2017.11.17 15:00)

[20181110_163910 / libfx_2.py:547] (j5 : N : 1) dat ==> updated
e0.price_Close = 132.858
dat['price_current'] = 132.858
dat['index_current'] = 96
(2017.11.17 15:00)

[20181110_163910 / libfx_2.py:216] start for-loop ------------------- (96)

[20181110_163910 / libfx_2.py:383] (j1 : Y) flg_Dat ==> True (2017.11.17 16:00)

[20181110_163910 / libfx_2.py:410] (j3 : N) flg_A1_tmp ==> False (2017.11.17 16:00)

[20181110_163910 / libfx_2.py:433] (j4 : N) d0 ==> -0.159 (2017.11.17 16:00)

[20181110_163910 / libfx_2.py:524] (j5 : N)
e0.price_Close = 132.699
dat['price_start'] = 131.965
ts_DownBar_For_A1__Price = 131.965 (2017.11.17 16:00)

[20181110_163910 / libfx_2.py:547] (j5 : N : 1) dat ==> updated
e0.price_Close = 132.699
dat['price_current'] = 132.699
dat['index_current'] = 97
(2017.11.17 16:00)

[20181110_163910 / libfx_2.py:216] start for-loop ------------------- (97)

[20181110_163910 / libfx_2.py:383] (j1 : Y) flg_Dat ==> True (2017.11.17 17:00)

[20181110_163910 / libfx_2.py:410] (j3 : N) flg_A1_tmp ==> False (2017.11.17 17:00)

[20181110_163910 / libfx_2.py:433] (j4 : N) d0 ==> -0.007 (2017.11.17 17:00)

[20181110_163910 / libfx_2.py:524] (j5 : N)
e0.price_Close = 132.693
dat['price_start'] = 131.965
ts_DownBar_For_A1__Price = 131.965 (2017.11.17 17:00)

[20181110_163910 / libfx_2.py:547] (j5 : N : 1) dat ==> updated
e0.price_Close = 132.693
dat['price_current'] = 132.693
dat['index_current'] = 98
(2017.11.17 17:00)

[20181110_163910 / libfx_2.py:216] start for-loop ------------------- (98)

[20181110_163910 / libfx_2.py:383] (j1 : Y) flg_Dat ==> True (2017.11.17 18:00)

[20181110_163910 / libfx_2.py:410] (j3 : N) flg_A1_tmp ==> False (2017.11.17 18:00)

[20181110_163910 / libfx_2.py:571] (j4 : Y) d0 ==> 0.029 (2017.11.17 18:00)

[20181110_163910 / libfx_2.py:607] (j4 : Y : 2) dat ==> updated (2017.11.17 18:00)
dat[price_anchor] = 133.870
dat[index_anchor] = 5
dat[price_current] = 132.721
dat[index_current] = 99

[20181110_163910 / libfx_2.py:216] start for-loop ------------------- (99)

[20181110_163910 / libfx_2.py:383] (j1 : Y) flg_Dat ==> True (2017.11.17 19:00)

[20181110_163910 / libfx_2.py:410] (j3 : N) flg_A1_tmp ==> False (2017.11.17 19:00)

[20181110_163910 / libfx_2.py:571] (j4 : Y) d0 ==> 0.131 (2017.11.17 19:00)

[20181110_163910 / libfx_2.py:607] (j4 : Y : 2) dat ==> updated (2017.11.17 19:00)
dat[price_anchor] = 133.870
dat[index_anchor] = 5
dat[price_current] = 132.852
dat[index_current] = 100

[20181110_163910 / libfx_2.py:658] FINAL REPORT --------------------
cntOf_Total = 100
cntOf_J4_Y = 49

